[0.621s] Invoking command in '/home/albert/rad_ws/build/agbot_description': CMAKE_PREFIX_PATH=${CMAKE_PREFIX_PATH}:/home/albert/rad_ws/install/agbot_teleop:/home/albert/rad_ws/install/agbot_py:/home/albert/ws_moveit2/install/moveit_configs_utils:/home/albert/ws_moveit2/install/launch_param_builder:/home/albert/umov_ws/install/arduino_py_examples:/home/albert/udem2_ws/install/actions_py:/home/albert/udem2_ws/install/lifecycle_py:/home/albert/udem2_ws/install/executors_py:/home/albert/udem2_ws/install/components_py:/home/albert/udem_ws/install/turtlesim_catcher:/home/albert/udem_ws/install/my_py_pkg:/home/albert/udem_ws/install/lifecycle_py:/home/albert/bcdc_ws/install/agbot_teleop:/home/albert/bcdc_ws/install/agbot_py:/home/albert/arduinobot_ws/install/arduinobot_py_examples:/opt/ros/humble /home/albert/.local/bin/cmake /home/albert/rad_ws/src/agbot_description -DCMAKE_INSTALL_PREFIX=/home/albert/rad_ws/install/agbot_description
[1.088s] -- The C compiler identification is GNU 11.4.0
[1.588s] -- The CXX compiler identification is GNU 11.4.0
[1.678s] -- Detecting C compiler ABI info
[2.160s] -- Detecting C compiler ABI info - done
[2.315s] -- Check for working C compiler: /usr/bin/cc - skipped
[2.315s] -- Detecting C compile features
[2.315s] -- Detecting C compile features - done
[2.337s] -- Detecting CXX compiler ABI info
[2.833s] -- Detecting CXX compiler ABI info - done
[3.062s] -- Check for working CXX compiler: /usr/bin/c++ - skipped
[3.070s] -- Detecting CXX compile features
[3.071s] -- Detecting CXX compile features - done
[3.178s] -- Found ament_cmake: 1.3.10 (/opt/ros/humble/share/ament_cmake/cmake)
[4.836s] -- Found Python3: /usr/bin/python3 (found version "3.10.12") found components: Interpreter
[6.829s] -- Found ament_lint_auto: 0.12.11 (/opt/ros/humble/share/ament_lint_auto/cmake)
[7.931s] -- Added test 'flake8' to check Python code syntax and style conventions
[7.933s] -- Added test 'lint_cmake' to check CMake code style
[7.933s] -- Added test 'pep257' to check Python code against some of the docstring style conventions in PEP 257
[7.933s] -- Added test 'xmllint' to check XML markup files
[7.996s] -- Configuring done (7.3s)
[8.005s] -- Generating done (0.0s)
[8.017s] -- Build files have been written to: /home/albert/rad_ws/build/agbot_description
[8.058s] Invoked command in '/home/albert/rad_ws/build/agbot_description' returned '0': CMAKE_PREFIX_PATH=${CMAKE_PREFIX_PATH}:/home/albert/rad_ws/install/agbot_teleop:/home/albert/rad_ws/install/agbot_py:/home/albert/ws_moveit2/install/moveit_configs_utils:/home/albert/ws_moveit2/install/launch_param_builder:/home/albert/umov_ws/install/arduino_py_examples:/home/albert/udem2_ws/install/actions_py:/home/albert/udem2_ws/install/lifecycle_py:/home/albert/udem2_ws/install/executors_py:/home/albert/udem2_ws/install/components_py:/home/albert/udem_ws/install/turtlesim_catcher:/home/albert/udem_ws/install/my_py_pkg:/home/albert/udem_ws/install/lifecycle_py:/home/albert/bcdc_ws/install/agbot_teleop:/home/albert/bcdc_ws/install/agbot_py:/home/albert/arduinobot_ws/install/arduinobot_py_examples:/opt/ros/humble /home/albert/.local/bin/cmake /home/albert/rad_ws/src/agbot_description -DCMAKE_INSTALL_PREFIX=/home/albert/rad_ws/install/agbot_description
[8.072s] Invoking command in '/home/albert/rad_ws/build/agbot_description': CMAKE_PREFIX_PATH=${CMAKE_PREFIX_PATH}:/home/albert/rad_ws/install/agbot_teleop:/home/albert/rad_ws/install/agbot_py:/home/albert/ws_moveit2/install/moveit_configs_utils:/home/albert/ws_moveit2/install/launch_param_builder:/home/albert/umov_ws/install/arduino_py_examples:/home/albert/udem2_ws/install/actions_py:/home/albert/udem2_ws/install/lifecycle_py:/home/albert/udem2_ws/install/executors_py:/home/albert/udem2_ws/install/components_py:/home/albert/udem_ws/install/turtlesim_catcher:/home/albert/udem_ws/install/my_py_pkg:/home/albert/udem_ws/install/lifecycle_py:/home/albert/bcdc_ws/install/agbot_teleop:/home/albert/bcdc_ws/install/agbot_py:/home/albert/arduinobot_ws/install/arduinobot_py_examples:/opt/ros/humble /home/albert/.local/bin/cmake --build /home/albert/rad_ws/build/agbot_description -- -j8 -l8
[8.328s] Invoked command in '/home/albert/rad_ws/build/agbot_description' returned '0': CMAKE_PREFIX_PATH=${CMAKE_PREFIX_PATH}:/home/albert/rad_ws/install/agbot_teleop:/home/albert/rad_ws/install/agbot_py:/home/albert/ws_moveit2/install/moveit_configs_utils:/home/albert/ws_moveit2/install/launch_param_builder:/home/albert/umov_ws/install/arduino_py_examples:/home/albert/udem2_ws/install/actions_py:/home/albert/udem2_ws/install/lifecycle_py:/home/albert/udem2_ws/install/executors_py:/home/albert/udem2_ws/install/components_py:/home/albert/udem_ws/install/turtlesim_catcher:/home/albert/udem_ws/install/my_py_pkg:/home/albert/udem_ws/install/lifecycle_py:/home/albert/bcdc_ws/install/agbot_teleop:/home/albert/bcdc_ws/install/agbot_py:/home/albert/arduinobot_ws/install/arduinobot_py_examples:/opt/ros/humble /home/albert/.local/bin/cmake --build /home/albert/rad_ws/build/agbot_description -- -j8 -l8
[8.568s] Invoking command in '/home/albert/rad_ws/build/agbot_description': CMAKE_PREFIX_PATH=${CMAKE_PREFIX_PATH}:/home/albert/rad_ws/install/agbot_teleop:/home/albert/rad_ws/install/agbot_py:/home/albert/ws_moveit2/install/moveit_configs_utils:/home/albert/ws_moveit2/install/launch_param_builder:/home/albert/umov_ws/install/arduino_py_examples:/home/albert/udem2_ws/install/actions_py:/home/albert/udem2_ws/install/lifecycle_py:/home/albert/udem2_ws/install/executors_py:/home/albert/udem2_ws/install/components_py:/home/albert/udem_ws/install/turtlesim_catcher:/home/albert/udem_ws/install/my_py_pkg:/home/albert/udem_ws/install/lifecycle_py:/home/albert/bcdc_ws/install/agbot_teleop:/home/albert/bcdc_ws/install/agbot_py:/home/albert/arduinobot_ws/install/arduinobot_py_examples:/opt/ros/humble /home/albert/.local/bin/cmake --install /home/albert/rad_ws/build/agbot_description
[8.611s] -- Install configuration: ""
[8.613s] -- Installing: /home/albert/rad_ws/install/agbot_description/share/agbot_description//launch
[8.615s] -- Installing: /home/albert/rad_ws/install/agbot_description/share/agbot_description//launch/agbot_slam.launch.py
[8.616s] -- Installing: /home/albert/rad_ws/install/agbot_description/share/agbot_description//launch/agbot_display.launch.py
[8.617s] -- Installing: /home/albert/rad_ws/install/agbot_description/share/agbot_description//launch/agbot_gazebo.launch.py
[8.618s] -- Installing: /home/albert/rad_ws/install/agbot_description/share/agbot_description//launch/agbot_arm_extender_display.launch.py
[8.621s] -- Installing: /home/albert/rad_ws/install/agbot_description/share/agbot_description//launch/agbot_arm_display.launch.py
[8.622s] -- Installing: /home/albert/rad_ws/install/agbot_description/share/agbot_description//launch/robot_state_publisher.launch.py
[8.624s] -- Installing: /home/albert/rad_ws/install/agbot_description/share/agbot_description//launch/agbot_arm_gazebo.launch.py
[8.625s] -- Installing: /home/albert/rad_ws/install/agbot_description/share/agbot_description//launch/agbot_world.launch.py
[8.628s] -- Installing: /home/albert/rad_ws/install/agbot_description/share/agbot_description//meshes
[8.632s] -- Installing: /home/albert/rad_ws/install/agbot_description/share/agbot_description//meshes/right_finger.STL
[8.640s] -- Installing: /home/albert/rad_ws/install/agbot_description/share/agbot_description//meshes/triangular_link.STL
[8.645s] -- Installing: /home/albert/rad_ws/install/agbot_description/share/agbot_description//meshes/round_plate.STL
[8.649s] -- Installing: /home/albert/rad_ws/install/agbot_description/share/agbot_description//meshes/left_finger.STL
[8.652s] -- Installing: /home/albert/rad_ws/install/agbot_description/share/agbot_description//meshes/vertical_drive_arm.STL
[8.654s] -- Installing: /home/albert/rad_ws/install/agbot_description/share/agbot_description//meshes/astra.jpg
[8.658s] -- Installing: /home/albert/rad_ws/install/agbot_description/share/agbot_description//meshes/claw_support.STL
[8.659s] -- Installing: /home/albert/rad_ws/install/agbot_description/share/agbot_description//meshes/link.STL
[8.661s] -- Installing: /home/albert/rad_ws/install/agbot_description/share/agbot_description//meshes/r200.jpg
[8.661s] -- Installing: /home/albert/rad_ws/install/agbot_description/share/agbot_description//meshes/horizontal_arm.STL
[8.668s] -- Installing: /home/albert/rad_ws/install/agbot_description/share/agbot_description//meshes/r200.dae
[8.669s] -- Installing: /home/albert/rad_ws/install/agbot_description/share/agbot_description//meshes/astra.dae
[8.703s] -- Installing: /home/albert/rad_ws/install/agbot_description/share/agbot_description//meshes/basement.STL
[8.704s] -- Installing: /home/albert/rad_ws/install/agbot_description/share/agbot_description//meshes/forward_drive_arm.STL
[8.705s] -- Installing: /home/albert/rad_ws/install/agbot_description/share/agbot_description//meshes/right_tire.stl
[8.715s] -- Installing: /home/albert/rad_ws/install/agbot_description/share/agbot_description//meshes/lidar.stl
[8.716s] -- Installing: /home/albert/rad_ws/install/agbot_description/share/agbot_description//meshes/servo_plate.STL
[8.716s] -- Installing: /home/albert/rad_ws/install/agbot_description/share/agbot_description//meshes/plate.STL
[8.778s] -- Installing: /home/albert/rad_ws/install/agbot_description/share/agbot_description//meshes/base_plate.STL
[8.837s] -- Installing: /home/albert/rad_ws/install/agbot_description/share/agbot_description//meshes/left_tire copy.stl
[8.837s] -- Installing: /home/albert/rad_ws/install/agbot_description/share/agbot_description//meshes/left_tire.stl
[8.841s] -- Installing: /home/albert/rad_ws/install/agbot_description/share/agbot_description//meshes/right_tire copy.stl
[8.841s] -- Installing: /home/albert/rad_ws/install/agbot_description/share/agbot_description//meshes/pi_camera.STL
[8.841s] -- Installing: /home/albert/rad_ws/install/agbot_description/share/agbot_description//models
[8.842s] -- Installing: /home/albert/rad_ws/install/agbot_description/share/agbot_description//models/ground_plane
[8.845s] -- Installing: /home/albert/rad_ws/install/agbot_description/share/agbot_description//models/ground_plane/model-1_2.sdf
[8.846s] -- Installing: /home/albert/rad_ws/install/agbot_description/share/agbot_description//models/ground_plane/model-1_3.sdf
[8.846s] -- Installing: /home/albert/rad_ws/install/agbot_description/share/agbot_description//models/ground_plane/model.config
[8.846s] -- Installing: /home/albert/rad_ws/install/agbot_description/share/agbot_description//models/ground_plane/model.sdf
[8.846s] -- Installing: /home/albert/rad_ws/install/agbot_description/share/agbot_description//models/ground_plane/model-1_4.sdf
[8.847s] -- Installing: /home/albert/rad_ws/install/agbot_description/share/agbot_description//models/basic_agbot_description
[8.847s] -- Installing: /home/albert/rad_ws/install/agbot_description/share/agbot_description//models/basic_agbot_description/agbot.sdf
[8.847s] -- Installing: /home/albert/rad_ws/install/agbot_description/share/agbot_description//models/basic_agbot_description/agbot_model.config
[8.850s] -- Installing: /home/albert/rad_ws/install/agbot_description/share/agbot_description//models/sun
[8.855s] -- Installing: /home/albert/rad_ws/install/agbot_description/share/agbot_description//models/sun/model-1_2.sdf
[8.855s] -- Installing: /home/albert/rad_ws/install/agbot_description/share/agbot_description//models/sun/model-1_3.sdf
[8.855s] -- Installing: /home/albert/rad_ws/install/agbot_description/share/agbot_description//models/sun/model.config
[8.856s] -- Installing: /home/albert/rad_ws/install/agbot_description/share/agbot_description//models/sun/model.sdf
[8.856s] -- Installing: /home/albert/rad_ws/install/agbot_description/share/agbot_description//models/sun/model-1_4.sdf
[8.856s] -- Installing: /home/albert/rad_ws/install/agbot_description/share/agbot_description//rviz
[8.856s] -- Installing: /home/albert/rad_ws/install/agbot_description/share/agbot_description//rviz/agbot_urdf_config.rviz
[8.857s] -- Installing: /home/albert/rad_ws/install/agbot_description/share/agbot_description//rviz/agbot_arm_config.rviz
[8.857s] -- Installing: /home/albert/rad_ws/install/agbot_description/share/agbot_description//rviz/agbot_arm_extender_config.rviz
[8.857s] -- Installing: /home/albert/rad_ws/install/agbot_description/share/agbot_description//rviz/agbot_config.rviz
[8.858s] -- Installing: /home/albert/rad_ws/install/agbot_description/share/agbot_description//urdf
[8.858s] -- Installing: /home/albert/rad_ws/install/agbot_description/share/agbot_description//urdf/agbot_ros2_control.xacro
[8.858s] -- Installing: /home/albert/rad_ws/install/agbot_description/share/agbot_description//urdf/common_properties.xacro
[8.866s] -- Installing: /home/albert/rad_ws/install/agbot_description/share/agbot_description//urdf/agbot_full_common_properties.xacro
[8.866s] -- Installing: /home/albert/rad_ws/install/agbot_description/share/agbot_description//urdf/agbot_full.xacro
[8.866s] -- Installing: /home/albert/rad_ws/install/agbot_description/share/agbot_description//urdf/agbot_arm_ros2_control.xacro
[8.866s] -- Installing: /home/albert/rad_ws/install/agbot_description/share/agbot_description//urdf/agbot_gazebo.xacro
[8.867s] -- Installing: /home/albert/rad_ws/install/agbot_description/share/agbot_description//urdf/agbot_arm_gazebo.xacro
[8.867s] -- Installing: /home/albert/rad_ws/install/agbot_description/share/agbot_description//urdf/agbot_arm_extender_gazebo.xacro
[8.867s] -- Installing: /home/albert/rad_ws/install/agbot_description/share/agbot_description//urdf/agbot_full_gazebo.xacro
[8.867s] -- Installing: /home/albert/rad_ws/install/agbot_description/share/agbot_description//urdf/agbot_arm_extender.xacro
[8.868s] -- Installing: /home/albert/rad_ws/install/agbot_description/share/agbot_description//urdf/agbot_arm_extender_ros2_control.xacro
[8.868s] -- Installing: /home/albert/rad_ws/install/agbot_description/share/agbot_description//urdf/agbot_full_ros2_control.xacro
[8.868s] -- Installing: /home/albert/rad_ws/install/agbot_description/share/agbot_description//urdf/agbot_arm.urdf
[8.868s] -- Installing: /home/albert/rad_ws/install/agbot_description/share/agbot_description//urdf/agbot_common_properties.xacro
[8.868s] -- Installing: /home/albert/rad_ws/install/agbot_description/share/agbot_description//urdf/agbot_arm.xacro
[8.869s] -- Installing: /home/albert/rad_ws/install/agbot_description/share/agbot_description//urdf/agbot.urdf.xacro
[8.870s] -- Installing: /home/albert/rad_ws/install/agbot_description/share/agbot_description//worlds
[8.889s] -- Installing: /home/albert/rad_ws/install/agbot_description/share/agbot_description//worlds/test_world.world
[8.889s] -- Installing: /home/albert/rad_ws/install/agbot_description/share/agbot_description//worlds/smalltown.world
[8.889s] -- Installing: /home/albert/rad_ws/install/agbot_description/share/agbot_description//worlds/turtlebot3_world.world
[8.890s] -- Installing: /home/albert/rad_ws/install/agbot_description/share/agbot_description//worlds/new_world.world
[8.890s] -- Installing: /home/albert/rad_ws/install/agbot_description/share/agbot_description//worlds/house.world
[8.891s] -- Installing: /home/albert/rad_ws/install/agbot_description/share/agbot_description//worlds/new_world-old.world
[8.899s] -- Installing: /home/albert/rad_ws/install/agbot_description/share/agbot_description//worlds/empty_world.world
[8.900s] -- Installing: /home/albert/rad_ws/install/agbot_description/share/ament_index/resource_index/package_run_dependencies/agbot_description
[8.900s] -- Installing: /home/albert/rad_ws/install/agbot_description/share/ament_index/resource_index/parent_prefix_path/agbot_description
[8.900s] -- Installing: /home/albert/rad_ws/install/agbot_description/share/agbot_description/environment/ament_prefix_path.sh
[8.900s] -- Installing: /home/albert/rad_ws/install/agbot_description/share/agbot_description/environment/ament_prefix_path.dsv
[8.900s] -- Installing: /home/albert/rad_ws/install/agbot_description/share/agbot_description/environment/path.sh
[8.901s] -- Installing: /home/albert/rad_ws/install/agbot_description/share/agbot_description/environment/path.dsv
[8.901s] -- Installing: /home/albert/rad_ws/install/agbot_description/share/agbot_description/local_setup.bash
[8.901s] -- Installing: /home/albert/rad_ws/install/agbot_description/share/agbot_description/local_setup.sh
[8.901s] -- Installing: /home/albert/rad_ws/install/agbot_description/share/agbot_description/local_setup.zsh
[8.902s] -- Installing: /home/albert/rad_ws/install/agbot_description/share/agbot_description/local_setup.dsv
[8.902s] -- Installing: /home/albert/rad_ws/install/agbot_description/share/agbot_description/package.dsv
[8.902s] -- Installing: /home/albert/rad_ws/install/agbot_description/share/ament_index/resource_index/packages/agbot_description
[8.909s] -- Installing: /home/albert/rad_ws/install/agbot_description/share/agbot_description/cmake/agbot_descriptionConfig.cmake
[8.909s] -- Installing: /home/albert/rad_ws/install/agbot_description/share/agbot_description/cmake/agbot_descriptionConfig-version.cmake
[8.909s] -- Installing: /home/albert/rad_ws/install/agbot_description/share/agbot_description/package.xml
[8.956s] Invoked command in '/home/albert/rad_ws/build/agbot_description' returned '0': CMAKE_PREFIX_PATH=${CMAKE_PREFIX_PATH}:/home/albert/rad_ws/install/agbot_teleop:/home/albert/rad_ws/install/agbot_py:/home/albert/ws_moveit2/install/moveit_configs_utils:/home/albert/ws_moveit2/install/launch_param_builder:/home/albert/umov_ws/install/arduino_py_examples:/home/albert/udem2_ws/install/actions_py:/home/albert/udem2_ws/install/lifecycle_py:/home/albert/udem2_ws/install/executors_py:/home/albert/udem2_ws/install/components_py:/home/albert/udem_ws/install/turtlesim_catcher:/home/albert/udem_ws/install/my_py_pkg:/home/albert/udem_ws/install/lifecycle_py:/home/albert/bcdc_ws/install/agbot_teleop:/home/albert/bcdc_ws/install/agbot_py:/home/albert/arduinobot_ws/install/arduinobot_py_examples:/opt/ros/humble /home/albert/.local/bin/cmake --install /home/albert/rad_ws/build/agbot_description
