[0.359s] Invoking command in '/home/albert/rad_ws/build/agbot_cartographer': CMAKE_PREFIX_PATH=${CMAKE_PREFIX_PATH}:/home/albert/rad_ws/install/agbot_teleop:/home/albert/rad_ws/install/agbot_py:/home/albert/ws_moveit2/install/moveit_configs_utils:/home/albert/ws_moveit2/install/launch_param_builder:/home/albert/umov_ws/install/arduino_py_examples:/home/albert/udem2_ws/install/actions_py:/home/albert/udem2_ws/install/lifecycle_py:/home/albert/udem2_ws/install/executors_py:/home/albert/udem2_ws/install/components_py:/home/albert/udem_ws/install/turtlesim_catcher:/home/albert/udem_ws/install/my_py_pkg:/home/albert/udem_ws/install/lifecycle_py:/home/albert/bcdc_ws/install/agbot_teleop:/home/albert/bcdc_ws/install/agbot_py:/home/albert/arduinobot_ws/install/arduinobot_py_examples:/opt/ros/humble /home/albert/.local/bin/cmake --build /home/albert/rad_ws/build/agbot_cartographer -- -j8 -l8
[0.550s] Invoked command in '/home/albert/rad_ws/build/agbot_cartographer' returned '0': CMAKE_PREFIX_PATH=${CMAKE_PREFIX_PATH}:/home/albert/rad_ws/install/agbot_teleop:/home/albert/rad_ws/install/agbot_py:/home/albert/ws_moveit2/install/moveit_configs_utils:/home/albert/ws_moveit2/install/launch_param_builder:/home/albert/umov_ws/install/arduino_py_examples:/home/albert/udem2_ws/install/actions_py:/home/albert/udem2_ws/install/lifecycle_py:/home/albert/udem2_ws/install/executors_py:/home/albert/udem2_ws/install/components_py:/home/albert/udem_ws/install/turtlesim_catcher:/home/albert/udem_ws/install/my_py_pkg:/home/albert/udem_ws/install/lifecycle_py:/home/albert/bcdc_ws/install/agbot_teleop:/home/albert/bcdc_ws/install/agbot_py:/home/albert/arduinobot_ws/install/arduinobot_py_examples:/opt/ros/humble /home/albert/.local/bin/cmake --build /home/albert/rad_ws/build/agbot_cartographer -- -j8 -l8
[0.892s] Invoking command in '/home/albert/rad_ws/build/agbot_cartographer': CMAKE_PREFIX_PATH=${CMAKE_PREFIX_PATH}:/home/albert/rad_ws/install/agbot_teleop:/home/albert/rad_ws/install/agbot_py:/home/albert/ws_moveit2/install/moveit_configs_utils:/home/albert/ws_moveit2/install/launch_param_builder:/home/albert/umov_ws/install/arduino_py_examples:/home/albert/udem2_ws/install/actions_py:/home/albert/udem2_ws/install/lifecycle_py:/home/albert/udem2_ws/install/executors_py:/home/albert/udem2_ws/install/components_py:/home/albert/udem_ws/install/turtlesim_catcher:/home/albert/udem_ws/install/my_py_pkg:/home/albert/udem_ws/install/lifecycle_py:/home/albert/bcdc_ws/install/agbot_teleop:/home/albert/bcdc_ws/install/agbot_py:/home/albert/arduinobot_ws/install/arduinobot_py_examples:/opt/ros/humble /home/albert/.local/bin/cmake --install /home/albert/rad_ws/build/agbot_cartographer
[1.062s] -- Install configuration: ""
[1.063s] -- Up-to-date: /home/albert/rad_ws/install/agbot_cartographer/share/agbot_cartographer/config
[1.063s] -- Up-to-date: /home/albert/rad_ws/install/agbot_cartographer/share/agbot_cartographer/config/agbot_lds_2d.lua
[1.063s] -- Up-to-date: /home/albert/rad_ws/install/agbot_cartographer/share/agbot_cartographer/launch
[1.063s] -- Up-to-date: /home/albert/rad_ws/install/agbot_cartographer/share/agbot_cartographer/launch/cartographer.launch.py
[1.064s] -- Up-to-date: /home/albert/rad_ws/install/agbot_cartographer/share/agbot_cartographer/launch/occupancy_grid.launch.py
[1.064s] -- Up-to-date: /home/albert/rad_ws/install/agbot_cartographer/share/agbot_cartographer/rviz
[1.064s] -- Up-to-date: /home/albert/rad_ws/install/agbot_cartographer/share/agbot_cartographer/rviz/agbot_cart.rviz
[1.064s] -- Up-to-date: /home/albert/rad_ws/install/agbot_cartographer/share/ament_index/resource_index/package_run_dependencies/agbot_cartographer
[1.064s] -- Up-to-date: /home/albert/rad_ws/install/agbot_cartographer/share/ament_index/resource_index/parent_prefix_path/agbot_cartographer
[1.065s] -- Up-to-date: /home/albert/rad_ws/install/agbot_cartographer/share/agbot_cartographer/environment/ament_prefix_path.sh
[1.065s] -- Up-to-date: /home/albert/rad_ws/install/agbot_cartographer/share/agbot_cartographer/environment/ament_prefix_path.dsv
[1.065s] -- Up-to-date: /home/albert/rad_ws/install/agbot_cartographer/share/agbot_cartographer/environment/path.sh
[1.068s] -- Up-to-date: /home/albert/rad_ws/install/agbot_cartographer/share/agbot_cartographer/environment/path.dsv
[1.068s] -- Up-to-date: /home/albert/rad_ws/install/agbot_cartographer/share/agbot_cartographer/local_setup.bash
[1.069s] -- Up-to-date: /home/albert/rad_ws/install/agbot_cartographer/share/agbot_cartographer/local_setup.sh
[1.070s] -- Up-to-date: /home/albert/rad_ws/install/agbot_cartographer/share/agbot_cartographer/local_setup.zsh
[1.071s] -- Up-to-date: /home/albert/rad_ws/install/agbot_cartographer/share/agbot_cartographer/local_setup.dsv
[1.073s] -- Installing: /home/albert/rad_ws/install/agbot_cartographer/share/agbot_cartographer/package.dsv
[1.073s] -- Up-to-date: /home/albert/rad_ws/install/agbot_cartographer/share/ament_index/resource_index/packages/agbot_cartographer
[1.073s] -- Up-to-date: /home/albert/rad_ws/install/agbot_cartographer/share/agbot_cartographer/cmake/agbot_cartographerConfig.cmake
[1.074s] -- Up-to-date: /home/albert/rad_ws/install/agbot_cartographer/share/agbot_cartographer/cmake/agbot_cartographerConfig-version.cmake
[1.074s] -- Up-to-date: /home/albert/rad_ws/install/agbot_cartographer/share/agbot_cartographer/package.xml
[1.309s] Invoked command in '/home/albert/rad_ws/build/agbot_cartographer' returned '0': CMAKE_PREFIX_PATH=${CMAKE_PREFIX_PATH}:/home/albert/rad_ws/install/agbot_teleop:/home/albert/rad_ws/install/agbot_py:/home/albert/ws_moveit2/install/moveit_configs_utils:/home/albert/ws_moveit2/install/launch_param_builder:/home/albert/umov_ws/install/arduino_py_examples:/home/albert/udem2_ws/install/actions_py:/home/albert/udem2_ws/install/lifecycle_py:/home/albert/udem2_ws/install/executors_py:/home/albert/udem2_ws/install/components_py:/home/albert/udem_ws/install/turtlesim_catcher:/home/albert/udem_ws/install/my_py_pkg:/home/albert/udem_ws/install/lifecycle_py:/home/albert/bcdc_ws/install/agbot_teleop:/home/albert/bcdc_ws/install/agbot_py:/home/albert/arduinobot_ws/install/arduinobot_py_examples:/opt/ros/humble /home/albert/.local/bin/cmake --install /home/albert/rad_ws/build/agbot_cartographer
