-- Install configuration: ""
-- Up-to-date: /home/albert/rad_ws/install/agbot_full_nav2/share/agbot_full_nav2/launch
-- Up-to-date: /home/albert/rad_ws/install/agbot_full_nav2/share/agbot_full_nav2/launch/agbot_full_nav2.launch.py
-- Up-to-date: /home/albert/rad_ws/install/agbot_full_nav2/share/agbot_full_nav2/map
-- Up-to-date: /home/albert/rad_ws/install/agbot_full_nav2/share/agbot_full_nav2/map/home.pgm
-- Up-to-date: /home/albert/rad_ws/install/agbot_full_nav2/share/agbot_full_nav2/map/home.yaml
-- Up-to-date: /home/albert/rad_ws/install/agbot_full_nav2/share/agbot_full_nav2/param
-- Up-to-date: /home/albert/rad_ws/install/agbot_full_nav2/share/agbot_full_nav2/param/agbot_full_nav2.yaml
-- Up-to-date: /home/albert/rad_ws/install/agbot_full_nav2/share/agbot_full_nav2/rviz
-- Up-to-date: /home/albert/rad_ws/install/agbot_full_nav2/share/agbot_full_nav2/rviz/agbot_full_config.rviz
-- Up-to-date: /home/albert/rad_ws/install/agbot_full_nav2/share/ament_index/resource_index/package_run_dependencies/agbot_full_nav2
-- Up-to-date: /home/albert/rad_ws/install/agbot_full_nav2/share/ament_index/resource_index/parent_prefix_path/agbot_full_nav2
-- Up-to-date: /home/albert/rad_ws/install/agbot_full_nav2/share/agbot_full_nav2/environment/ament_prefix_path.sh
-- Up-to-date: /home/albert/rad_ws/install/agbot_full_nav2/share/agbot_full_nav2/environment/ament_prefix_path.dsv
-- Up-to-date: /home/albert/rad_ws/install/agbot_full_nav2/share/agbot_full_nav2/environment/path.sh
-- Up-to-date: /home/albert/rad_ws/install/agbot_full_nav2/share/agbot_full_nav2/environment/path.dsv
-- Up-to-date: /home/albert/rad_ws/install/agbot_full_nav2/share/agbot_full_nav2/local_setup.bash
-- Up-to-date: /home/albert/rad_ws/install/agbot_full_nav2/share/agbot_full_nav2/local_setup.sh
-- Up-to-date: /home/albert/rad_ws/install/agbot_full_nav2/share/agbot_full_nav2/local_setup.zsh
-- Up-to-date: /home/albert/rad_ws/install/agbot_full_nav2/share/agbot_full_nav2/local_setup.dsv
-- Up-to-date: /home/albert/rad_ws/install/agbot_full_nav2/share/agbot_full_nav2/package.dsv
-- Up-to-date: /home/albert/rad_ws/install/agbot_full_nav2/share/ament_index/resource_index/packages/agbot_full_nav2
-- Up-to-date: /home/albert/rad_ws/install/agbot_full_nav2/share/agbot_full_nav2/cmake/agbot_full_nav2Config.cmake
-- Up-to-date: /home/albert/rad_ws/install/agbot_full_nav2/share/agbot_full_nav2/cmake/agbot_full_nav2Config-version.cmake
-- Up-to-date: /home/albert/rad_ws/install/agbot_full_nav2/share/agbot_full_nav2/package.xml
