[1.871s] Invoking command in '/home/albert/rad_ws/src/agbot_py': PYTHONPATH=/home/albert/rad_ws/build/agbot_py/prefix_override:/usr/lib/python3/dist-packages/colcon_core/task/python/colcon_distutils_commands:/home/albert/rad_ws/install/agbot_py/lib/python3.10/site-packages:${PYTHONPATH} /usr/bin/python3 -W ignore:setup.py install is deprecated setup.py egg_info --egg-base ../../build/agbot_py build --build-base /home/albert/rad_ws/build/agbot_py/build install --record /home/albert/rad_ws/build/agbot_py/install.log --single-version-externally-managed install_data
[2.552s] running egg_info
[2.553s] writing ../../build/agbot_py/agbot_py.egg-info/PKG-INFO
[2.553s] writing dependency_links to ../../build/agbot_py/agbot_py.egg-info/dependency_links.txt
[2.554s] writing entry points to ../../build/agbot_py/agbot_py.egg-info/entry_points.txt
[2.554s] writing requirements to ../../build/agbot_py/agbot_py.egg-info/requires.txt
[2.554s] writing top-level names to ../../build/agbot_py/agbot_py.egg-info/top_level.txt
[2.557s] reading manifest file '../../build/agbot_py/agbot_py.egg-info/SOURCES.txt'
[2.559s] writing manifest file '../../build/agbot_py/agbot_py.egg-info/SOURCES.txt'
[2.559s] running build
[2.559s] running build_py
[2.559s] running install
[2.560s] running install_lib
[2.562s] running install_data
[2.562s] running install_egg_info
[2.565s] removing '/home/albert/rad_ws/install/agbot_py/lib/python3.10/site-packages/agbot_py-0.0.0-py3.10.egg-info' (and everything under it)
[2.565s] Copying ../../build/agbot_py/agbot_py.egg-info to /home/albert/rad_ws/install/agbot_py/lib/python3.10/site-packages/agbot_py-0.0.0-py3.10.egg-info
[2.567s] running install_scripts
[2.603s] writing list of installed files to '/home/albert/rad_ws/build/agbot_py/install.log'
[2.655s] Invoked command in '/home/albert/rad_ws/src/agbot_py' returned '0': PYTHONPATH=/home/albert/rad_ws/build/agbot_py/prefix_override:/usr/lib/python3/dist-packages/colcon_core/task/python/colcon_distutils_commands:/home/albert/rad_ws/install/agbot_py/lib/python3.10/site-packages:${PYTHONPATH} /usr/bin/python3 -W ignore:setup.py install is deprecated setup.py egg_info --egg-base ../../build/agbot_py build --build-base /home/albert/rad_ws/build/agbot_py/build install --record /home/albert/rad_ws/build/agbot_py/install.log --single-version-externally-managed install_data
