[4.989s] Invoking command in '/home/albert/rad_ws/src/agbot_teleop': PYTHONPATH=/home/albert/rad_ws/build/agbot_teleop/prefix_override:/usr/lib/python3/dist-packages/colcon_core/task/python/colcon_distutils_commands:/home/albert/rad_ws/install/agbot_teleop/lib/python3.10/site-packages:${PYTHONPATH} /usr/bin/python3 -W ignore:setup.py install is deprecated setup.py egg_info --egg-base ../../build/agbot_teleop build --build-base /home/albert/rad_ws/build/agbot_teleop/build install --record /home/albert/rad_ws/build/agbot_teleop/install.log --single-version-externally-managed install_data
[6.472s] running egg_info
[6.475s] writing ../../build/agbot_teleop/agbot_teleop.egg-info/PKG-INFO
[6.476s] writing dependency_links to ../../build/agbot_teleop/agbot_teleop.egg-info/dependency_links.txt
[6.477s] writing entry points to ../../build/agbot_teleop/agbot_teleop.egg-info/entry_points.txt
[6.480s] writing requirements to ../../build/agbot_teleop/agbot_teleop.egg-info/requires.txt
[6.485s] writing top-level names to ../../build/agbot_teleop/agbot_teleop.egg-info/top_level.txt
[6.500s] reading manifest file '../../build/agbot_teleop/agbot_teleop.egg-info/SOURCES.txt'
[6.506s] writing manifest file '../../build/agbot_teleop/agbot_teleop.egg-info/SOURCES.txt'
[6.510s] running build
[6.511s] running build_py
[6.511s] running install
[6.512s] running install_lib
[6.527s] running install_data
[6.529s] running install_egg_info
[6.536s] removing '/home/albert/rad_ws/install/agbot_teleop/lib/python3.10/site-packages/agbot_teleop-0.0.0-py3.10.egg-info' (and everything under it)
[6.543s] Copying ../../build/agbot_teleop/agbot_teleop.egg-info to /home/albert/rad_ws/install/agbot_teleop/lib/python3.10/site-packages/agbot_teleop-0.0.0-py3.10.egg-info
[6.544s] running install_scripts
[6.656s] Installing agbot_teleop_key script to /home/albert/rad_ws/install/agbot_teleop/lib/agbot_teleop
[6.659s] writing list of installed files to '/home/albert/rad_ws/build/agbot_teleop/install.log'
[6.767s] Invoked command in '/home/albert/rad_ws/src/agbot_teleop' returned '0': PYTHONPATH=/home/albert/rad_ws/build/agbot_teleop/prefix_override:/usr/lib/python3/dist-packages/colcon_core/task/python/colcon_distutils_commands:/home/albert/rad_ws/install/agbot_teleop/lib/python3.10/site-packages:${PYTHONPATH} /usr/bin/python3 -W ignore:setup.py install is deprecated setup.py egg_info --egg-base ../../build/agbot_teleop build --build-base /home/albert/rad_ws/build/agbot_teleop/build install --record /home/albert/rad_ws/build/agbot_teleop/install.log --single-version-externally-managed install_data
