[7.347s] Invoking command in '/home/albert/rad_ws/src/agbot_py': PYTHONPATH=/home/albert/rad_ws/build/agbot_py/prefix_override:/usr/lib/python3/dist-packages/colcon_core/task/python/colcon_distutils_commands:/home/albert/rad_ws/install/agbot_py/lib/python3.10/site-packages:${PYTHONPATH} /usr/bin/python3 -W ignore:setup.py install is deprecated setup.py egg_info --egg-base ../../build/agbot_py build --build-base /home/albert/rad_ws/build/agbot_py/build install --record /home/albert/rad_ws/build/agbot_py/install.log --single-version-externally-managed install_data
[9.460s] running egg_info
[9.462s] writing ../../build/agbot_py/agbot_py.egg-info/PKG-INFO
[9.463s] writing dependency_links to ../../build/agbot_py/agbot_py.egg-info/dependency_links.txt
[9.465s] writing entry points to ../../build/agbot_py/agbot_py.egg-info/entry_points.txt
[9.465s] writing requirements to ../../build/agbot_py/agbot_py.egg-info/requires.txt
[9.465s] writing top-level names to ../../build/agbot_py/agbot_py.egg-info/top_level.txt
[9.484s] reading manifest file '../../build/agbot_py/agbot_py.egg-info/SOURCES.txt'
[9.485s] writing manifest file '../../build/agbot_py/agbot_py.egg-info/SOURCES.txt'
[9.485s] running build
[9.486s] running build_py
[9.486s] running install
[9.486s] running install_lib
[9.487s] running install_data
[9.488s] running install_egg_info
[9.501s] removing '/home/albert/rad_ws/install/agbot_py/lib/python3.10/site-packages/agbot_py-0.0.0-py3.10.egg-info' (and everything under it)
[9.502s] Copying ../../build/agbot_py/agbot_py.egg-info to /home/albert/rad_ws/install/agbot_py/lib/python3.10/site-packages/agbot_py-0.0.0-py3.10.egg-info
[9.505s] running install_scripts
[9.630s] writing list of installed files to '/home/albert/rad_ws/build/agbot_py/install.log'
[9.775s] Invoked command in '/home/albert/rad_ws/src/agbot_py' returned '0': PYTHONPATH=/home/albert/rad_ws/build/agbot_py/prefix_override:/usr/lib/python3/dist-packages/colcon_core/task/python/colcon_distutils_commands:/home/albert/rad_ws/install/agbot_py/lib/python3.10/site-packages:${PYTHONPATH} /usr/bin/python3 -W ignore:setup.py install is deprecated setup.py egg_info --egg-base ../../build/agbot_py build --build-base /home/albert/rad_ws/build/agbot_py/build install --record /home/albert/rad_ws/build/agbot_py/install.log --single-version-externally-managed install_data
