running egg_info
creating ../../build/agbot_py/agbot_py.egg-info
writing ../../build/agbot_py/agbot_py.egg-info/PKG-INFO
writing dependency_links to ../../build/agbot_py/agbot_py.egg-info/dependency_links.txt
writing entry points to ../../build/agbot_py/agbot_py.egg-info/entry_points.txt
writing requirements to ../../build/agbot_py/agbot_py.egg-info/requires.txt
writing top-level names to ../../build/agbot_py/agbot_py.egg-info/top_level.txt
writing manifest file '../../build/agbot_py/agbot_py.egg-info/SOURCES.txt'
reading manifest file '../../build/agbot_py/agbot_py.egg-info/SOURCES.txt'
writing manifest file '../../build/agbot_py/agbot_py.egg-info/SOURCES.txt'
running build
running build_py
creating /home/albert/rad_ws/build/agbot_py/build
creating /home/albert/rad_ws/build/agbot_py/build/lib
creating /home/albert/rad_ws/build/agbot_py/build/lib/agbot_py
copying agbot_py/__init__.py -> /home/albert/rad_ws/build/agbot_py/build/lib/agbot_py
running install
running install_lib
creating /home/albert/rad_ws/install/agbot_py/lib/python3.10/site-packages/agbot_py
copying /home/albert/rad_ws/build/agbot_py/build/lib/agbot_py/__init__.py -> /home/albert/rad_ws/install/agbot_py/lib/python3.10/site-packages/agbot_py
byte-compiling /home/albert/rad_ws/install/agbot_py/lib/python3.10/site-packages/agbot_py/__init__.py to __init__.cpython-310.pyc
running install_data
creating /home/albert/rad_ws/install/agbot_py/share/ament_index
creating /home/albert/rad_ws/install/agbot_py/share/ament_index/resource_index
creating /home/albert/rad_ws/install/agbot_py/share/ament_index/resource_index/packages
copying resource/agbot_py -> /home/albert/rad_ws/install/agbot_py/share/ament_index/resource_index/packages
copying package.xml -> /home/albert/rad_ws/install/agbot_py/share/agbot_py
running install_egg_info
Copying ../../build/agbot_py/agbot_py.egg-info to /home/albert/rad_ws/install/agbot_py/lib/python3.10/site-packages/agbot_py-0.0.0-py3.10.egg-info
running install_scripts
writing list of installed files to '/home/albert/rad_ws/build/agbot_py/install.log'
