[7.114s] Invoking command in '/home/albert/rad_ws/src/agbot_py': PYTHONPATH=/home/albert/rad_ws/build/agbot_py/prefix_override:/usr/lib/python3/dist-packages/colcon_core/task/python/colcon_distutils_commands:/home/albert/rad_ws/install/agbot_py/lib/python3.10/site-packages:${PYTHONPATH} /usr/bin/python3 -W ignore:setup.py install is deprecated setup.py egg_info --egg-base ../../build/agbot_py build --build-base /home/albert/rad_ws/build/agbot_py/build install --record /home/albert/rad_ws/build/agbot_py/install.log --single-version-externally-managed install_data
[8.149s] running egg_info
[8.151s] creating ../../build/agbot_py/agbot_py.egg-info
[8.152s] writing ../../build/agbot_py/agbot_py.egg-info/PKG-INFO
[8.153s] writing dependency_links to ../../build/agbot_py/agbot_py.egg-info/dependency_links.txt
[8.154s] writing entry points to ../../build/agbot_py/agbot_py.egg-info/entry_points.txt
[8.154s] writing requirements to ../../build/agbot_py/agbot_py.egg-info/requires.txt
[8.156s] writing top-level names to ../../build/agbot_py/agbot_py.egg-info/top_level.txt
[8.156s] writing manifest file '../../build/agbot_py/agbot_py.egg-info/SOURCES.txt'
[8.161s] reading manifest file '../../build/agbot_py/agbot_py.egg-info/SOURCES.txt'
[8.164s] writing manifest file '../../build/agbot_py/agbot_py.egg-info/SOURCES.txt'
[8.164s] running build
[8.165s] running build_py
[8.165s] creating /home/albert/rad_ws/build/agbot_py/build
[8.166s] creating /home/albert/rad_ws/build/agbot_py/build/lib
[8.166s] creating /home/albert/rad_ws/build/agbot_py/build/lib/agbot_py
[8.166s] copying agbot_py/__init__.py -> /home/albert/rad_ws/build/agbot_py/build/lib/agbot_py
[8.167s] running install
[8.168s] running install_lib
[8.170s] creating /home/albert/rad_ws/install/agbot_py/lib/python3.10/site-packages/agbot_py
[8.170s] copying /home/albert/rad_ws/build/agbot_py/build/lib/agbot_py/__init__.py -> /home/albert/rad_ws/install/agbot_py/lib/python3.10/site-packages/agbot_py
[8.173s] byte-compiling /home/albert/rad_ws/install/agbot_py/lib/python3.10/site-packages/agbot_py/__init__.py to __init__.cpython-310.pyc
[8.173s] running install_data
[8.174s] creating /home/albert/rad_ws/install/agbot_py/share/ament_index
[8.174s] creating /home/albert/rad_ws/install/agbot_py/share/ament_index/resource_index
[8.175s] creating /home/albert/rad_ws/install/agbot_py/share/ament_index/resource_index/packages
[8.175s] copying resource/agbot_py -> /home/albert/rad_ws/install/agbot_py/share/ament_index/resource_index/packages
[8.176s] copying package.xml -> /home/albert/rad_ws/install/agbot_py/share/agbot_py
[8.179s] running install_egg_info
[8.182s] Copying ../../build/agbot_py/agbot_py.egg-info to /home/albert/rad_ws/install/agbot_py/lib/python3.10/site-packages/agbot_py-0.0.0-py3.10.egg-info
[8.184s] running install_scripts
[8.243s] writing list of installed files to '/home/albert/rad_ws/build/agbot_py/install.log'
[8.317s] Invoked command in '/home/albert/rad_ws/src/agbot_py' returned '0': PYTHONPATH=/home/albert/rad_ws/build/agbot_py/prefix_override:/usr/lib/python3/dist-packages/colcon_core/task/python/colcon_distutils_commands:/home/albert/rad_ws/install/agbot_py/lib/python3.10/site-packages:${PYTHONPATH} /usr/bin/python3 -W ignore:setup.py install is deprecated setup.py egg_info --egg-base ../../build/agbot_py build --build-base /home/albert/rad_ws/build/agbot_py/build install --record /home/albert/rad_ws/build/agbot_py/install.log --single-version-externally-managed install_data
