-- Install configuration: ""
-- Up-to-date: /home/albert/rad_ws/install/agbot_full_moveit_setup/share/ament_index/resource_index/package_run_dependencies/agbot_full_moveit_setup
-- Up-to-date: /home/albert/rad_ws/install/agbot_full_moveit_setup/share/ament_index/resource_index/parent_prefix_path/agbot_full_moveit_setup
-- Up-to-date: /home/albert/rad_ws/install/agbot_full_moveit_setup/share/agbot_full_moveit_setup/environment/ament_prefix_path.sh
-- Up-to-date: /home/albert/rad_ws/install/agbot_full_moveit_setup/share/agbot_full_moveit_setup/environment/ament_prefix_path.dsv
-- Up-to-date: /home/albert/rad_ws/install/agbot_full_moveit_setup/share/agbot_full_moveit_setup/environment/path.sh
-- Up-to-date: /home/albert/rad_ws/install/agbot_full_moveit_setup/share/agbot_full_moveit_setup/environment/path.dsv
-- Up-to-date: /home/albert/rad_ws/install/agbot_full_moveit_setup/share/agbot_full_moveit_setup/local_setup.bash
-- Up-to-date: /home/albert/rad_ws/install/agbot_full_moveit_setup/share/agbot_full_moveit_setup/local_setup.sh
-- Up-to-date: /home/albert/rad_ws/install/agbot_full_moveit_setup/share/agbot_full_moveit_setup/local_setup.zsh
-- Up-to-date: /home/albert/rad_ws/install/agbot_full_moveit_setup/share/agbot_full_moveit_setup/local_setup.dsv
-- Installing: /home/albert/rad_ws/install/agbot_full_moveit_setup/share/agbot_full_moveit_setup/package.dsv
-- Up-to-date: /home/albert/rad_ws/install/agbot_full_moveit_setup/share/ament_index/resource_index/packages/agbot_full_moveit_setup
-- Up-to-date: /home/albert/rad_ws/install/agbot_full_moveit_setup/share/agbot_full_moveit_setup/cmake/agbot_full_moveit_setupConfig.cmake
-- Up-to-date: /home/albert/rad_ws/install/agbot_full_moveit_setup/share/agbot_full_moveit_setup/cmake/agbot_full_moveit_setupConfig-version.cmake
-- Up-to-date: /home/albert/rad_ws/install/agbot_full_moveit_setup/share/agbot_full_moveit_setup/package.xml
-- Up-to-date: /home/albert/rad_ws/install/agbot_full_moveit_setup/share/agbot_full_moveit_setup/launch
-- Up-to-date: /home/albert/rad_ws/install/agbot_full_moveit_setup/share/agbot_full_moveit_setup/launch/moveit_rviz.launch.py
-- Up-to-date: /home/albert/rad_ws/install/agbot_full_moveit_setup/share/agbot_full_moveit_setup/launch/spawn_controllers.launch.py
-- Up-to-date: /home/albert/rad_ws/install/agbot_full_moveit_setup/share/agbot_full_moveit_setup/launch/move_group.launch.py
-- Up-to-date: /home/albert/rad_ws/install/agbot_full_moveit_setup/share/agbot_full_moveit_setup/launch/warehouse_db.launch.py
-- Up-to-date: /home/albert/rad_ws/install/agbot_full_moveit_setup/share/agbot_full_moveit_setup/launch/static_virtual_joint_tfs.launch.py
-- Up-to-date: /home/albert/rad_ws/install/agbot_full_moveit_setup/share/agbot_full_moveit_setup/launch/demo.launch.py
-- Up-to-date: /home/albert/rad_ws/install/agbot_full_moveit_setup/share/agbot_full_moveit_setup/launch/setup_assistant.launch.py
-- Up-to-date: /home/albert/rad_ws/install/agbot_full_moveit_setup/share/agbot_full_moveit_setup/launch/rsp.launch.py
-- Up-to-date: /home/albert/rad_ws/install/agbot_full_moveit_setup/share/agbot_full_moveit_setup/config
-- Up-to-date: /home/albert/rad_ws/install/agbot_full_moveit_setup/share/agbot_full_moveit_setup/config/joint_limits.yaml
-- Up-to-date: /home/albert/rad_ws/install/agbot_full_moveit_setup/share/agbot_full_moveit_setup/config/agbot_full.ros2_control.xacro
-- Up-to-date: /home/albert/rad_ws/install/agbot_full_moveit_setup/share/agbot_full_moveit_setup/config/ros2_controllers.yaml
-- Up-to-date: /home/albert/rad_ws/install/agbot_full_moveit_setup/share/agbot_full_moveit_setup/config/agbot_full.srdf
-- Up-to-date: /home/albert/rad_ws/install/agbot_full_moveit_setup/share/agbot_full_moveit_setup/config/agbot_full.urdf.xacro
-- Up-to-date: /home/albert/rad_ws/install/agbot_full_moveit_setup/share/agbot_full_moveit_setup/config/moveit_controllers.yaml
-- Up-to-date: /home/albert/rad_ws/install/agbot_full_moveit_setup/share/agbot_full_moveit_setup/config/initial_positions.yaml
-- Up-to-date: /home/albert/rad_ws/install/agbot_full_moveit_setup/share/agbot_full_moveit_setup/config/pilz_cartesian_limits.yaml
-- Up-to-date: /home/albert/rad_ws/install/agbot_full_moveit_setup/share/agbot_full_moveit_setup/config/kinematics.yaml
-- Up-to-date: /home/albert/rad_ws/install/agbot_full_moveit_setup/share/agbot_full_moveit_setup/config/moveit.rviz
-- Up-to-date: /home/albert/rad_ws/install/agbot_full_moveit_setup/share/agbot_full_moveit_setup/.setup_assistant
