[2.697s] Invoking command in '/home/albert/rad_ws/src/agbot_teleop': PYTHONPATH=/home/albert/rad_ws/build/agbot_teleop/prefix_override:/usr/lib/python3/dist-packages/colcon_core/task/python/colcon_distutils_commands:/home/albert/rad_ws/install/agbot_teleop/lib/python3.10/site-packages:${PYTHONPATH} /usr/bin/python3 -W ignore:setup.py install is deprecated setup.py egg_info --egg-base ../../build/agbot_teleop build --build-base /home/albert/rad_ws/build/agbot_teleop/build install --record /home/albert/rad_ws/build/agbot_teleop/install.log --single-version-externally-managed install_data
[3.258s] running egg_info
[3.259s] writing ../../build/agbot_teleop/agbot_teleop.egg-info/PKG-INFO
[3.260s] writing dependency_links to ../../build/agbot_teleop/agbot_teleop.egg-info/dependency_links.txt
[3.260s] writing entry points to ../../build/agbot_teleop/agbot_teleop.egg-info/entry_points.txt
[3.260s] writing requirements to ../../build/agbot_teleop/agbot_teleop.egg-info/requires.txt
[3.260s] writing top-level names to ../../build/agbot_teleop/agbot_teleop.egg-info/top_level.txt
[3.264s] reading manifest file '../../build/agbot_teleop/agbot_teleop.egg-info/SOURCES.txt'
[3.266s] writing manifest file '../../build/agbot_teleop/agbot_teleop.egg-info/SOURCES.txt'
[3.266s] running build
[3.266s] running build_py
[3.267s] running install
[3.267s] running install_lib
[3.269s] running install_data
[3.270s] running install_egg_info
[3.272s] removing '/home/albert/rad_ws/install/agbot_teleop/lib/python3.10/site-packages/agbot_teleop-0.0.0-py3.10.egg-info' (and everything under it)
[3.273s] Copying ../../build/agbot_teleop/agbot_teleop.egg-info to /home/albert/rad_ws/install/agbot_teleop/lib/python3.10/site-packages/agbot_teleop-0.0.0-py3.10.egg-info
[3.274s] running install_scripts
[3.308s] Installing agbot_teleop_key script to /home/albert/rad_ws/install/agbot_teleop/lib/agbot_teleop
[3.308s] writing list of installed files to '/home/albert/rad_ws/build/agbot_teleop/install.log'
[3.348s] Invoked command in '/home/albert/rad_ws/src/agbot_teleop' returned '0': PYTHONPATH=/home/albert/rad_ws/build/agbot_teleop/prefix_override:/usr/lib/python3/dist-packages/colcon_core/task/python/colcon_distutils_commands:/home/albert/rad_ws/install/agbot_teleop/lib/python3.10/site-packages:${PYTHONPATH} /usr/bin/python3 -W ignore:setup.py install is deprecated setup.py egg_info --egg-base ../../build/agbot_teleop build --build-base /home/albert/rad_ws/build/agbot_teleop/build install --record /home/albert/rad_ws/build/agbot_teleop/install.log --single-version-externally-managed install_data
