-- Install configuration: ""
-- Up-to-date: /home/albert/rad_ws/install/agbot_setup_moveit/share/ament_index/resource_index/package_run_dependencies/agbot_setup_moveit
-- Up-to-date: /home/albert/rad_ws/install/agbot_setup_moveit/share/ament_index/resource_index/parent_prefix_path/agbot_setup_moveit
-- Up-to-date: /home/albert/rad_ws/install/agbot_setup_moveit/share/agbot_setup_moveit/environment/ament_prefix_path.sh
-- Up-to-date: /home/albert/rad_ws/install/agbot_setup_moveit/share/agbot_setup_moveit/environment/ament_prefix_path.dsv
-- Up-to-date: /home/albert/rad_ws/install/agbot_setup_moveit/share/agbot_setup_moveit/environment/path.sh
-- Up-to-date: /home/albert/rad_ws/install/agbot_setup_moveit/share/agbot_setup_moveit/environment/path.dsv
-- Up-to-date: /home/albert/rad_ws/install/agbot_setup_moveit/share/agbot_setup_moveit/local_setup.bash
-- Up-to-date: /home/albert/rad_ws/install/agbot_setup_moveit/share/agbot_setup_moveit/local_setup.sh
-- Up-to-date: /home/albert/rad_ws/install/agbot_setup_moveit/share/agbot_setup_moveit/local_setup.zsh
-- Up-to-date: /home/albert/rad_ws/install/agbot_setup_moveit/share/agbot_setup_moveit/local_setup.dsv
-- Installing: /home/albert/rad_ws/install/agbot_setup_moveit/share/agbot_setup_moveit/package.dsv
-- Up-to-date: /home/albert/rad_ws/install/agbot_setup_moveit/share/ament_index/resource_index/packages/agbot_setup_moveit
-- Up-to-date: /home/albert/rad_ws/install/agbot_setup_moveit/share/agbot_setup_moveit/cmake/agbot_setup_moveitConfig.cmake
-- Up-to-date: /home/albert/rad_ws/install/agbot_setup_moveit/share/agbot_setup_moveit/cmake/agbot_setup_moveitConfig-version.cmake
-- Up-to-date: /home/albert/rad_ws/install/agbot_setup_moveit/share/agbot_setup_moveit/package.xml
-- Up-to-date: /home/albert/rad_ws/install/agbot_setup_moveit/share/agbot_setup_moveit/launch
-- Up-to-date: /home/albert/rad_ws/install/agbot_setup_moveit/share/agbot_setup_moveit/launch/moveit_rviz.launch.py
-- Up-to-date: /home/albert/rad_ws/install/agbot_setup_moveit/share/agbot_setup_moveit/launch/spawn_controllers.launch.py
-- Up-to-date: /home/albert/rad_ws/install/agbot_setup_moveit/share/agbot_setup_moveit/launch/move_group.launch.py
-- Up-to-date: /home/albert/rad_ws/install/agbot_setup_moveit/share/agbot_setup_moveit/launch/warehouse_db.launch.py
-- Up-to-date: /home/albert/rad_ws/install/agbot_setup_moveit/share/agbot_setup_moveit/launch/static_virtual_joint_tfs.launch.py
-- Up-to-date: /home/albert/rad_ws/install/agbot_setup_moveit/share/agbot_setup_moveit/launch/demo.launch.py
-- Up-to-date: /home/albert/rad_ws/install/agbot_setup_moveit/share/agbot_setup_moveit/launch/setup_assistant.launch.py
-- Up-to-date: /home/albert/rad_ws/install/agbot_setup_moveit/share/agbot_setup_moveit/launch/rsp.launch.py
-- Up-to-date: /home/albert/rad_ws/install/agbot_setup_moveit/share/agbot_setup_moveit/config
-- Up-to-date: /home/albert/rad_ws/install/agbot_setup_moveit/share/agbot_setup_moveit/config/joint_limits.yaml
-- Up-to-date: /home/albert/rad_ws/install/agbot_setup_moveit/share/agbot_setup_moveit/config/ros2_controllers.yaml
-- Up-to-date: /home/albert/rad_ws/install/agbot_setup_moveit/share/agbot_setup_moveit/config/moveit_controllers.yaml
-- Up-to-date: /home/albert/rad_ws/install/agbot_setup_moveit/share/agbot_setup_moveit/config/initial_positions.yaml
-- Up-to-date: /home/albert/rad_ws/install/agbot_setup_moveit/share/agbot_setup_moveit/config/pilz_cartesian_limits.yaml
-- Up-to-date: /home/albert/rad_ws/install/agbot_setup_moveit/share/agbot_setup_moveit/config/kinematics.yaml
-- Up-to-date: /home/albert/rad_ws/install/agbot_setup_moveit/share/agbot_setup_moveit/config/agbot_arm.srdf
-- Up-to-date: /home/albert/rad_ws/install/agbot_setup_moveit/share/agbot_setup_moveit/config/agbot_arm.urdf.xacro
-- Up-to-date: /home/albert/rad_ws/install/agbot_setup_moveit/share/agbot_setup_moveit/config/agbot_arm.ros2_control.xacro
-- Up-to-date: /home/albert/rad_ws/install/agbot_setup_moveit/share/agbot_setup_moveit/config/moveit.rviz
-- Up-to-date: /home/albert/rad_ws/install/agbot_setup_moveit/share/agbot_setup_moveit/.setup_assistant
