[0.043s] Invoking command in '/home/albert/rad_ws/build/agbot_full_controller': CMAKE_PREFIX_PATH=${CMAKE_PREFIX_PATH}:/home/albert/ws_moveit2/install/moveit_configs_utils:/home/albert/ws_moveit2/install/launch_param_builder:/home/albert/umov_ws/install/arduino_py_examples:/home/albert/udem2_ws/install/actions_py:/home/albert/udem2_ws/install/lifecycle_py:/home/albert/udem2_ws/install/executors_py:/home/albert/udem2_ws/install/components_py:/home/albert/udem_ws/install/turtlesim_catcher:/home/albert/udem_ws/install/my_py_pkg:/home/albert/udem_ws/install/lifecycle_py:/home/albert/bcdc_ws/install/agbot_teleop:/home/albert/bcdc_ws/install/agbot_py:/home/albert/arduinobot_ws/install/arduinobot_py_examples:/home/albert/rad_ws/install/agbot_teleop:/home/albert/rad_ws/install/agbot_py:/opt/ros/humble /home/albert/.local/bin/cmake /home/albert/rad_ws/src/agbot_full_controller -DCMAKE_INSTALL_PREFIX=/home/albert/rad_ws/install/agbot_full_controller
[0.164s] -- The C compiler identification is GNU 11.4.0
[0.266s] -- The CXX compiler identification is GNU 11.4.0
[0.288s] -- Detecting C compiler ABI info
[0.417s] -- Detecting C compiler ABI info - done
[0.455s] -- Check for working C compiler: /usr/bin/cc - skipped
[0.455s] -- Detecting C compile features
[0.456s] -- Detecting C compile features - done
[0.464s] -- Detecting CXX compiler ABI info
[0.625s] -- Detecting CXX compiler ABI info - done
[0.677s] -- Check for working CXX compiler: /usr/bin/c++ - skipped
[0.677s] -- Detecting CXX compile features
[0.678s] -- Detecting CXX compile features - done
[0.704s] -- Found ament_cmake: 1.3.10 (/opt/ros/humble/share/ament_cmake/cmake)
[1.111s] -- Found Python3: /usr/bin/python3 (found version "3.10.12") found components: Interpreter
[1.604s] -- Found trajectory_msgs: 4.2.4 (/opt/ros/humble/share/trajectory_msgs/cmake)
[1.888s] -- Found rosidl_generator_c: 3.1.5 (/opt/ros/humble/share/rosidl_generator_c/cmake)
[1.933s] -- Found rosidl_adapter: 3.1.5 (/opt/ros/humble/share/rosidl_adapter/cmake)
[1.988s] -- Found rosidl_generator_cpp: 3.1.5 (/opt/ros/humble/share/rosidl_generator_cpp/cmake)
[2.075s] -- Using all available rosidl_typesupport_c: rosidl_typesupport_fastrtps_c;rosidl_typesupport_introspection_c
[2.211s] -- Using all available rosidl_typesupport_cpp: rosidl_typesupport_fastrtps_cpp;rosidl_typesupport_introspection_cpp
[2.505s] -- Found sensor_msgs: 4.2.4 (/opt/ros/humble/share/sensor_msgs/cmake)
[2.578s] -- Found rclcpp: 16.0.10 (/opt/ros/humble/share/rclcpp/cmake)
[2.946s] -- Found rmw_implementation_cmake: 6.1.2 (/opt/ros/humble/share/rmw_implementation_cmake/cmake)
[3.017s] -- Found rmw_cyclonedds_cpp: 1.3.4 (/opt/ros/humble/share/rmw_cyclonedds_cpp/cmake)
[3.231s] -- Using RMW implementation 'rmw_cyclonedds_cpp' as default
[3.325s] -- Performing Test CMAKE_HAVE_LIBC_PTHREAD
[3.515s] -- Performing Test CMAKE_HAVE_LIBC_PTHREAD - Success
[3.517s] -- Found Threads: TRUE
[3.683s] -- Found rclpy: 3.3.14 (/opt/ros/humble/share/rclpy/cmake)
[3.704s] -- Found ament_lint_auto: 0.12.11 (/opt/ros/humble/share/ament_lint_auto/cmake)
[3.980s] -- Added test 'flake8' to check Python code syntax and style conventions
[3.988s] -- Added test 'lint_cmake' to check CMake code style
[3.992s] -- Added test 'pep257' to check Python code against some of the docstring style conventions in PEP 257
[3.999s] -- Added test 'xmllint' to check XML markup files
[4.010s] -- Configuring done (4.0s)
[4.017s] -- Generating done (0.0s)
[4.019s] -- Build files have been written to: /home/albert/rad_ws/build/agbot_full_controller
[4.032s] Invoked command in '/home/albert/rad_ws/build/agbot_full_controller' returned '0': CMAKE_PREFIX_PATH=${CMAKE_PREFIX_PATH}:/home/albert/ws_moveit2/install/moveit_configs_utils:/home/albert/ws_moveit2/install/launch_param_builder:/home/albert/umov_ws/install/arduino_py_examples:/home/albert/udem2_ws/install/actions_py:/home/albert/udem2_ws/install/lifecycle_py:/home/albert/udem2_ws/install/executors_py:/home/albert/udem2_ws/install/components_py:/home/albert/udem_ws/install/turtlesim_catcher:/home/albert/udem_ws/install/my_py_pkg:/home/albert/udem_ws/install/lifecycle_py:/home/albert/bcdc_ws/install/agbot_teleop:/home/albert/bcdc_ws/install/agbot_py:/home/albert/arduinobot_ws/install/arduinobot_py_examples:/home/albert/rad_ws/install/agbot_teleop:/home/albert/rad_ws/install/agbot_py:/opt/ros/humble /home/albert/.local/bin/cmake /home/albert/rad_ws/src/agbot_full_controller -DCMAKE_INSTALL_PREFIX=/home/albert/rad_ws/install/agbot_full_controller
[4.035s] Invoking command in '/home/albert/rad_ws/build/agbot_full_controller': CMAKE_PREFIX_PATH=${CMAKE_PREFIX_PATH}:/home/albert/ws_moveit2/install/moveit_configs_utils:/home/albert/ws_moveit2/install/launch_param_builder:/home/albert/umov_ws/install/arduino_py_examples:/home/albert/udem2_ws/install/actions_py:/home/albert/udem2_ws/install/lifecycle_py:/home/albert/udem2_ws/install/executors_py:/home/albert/udem2_ws/install/components_py:/home/albert/udem_ws/install/turtlesim_catcher:/home/albert/udem_ws/install/my_py_pkg:/home/albert/udem_ws/install/lifecycle_py:/home/albert/bcdc_ws/install/agbot_teleop:/home/albert/bcdc_ws/install/agbot_py:/home/albert/arduinobot_ws/install/arduinobot_py_examples:/home/albert/rad_ws/install/agbot_teleop:/home/albert/rad_ws/install/agbot_py:/opt/ros/humble /home/albert/.local/bin/cmake --build /home/albert/rad_ws/build/agbot_full_controller -- -j8 -l8
[4.073s] Invoked command in '/home/albert/rad_ws/build/agbot_full_controller' returned '0': CMAKE_PREFIX_PATH=${CMAKE_PREFIX_PATH}:/home/albert/ws_moveit2/install/moveit_configs_utils:/home/albert/ws_moveit2/install/launch_param_builder:/home/albert/umov_ws/install/arduino_py_examples:/home/albert/udem2_ws/install/actions_py:/home/albert/udem2_ws/install/lifecycle_py:/home/albert/udem2_ws/install/executors_py:/home/albert/udem2_ws/install/components_py:/home/albert/udem_ws/install/turtlesim_catcher:/home/albert/udem_ws/install/my_py_pkg:/home/albert/udem_ws/install/lifecycle_py:/home/albert/bcdc_ws/install/agbot_teleop:/home/albert/bcdc_ws/install/agbot_py:/home/albert/arduinobot_ws/install/arduinobot_py_examples:/home/albert/rad_ws/install/agbot_teleop:/home/albert/rad_ws/install/agbot_py:/opt/ros/humble /home/albert/.local/bin/cmake --build /home/albert/rad_ws/build/agbot_full_controller -- -j8 -l8
[4.141s] Invoking command in '/home/albert/rad_ws/build/agbot_full_controller': CMAKE_PREFIX_PATH=${CMAKE_PREFIX_PATH}:/home/albert/ws_moveit2/install/moveit_configs_utils:/home/albert/ws_moveit2/install/launch_param_builder:/home/albert/umov_ws/install/arduino_py_examples:/home/albert/udem2_ws/install/actions_py:/home/albert/udem2_ws/install/lifecycle_py:/home/albert/udem2_ws/install/executors_py:/home/albert/udem2_ws/install/components_py:/home/albert/udem_ws/install/turtlesim_catcher:/home/albert/udem_ws/install/my_py_pkg:/home/albert/udem_ws/install/lifecycle_py:/home/albert/bcdc_ws/install/agbot_teleop:/home/albert/bcdc_ws/install/agbot_py:/home/albert/arduinobot_ws/install/arduinobot_py_examples:/home/albert/rad_ws/install/agbot_teleop:/home/albert/rad_ws/install/agbot_py:/opt/ros/humble /home/albert/.local/bin/cmake --install /home/albert/rad_ws/build/agbot_full_controller
[4.147s] -- Install configuration: ""
[4.147s] -- Installing: /home/albert/rad_ws/install/agbot_full_controller/share/agbot_full_controller/config
[4.147s] -- Installing: /home/albert/rad_ws/install/agbot_full_controller/share/agbot_full_controller/config/agbot_full_controllers.yaml
[4.148s] -- Installing: /home/albert/rad_ws/install/agbot_full_controller/share/agbot_full_controller/launch
[4.148s] -- Installing: /home/albert/rad_ws/install/agbot_full_controller/share/agbot_full_controller/launch/controller.launch.py
[4.148s] -- Installing: /home/albert/rad_ws/install/agbot_full_controller/share/ament_index/resource_index/package_run_dependencies/agbot_full_controller
[4.148s] -- Installing: /home/albert/rad_ws/install/agbot_full_controller/share/ament_index/resource_index/parent_prefix_path/agbot_full_controller
[4.148s] -- Installing: /home/albert/rad_ws/install/agbot_full_controller/share/agbot_full_controller/environment/ament_prefix_path.sh
[4.149s] -- Installing: /home/albert/rad_ws/install/agbot_full_controller/share/agbot_full_controller/environment/ament_prefix_path.dsv
[4.149s] -- Installing: /home/albert/rad_ws/install/agbot_full_controller/share/agbot_full_controller/environment/path.sh
[4.149s] -- Installing: /home/albert/rad_ws/install/agbot_full_controller/share/agbot_full_controller/environment/path.dsv
[4.149s] -- Installing: /home/albert/rad_ws/install/agbot_full_controller/share/agbot_full_controller/local_setup.bash
[4.149s] -- Installing: /home/albert/rad_ws/install/agbot_full_controller/share/agbot_full_controller/local_setup.sh
[4.150s] -- Installing: /home/albert/rad_ws/install/agbot_full_controller/share/agbot_full_controller/local_setup.zsh
[4.150s] -- Installing: /home/albert/rad_ws/install/agbot_full_controller/share/agbot_full_controller/local_setup.dsv
[4.150s] -- Installing: /home/albert/rad_ws/install/agbot_full_controller/share/agbot_full_controller/package.dsv
[4.150s] -- Installing: /home/albert/rad_ws/install/agbot_full_controller/share/ament_index/resource_index/packages/agbot_full_controller
[4.151s] -- Installing: /home/albert/rad_ws/install/agbot_full_controller/share/agbot_full_controller/cmake/agbot_full_controllerConfig.cmake
[4.151s] -- Installing: /home/albert/rad_ws/install/agbot_full_controller/share/agbot_full_controller/cmake/agbot_full_controllerConfig-version.cmake
[4.151s] -- Installing: /home/albert/rad_ws/install/agbot_full_controller/share/agbot_full_controller/package.xml
[4.153s] Invoked command in '/home/albert/rad_ws/build/agbot_full_controller' returned '0': CMAKE_PREFIX_PATH=${CMAKE_PREFIX_PATH}:/home/albert/ws_moveit2/install/moveit_configs_utils:/home/albert/ws_moveit2/install/launch_param_builder:/home/albert/umov_ws/install/arduino_py_examples:/home/albert/udem2_ws/install/actions_py:/home/albert/udem2_ws/install/lifecycle_py:/home/albert/udem2_ws/install/executors_py:/home/albert/udem2_ws/install/components_py:/home/albert/udem_ws/install/turtlesim_catcher:/home/albert/udem_ws/install/my_py_pkg:/home/albert/udem_ws/install/lifecycle_py:/home/albert/bcdc_ws/install/agbot_teleop:/home/albert/bcdc_ws/install/agbot_py:/home/albert/arduinobot_ws/install/arduinobot_py_examples:/home/albert/rad_ws/install/agbot_teleop:/home/albert/rad_ws/install/agbot_py:/opt/ros/humble /home/albert/.local/bin/cmake --install /home/albert/rad_ws/build/agbot_full_controller
