[7.615s] Invoking command in '/home/albert/rad_ws/src/agbot_py': PYTHONPATH=/home/albert/rad_ws/build/agbot_py/prefix_override:/usr/lib/python3/dist-packages/colcon_core/task/python/colcon_distutils_commands:/home/albert/rad_ws/install/agbot_py/lib/python3.10/site-packages:${PYTHONPATH} /usr/bin/python3 -W ignore:setup.py install is deprecated setup.py egg_info --egg-base ../../build/agbot_py build --build-base /home/albert/rad_ws/build/agbot_py/build install --record /home/albert/rad_ws/build/agbot_py/install.log --single-version-externally-managed install_data
[9.566s] running egg_info
[9.568s] writing ../../build/agbot_py/agbot_py.egg-info/PKG-INFO
[9.569s] writing dependency_links to ../../build/agbot_py/agbot_py.egg-info/dependency_links.txt
[9.574s] writing entry points to ../../build/agbot_py/agbot_py.egg-info/entry_points.txt
[9.576s] writing requirements to ../../build/agbot_py/agbot_py.egg-info/requires.txt
[9.577s] writing top-level names to ../../build/agbot_py/agbot_py.egg-info/top_level.txt
[9.583s] reading manifest file '../../build/agbot_py/agbot_py.egg-info/SOURCES.txt'
[9.587s] writing manifest file '../../build/agbot_py/agbot_py.egg-info/SOURCES.txt'
[9.587s] running build
[9.588s] running build_py
[9.588s] running install
[9.591s] running install_lib
[9.597s] running install_data
[9.598s] running install_egg_info
[9.607s] removing '/home/albert/rad_ws/install/agbot_py/lib/python3.10/site-packages/agbot_py-0.0.0-py3.10.egg-info' (and everything under it)
[9.608s] Copying ../../build/agbot_py/agbot_py.egg-info to /home/albert/rad_ws/install/agbot_py/lib/python3.10/site-packages/agbot_py-0.0.0-py3.10.egg-info
[9.612s] running install_scripts
[9.730s] writing list of installed files to '/home/albert/rad_ws/build/agbot_py/install.log'
[9.880s] Invoked command in '/home/albert/rad_ws/src/agbot_py' returned '0': PYTHONPATH=/home/albert/rad_ws/build/agbot_py/prefix_override:/usr/lib/python3/dist-packages/colcon_core/task/python/colcon_distutils_commands:/home/albert/rad_ws/install/agbot_py/lib/python3.10/site-packages:${PYTHONPATH} /usr/bin/python3 -W ignore:setup.py install is deprecated setup.py egg_info --egg-base ../../build/agbot_py build --build-base /home/albert/rad_ws/build/agbot_py/build install --record /home/albert/rad_ws/build/agbot_py/install.log --single-version-externally-managed install_data
