[0.029s] Invoking command in '/home/albert/rad_ws/build/agbot_full_nav2': CMAKE_PREFIX_PATH=${CMAKE_PREFIX_PATH}:/home/albert/ws_moveit2/install/moveit_configs_utils:/home/albert/ws_moveit2/install/launch_param_builder:/home/albert/umov_ws/install/arduino_py_examples:/home/albert/udem2_ws/install/actions_py:/home/albert/udem2_ws/install/lifecycle_py:/home/albert/udem2_ws/install/executors_py:/home/albert/udem2_ws/install/components_py:/home/albert/udem_ws/install/turtlesim_catcher:/home/albert/udem_ws/install/my_py_pkg:/home/albert/udem_ws/install/lifecycle_py:/home/albert/bcdc_ws/install/agbot_teleop:/home/albert/bcdc_ws/install/agbot_py:/home/albert/arduinobot_ws/install/arduinobot_py_examples:/opt/ros/humble /home/albert/.local/bin/cmake /home/albert/rad_ws/src/agbot_full_nav2 -DCMAKE_INSTALL_PREFIX=/home/albert/rad_ws/install/agbot_full_nav2
[0.105s] -- The C compiler identification is GNU 11.4.0
[0.170s] -- The CXX compiler identification is GNU 11.4.0
[0.189s] -- Detecting C compiler ABI info
[0.290s] -- Detecting C compiler ABI info - done
[0.326s] -- Check for working C compiler: /usr/bin/cc - skipped
[0.327s] -- Detecting C compile features
[0.328s] -- Detecting C compile features - done
[0.335s] -- Detecting CXX compiler ABI info
[0.445s] -- Detecting CXX compiler ABI info - done
[0.466s] -- Check for working CXX compiler: /usr/bin/c++ - skipped
[0.466s] -- Detecting CXX compile features
[0.467s] -- Detecting CXX compile features - done
[0.482s] -- Found ament_cmake: 1.3.10 (/opt/ros/humble/share/ament_cmake/cmake)
[0.700s] -- Found Python3: /usr/bin/python3 (found version "3.10.12") found components: Interpreter
[1.012s] -- Found ament_lint_auto: 0.12.11 (/opt/ros/humble/share/ament_lint_auto/cmake)
[1.180s] -- Added test 'lint_cmake' to check CMake code style
[1.184s] -- Added test 'xmllint' to check XML markup files
[1.191s] -- Configuring done (1.2s)
[1.194s] -- Generating done (0.0s)
[1.196s] -- Build files have been written to: /home/albert/rad_ws/build/agbot_full_nav2
[1.201s] Invoked command in '/home/albert/rad_ws/build/agbot_full_nav2' returned '0': CMAKE_PREFIX_PATH=${CMAKE_PREFIX_PATH}:/home/albert/ws_moveit2/install/moveit_configs_utils:/home/albert/ws_moveit2/install/launch_param_builder:/home/albert/umov_ws/install/arduino_py_examples:/home/albert/udem2_ws/install/actions_py:/home/albert/udem2_ws/install/lifecycle_py:/home/albert/udem2_ws/install/executors_py:/home/albert/udem2_ws/install/components_py:/home/albert/udem_ws/install/turtlesim_catcher:/home/albert/udem_ws/install/my_py_pkg:/home/albert/udem_ws/install/lifecycle_py:/home/albert/bcdc_ws/install/agbot_teleop:/home/albert/bcdc_ws/install/agbot_py:/home/albert/arduinobot_ws/install/arduinobot_py_examples:/opt/ros/humble /home/albert/.local/bin/cmake /home/albert/rad_ws/src/agbot_full_nav2 -DCMAKE_INSTALL_PREFIX=/home/albert/rad_ws/install/agbot_full_nav2
[1.203s] Invoking command in '/home/albert/rad_ws/build/agbot_full_nav2': CMAKE_PREFIX_PATH=${CMAKE_PREFIX_PATH}:/home/albert/ws_moveit2/install/moveit_configs_utils:/home/albert/ws_moveit2/install/launch_param_builder:/home/albert/umov_ws/install/arduino_py_examples:/home/albert/udem2_ws/install/actions_py:/home/albert/udem2_ws/install/lifecycle_py:/home/albert/udem2_ws/install/executors_py:/home/albert/udem2_ws/install/components_py:/home/albert/udem_ws/install/turtlesim_catcher:/home/albert/udem_ws/install/my_py_pkg:/home/albert/udem_ws/install/lifecycle_py:/home/albert/bcdc_ws/install/agbot_teleop:/home/albert/bcdc_ws/install/agbot_py:/home/albert/arduinobot_ws/install/arduinobot_py_examples:/opt/ros/humble /home/albert/.local/bin/cmake --build /home/albert/rad_ws/build/agbot_full_nav2 -- -j8 -l8
[1.227s] Invoked command in '/home/albert/rad_ws/build/agbot_full_nav2' returned '0': CMAKE_PREFIX_PATH=${CMAKE_PREFIX_PATH}:/home/albert/ws_moveit2/install/moveit_configs_utils:/home/albert/ws_moveit2/install/launch_param_builder:/home/albert/umov_ws/install/arduino_py_examples:/home/albert/udem2_ws/install/actions_py:/home/albert/udem2_ws/install/lifecycle_py:/home/albert/udem2_ws/install/executors_py:/home/albert/udem2_ws/install/components_py:/home/albert/udem_ws/install/turtlesim_catcher:/home/albert/udem_ws/install/my_py_pkg:/home/albert/udem_ws/install/lifecycle_py:/home/albert/bcdc_ws/install/agbot_teleop:/home/albert/bcdc_ws/install/agbot_py:/home/albert/arduinobot_ws/install/arduinobot_py_examples:/opt/ros/humble /home/albert/.local/bin/cmake --build /home/albert/rad_ws/build/agbot_full_nav2 -- -j8 -l8
[1.266s] Invoking command in '/home/albert/rad_ws/build/agbot_full_nav2': CMAKE_PREFIX_PATH=${CMAKE_PREFIX_PATH}:/home/albert/ws_moveit2/install/moveit_configs_utils:/home/albert/ws_moveit2/install/launch_param_builder:/home/albert/umov_ws/install/arduino_py_examples:/home/albert/udem2_ws/install/actions_py:/home/albert/udem2_ws/install/lifecycle_py:/home/albert/udem2_ws/install/executors_py:/home/albert/udem2_ws/install/components_py:/home/albert/udem_ws/install/turtlesim_catcher:/home/albert/udem_ws/install/my_py_pkg:/home/albert/udem_ws/install/lifecycle_py:/home/albert/bcdc_ws/install/agbot_teleop:/home/albert/bcdc_ws/install/agbot_py:/home/albert/arduinobot_ws/install/arduinobot_py_examples:/opt/ros/humble /home/albert/.local/bin/cmake --install /home/albert/rad_ws/build/agbot_full_nav2
[1.269s] -- Install configuration: ""
[1.269s] -- Installing: /home/albert/rad_ws/install/agbot_full_nav2/share/ament_index/resource_index/package_run_dependencies/agbot_full_nav2
[1.270s] -- Installing: /home/albert/rad_ws/install/agbot_full_nav2/share/ament_index/resource_index/parent_prefix_path/agbot_full_nav2
[1.270s] -- Installing: /home/albert/rad_ws/install/agbot_full_nav2/share/agbot_full_nav2/environment/ament_prefix_path.sh
[1.270s] -- Installing: /home/albert/rad_ws/install/agbot_full_nav2/share/agbot_full_nav2/environment/ament_prefix_path.dsv
[1.270s] -- Installing: /home/albert/rad_ws/install/agbot_full_nav2/share/agbot_full_nav2/environment/path.sh
[1.270s] -- Installing: /home/albert/rad_ws/install/agbot_full_nav2/share/agbot_full_nav2/environment/path.dsv
[1.270s] -- Installing: /home/albert/rad_ws/install/agbot_full_nav2/share/agbot_full_nav2/local_setup.bash
[1.271s] -- Installing: /home/albert/rad_ws/install/agbot_full_nav2/share/agbot_full_nav2/local_setup.sh
[1.271s] -- Installing: /home/albert/rad_ws/install/agbot_full_nav2/share/agbot_full_nav2/local_setup.zsh
[1.271s] -- Installing: /home/albert/rad_ws/install/agbot_full_nav2/share/agbot_full_nav2/local_setup.dsv
[1.271s] -- Installing: /home/albert/rad_ws/install/agbot_full_nav2/share/agbot_full_nav2/package.dsv
[1.271s] -- Installing: /home/albert/rad_ws/install/agbot_full_nav2/share/ament_index/resource_index/packages/agbot_full_nav2
[1.271s] -- Installing: /home/albert/rad_ws/install/agbot_full_nav2/share/agbot_full_nav2/cmake/agbot_full_nav2Config.cmake
[1.271s] -- Installing: /home/albert/rad_ws/install/agbot_full_nav2/share/agbot_full_nav2/cmake/agbot_full_nav2Config-version.cmake
[1.272s] -- Installing: /home/albert/rad_ws/install/agbot_full_nav2/share/agbot_full_nav2/package.xml
[1.274s] Invoked command in '/home/albert/rad_ws/build/agbot_full_nav2' returned '0': CMAKE_PREFIX_PATH=${CMAKE_PREFIX_PATH}:/home/albert/ws_moveit2/install/moveit_configs_utils:/home/albert/ws_moveit2/install/launch_param_builder:/home/albert/umov_ws/install/arduino_py_examples:/home/albert/udem2_ws/install/actions_py:/home/albert/udem2_ws/install/lifecycle_py:/home/albert/udem2_ws/install/executors_py:/home/albert/udem2_ws/install/components_py:/home/albert/udem_ws/install/turtlesim_catcher:/home/albert/udem_ws/install/my_py_pkg:/home/albert/udem_ws/install/lifecycle_py:/home/albert/bcdc_ws/install/agbot_teleop:/home/albert/bcdc_ws/install/agbot_py:/home/albert/arduinobot_ws/install/arduinobot_py_examples:/opt/ros/humble /home/albert/.local/bin/cmake --install /home/albert/rad_ws/build/agbot_full_nav2
