[7.298s] Invoking command in '/home/albert/rad_ws/src/agbot_py': PYTHONPATH=/home/albert/rad_ws/build/agbot_py/prefix_override:/usr/lib/python3/dist-packages/colcon_core/task/python/colcon_distutils_commands:/home/albert/rad_ws/install/agbot_py/lib/python3.10/site-packages:${PYTHONPATH} /usr/bin/python3 -W ignore:setup.py install is deprecated setup.py egg_info --egg-base ../../build/agbot_py build --build-base /home/albert/rad_ws/build/agbot_py/build install --record /home/albert/rad_ws/build/agbot_py/install.log --single-version-externally-managed install_data
[9.373s] running egg_info
[9.378s] writing ../../build/agbot_py/agbot_py.egg-info/PKG-INFO
[9.378s] writing dependency_links to ../../build/agbot_py/agbot_py.egg-info/dependency_links.txt
[9.379s] writing entry points to ../../build/agbot_py/agbot_py.egg-info/entry_points.txt
[9.379s] writing requirements to ../../build/agbot_py/agbot_py.egg-info/requires.txt
[9.380s] writing top-level names to ../../build/agbot_py/agbot_py.egg-info/top_level.txt
[9.390s] reading manifest file '../../build/agbot_py/agbot_py.egg-info/SOURCES.txt'
[9.392s] writing manifest file '../../build/agbot_py/agbot_py.egg-info/SOURCES.txt'
[9.393s] running build
[9.394s] running build_py
[9.398s] running install
[9.399s] running install_lib
[9.407s] running install_data
[9.408s] running install_egg_info
[9.421s] removing '/home/albert/rad_ws/install/agbot_py/lib/python3.10/site-packages/agbot_py-0.0.0-py3.10.egg-info' (and everything under it)
[9.424s] Copying ../../build/agbot_py/agbot_py.egg-info to /home/albert/rad_ws/install/agbot_py/lib/python3.10/site-packages/agbot_py-0.0.0-py3.10.egg-info
[9.432s] running install_scripts
[9.545s] writing list of installed files to '/home/albert/rad_ws/build/agbot_py/install.log'
[9.660s] Invoked command in '/home/albert/rad_ws/src/agbot_py' returned '0': PYTHONPATH=/home/albert/rad_ws/build/agbot_py/prefix_override:/usr/lib/python3/dist-packages/colcon_core/task/python/colcon_distutils_commands:/home/albert/rad_ws/install/agbot_py/lib/python3.10/site-packages:${PYTHONPATH} /usr/bin/python3 -W ignore:setup.py install is deprecated setup.py egg_info --egg-base ../../build/agbot_py build --build-base /home/albert/rad_ws/build/agbot_py/build install --record /home/albert/rad_ws/build/agbot_py/install.log --single-version-externally-managed install_data
