[0.168s] Invoking command in '/home/albert/rad_ws/build/agbot_msgs': CMAKE_PREFIX_PATH=${CMAKE_PREFIX_PATH}:/home/albert/rad_ws/install/agbot_teleop:/home/albert/rad_ws/install/agbot_py:/home/albert/ws_moveit2/install/moveit_configs_utils:/home/albert/ws_moveit2/install/launch_param_builder:/home/albert/umov_ws/install/arduino_py_examples:/home/albert/udem2_ws/install/actions_py:/home/albert/udem2_ws/install/lifecycle_py:/home/albert/udem2_ws/install/executors_py:/home/albert/udem2_ws/install/components_py:/home/albert/udem_ws/install/turtlesim_catcher:/home/albert/udem_ws/install/my_py_pkg:/home/albert/udem_ws/install/lifecycle_py:/home/albert/bcdc_ws/install/agbot_teleop:/home/albert/bcdc_ws/install/agbot_py:/home/albert/arduinobot_ws/install/arduinobot_py_examples:/opt/ros/humble /home/albert/.local/bin/cmake /home/albert/rad_ws/src/agbot_msgs -DCMAKE_INSTALL_PREFIX=/home/albert/rad_ws/install/agbot_msgs
[0.378s] -- The C compiler identification is GNU 11.4.0
[0.618s] -- The CXX compiler identification is GNU 11.4.0
[0.691s] -- Detecting C compiler ABI info
[1.004s] -- Detecting C compiler ABI info - done
[1.135s] -- Check for working C compiler: /usr/bin/cc - skipped
[1.136s] -- Detecting C compile features
[1.139s] -- Detecting C compile features - done
[1.173s] -- Detecting CXX compiler ABI info
[1.604s] -- Detecting CXX compiler ABI info - done
[1.705s] -- Check for working CXX compiler: /usr/bin/c++ - skipped
[1.706s] -- Detecting CXX compile features
[1.711s] -- Detecting CXX compile features - done
[1.785s] -- Found ament_cmake: 1.3.10 (/opt/ros/humble/share/ament_cmake/cmake)
[2.611s] -- Found Python3: /usr/bin/python3 (found version "3.10.12") found components: Interpreter
[3.466s] -- Found std_msgs: 4.2.4 (/opt/ros/humble/share/std_msgs/cmake)
[3.863s] -- Found rosidl_generator_c: 3.1.5 (/opt/ros/humble/share/rosidl_generator_c/cmake)
[3.960s] -- Found rosidl_adapter: 3.1.5 (/opt/ros/humble/share/rosidl_adapter/cmake)
[4.070s] -- Found rosidl_generator_cpp: 3.1.5 (/opt/ros/humble/share/rosidl_generator_cpp/cmake)
[4.317s] -- Using all available rosidl_typesupport_c: rosidl_typesupport_fastrtps_c;rosidl_typesupport_introspection_c
[4.542s] -- Using all available rosidl_typesupport_cpp: rosidl_typesupport_fastrtps_cpp;rosidl_typesupport_introspection_cpp
[4.798s] -- Found rosidl_default_generators: 1.2.0 (/opt/ros/humble/share/rosidl_default_generators/cmake)
[6.471s] -- Found ament_cmake_ros: 0.10.0 (/opt/ros/humble/share/ament_cmake_ros/cmake)
[9.239s] -- Using all available rosidl_typesupport_c: rosidl_typesupport_fastrtps_c;rosidl_typesupport_introspection_c
[10.096s] -- Using all available rosidl_typesupport_cpp: rosidl_typesupport_fastrtps_cpp;rosidl_typesupport_introspection_cpp
[10.101s] [33mCMake Warning (dev) at /opt/ros/humble/share/rosidl_generator_py/cmake/rosidl_generator_py_generate_interfaces.cmake:20 (find_package):
[10.101s]   Policy CMP0148 is not set: The FindPythonInterp and FindPythonLibs modules
[10.101s]   are removed.  Run "cmake --help-policy CMP0148" for policy details.  Use
[10.101s]   the cmake_policy command to set the policy and suppress this warning.
[10.102s] 
[10.102s] Call Stack (most recent call first):
[10.102s]   /opt/ros/humble/share/ament_cmake_core/cmake/core/ament_execute_extensions.cmake:48 (include)
[10.102s]   /opt/ros/humble/share/rosidl_cmake/cmake/rosidl_generate_interfaces.cmake:286 (ament_execute_extensions)
[10.102s]   CMakeLists.txt:13 (rosidl_generate_interfaces)
[10.102s] This warning is for project developers.  Use -Wno-dev to suppress it.
[10.103s] [0m
[10.179s] -- Found PythonInterp: /usr/bin/python3 (found suitable version "3.10.12", minimum required is "3.6")
[10.210s] -- Found python_cmake_module: 0.10.0 (/opt/ros/humble/share/python_cmake_module/cmake)
[10.211s] [33mCMake Warning (dev) at /opt/ros/humble/share/python_cmake_module/cmake/Modules/FindPythonExtra.cmake:52 (find_package):
[10.211s]   Policy CMP0148 is not set: The FindPythonInterp and FindPythonLibs modules
[10.212s]   are removed.  Run "cmake --help-policy CMP0148" for policy details.  Use
[10.212s]   the cmake_policy command to set the policy and suppress this warning.
[10.212s] 
[10.212s] Call Stack (most recent call first):
[10.212s]   /opt/ros/humble/share/rosidl_generator_py/cmake/rosidl_generator_py_generate_interfaces.cmake:23 (find_package)
[10.213s]   /opt/ros/humble/share/ament_cmake_core/cmake/core/ament_execute_extensions.cmake:48 (include)
[10.213s]   /opt/ros/humble/share/rosidl_cmake/cmake/rosidl_generate_interfaces.cmake:286 (ament_execute_extensions)
[10.213s]   CMakeLists.txt:13 (rosidl_generate_interfaces)
[10.213s] This warning is for project developers.  Use -Wno-dev to suppress it.
[10.214s] [0m
[10.278s] [33mCMake Warning (dev) at /opt/ros/humble/share/python_cmake_module/cmake/Modules/FindPythonExtra.cmake:140 (find_package):
[10.278s]   Policy CMP0148 is not set: The FindPythonInterp and FindPythonLibs modules
[10.278s]   are removed.  Run "cmake --help-policy CMP0148" for policy details.  Use
[10.279s]   the cmake_policy command to set the policy and suppress this warning.
[10.279s] 
[10.279s] Call Stack (most recent call first):
[10.279s]   /opt/ros/humble/share/rosidl_generator_py/cmake/rosidl_generator_py_generate_interfaces.cmake:23 (find_package)
[10.279s]   /opt/ros/humble/share/ament_cmake_core/cmake/core/ament_execute_extensions.cmake:48 (include)
[10.280s]   /opt/ros/humble/share/rosidl_cmake/cmake/rosidl_generate_interfaces.cmake:286 (ament_execute_extensions)
[10.280s]   CMakeLists.txt:13 (rosidl_generate_interfaces)
[10.280s] This warning is for project developers.  Use -Wno-dev to suppress it.
[10.280s] [0m
[10.314s] -- Found PythonLibs: /usr/lib/x86_64-linux-gnu/libpython3.10.so (found suitable version "3.10.12", minimum required is "3.5")
[10.315s] -- Using PYTHON_EXECUTABLE: /usr/bin/python3
[10.315s] -- Using PYTHON_INCLUDE_DIRS: /usr/include/python3.10
[10.315s] -- Using PYTHON_LIBRARIES: /usr/lib/x86_64-linux-gnu/libpython3.10.so
[10.383s] -- Found PythonExtra: .so
[10.884s] -- Found ament_lint_auto: 0.12.11 (/opt/ros/humble/share/ament_lint_auto/cmake)
[11.035s] -- Added test 'lint_cmake' to check CMake code style
[11.041s] -- Added test 'xmllint' to check XML markup files
[11.053s] -- Configuring done (10.9s)
[11.108s] -- Generating done (0.0s)
[11.113s] -- Build files have been written to: /home/albert/rad_ws/build/agbot_msgs
[11.132s] Invoked command in '/home/albert/rad_ws/build/agbot_msgs' returned '0': CMAKE_PREFIX_PATH=${CMAKE_PREFIX_PATH}:/home/albert/rad_ws/install/agbot_teleop:/home/albert/rad_ws/install/agbot_py:/home/albert/ws_moveit2/install/moveit_configs_utils:/home/albert/ws_moveit2/install/launch_param_builder:/home/albert/umov_ws/install/arduino_py_examples:/home/albert/udem2_ws/install/actions_py:/home/albert/udem2_ws/install/lifecycle_py:/home/albert/udem2_ws/install/executors_py:/home/albert/udem2_ws/install/components_py:/home/albert/udem_ws/install/turtlesim_catcher:/home/albert/udem_ws/install/my_py_pkg:/home/albert/udem_ws/install/lifecycle_py:/home/albert/bcdc_ws/install/agbot_teleop:/home/albert/bcdc_ws/install/agbot_py:/home/albert/arduinobot_ws/install/arduinobot_py_examples:/opt/ros/humble /home/albert/.local/bin/cmake /home/albert/rad_ws/src/agbot_msgs -DCMAKE_INSTALL_PREFIX=/home/albert/rad_ws/install/agbot_msgs
[11.135s] Invoking command in '/home/albert/rad_ws/build/agbot_msgs': CMAKE_PREFIX_PATH=${CMAKE_PREFIX_PATH}:/home/albert/rad_ws/install/agbot_teleop:/home/albert/rad_ws/install/agbot_py:/home/albert/ws_moveit2/install/moveit_configs_utils:/home/albert/ws_moveit2/install/launch_param_builder:/home/albert/umov_ws/install/arduino_py_examples:/home/albert/udem2_ws/install/actions_py:/home/albert/udem2_ws/install/lifecycle_py:/home/albert/udem2_ws/install/executors_py:/home/albert/udem2_ws/install/components_py:/home/albert/udem_ws/install/turtlesim_catcher:/home/albert/udem_ws/install/my_py_pkg:/home/albert/udem_ws/install/lifecycle_py:/home/albert/bcdc_ws/install/agbot_teleop:/home/albert/bcdc_ws/install/agbot_py:/home/albert/arduinobot_ws/install/arduinobot_py_examples:/opt/ros/humble /home/albert/.local/bin/cmake --build /home/albert/rad_ws/build/agbot_msgs -- -j8 -l8
[11.180s] [  3%] [34m[1mGenerating C code for ROS interfaces[0m
[11.199s] [  6%] [34m[1mGenerating C++ code for ROS interfaces[0m
[11.209s] [  6%] Built target ament_cmake_python_copy_agbot_msgs
[11.775s] running egg_info
[11.776s] creating agbot_msgs.egg-info
[11.776s] writing agbot_msgs.egg-info/PKG-INFO
[11.777s] writing dependency_links to agbot_msgs.egg-info/dependency_links.txt
[11.777s] writing top-level names to agbot_msgs.egg-info/top_level.txt
[11.778s] writing manifest file 'agbot_msgs.egg-info/SOURCES.txt'
[11.782s] reading manifest file 'agbot_msgs.egg-info/SOURCES.txt'
[11.783s] writing manifest file 'agbot_msgs.egg-info/SOURCES.txt'
[11.815s] [  6%] Built target ament_cmake_python_build_agbot_msgs_egg
[12.081s] [  6%] Built target agbot_msgs__cpp
[12.099s] [  9%] [34m[1mGenerating C++ introspection for ROS interfaces[0m
[12.100s] [ 12%] [34m[1mGenerating C++ type support dispatch for ROS interfaces[0m
[12.102s] [ 16%] [34m[1mGenerating C++ type support for eProsima Fast-RTPS[0m
[12.231s] [ 19%] [32mBuilding C object CMakeFiles/agbot_msgs__rosidl_generator_c.dir/rosidl_generator_c/agbot_msgs/action/detail/agbot_arm_task__functions.c.o[0m
[12.551s] [ 22%] [32m[1mLinking C shared library libagbot_msgs__rosidl_generator_c.so[0m
[12.626s] [ 22%] Built target agbot_msgs__rosidl_generator_c
[12.648s] [ 25%] [34m[1mGenerating C introspection for ROS interfaces[0m
[12.651s] [ 29%] [34m[1mGenerating C type support dispatch for ROS interfaces[0m
[12.657s] [ 32%] [34m[1mGenerating C type support for eProsima Fast-RTPS[0m
[12.701s] [ 35%] [32mBuilding CXX object CMakeFiles/agbot_msgs__rosidl_typesupport_cpp.dir/rosidl_typesupport_cpp/agbot_msgs/action/agbot_arm_task__type_support.cpp.o[0m
[13.023s] [ 38%] [32mBuilding CXX object CMakeFiles/agbot_msgs__rosidl_typesupport_fastrtps_cpp.dir/rosidl_typesupport_fastrtps_cpp/agbot_msgs/action/detail/dds_fastrtps/agbot_arm_task__type_support.cpp.o[0m
[13.242s] [ 41%] [32mBuilding CXX object CMakeFiles/agbot_msgs__rosidl_typesupport_introspection_cpp.dir/rosidl_typesupport_introspection_cpp/agbot_msgs/action/detail/agbot_arm_task__type_support.cpp.o[0m
[13.805s] [ 45%] [32mBuilding CXX object CMakeFiles/agbot_msgs__rosidl_typesupport_c.dir/rosidl_typesupport_c/agbot_msgs/action/agbot_arm_task__type_support.cpp.o[0m
[13.918s] [ 48%] [32mBuilding C object CMakeFiles/agbot_msgs__rosidl_typesupport_introspection_c.dir/rosidl_typesupport_introspection_c/agbot_msgs/action/detail/agbot_arm_task__type_support.c.o[0m
[13.948s] [ 51%] [32m[1mLinking CXX shared library libagbot_msgs__rosidl_typesupport_c.so[0m
[13.996s] [ 54%] [32m[1mLinking CXX shared library libagbot_msgs__rosidl_typesupport_cpp.so[0m
[14.013s] [ 58%] [32mBuilding CXX object CMakeFiles/agbot_msgs__rosidl_typesupport_fastrtps_c.dir/rosidl_typesupport_fastrtps_c/agbot_msgs/action/detail/agbot_arm_task__type_support_c.cpp.o[0m
[14.072s] [ 58%] Built target agbot_msgs__rosidl_typesupport_c
[14.094s] [ 61%] [32m[1mLinking C shared library libagbot_msgs__rosidl_typesupport_introspection_c.so[0m
[14.126s] [ 61%] Built target agbot_msgs__rosidl_typesupport_cpp
[14.162s] [ 61%] Built target agbot_msgs__rosidl_typesupport_introspection_c
[14.432s] [ 64%] [32m[1mLinking CXX shared library libagbot_msgs__rosidl_typesupport_fastrtps_cpp.so[0m
[14.613s] [ 64%] Built target agbot_msgs__rosidl_typesupport_fastrtps_cpp
[14.726s] [ 67%] [32m[1mLinking CXX shared library libagbot_msgs__rosidl_typesupport_introspection_cpp.so[0m
[14.780s] [ 70%] [32m[1mLinking CXX shared library libagbot_msgs__rosidl_typesupport_fastrtps_c.so[0m
[14.893s] [ 70%] Built target agbot_msgs__rosidl_typesupport_introspection_cpp
[14.908s] [ 70%] Built target agbot_msgs__rosidl_typesupport_fastrtps_c
[14.937s] [ 70%] Built target agbot_msgs
[14.967s] [ 74%] [34m[1mGenerating Python code for ROS interfaces[0m
[16.509s] [ 74%] Built target agbot_msgs__py
[16.537s] [ 77%] [32mBuilding C object CMakeFiles/agbot_msgs__rosidl_generator_py.dir/rosidl_generator_py/agbot_msgs/action/_agbot_arm_task_s.c.o[0m
[16.750s] [ 80%] [32m[1mLinking C shared library rosidl_generator_py/agbot_msgs/libagbot_msgs__rosidl_generator_py.so[0m
[16.812s] [ 80%] Built target agbot_msgs__rosidl_generator_py
[16.842s] [ 83%] [32mBuilding C object CMakeFiles/agbot_msgs__rosidl_typesupport_introspection_c__pyext.dir/rosidl_generator_py/agbot_msgs/_agbot_msgs_s.ep.rosidl_typesupport_introspection_c.c.o[0m
[16.845s] [ 87%] [32mBuilding C object CMakeFiles/agbot_msgs__rosidl_typesupport_fastrtps_c__pyext.dir/rosidl_generator_py/agbot_msgs/_agbot_msgs_s.ep.rosidl_typesupport_fastrtps_c.c.o[0m
[16.846s] [ 90%] [32mBuilding C object CMakeFiles/agbot_msgs__rosidl_typesupport_c__pyext.dir/rosidl_generator_py/agbot_msgs/_agbot_msgs_s.ep.rosidl_typesupport_c.c.o[0m
[17.061s] [ 93%] [32m[1mLinking C shared library rosidl_generator_py/agbot_msgs/agbot_msgs_s__rosidl_typesupport_c.cpython-310-x86_64-linux-gnu.so[0m
[17.061s] [ 96%] [32m[1mLinking C shared library rosidl_generator_py/agbot_msgs/agbot_msgs_s__rosidl_typesupport_fastrtps_c.cpython-310-x86_64-linux-gnu.so[0m
[17.103s] [100%] [32m[1mLinking C shared library rosidl_generator_py/agbot_msgs/agbot_msgs_s__rosidl_typesupport_introspection_c.cpython-310-x86_64-linux-gnu.so[0m
[17.125s] [100%] Built target agbot_msgs__rosidl_typesupport_fastrtps_c__pyext
[17.126s] [100%] Built target agbot_msgs__rosidl_typesupport_c__pyext
[17.164s] [100%] Built target agbot_msgs__rosidl_typesupport_introspection_c__pyext
[17.174s] Invoked command in '/home/albert/rad_ws/build/agbot_msgs' returned '0': CMAKE_PREFIX_PATH=${CMAKE_PREFIX_PATH}:/home/albert/rad_ws/install/agbot_teleop:/home/albert/rad_ws/install/agbot_py:/home/albert/ws_moveit2/install/moveit_configs_utils:/home/albert/ws_moveit2/install/launch_param_builder:/home/albert/umov_ws/install/arduino_py_examples:/home/albert/udem2_ws/install/actions_py:/home/albert/udem2_ws/install/lifecycle_py:/home/albert/udem2_ws/install/executors_py:/home/albert/udem2_ws/install/components_py:/home/albert/udem_ws/install/turtlesim_catcher:/home/albert/udem_ws/install/my_py_pkg:/home/albert/udem_ws/install/lifecycle_py:/home/albert/bcdc_ws/install/agbot_teleop:/home/albert/bcdc_ws/install/agbot_py:/home/albert/arduinobot_ws/install/arduinobot_py_examples:/opt/ros/humble /home/albert/.local/bin/cmake --build /home/albert/rad_ws/build/agbot_msgs -- -j8 -l8
[17.435s] Invoking command in '/home/albert/rad_ws/build/agbot_msgs': CMAKE_PREFIX_PATH=${CMAKE_PREFIX_PATH}:/home/albert/rad_ws/install/agbot_teleop:/home/albert/rad_ws/install/agbot_py:/home/albert/ws_moveit2/install/moveit_configs_utils:/home/albert/ws_moveit2/install/launch_param_builder:/home/albert/umov_ws/install/arduino_py_examples:/home/albert/udem2_ws/install/actions_py:/home/albert/udem2_ws/install/lifecycle_py:/home/albert/udem2_ws/install/executors_py:/home/albert/udem2_ws/install/components_py:/home/albert/udem_ws/install/turtlesim_catcher:/home/albert/udem_ws/install/my_py_pkg:/home/albert/udem_ws/install/lifecycle_py:/home/albert/bcdc_ws/install/agbot_teleop:/home/albert/bcdc_ws/install/agbot_py:/home/albert/arduinobot_ws/install/arduinobot_py_examples:/opt/ros/humble /home/albert/.local/bin/cmake --install /home/albert/rad_ws/build/agbot_msgs
[17.444s] -- Install configuration: ""
[17.444s] -- Installing: /home/albert/rad_ws/install/agbot_msgs/share/ament_index/resource_index/rosidl_interfaces/agbot_msgs
[17.444s] -- Installing: /home/albert/rad_ws/install/agbot_msgs/include/agbot_msgs/agbot_msgs
[17.445s] -- Installing: /home/albert/rad_ws/install/agbot_msgs/include/agbot_msgs/agbot_msgs/msg
[17.445s] -- Installing: /home/albert/rad_ws/install/agbot_msgs/include/agbot_msgs/agbot_msgs/msg/rosidl_generator_c__visibility_control.h
[17.445s] -- Installing: /home/albert/rad_ws/install/agbot_msgs/include/agbot_msgs/agbot_msgs/action
[17.445s] -- Installing: /home/albert/rad_ws/install/agbot_msgs/include/agbot_msgs/agbot_msgs/action/detail
[17.446s] -- Installing: /home/albert/rad_ws/install/agbot_msgs/include/agbot_msgs/agbot_msgs/action/detail/agbot_arm_task__struct.h
[17.446s] -- Installing: /home/albert/rad_ws/install/agbot_msgs/include/agbot_msgs/agbot_msgs/action/detail/agbot_arm_task__type_support.h
[17.446s] -- Installing: /home/albert/rad_ws/install/agbot_msgs/include/agbot_msgs/agbot_msgs/action/detail/agbot_arm_task__functions.c
[17.446s] -- Installing: /home/albert/rad_ws/install/agbot_msgs/include/agbot_msgs/agbot_msgs/action/detail/agbot_arm_task__functions.h
[17.446s] -- Installing: /home/albert/rad_ws/install/agbot_msgs/include/agbot_msgs/agbot_msgs/action/agbot_arm_task.h
[17.447s] -- Installing: /home/albert/rad_ws/install/agbot_msgs/share/agbot_msgs/environment/library_path.sh
[17.447s] -- Installing: /home/albert/rad_ws/install/agbot_msgs/share/agbot_msgs/environment/library_path.dsv
[17.447s] -- Installing: /home/albert/rad_ws/install/agbot_msgs/lib/libagbot_msgs__rosidl_generator_c.so
[17.447s] -- Set non-toolchain portion of runtime path of "/home/albert/rad_ws/install/agbot_msgs/lib/libagbot_msgs__rosidl_generator_c.so" to ""
[17.448s] -- Up-to-date: /home/albert/rad_ws/install/agbot_msgs/include/agbot_msgs/agbot_msgs
[17.448s] -- Up-to-date: /home/albert/rad_ws/install/agbot_msgs/include/agbot_msgs/agbot_msgs/msg
[17.448s] -- Installing: /home/albert/rad_ws/install/agbot_msgs/include/agbot_msgs/agbot_msgs/msg/rosidl_typesupport_fastrtps_c__visibility_control.h
[17.448s] -- Up-to-date: /home/albert/rad_ws/install/agbot_msgs/include/agbot_msgs/agbot_msgs/action
[17.448s] -- Up-to-date: /home/albert/rad_ws/install/agbot_msgs/include/agbot_msgs/agbot_msgs/action/detail
[17.448s] -- Installing: /home/albert/rad_ws/install/agbot_msgs/include/agbot_msgs/agbot_msgs/action/detail/agbot_arm_task__rosidl_typesupport_fastrtps_c.h
[17.449s] -- Installing: /home/albert/rad_ws/install/agbot_msgs/lib/libagbot_msgs__rosidl_typesupport_fastrtps_c.so
[17.449s] -- Set non-toolchain portion of runtime path of "/home/albert/rad_ws/install/agbot_msgs/lib/libagbot_msgs__rosidl_typesupport_fastrtps_c.so" to ""
[17.449s] -- Up-to-date: /home/albert/rad_ws/install/agbot_msgs/include/agbot_msgs/agbot_msgs
[17.449s] -- Up-to-date: /home/albert/rad_ws/install/agbot_msgs/include/agbot_msgs/agbot_msgs/action
[17.450s] -- Up-to-date: /home/albert/rad_ws/install/agbot_msgs/include/agbot_msgs/agbot_msgs/action/detail
[17.450s] -- Installing: /home/albert/rad_ws/install/agbot_msgs/include/agbot_msgs/agbot_msgs/action/detail/agbot_arm_task__traits.hpp
[17.451s] -- Installing: /home/albert/rad_ws/install/agbot_msgs/include/agbot_msgs/agbot_msgs/action/detail/agbot_arm_task__builder.hpp
[17.451s] -- Installing: /home/albert/rad_ws/install/agbot_msgs/include/agbot_msgs/agbot_msgs/action/detail/agbot_arm_task__struct.hpp
[17.451s] -- Installing: /home/albert/rad_ws/install/agbot_msgs/include/agbot_msgs/agbot_msgs/action/agbot_arm_task.hpp
[17.451s] -- Up-to-date: /home/albert/rad_ws/install/agbot_msgs/include/agbot_msgs/agbot_msgs
[17.451s] -- Up-to-date: /home/albert/rad_ws/install/agbot_msgs/include/agbot_msgs/agbot_msgs/msg
[17.451s] -- Installing: /home/albert/rad_ws/install/agbot_msgs/include/agbot_msgs/agbot_msgs/msg/rosidl_typesupport_fastrtps_cpp__visibility_control.h
[17.451s] -- Up-to-date: /home/albert/rad_ws/install/agbot_msgs/include/agbot_msgs/agbot_msgs/action
[17.452s] -- Up-to-date: /home/albert/rad_ws/install/agbot_msgs/include/agbot_msgs/agbot_msgs/action/detail
[17.452s] -- Installing: /home/albert/rad_ws/install/agbot_msgs/include/agbot_msgs/agbot_msgs/action/detail/agbot_arm_task__rosidl_typesupport_fastrtps_cpp.hpp
[17.452s] -- Installing: /home/albert/rad_ws/install/agbot_msgs/include/agbot_msgs/agbot_msgs/action/detail/dds_fastrtps
[17.452s] -- Installing: /home/albert/rad_ws/install/agbot_msgs/lib/libagbot_msgs__rosidl_typesupport_fastrtps_cpp.so
[17.453s] -- Set non-toolchain portion of runtime path of "/home/albert/rad_ws/install/agbot_msgs/lib/libagbot_msgs__rosidl_typesupport_fastrtps_cpp.so" to ""
[17.453s] -- Up-to-date: /home/albert/rad_ws/install/agbot_msgs/include/agbot_msgs/agbot_msgs
[17.453s] -- Up-to-date: /home/albert/rad_ws/install/agbot_msgs/include/agbot_msgs/agbot_msgs/msg
[17.453s] -- Installing: /home/albert/rad_ws/install/agbot_msgs/include/agbot_msgs/agbot_msgs/msg/rosidl_typesupport_introspection_c__visibility_control.h
[17.453s] -- Up-to-date: /home/albert/rad_ws/install/agbot_msgs/include/agbot_msgs/agbot_msgs/action
[17.454s] -- Up-to-date: /home/albert/rad_ws/install/agbot_msgs/include/agbot_msgs/agbot_msgs/action/detail
[17.454s] -- Installing: /home/albert/rad_ws/install/agbot_msgs/include/agbot_msgs/agbot_msgs/action/detail/agbot_arm_task__rosidl_typesupport_introspection_c.h
[17.454s] -- Installing: /home/albert/rad_ws/install/agbot_msgs/include/agbot_msgs/agbot_msgs/action/detail/agbot_arm_task__type_support.c
[17.454s] -- Installing: /home/albert/rad_ws/install/agbot_msgs/lib/libagbot_msgs__rosidl_typesupport_introspection_c.so
[17.454s] -- Set non-toolchain portion of runtime path of "/home/albert/rad_ws/install/agbot_msgs/lib/libagbot_msgs__rosidl_typesupport_introspection_c.so" to ""
[17.455s] -- Installing: /home/albert/rad_ws/install/agbot_msgs/lib/libagbot_msgs__rosidl_typesupport_c.so
[17.455s] -- Set non-toolchain portion of runtime path of "/home/albert/rad_ws/install/agbot_msgs/lib/libagbot_msgs__rosidl_typesupport_c.so" to ""
[17.455s] -- Up-to-date: /home/albert/rad_ws/install/agbot_msgs/include/agbot_msgs/agbot_msgs
[17.455s] -- Up-to-date: /home/albert/rad_ws/install/agbot_msgs/include/agbot_msgs/agbot_msgs/action
[17.455s] -- Up-to-date: /home/albert/rad_ws/install/agbot_msgs/include/agbot_msgs/agbot_msgs/action/detail
[17.456s] -- Installing: /home/albert/rad_ws/install/agbot_msgs/include/agbot_msgs/agbot_msgs/action/detail/agbot_arm_task__rosidl_typesupport_introspection_cpp.hpp
[17.456s] -- Installing: /home/albert/rad_ws/install/agbot_msgs/include/agbot_msgs/agbot_msgs/action/detail/agbot_arm_task__type_support.cpp
[17.456s] -- Installing: /home/albert/rad_ws/install/agbot_msgs/lib/libagbot_msgs__rosidl_typesupport_introspection_cpp.so
[17.457s] -- Set non-toolchain portion of runtime path of "/home/albert/rad_ws/install/agbot_msgs/lib/libagbot_msgs__rosidl_typesupport_introspection_cpp.so" to ""
[17.458s] -- Installing: /home/albert/rad_ws/install/agbot_msgs/lib/libagbot_msgs__rosidl_typesupport_cpp.so
[17.459s] -- Set non-toolchain portion of runtime path of "/home/albert/rad_ws/install/agbot_msgs/lib/libagbot_msgs__rosidl_typesupport_cpp.so" to ""
[17.460s] -- Installing: /home/albert/rad_ws/install/agbot_msgs/share/agbot_msgs/environment/pythonpath.sh
[17.461s] -- Installing: /home/albert/rad_ws/install/agbot_msgs/share/agbot_msgs/environment/pythonpath.dsv
[17.461s] -- Installing: /home/albert/rad_ws/install/agbot_msgs/local/lib/python3.10/dist-packages/agbot_msgs-0.0.0-py3.10.egg-info
[17.462s] -- Installing: /home/albert/rad_ws/install/agbot_msgs/local/lib/python3.10/dist-packages/agbot_msgs-0.0.0-py3.10.egg-info/SOURCES.txt
[17.462s] -- Installing: /home/albert/rad_ws/install/agbot_msgs/local/lib/python3.10/dist-packages/agbot_msgs-0.0.0-py3.10.egg-info/top_level.txt
[17.462s] -- Installing: /home/albert/rad_ws/install/agbot_msgs/local/lib/python3.10/dist-packages/agbot_msgs-0.0.0-py3.10.egg-info/PKG-INFO
[17.462s] -- Installing: /home/albert/rad_ws/install/agbot_msgs/local/lib/python3.10/dist-packages/agbot_msgs-0.0.0-py3.10.egg-info/dependency_links.txt
[17.462s] -- Installing: /home/albert/rad_ws/install/agbot_msgs/local/lib/python3.10/dist-packages/agbot_msgs
[17.462s] -- Installing: /home/albert/rad_ws/install/agbot_msgs/local/lib/python3.10/dist-packages/agbot_msgs/__init__.py
[17.462s] -- Installing: /home/albert/rad_ws/install/agbot_msgs/local/lib/python3.10/dist-packages/agbot_msgs/action
[17.463s] -- Installing: /home/albert/rad_ws/install/agbot_msgs/local/lib/python3.10/dist-packages/agbot_msgs/action/__init__.py
[17.463s] -- Installing: /home/albert/rad_ws/install/agbot_msgs/local/lib/python3.10/dist-packages/agbot_msgs/action/_agbot_arm_task.py
[17.463s] -- Installing: /home/albert/rad_ws/install/agbot_msgs/local/lib/python3.10/dist-packages/agbot_msgs/action/_agbot_arm_task_s.c
[17.463s] -- Installing: /home/albert/rad_ws/install/agbot_msgs/local/lib/python3.10/dist-packages/agbot_msgs/_agbot_msgs_s.ep.rosidl_typesupport_introspection_c.c
[17.463s] -- Installing: /home/albert/rad_ws/install/agbot_msgs/local/lib/python3.10/dist-packages/agbot_msgs/agbot_msgs_s__rosidl_typesupport_introspection_c.cpython-310-x86_64-linux-gnu.so
[17.463s] -- Installing: /home/albert/rad_ws/install/agbot_msgs/local/lib/python3.10/dist-packages/agbot_msgs/agbot_msgs_s__rosidl_typesupport_fastrtps_c.cpython-310-x86_64-linux-gnu.so
[17.464s] -- Installing: /home/albert/rad_ws/install/agbot_msgs/local/lib/python3.10/dist-packages/agbot_msgs/agbot_msgs_s__rosidl_typesupport_c.cpython-310-x86_64-linux-gnu.so
[17.464s] -- Installing: /home/albert/rad_ws/install/agbot_msgs/local/lib/python3.10/dist-packages/agbot_msgs/_agbot_msgs_s.ep.rosidl_typesupport_fastrtps_c.c
[17.464s] -- Installing: /home/albert/rad_ws/install/agbot_msgs/local/lib/python3.10/dist-packages/agbot_msgs/_agbot_msgs_s.ep.rosidl_typesupport_c.c
[17.464s] -- Installing: /home/albert/rad_ws/install/agbot_msgs/local/lib/python3.10/dist-packages/agbot_msgs/libagbot_msgs__rosidl_generator_py.so
[17.559s] Listing '/home/albert/rad_ws/install/agbot_msgs/local/lib/python3.10/dist-packages/agbot_msgs'...
[17.559s] Compiling '/home/albert/rad_ws/install/agbot_msgs/local/lib/python3.10/dist-packages/agbot_msgs/__init__.py'...
[17.559s] Listing '/home/albert/rad_ws/install/agbot_msgs/local/lib/python3.10/dist-packages/agbot_msgs/action'...
[17.560s] Compiling '/home/albert/rad_ws/install/agbot_msgs/local/lib/python3.10/dist-packages/agbot_msgs/action/__init__.py'...
[17.560s] Compiling '/home/albert/rad_ws/install/agbot_msgs/local/lib/python3.10/dist-packages/agbot_msgs/action/_agbot_arm_task.py'...
[17.567s] -- Installing: /home/albert/rad_ws/install/agbot_msgs/local/lib/python3.10/dist-packages/agbot_msgs/agbot_msgs_s__rosidl_typesupport_fastrtps_c.cpython-310-x86_64-linux-gnu.so
[17.568s] -- Set non-toolchain portion of runtime path of "/home/albert/rad_ws/install/agbot_msgs/local/lib/python3.10/dist-packages/agbot_msgs/agbot_msgs_s__rosidl_typesupport_fastrtps_c.cpython-310-x86_64-linux-gnu.so" to ""
[17.568s] -- Installing: /home/albert/rad_ws/install/agbot_msgs/local/lib/python3.10/dist-packages/agbot_msgs/agbot_msgs_s__rosidl_typesupport_introspection_c.cpython-310-x86_64-linux-gnu.so
[17.569s] -- Set non-toolchain portion of runtime path of "/home/albert/rad_ws/install/agbot_msgs/local/lib/python3.10/dist-packages/agbot_msgs/agbot_msgs_s__rosidl_typesupport_introspection_c.cpython-310-x86_64-linux-gnu.so" to ""
[17.570s] -- Installing: /home/albert/rad_ws/install/agbot_msgs/local/lib/python3.10/dist-packages/agbot_msgs/agbot_msgs_s__rosidl_typesupport_c.cpython-310-x86_64-linux-gnu.so
[17.570s] -- Set non-toolchain portion of runtime path of "/home/albert/rad_ws/install/agbot_msgs/local/lib/python3.10/dist-packages/agbot_msgs/agbot_msgs_s__rosidl_typesupport_c.cpython-310-x86_64-linux-gnu.so" to ""
[17.570s] -- Installing: /home/albert/rad_ws/install/agbot_msgs/lib/libagbot_msgs__rosidl_generator_py.so
[17.571s] -- Set non-toolchain portion of runtime path of "/home/albert/rad_ws/install/agbot_msgs/lib/libagbot_msgs__rosidl_generator_py.so" to ""
[17.571s] -- Installing: /home/albert/rad_ws/install/agbot_msgs/share/agbot_msgs/action/AgbotArmTask.idl
[17.571s] -- Installing: /home/albert/rad_ws/install/agbot_msgs/share/agbot_msgs/action/AgbotArmTask.action
[17.572s] -- Installing: /home/albert/rad_ws/install/agbot_msgs/share/ament_index/resource_index/package_run_dependencies/agbot_msgs
[17.572s] -- Installing: /home/albert/rad_ws/install/agbot_msgs/share/ament_index/resource_index/parent_prefix_path/agbot_msgs
[17.572s] -- Installing: /home/albert/rad_ws/install/agbot_msgs/share/agbot_msgs/environment/ament_prefix_path.sh
[17.572s] -- Installing: /home/albert/rad_ws/install/agbot_msgs/share/agbot_msgs/environment/ament_prefix_path.dsv
[17.572s] -- Installing: /home/albert/rad_ws/install/agbot_msgs/share/agbot_msgs/environment/path.sh
[17.573s] -- Installing: /home/albert/rad_ws/install/agbot_msgs/share/agbot_msgs/environment/path.dsv
[17.573s] -- Installing: /home/albert/rad_ws/install/agbot_msgs/share/agbot_msgs/local_setup.bash
[17.573s] -- Installing: /home/albert/rad_ws/install/agbot_msgs/share/agbot_msgs/local_setup.sh
[17.574s] -- Installing: /home/albert/rad_ws/install/agbot_msgs/share/agbot_msgs/local_setup.zsh
[17.574s] -- Installing: /home/albert/rad_ws/install/agbot_msgs/share/agbot_msgs/local_setup.dsv
[17.574s] -- Installing: /home/albert/rad_ws/install/agbot_msgs/share/agbot_msgs/package.dsv
[17.574s] -- Installing: /home/albert/rad_ws/install/agbot_msgs/share/ament_index/resource_index/packages/agbot_msgs
[17.574s] -- Installing: /home/albert/rad_ws/install/agbot_msgs/share/agbot_msgs/cmake/export_agbot_msgs__rosidl_generator_cExport.cmake
[17.575s] -- Installing: /home/albert/rad_ws/install/agbot_msgs/share/agbot_msgs/cmake/export_agbot_msgs__rosidl_generator_cExport-noconfig.cmake
[17.575s] -- Installing: /home/albert/rad_ws/install/agbot_msgs/share/agbot_msgs/cmake/export_agbot_msgs__rosidl_typesupport_fastrtps_cExport.cmake
[17.575s] -- Installing: /home/albert/rad_ws/install/agbot_msgs/share/agbot_msgs/cmake/export_agbot_msgs__rosidl_typesupport_fastrtps_cExport-noconfig.cmake
[17.575s] -- Installing: /home/albert/rad_ws/install/agbot_msgs/share/agbot_msgs/cmake/export_agbot_msgs__rosidl_generator_cppExport.cmake
[17.575s] -- Installing: /home/albert/rad_ws/install/agbot_msgs/share/agbot_msgs/cmake/export_agbot_msgs__rosidl_typesupport_fastrtps_cppExport.cmake
[17.576s] -- Installing: /home/albert/rad_ws/install/agbot_msgs/share/agbot_msgs/cmake/export_agbot_msgs__rosidl_typesupport_fastrtps_cppExport-noconfig.cmake
[17.576s] -- Installing: /home/albert/rad_ws/install/agbot_msgs/share/agbot_msgs/cmake/agbot_msgs__rosidl_typesupport_introspection_cExport.cmake
[17.576s] -- Installing: /home/albert/rad_ws/install/agbot_msgs/share/agbot_msgs/cmake/agbot_msgs__rosidl_typesupport_introspection_cExport-noconfig.cmake
[17.577s] -- Installing: /home/albert/rad_ws/install/agbot_msgs/share/agbot_msgs/cmake/agbot_msgs__rosidl_typesupport_cExport.cmake
[17.577s] -- Installing: /home/albert/rad_ws/install/agbot_msgs/share/agbot_msgs/cmake/agbot_msgs__rosidl_typesupport_cExport-noconfig.cmake
[17.577s] -- Installing: /home/albert/rad_ws/install/agbot_msgs/share/agbot_msgs/cmake/agbot_msgs__rosidl_typesupport_introspection_cppExport.cmake
[17.577s] -- Installing: /home/albert/rad_ws/install/agbot_msgs/share/agbot_msgs/cmake/agbot_msgs__rosidl_typesupport_introspection_cppExport-noconfig.cmake
[17.577s] -- Installing: /home/albert/rad_ws/install/agbot_msgs/share/agbot_msgs/cmake/agbot_msgs__rosidl_typesupport_cppExport.cmake
[17.578s] -- Installing: /home/albert/rad_ws/install/agbot_msgs/share/agbot_msgs/cmake/agbot_msgs__rosidl_typesupport_cppExport-noconfig.cmake
[17.578s] -- Installing: /home/albert/rad_ws/install/agbot_msgs/share/agbot_msgs/cmake/export_agbot_msgs__rosidl_generator_pyExport.cmake
[17.578s] -- Installing: /home/albert/rad_ws/install/agbot_msgs/share/agbot_msgs/cmake/export_agbot_msgs__rosidl_generator_pyExport-noconfig.cmake
[17.578s] -- Installing: /home/albert/rad_ws/install/agbot_msgs/share/agbot_msgs/cmake/rosidl_cmake-extras.cmake
[17.578s] -- Installing: /home/albert/rad_ws/install/agbot_msgs/share/agbot_msgs/cmake/ament_cmake_export_dependencies-extras.cmake
[17.579s] -- Installing: /home/albert/rad_ws/install/agbot_msgs/share/agbot_msgs/cmake/ament_cmake_export_include_directories-extras.cmake
[17.579s] -- Installing: /home/albert/rad_ws/install/agbot_msgs/share/agbot_msgs/cmake/ament_cmake_export_libraries-extras.cmake
[17.579s] -- Installing: /home/albert/rad_ws/install/agbot_msgs/share/agbot_msgs/cmake/ament_cmake_export_targets-extras.cmake
[17.579s] -- Installing: /home/albert/rad_ws/install/agbot_msgs/share/agbot_msgs/cmake/rosidl_cmake_export_typesupport_targets-extras.cmake
[17.580s] -- Installing: /home/albert/rad_ws/install/agbot_msgs/share/agbot_msgs/cmake/rosidl_cmake_export_typesupport_libraries-extras.cmake
[17.580s] -- Installing: /home/albert/rad_ws/install/agbot_msgs/share/agbot_msgs/cmake/agbot_msgsConfig.cmake
[17.580s] -- Installing: /home/albert/rad_ws/install/agbot_msgs/share/agbot_msgs/cmake/agbot_msgsConfig-version.cmake
[17.580s] -- Installing: /home/albert/rad_ws/install/agbot_msgs/share/agbot_msgs/package.xml
[17.583s] Invoked command in '/home/albert/rad_ws/build/agbot_msgs' returned '0': CMAKE_PREFIX_PATH=${CMAKE_PREFIX_PATH}:/home/albert/rad_ws/install/agbot_teleop:/home/albert/rad_ws/install/agbot_py:/home/albert/ws_moveit2/install/moveit_configs_utils:/home/albert/ws_moveit2/install/launch_param_builder:/home/albert/umov_ws/install/arduino_py_examples:/home/albert/udem2_ws/install/actions_py:/home/albert/udem2_ws/install/lifecycle_py:/home/albert/udem2_ws/install/executors_py:/home/albert/udem2_ws/install/components_py:/home/albert/udem_ws/install/turtlesim_catcher:/home/albert/udem_ws/install/my_py_pkg:/home/albert/udem_ws/install/lifecycle_py:/home/albert/bcdc_ws/install/agbot_teleop:/home/albert/bcdc_ws/install/agbot_py:/home/albert/arduinobot_ws/install/arduinobot_py_examples:/opt/ros/humble /home/albert/.local/bin/cmake --install /home/albert/rad_ws/build/agbot_msgs
