[3.522s] Invoking command in '/home/albert/rad_ws/src/agbot_py': PYTHONPATH=/home/albert/rad_ws/build/agbot_py/prefix_override:/usr/lib/python3/dist-packages/colcon_core/task/python/colcon_distutils_commands:/home/albert/rad_ws/install/agbot_py/lib/python3.10/site-packages:${PYTHONPATH} /usr/bin/python3 -W ignore:setup.py install is deprecated setup.py egg_info --egg-base ../../build/agbot_py build --build-base /home/albert/rad_ws/build/agbot_py/build install --record /home/albert/rad_ws/build/agbot_py/install.log --single-version-externally-managed install_data
[4.663s] running egg_info
[4.665s] creating ../../build/agbot_py/agbot_py.egg-info
[4.666s] writing ../../build/agbot_py/agbot_py.egg-info/PKG-INFO
[4.666s] writing dependency_links to ../../build/agbot_py/agbot_py.egg-info/dependency_links.txt
[4.666s] writing entry points to ../../build/agbot_py/agbot_py.egg-info/entry_points.txt
[4.666s] writing requirements to ../../build/agbot_py/agbot_py.egg-info/requires.txt
[4.667s] writing top-level names to ../../build/agbot_py/agbot_py.egg-info/top_level.txt
[4.667s] writing manifest file '../../build/agbot_py/agbot_py.egg-info/SOURCES.txt'
[4.672s] reading manifest file '../../build/agbot_py/agbot_py.egg-info/SOURCES.txt'
[4.674s] writing manifest file '../../build/agbot_py/agbot_py.egg-info/SOURCES.txt'
[4.674s] running build
[4.675s] running build_py
[4.675s] creating /home/albert/rad_ws/build/agbot_py/build
[4.675s] creating /home/albert/rad_ws/build/agbot_py/build/lib
[4.675s] creating /home/albert/rad_ws/build/agbot_py/build/lib/agbot_py
[4.675s] copying agbot_py/__init__.py -> /home/albert/rad_ws/build/agbot_py/build/lib/agbot_py
[4.678s] running install
[4.679s] running install_lib
[4.679s] creating /home/albert/rad_ws/install/agbot_py/lib/python3.10/site-packages/agbot_py
[4.680s] copying /home/albert/rad_ws/build/agbot_py/build/lib/agbot_py/__init__.py -> /home/albert/rad_ws/install/agbot_py/lib/python3.10/site-packages/agbot_py
[4.680s] byte-compiling /home/albert/rad_ws/install/agbot_py/lib/python3.10/site-packages/agbot_py/__init__.py to __init__.cpython-310.pyc
[4.680s] running install_data
[4.680s] creating /home/albert/rad_ws/install/agbot_py/share/ament_index
[4.681s] creating /home/albert/rad_ws/install/agbot_py/share/ament_index/resource_index
[4.683s] creating /home/albert/rad_ws/install/agbot_py/share/ament_index/resource_index/packages
[4.683s] copying resource/agbot_py -> /home/albert/rad_ws/install/agbot_py/share/ament_index/resource_index/packages
[4.683s] copying package.xml -> /home/albert/rad_ws/install/agbot_py/share/agbot_py
[4.683s] running install_egg_info
[4.685s] Copying ../../build/agbot_py/agbot_py.egg-info to /home/albert/rad_ws/install/agbot_py/lib/python3.10/site-packages/agbot_py-0.0.0-py3.10.egg-info
[4.687s] running install_scripts
[4.750s] writing list of installed files to '/home/albert/rad_ws/build/agbot_py/install.log'
[4.815s] Invoked command in '/home/albert/rad_ws/src/agbot_py' returned '0': PYTHONPATH=/home/albert/rad_ws/build/agbot_py/prefix_override:/usr/lib/python3/dist-packages/colcon_core/task/python/colcon_distutils_commands:/home/albert/rad_ws/install/agbot_py/lib/python3.10/site-packages:${PYTHONPATH} /usr/bin/python3 -W ignore:setup.py install is deprecated setup.py egg_info --egg-base ../../build/agbot_py build --build-base /home/albert/rad_ws/build/agbot_py/build install --record /home/albert/rad_ws/build/agbot_py/install.log --single-version-externally-managed install_data
