[0.056s] Invoking command in '/home/albert/rad_ws/build/agbot_full_cartogropher': CMAKE_PREFIX_PATH=${CMAKE_PREFIX_PATH}:/home/albert/ws_moveit2/install/moveit_configs_utils:/home/albert/ws_moveit2/install/launch_param_builder:/home/albert/umov_ws/install/arduino_py_examples:/home/albert/udem2_ws/install/actions_py:/home/albert/udem2_ws/install/lifecycle_py:/home/albert/udem2_ws/install/executors_py:/home/albert/udem2_ws/install/components_py:/home/albert/udem_ws/install/turtlesim_catcher:/home/albert/udem_ws/install/my_py_pkg:/home/albert/udem_ws/install/lifecycle_py:/home/albert/bcdc_ws/install/agbot_teleop:/home/albert/bcdc_ws/install/agbot_py:/home/albert/arduinobot_ws/install/arduinobot_py_examples:/opt/ros/humble /home/albert/.local/bin/cmake /home/albert/rad_ws/src/agbot_full_cartogropher -DCMAKE_INSTALL_PREFIX=/home/albert/rad_ws/install/agbot_full_cartogropher
[0.147s] -- The C compiler identification is GNU 11.4.0
[0.227s] -- The CXX compiler identification is GNU 11.4.0
[0.243s] -- Detecting C compiler ABI info
[0.335s] -- Detecting C compiler ABI info - done
[0.363s] -- Check for working C compiler: /usr/bin/cc - skipped
[0.363s] -- Detecting C compile features
[0.363s] -- Detecting C compile features - done
[0.369s] -- Detecting CXX compiler ABI info
[0.499s] -- Detecting CXX compiler ABI info - done
[0.529s] -- Check for working CXX compiler: /usr/bin/c++ - skipped
[0.529s] -- Detecting CXX compile features
[0.530s] -- Detecting CXX compile features - done
[0.553s] -- Found ament_cmake: 1.3.10 (/opt/ros/humble/share/ament_cmake/cmake)
[0.785s] -- Found Python3: /usr/bin/python3 (found version "3.10.12") found components: Interpreter
[1.054s] -- Found ament_lint_auto: 0.12.11 (/opt/ros/humble/share/ament_lint_auto/cmake)
[1.219s] -- Added test 'lint_cmake' to check CMake code style
[1.223s] -- Added test 'xmllint' to check XML markup files
[1.229s] -- Configuring done (1.2s)
[1.232s] -- Generating done (0.0s)
[1.233s] -- Build files have been written to: /home/albert/rad_ws/build/agbot_full_cartogropher
[1.238s] Invoked command in '/home/albert/rad_ws/build/agbot_full_cartogropher' returned '0': CMAKE_PREFIX_PATH=${CMAKE_PREFIX_PATH}:/home/albert/ws_moveit2/install/moveit_configs_utils:/home/albert/ws_moveit2/install/launch_param_builder:/home/albert/umov_ws/install/arduino_py_examples:/home/albert/udem2_ws/install/actions_py:/home/albert/udem2_ws/install/lifecycle_py:/home/albert/udem2_ws/install/executors_py:/home/albert/udem2_ws/install/components_py:/home/albert/udem_ws/install/turtlesim_catcher:/home/albert/udem_ws/install/my_py_pkg:/home/albert/udem_ws/install/lifecycle_py:/home/albert/bcdc_ws/install/agbot_teleop:/home/albert/bcdc_ws/install/agbot_py:/home/albert/arduinobot_ws/install/arduinobot_py_examples:/opt/ros/humble /home/albert/.local/bin/cmake /home/albert/rad_ws/src/agbot_full_cartogropher -DCMAKE_INSTALL_PREFIX=/home/albert/rad_ws/install/agbot_full_cartogropher
[1.240s] Invoking command in '/home/albert/rad_ws/build/agbot_full_cartogropher': CMAKE_PREFIX_PATH=${CMAKE_PREFIX_PATH}:/home/albert/ws_moveit2/install/moveit_configs_utils:/home/albert/ws_moveit2/install/launch_param_builder:/home/albert/umov_ws/install/arduino_py_examples:/home/albert/udem2_ws/install/actions_py:/home/albert/udem2_ws/install/lifecycle_py:/home/albert/udem2_ws/install/executors_py:/home/albert/udem2_ws/install/components_py:/home/albert/udem_ws/install/turtlesim_catcher:/home/albert/udem_ws/install/my_py_pkg:/home/albert/udem_ws/install/lifecycle_py:/home/albert/bcdc_ws/install/agbot_teleop:/home/albert/bcdc_ws/install/agbot_py:/home/albert/arduinobot_ws/install/arduinobot_py_examples:/opt/ros/humble /home/albert/.local/bin/cmake --build /home/albert/rad_ws/build/agbot_full_cartogropher -- -j8 -l8
[1.263s] Invoked command in '/home/albert/rad_ws/build/agbot_full_cartogropher' returned '0': CMAKE_PREFIX_PATH=${CMAKE_PREFIX_PATH}:/home/albert/ws_moveit2/install/moveit_configs_utils:/home/albert/ws_moveit2/install/launch_param_builder:/home/albert/umov_ws/install/arduino_py_examples:/home/albert/udem2_ws/install/actions_py:/home/albert/udem2_ws/install/lifecycle_py:/home/albert/udem2_ws/install/executors_py:/home/albert/udem2_ws/install/components_py:/home/albert/udem_ws/install/turtlesim_catcher:/home/albert/udem_ws/install/my_py_pkg:/home/albert/udem_ws/install/lifecycle_py:/home/albert/bcdc_ws/install/agbot_teleop:/home/albert/bcdc_ws/install/agbot_py:/home/albert/arduinobot_ws/install/arduinobot_py_examples:/opt/ros/humble /home/albert/.local/bin/cmake --build /home/albert/rad_ws/build/agbot_full_cartogropher -- -j8 -l8
[1.302s] Invoking command in '/home/albert/rad_ws/build/agbot_full_cartogropher': CMAKE_PREFIX_PATH=${CMAKE_PREFIX_PATH}:/home/albert/ws_moveit2/install/moveit_configs_utils:/home/albert/ws_moveit2/install/launch_param_builder:/home/albert/umov_ws/install/arduino_py_examples:/home/albert/udem2_ws/install/actions_py:/home/albert/udem2_ws/install/lifecycle_py:/home/albert/udem2_ws/install/executors_py:/home/albert/udem2_ws/install/components_py:/home/albert/udem_ws/install/turtlesim_catcher:/home/albert/udem_ws/install/my_py_pkg:/home/albert/udem_ws/install/lifecycle_py:/home/albert/bcdc_ws/install/agbot_teleop:/home/albert/bcdc_ws/install/agbot_py:/home/albert/arduinobot_ws/install/arduinobot_py_examples:/opt/ros/humble /home/albert/.local/bin/cmake --install /home/albert/rad_ws/build/agbot_full_cartogropher
[1.305s] -- Install configuration: ""
[1.305s] -- Installing: /home/albert/rad_ws/install/agbot_full_cartogropher/share/ament_index/resource_index/package_run_dependencies/agbot_full_cartogropher
[1.305s] -- Installing: /home/albert/rad_ws/install/agbot_full_cartogropher/share/ament_index/resource_index/parent_prefix_path/agbot_full_cartogropher
[1.305s] -- Installing: /home/albert/rad_ws/install/agbot_full_cartogropher/share/agbot_full_cartogropher/environment/ament_prefix_path.sh
[1.306s] -- Installing: /home/albert/rad_ws/install/agbot_full_cartogropher/share/agbot_full_cartogropher/environment/ament_prefix_path.dsv
[1.306s] -- Installing: /home/albert/rad_ws/install/agbot_full_cartogropher/share/agbot_full_cartogropher/environment/path.sh
[1.306s] -- Installing: /home/albert/rad_ws/install/agbot_full_cartogropher/share/agbot_full_cartogropher/environment/path.dsv
[1.306s] -- Installing: /home/albert/rad_ws/install/agbot_full_cartogropher/share/agbot_full_cartogropher/local_setup.bash
[1.306s] -- Installing: /home/albert/rad_ws/install/agbot_full_cartogropher/share/agbot_full_cartogropher/local_setup.sh
[1.306s] -- Installing: /home/albert/rad_ws/install/agbot_full_cartogropher/share/agbot_full_cartogropher/local_setup.zsh
[1.306s] -- Installing: /home/albert/rad_ws/install/agbot_full_cartogropher/share/agbot_full_cartogropher/local_setup.dsv
[1.306s] -- Installing: /home/albert/rad_ws/install/agbot_full_cartogropher/share/agbot_full_cartogropher/package.dsv
[1.307s] -- Installing: /home/albert/rad_ws/install/agbot_full_cartogropher/share/ament_index/resource_index/packages/agbot_full_cartogropher
[1.307s] -- Installing: /home/albert/rad_ws/install/agbot_full_cartogropher/share/agbot_full_cartogropher/cmake/agbot_full_cartogropherConfig.cmake
[1.307s] -- Installing: /home/albert/rad_ws/install/agbot_full_cartogropher/share/agbot_full_cartogropher/cmake/agbot_full_cartogropherConfig-version.cmake
[1.307s] -- Installing: /home/albert/rad_ws/install/agbot_full_cartogropher/share/agbot_full_cartogropher/package.xml
[1.308s] Invoked command in '/home/albert/rad_ws/build/agbot_full_cartogropher' returned '0': CMAKE_PREFIX_PATH=${CMAKE_PREFIX_PATH}:/home/albert/ws_moveit2/install/moveit_configs_utils:/home/albert/ws_moveit2/install/launch_param_builder:/home/albert/umov_ws/install/arduino_py_examples:/home/albert/udem2_ws/install/actions_py:/home/albert/udem2_ws/install/lifecycle_py:/home/albert/udem2_ws/install/executors_py:/home/albert/udem2_ws/install/components_py:/home/albert/udem_ws/install/turtlesim_catcher:/home/albert/udem_ws/install/my_py_pkg:/home/albert/udem_ws/install/lifecycle_py:/home/albert/bcdc_ws/install/agbot_teleop:/home/albert/bcdc_ws/install/agbot_py:/home/albert/arduinobot_ws/install/arduinobot_py_examples:/opt/ros/humble /home/albert/.local/bin/cmake --install /home/albert/rad_ws/build/agbot_full_cartogropher
