[0.061s] Invoking command in '/home/albert/rad_ws/build/agbot_full_description': CMAKE_PREFIX_PATH=${CMAKE_PREFIX_PATH}:/home/albert/ws_moveit2/install/moveit_configs_utils:/home/albert/ws_moveit2/install/launch_param_builder:/home/albert/umov_ws/install/arduino_py_examples:/home/albert/udem2_ws/install/actions_py:/home/albert/udem2_ws/install/lifecycle_py:/home/albert/udem2_ws/install/executors_py:/home/albert/udem2_ws/install/components_py:/home/albert/udem_ws/install/turtlesim_catcher:/home/albert/udem_ws/install/my_py_pkg:/home/albert/udem_ws/install/lifecycle_py:/home/albert/bcdc_ws/install/agbot_teleop:/home/albert/bcdc_ws/install/agbot_py:/home/albert/arduinobot_ws/install/arduinobot_py_examples:/home/albert/rad_ws/install/agbot_teleop:/home/albert/rad_ws/install/agbot_py:/opt/ros/humble /home/albert/.local/bin/cmake /home/albert/rad_ws/src/agbot_full_description -DCMAKE_INSTALL_PREFIX=/home/albert/rad_ws/install/agbot_full_description
[0.189s] -- The C compiler identification is GNU 11.4.0
[0.303s] -- The CXX compiler identification is GNU 11.4.0
[0.327s] -- Detecting C compiler ABI info
[0.460s] -- Detecting C compiler ABI info - done
[0.508s] -- Check for working C compiler: /usr/bin/cc - skipped
[0.508s] -- Detecting C compile features
[0.509s] -- Detecting C compile features - done
[0.516s] -- Detecting CXX compiler ABI info
[0.685s] -- Detecting CXX compiler ABI info - done
[0.727s] -- Check for working CXX compiler: /usr/bin/c++ - skipped
[0.727s] -- Detecting CXX compile features
[0.728s] -- Detecting CXX compile features - done
[0.754s] -- Found ament_cmake: 1.3.10 (/opt/ros/humble/share/ament_cmake/cmake)
[1.157s] -- Found Python3: /usr/bin/python3 (found version "3.10.12") found components: Interpreter
[1.595s] -- Found ament_lint_auto: 0.12.11 (/opt/ros/humble/share/ament_lint_auto/cmake)
[1.859s] -- Added test 'flake8' to check Python code syntax and style conventions
[1.865s] -- Added test 'lint_cmake' to check CMake code style
[1.871s] -- Added test 'pep257' to check Python code against some of the docstring style conventions in PEP 257
[1.882s] -- Added test 'xmllint' to check XML markup files
[1.893s] -- Configuring done (1.8s)
[1.899s] -- Generating done (0.0s)
[1.900s] -- Build files have been written to: /home/albert/rad_ws/build/agbot_full_description
[1.906s] Invoked command in '/home/albert/rad_ws/build/agbot_full_description' returned '0': CMAKE_PREFIX_PATH=${CMAKE_PREFIX_PATH}:/home/albert/ws_moveit2/install/moveit_configs_utils:/home/albert/ws_moveit2/install/launch_param_builder:/home/albert/umov_ws/install/arduino_py_examples:/home/albert/udem2_ws/install/actions_py:/home/albert/udem2_ws/install/lifecycle_py:/home/albert/udem2_ws/install/executors_py:/home/albert/udem2_ws/install/components_py:/home/albert/udem_ws/install/turtlesim_catcher:/home/albert/udem_ws/install/my_py_pkg:/home/albert/udem_ws/install/lifecycle_py:/home/albert/bcdc_ws/install/agbot_teleop:/home/albert/bcdc_ws/install/agbot_py:/home/albert/arduinobot_ws/install/arduinobot_py_examples:/home/albert/rad_ws/install/agbot_teleop:/home/albert/rad_ws/install/agbot_py:/opt/ros/humble /home/albert/.local/bin/cmake /home/albert/rad_ws/src/agbot_full_description -DCMAKE_INSTALL_PREFIX=/home/albert/rad_ws/install/agbot_full_description
[1.908s] Invoking command in '/home/albert/rad_ws/build/agbot_full_description': CMAKE_PREFIX_PATH=${CMAKE_PREFIX_PATH}:/home/albert/ws_moveit2/install/moveit_configs_utils:/home/albert/ws_moveit2/install/launch_param_builder:/home/albert/umov_ws/install/arduino_py_examples:/home/albert/udem2_ws/install/actions_py:/home/albert/udem2_ws/install/lifecycle_py:/home/albert/udem2_ws/install/executors_py:/home/albert/udem2_ws/install/components_py:/home/albert/udem_ws/install/turtlesim_catcher:/home/albert/udem_ws/install/my_py_pkg:/home/albert/udem_ws/install/lifecycle_py:/home/albert/bcdc_ws/install/agbot_teleop:/home/albert/bcdc_ws/install/agbot_py:/home/albert/arduinobot_ws/install/arduinobot_py_examples:/home/albert/rad_ws/install/agbot_teleop:/home/albert/rad_ws/install/agbot_py:/opt/ros/humble /home/albert/.local/bin/cmake --build /home/albert/rad_ws/build/agbot_full_description -- -j8 -l8
[1.944s] Invoked command in '/home/albert/rad_ws/build/agbot_full_description' returned '0': CMAKE_PREFIX_PATH=${CMAKE_PREFIX_PATH}:/home/albert/ws_moveit2/install/moveit_configs_utils:/home/albert/ws_moveit2/install/launch_param_builder:/home/albert/umov_ws/install/arduino_py_examples:/home/albert/udem2_ws/install/actions_py:/home/albert/udem2_ws/install/lifecycle_py:/home/albert/udem2_ws/install/executors_py:/home/albert/udem2_ws/install/components_py:/home/albert/udem_ws/install/turtlesim_catcher:/home/albert/udem_ws/install/my_py_pkg:/home/albert/udem_ws/install/lifecycle_py:/home/albert/bcdc_ws/install/agbot_teleop:/home/albert/bcdc_ws/install/agbot_py:/home/albert/arduinobot_ws/install/arduinobot_py_examples:/home/albert/rad_ws/install/agbot_teleop:/home/albert/rad_ws/install/agbot_py:/opt/ros/humble /home/albert/.local/bin/cmake --build /home/albert/rad_ws/build/agbot_full_description -- -j8 -l8
[2.012s] Invoking command in '/home/albert/rad_ws/build/agbot_full_description': CMAKE_PREFIX_PATH=${CMAKE_PREFIX_PATH}:/home/albert/ws_moveit2/install/moveit_configs_utils:/home/albert/ws_moveit2/install/launch_param_builder:/home/albert/umov_ws/install/arduino_py_examples:/home/albert/udem2_ws/install/actions_py:/home/albert/udem2_ws/install/lifecycle_py:/home/albert/udem2_ws/install/executors_py:/home/albert/udem2_ws/install/components_py:/home/albert/udem_ws/install/turtlesim_catcher:/home/albert/udem_ws/install/my_py_pkg:/home/albert/udem_ws/install/lifecycle_py:/home/albert/bcdc_ws/install/agbot_teleop:/home/albert/bcdc_ws/install/agbot_py:/home/albert/arduinobot_ws/install/arduinobot_py_examples:/home/albert/rad_ws/install/agbot_teleop:/home/albert/rad_ws/install/agbot_py:/opt/ros/humble /home/albert/.local/bin/cmake --install /home/albert/rad_ws/build/agbot_full_description
[2.018s] -- Install configuration: ""
[2.018s] -- Installing: /home/albert/rad_ws/install/agbot_full_description/share/agbot_full_description//launch
[2.019s] -- Installing: /home/albert/rad_ws/install/agbot_full_description/share/agbot_full_description//launch/agbot_full_gazebo.launch.py
[2.019s] -- Installing: /home/albert/rad_ws/install/agbot_full_description/share/agbot_full_description//launch/agbot_full_display.launch.py
[2.019s] -- Installing: /home/albert/rad_ws/install/agbot_full_description/share/agbot_full_description//meshes
[2.019s] -- Installing: /home/albert/rad_ws/install/agbot_full_description/share/agbot_full_description//meshes/right_finger.STL
[2.019s] -- Installing: /home/albert/rad_ws/install/agbot_full_description/share/agbot_full_description//meshes/triangular_link.STL
[2.021s] -- Installing: /home/albert/rad_ws/install/agbot_full_description/share/agbot_full_description//meshes/round_plate.STL
[2.021s] -- Installing: /home/albert/rad_ws/install/agbot_full_description/share/agbot_full_description//meshes/left_finger.STL
[2.022s] -- Installing: /home/albert/rad_ws/install/agbot_full_description/share/agbot_full_description//meshes/vertical_drive_arm.STL
[2.023s] -- Installing: /home/albert/rad_ws/install/agbot_full_description/share/agbot_full_description//meshes/astra.jpg
[2.023s] -- Installing: /home/albert/rad_ws/install/agbot_full_description/share/agbot_full_description//meshes/claw_support.STL
[2.024s] -- Installing: /home/albert/rad_ws/install/agbot_full_description/share/agbot_full_description//meshes/link.STL
[2.026s] -- Installing: /home/albert/rad_ws/install/agbot_full_description/share/agbot_full_description//meshes/r200.jpg
[2.026s] -- Installing: /home/albert/rad_ws/install/agbot_full_description/share/agbot_full_description//meshes/horizontal_arm.STL
[2.029s] -- Installing: /home/albert/rad_ws/install/agbot_full_description/share/agbot_full_description//meshes/r200.dae
[2.029s] -- Installing: /home/albert/rad_ws/install/agbot_full_description/share/agbot_full_description//meshes/astra.dae
[2.043s] -- Installing: /home/albert/rad_ws/install/agbot_full_description/share/agbot_full_description//meshes/basement.STL
[2.044s] -- Installing: /home/albert/rad_ws/install/agbot_full_description/share/agbot_full_description//meshes/forward_drive_arm.STL
[2.047s] -- Installing: /home/albert/rad_ws/install/agbot_full_description/share/agbot_full_description//meshes/right_tire.stl
[2.049s] -- Installing: /home/albert/rad_ws/install/agbot_full_description/share/agbot_full_description//meshes/lidar.stl
[2.050s] -- Installing: /home/albert/rad_ws/install/agbot_full_description/share/agbot_full_description//meshes/servo_plate.STL
[2.051s] -- Installing: /home/albert/rad_ws/install/agbot_full_description/share/agbot_full_description//meshes/plate.STL
[2.055s] -- Installing: /home/albert/rad_ws/install/agbot_full_description/share/agbot_full_description//meshes/base_plate.STL
[2.060s] -- Installing: /home/albert/rad_ws/install/agbot_full_description/share/agbot_full_description//meshes/left_tire copy.stl
[2.062s] -- Installing: /home/albert/rad_ws/install/agbot_full_description/share/agbot_full_description//meshes/left_tire.stl
[2.064s] -- Installing: /home/albert/rad_ws/install/agbot_full_description/share/agbot_full_description//meshes/right_tire copy.stl
[2.066s] -- Installing: /home/albert/rad_ws/install/agbot_full_description/share/agbot_full_description//meshes/pi_camera.STL
[2.066s] -- Installing: /home/albert/rad_ws/install/agbot_full_description/share/agbot_full_description//models
[2.067s] -- Installing: /home/albert/rad_ws/install/agbot_full_description/share/agbot_full_description//models/ground_plane
[2.067s] -- Installing: /home/albert/rad_ws/install/agbot_full_description/share/agbot_full_description//models/ground_plane/model-1_2.sdf
[2.067s] -- Installing: /home/albert/rad_ws/install/agbot_full_description/share/agbot_full_description//models/ground_plane/model-1_3.sdf
[2.067s] -- Installing: /home/albert/rad_ws/install/agbot_full_description/share/agbot_full_description//models/ground_plane/model.config
[2.068s] -- Installing: /home/albert/rad_ws/install/agbot_full_description/share/agbot_full_description//models/ground_plane/model.sdf
[2.068s] -- Installing: /home/albert/rad_ws/install/agbot_full_description/share/agbot_full_description//models/ground_plane/model-1_4.sdf
[2.068s] -- Installing: /home/albert/rad_ws/install/agbot_full_description/share/agbot_full_description//models/basic_agbot_description
[2.069s] -- Installing: /home/albert/rad_ws/install/agbot_full_description/share/agbot_full_description//models/basic_agbot_description/agbot.sdf
[2.069s] -- Installing: /home/albert/rad_ws/install/agbot_full_description/share/agbot_full_description//models/basic_agbot_description/agbot_model.config
[2.069s] -- Installing: /home/albert/rad_ws/install/agbot_full_description/share/agbot_full_description//models/sun
[2.069s] -- Installing: /home/albert/rad_ws/install/agbot_full_description/share/agbot_full_description//models/sun/model-1_2.sdf
[2.070s] -- Installing: /home/albert/rad_ws/install/agbot_full_description/share/agbot_full_description//models/sun/model-1_3.sdf
[2.070s] -- Installing: /home/albert/rad_ws/install/agbot_full_description/share/agbot_full_description//models/sun/model.config
[2.070s] -- Installing: /home/albert/rad_ws/install/agbot_full_description/share/agbot_full_description//models/sun/model.sdf
[2.071s] -- Installing: /home/albert/rad_ws/install/agbot_full_description/share/agbot_full_description//models/sun/model-1_4.sdf
[2.071s] -- Installing: /home/albert/rad_ws/install/agbot_full_description/share/agbot_full_description//rviz
[2.071s] -- Installing: /home/albert/rad_ws/install/agbot_full_description/share/agbot_full_description//rviz/agbot_full_config.rviz
[2.072s] -- Installing: /home/albert/rad_ws/install/agbot_full_description/share/agbot_full_description//urdf
[2.072s] -- Installing: /home/albert/rad_ws/install/agbot_full_description/share/agbot_full_description//urdf/agbot_full_common_properties.xacro
[2.072s] -- Installing: /home/albert/rad_ws/install/agbot_full_description/share/agbot_full_description//urdf/agbot_full.xacro
[2.072s] -- Installing: /home/albert/rad_ws/install/agbot_full_description/share/agbot_full_description//urdf/agbot_full.sdf
[2.073s] -- Installing: /home/albert/rad_ws/install/agbot_full_description/share/agbot_full_description//urdf/agbot_full.urdf
[2.073s] -- Installing: /home/albert/rad_ws/install/agbot_full_description/share/agbot_full_description//urdf/agbot_full_gazebo.xacro
[2.073s] -- Installing: /home/albert/rad_ws/install/agbot_full_description/share/agbot_full_description//urdf/agbot_full_ros2_control.xacro
[2.074s] -- Installing: /home/albert/rad_ws/install/agbot_full_description/share/agbot_full_description//worlds
[2.074s] -- Installing: /home/albert/rad_ws/install/agbot_full_description/share/agbot_full_description//worlds/test_world.world
[2.074s] -- Installing: /home/albert/rad_ws/install/agbot_full_description/share/agbot_full_description//worlds/smalltown.world
[2.074s] -- Installing: /home/albert/rad_ws/install/agbot_full_description/share/agbot_full_description//worlds/turtlebot3_world.world
[2.074s] -- Installing: /home/albert/rad_ws/install/agbot_full_description/share/agbot_full_description//worlds/new_world.world
[2.075s] -- Installing: /home/albert/rad_ws/install/agbot_full_description/share/agbot_full_description//worlds/house.world
[2.075s] -- Installing: /home/albert/rad_ws/install/agbot_full_description/share/agbot_full_description//worlds/new_world-old.world
[2.075s] -- Installing: /home/albert/rad_ws/install/agbot_full_description/share/agbot_full_description//worlds/empty_world.world
[2.076s] -- Installing: /home/albert/rad_ws/install/agbot_full_description/share/ament_index/resource_index/package_run_dependencies/agbot_full_description
[2.076s] -- Installing: /home/albert/rad_ws/install/agbot_full_description/share/ament_index/resource_index/parent_prefix_path/agbot_full_description
[2.076s] -- Installing: /home/albert/rad_ws/install/agbot_full_description/share/agbot_full_description/environment/ament_prefix_path.sh
[2.076s] -- Installing: /home/albert/rad_ws/install/agbot_full_description/share/agbot_full_description/environment/ament_prefix_path.dsv
[2.077s] -- Installing: /home/albert/rad_ws/install/agbot_full_description/share/agbot_full_description/environment/path.sh
[2.077s] -- Installing: /home/albert/rad_ws/install/agbot_full_description/share/agbot_full_description/environment/path.dsv
[2.077s] -- Installing: /home/albert/rad_ws/install/agbot_full_description/share/agbot_full_description/local_setup.bash
[2.077s] -- Installing: /home/albert/rad_ws/install/agbot_full_description/share/agbot_full_description/local_setup.sh
[2.078s] -- Installing: /home/albert/rad_ws/install/agbot_full_description/share/agbot_full_description/local_setup.zsh
[2.078s] -- Installing: /home/albert/rad_ws/install/agbot_full_description/share/agbot_full_description/local_setup.dsv
[2.078s] -- Installing: /home/albert/rad_ws/install/agbot_full_description/share/agbot_full_description/package.dsv
[2.078s] -- Installing: /home/albert/rad_ws/install/agbot_full_description/share/ament_index/resource_index/packages/agbot_full_description
[2.079s] -- Installing: /home/albert/rad_ws/install/agbot_full_description/share/agbot_full_description/cmake/agbot_full_descriptionConfig.cmake
[2.079s] -- Installing: /home/albert/rad_ws/install/agbot_full_description/share/agbot_full_description/cmake/agbot_full_descriptionConfig-version.cmake
[2.079s] -- Installing: /home/albert/rad_ws/install/agbot_full_description/share/agbot_full_description/package.xml
[2.081s] Invoked command in '/home/albert/rad_ws/build/agbot_full_description' returned '0': CMAKE_PREFIX_PATH=${CMAKE_PREFIX_PATH}:/home/albert/ws_moveit2/install/moveit_configs_utils:/home/albert/ws_moveit2/install/launch_param_builder:/home/albert/umov_ws/install/arduino_py_examples:/home/albert/udem2_ws/install/actions_py:/home/albert/udem2_ws/install/lifecycle_py:/home/albert/udem2_ws/install/executors_py:/home/albert/udem2_ws/install/components_py:/home/albert/udem_ws/install/turtlesim_catcher:/home/albert/udem_ws/install/my_py_pkg:/home/albert/udem_ws/install/lifecycle_py:/home/albert/bcdc_ws/install/agbot_teleop:/home/albert/bcdc_ws/install/agbot_py:/home/albert/arduinobot_ws/install/arduinobot_py_examples:/home/albert/rad_ws/install/agbot_teleop:/home/albert/rad_ws/install/agbot_py:/opt/ros/humble /home/albert/.local/bin/cmake --install /home/albert/rad_ws/build/agbot_full_description
