[0.296s] Invoking command in '/home/albert/rad_ws/build/agbot_controller': CMAKE_PREFIX_PATH=${CMAKE_PREFIX_PATH}:/home/albert/rad_ws/install/agbot_teleop:/home/albert/rad_ws/install/agbot_py:/home/albert/ws_moveit2/install/moveit_configs_utils:/home/albert/ws_moveit2/install/launch_param_builder:/home/albert/umov_ws/install/arduino_py_examples:/home/albert/udem2_ws/install/actions_py:/home/albert/udem2_ws/install/lifecycle_py:/home/albert/udem2_ws/install/executors_py:/home/albert/udem2_ws/install/components_py:/home/albert/udem_ws/install/turtlesim_catcher:/home/albert/udem_ws/install/my_py_pkg:/home/albert/udem_ws/install/lifecycle_py:/home/albert/bcdc_ws/install/agbot_teleop:/home/albert/bcdc_ws/install/agbot_py:/home/albert/arduinobot_ws/install/arduinobot_py_examples:/opt/ros/humble /home/albert/.local/bin/cmake /home/albert/rad_ws/src/agbot_controller -DCMAKE_INSTALL_PREFIX=/home/albert/rad_ws/install/agbot_controller
[7.144s] -- The C compiler identification is GNU 11.4.0
[7.151s] -- The CXX compiler identification is GNU 11.4.0
[7.151s] -- Detecting C compiler ABI info
[7.152s] -- Detecting C compiler ABI info - done
[7.156s] -- Check for working C compiler: /usr/bin/cc - skipped
[7.157s] -- Detecting C compile features
[7.157s] -- Detecting C compile features - done
[7.164s] -- Detecting CXX compiler ABI info
[7.170s] -- Detecting CXX compiler ABI info - done
[7.172s] -- Check for working CXX compiler: /usr/bin/c++ - skipped
[7.174s] -- Detecting CXX compile features
[7.175s] -- Detecting CXX compile features - done
[7.176s] -- Found ament_cmake: 1.3.10 (/opt/ros/humble/share/ament_cmake/cmake)
[7.177s] -- Found Python3: /usr/bin/python3 (found version "3.10.12") found components: Interpreter
[7.177s] -- Found trajectory_msgs: 4.2.4 (/opt/ros/humble/share/trajectory_msgs/cmake)
[7.267s] -- Found rosidl_generator_c: 3.1.5 (/opt/ros/humble/share/rosidl_generator_c/cmake)
[7.475s] -- Found rosidl_adapter: 3.1.5 (/opt/ros/humble/share/rosidl_adapter/cmake)
[7.624s] -- Found rosidl_generator_cpp: 3.1.5 (/opt/ros/humble/share/rosidl_generator_cpp/cmake)
[7.920s] -- Using all available rosidl_typesupport_c: rosidl_typesupport_fastrtps_c;rosidl_typesupport_introspection_c
[8.401s] -- Using all available rosidl_typesupport_cpp: rosidl_typesupport_fastrtps_cpp;rosidl_typesupport_introspection_cpp
[9.172s] -- Found sensor_msgs: 4.2.4 (/opt/ros/humble/share/sensor_msgs/cmake)
[9.420s] -- Found rclcpp: 16.0.10 (/opt/ros/humble/share/rclcpp/cmake)
[10.344s] -- Found rmw_implementation_cmake: 6.1.2 (/opt/ros/humble/share/rmw_implementation_cmake/cmake)
[10.496s] -- Found rmw_cyclonedds_cpp: 1.3.4 (/opt/ros/humble/share/rmw_cyclonedds_cpp/cmake)
[11.061s] -- Using RMW implementation 'rmw_cyclonedds_cpp' as default
[11.275s] -- Performing Test CMAKE_HAVE_LIBC_PTHREAD
[11.967s] -- Performing Test CMAKE_HAVE_LIBC_PTHREAD - Success
[11.982s] -- Found Threads: TRUE
[12.439s] -- Found rclpy: 3.3.14 (/opt/ros/humble/share/rclpy/cmake)
[12.488s] -- Found ament_lint_auto: 0.12.11 (/opt/ros/humble/share/ament_lint_auto/cmake)
[13.537s] -- Added test 'cppcheck' to perform static code analysis on C / C++ code
[13.537s] -- Configured cppcheck include dirs: 
[13.538s] -- Configured cppcheck exclude dirs and/or files: 
[13.554s] -- Added test 'flake8' to check Python code syntax and style conventions
[13.566s] -- Added test 'lint_cmake' to check CMake code style
[13.583s] -- Added test 'pep257' to check Python code against some of the docstring style conventions in PEP 257
[13.606s] -- Added test 'uncrustify' to check C / C++ code style
[13.610s] -- Configured uncrustify additional arguments: 
[13.619s] -- Added test 'xmllint' to check XML markup files
[13.651s] -- Configuring done (13.3s)
[13.674s] -- Generating done (0.0s)
[13.682s] -- Build files have been written to: /home/albert/rad_ws/build/agbot_controller
[14.304s] Invoked command in '/home/albert/rad_ws/build/agbot_controller' returned '0': CMAKE_PREFIX_PATH=${CMAKE_PREFIX_PATH}:/home/albert/rad_ws/install/agbot_teleop:/home/albert/rad_ws/install/agbot_py:/home/albert/ws_moveit2/install/moveit_configs_utils:/home/albert/ws_moveit2/install/launch_param_builder:/home/albert/umov_ws/install/arduino_py_examples:/home/albert/udem2_ws/install/actions_py:/home/albert/udem2_ws/install/lifecycle_py:/home/albert/udem2_ws/install/executors_py:/home/albert/udem2_ws/install/components_py:/home/albert/udem_ws/install/turtlesim_catcher:/home/albert/udem_ws/install/my_py_pkg:/home/albert/udem_ws/install/lifecycle_py:/home/albert/bcdc_ws/install/agbot_teleop:/home/albert/bcdc_ws/install/agbot_py:/home/albert/arduinobot_ws/install/arduinobot_py_examples:/opt/ros/humble /home/albert/.local/bin/cmake /home/albert/rad_ws/src/agbot_controller -DCMAKE_INSTALL_PREFIX=/home/albert/rad_ws/install/agbot_controller
[14.305s] Invoking command in '/home/albert/rad_ws/build/agbot_controller': CMAKE_PREFIX_PATH=${CMAKE_PREFIX_PATH}:/home/albert/rad_ws/install/agbot_teleop:/home/albert/rad_ws/install/agbot_py:/home/albert/ws_moveit2/install/moveit_configs_utils:/home/albert/ws_moveit2/install/launch_param_builder:/home/albert/umov_ws/install/arduino_py_examples:/home/albert/udem2_ws/install/actions_py:/home/albert/udem2_ws/install/lifecycle_py:/home/albert/udem2_ws/install/executors_py:/home/albert/udem2_ws/install/components_py:/home/albert/udem_ws/install/turtlesim_catcher:/home/albert/udem_ws/install/my_py_pkg:/home/albert/udem_ws/install/lifecycle_py:/home/albert/bcdc_ws/install/agbot_teleop:/home/albert/bcdc_ws/install/agbot_py:/home/albert/arduinobot_ws/install/arduinobot_py_examples:/opt/ros/humble /home/albert/.local/bin/cmake --build /home/albert/rad_ws/build/agbot_controller -- -j8 -l8
[14.404s] Invoked command in '/home/albert/rad_ws/build/agbot_controller' returned '0': CMAKE_PREFIX_PATH=${CMAKE_PREFIX_PATH}:/home/albert/rad_ws/install/agbot_teleop:/home/albert/rad_ws/install/agbot_py:/home/albert/ws_moveit2/install/moveit_configs_utils:/home/albert/ws_moveit2/install/launch_param_builder:/home/albert/umov_ws/install/arduino_py_examples:/home/albert/udem2_ws/install/actions_py:/home/albert/udem2_ws/install/lifecycle_py:/home/albert/udem2_ws/install/executors_py:/home/albert/udem2_ws/install/components_py:/home/albert/udem_ws/install/turtlesim_catcher:/home/albert/udem_ws/install/my_py_pkg:/home/albert/udem_ws/install/lifecycle_py:/home/albert/bcdc_ws/install/agbot_teleop:/home/albert/bcdc_ws/install/agbot_py:/home/albert/arduinobot_ws/install/arduinobot_py_examples:/opt/ros/humble /home/albert/.local/bin/cmake --build /home/albert/rad_ws/build/agbot_controller -- -j8 -l8
[14.554s] Invoking command in '/home/albert/rad_ws/build/agbot_controller': CMAKE_PREFIX_PATH=${CMAKE_PREFIX_PATH}:/home/albert/rad_ws/install/agbot_teleop:/home/albert/rad_ws/install/agbot_py:/home/albert/ws_moveit2/install/moveit_configs_utils:/home/albert/ws_moveit2/install/launch_param_builder:/home/albert/umov_ws/install/arduino_py_examples:/home/albert/udem2_ws/install/actions_py:/home/albert/udem2_ws/install/lifecycle_py:/home/albert/udem2_ws/install/executors_py:/home/albert/udem2_ws/install/components_py:/home/albert/udem_ws/install/turtlesim_catcher:/home/albert/udem_ws/install/my_py_pkg:/home/albert/udem_ws/install/lifecycle_py:/home/albert/bcdc_ws/install/agbot_teleop:/home/albert/bcdc_ws/install/agbot_py:/home/albert/arduinobot_ws/install/arduinobot_py_examples:/opt/ros/humble /home/albert/.local/bin/cmake --install /home/albert/rad_ws/build/agbot_controller
[14.575s] -- Install configuration: ""
[14.575s] -- Installing: /home/albert/rad_ws/install/agbot_controller/share/agbot_controller/launch
[14.575s] -- Installing: /home/albert/rad_ws/install/agbot_controller/share/agbot_controller/launch/controller.launch.py
[14.575s] -- Installing: /home/albert/rad_ws/install/agbot_controller/share/agbot_controller/config
[14.577s] -- Installing: /home/albert/rad_ws/install/agbot_controller/share/agbot_controller/config/old_agbot_controllers.yaml
[14.577s] -- Installing: /home/albert/rad_ws/install/agbot_controller/share/agbot_controller/config/debug_efk.txt
[14.578s] -- Installing: /home/albert/rad_ws/install/agbot_controller/share/agbot_controller/config/efk.yaml
[14.578s] -- Installing: /home/albert/rad_ws/install/agbot_controller/share/agbot_controller/config/agbot_controllers.yaml
[14.578s] -- Installing: /home/albert/rad_ws/install/agbot_controller/share/ament_index/resource_index/package_run_dependencies/agbot_controller
[14.578s] -- Installing: /home/albert/rad_ws/install/agbot_controller/share/ament_index/resource_index/parent_prefix_path/agbot_controller
[14.578s] -- Installing: /home/albert/rad_ws/install/agbot_controller/share/agbot_controller/environment/ament_prefix_path.sh
[14.578s] -- Installing: /home/albert/rad_ws/install/agbot_controller/share/agbot_controller/environment/ament_prefix_path.dsv
[14.579s] -- Installing: /home/albert/rad_ws/install/agbot_controller/share/agbot_controller/environment/path.sh
[14.582s] -- Installing: /home/albert/rad_ws/install/agbot_controller/share/agbot_controller/environment/path.dsv
[14.582s] -- Installing: /home/albert/rad_ws/install/agbot_controller/share/agbot_controller/local_setup.bash
[14.582s] -- Installing: /home/albert/rad_ws/install/agbot_controller/share/agbot_controller/local_setup.sh
[14.582s] -- Installing: /home/albert/rad_ws/install/agbot_controller/share/agbot_controller/local_setup.zsh
[14.582s] -- Installing: /home/albert/rad_ws/install/agbot_controller/share/agbot_controller/local_setup.dsv
[14.582s] -- Installing: /home/albert/rad_ws/install/agbot_controller/share/agbot_controller/package.dsv
[14.583s] -- Installing: /home/albert/rad_ws/install/agbot_controller/share/ament_index/resource_index/packages/agbot_controller
[14.588s] -- Installing: /home/albert/rad_ws/install/agbot_controller/share/agbot_controller/cmake/agbot_controllerConfig.cmake
[14.588s] -- Installing: /home/albert/rad_ws/install/agbot_controller/share/agbot_controller/cmake/agbot_controllerConfig-version.cmake
[14.589s] -- Installing: /home/albert/rad_ws/install/agbot_controller/share/agbot_controller/package.xml
[14.615s] Invoked command in '/home/albert/rad_ws/build/agbot_controller' returned '0': CMAKE_PREFIX_PATH=${CMAKE_PREFIX_PATH}:/home/albert/rad_ws/install/agbot_teleop:/home/albert/rad_ws/install/agbot_py:/home/albert/ws_moveit2/install/moveit_configs_utils:/home/albert/ws_moveit2/install/launch_param_builder:/home/albert/umov_ws/install/arduino_py_examples:/home/albert/udem2_ws/install/actions_py:/home/albert/udem2_ws/install/lifecycle_py:/home/albert/udem2_ws/install/executors_py:/home/albert/udem2_ws/install/components_py:/home/albert/udem_ws/install/turtlesim_catcher:/home/albert/udem_ws/install/my_py_pkg:/home/albert/udem_ws/install/lifecycle_py:/home/albert/bcdc_ws/install/agbot_teleop:/home/albert/bcdc_ws/install/agbot_py:/home/albert/arduinobot_ws/install/arduinobot_py_examples:/opt/ros/humble /home/albert/.local/bin/cmake --install /home/albert/rad_ws/build/agbot_controller
