[0.308s] Invoking command in '/home/albert/rad_ws/build/agbot_full_description': CMAKE_PREFIX_PATH=${CMAKE_PREFIX_PATH}:/home/albert/rad_ws/install/agbot_teleop:/home/albert/rad_ws/install/agbot_py:/home/albert/ws_moveit2/install/moveit_configs_utils:/home/albert/ws_moveit2/install/launch_param_builder:/home/albert/umov_ws/install/arduino_py_examples:/home/albert/udem2_ws/install/actions_py:/home/albert/udem2_ws/install/lifecycle_py:/home/albert/udem2_ws/install/executors_py:/home/albert/udem2_ws/install/components_py:/home/albert/udem_ws/install/turtlesim_catcher:/home/albert/udem_ws/install/my_py_pkg:/home/albert/udem_ws/install/lifecycle_py:/home/albert/bcdc_ws/install/agbot_teleop:/home/albert/bcdc_ws/install/agbot_py:/home/albert/arduinobot_ws/install/arduinobot_py_examples:/opt/ros/humble /home/albert/.local/bin/cmake --build /home/albert/rad_ws/build/agbot_full_description -- -j8 -l8
[0.508s] Invoked command in '/home/albert/rad_ws/build/agbot_full_description' returned '0': CMAKE_PREFIX_PATH=${CMAKE_PREFIX_PATH}:/home/albert/rad_ws/install/agbot_teleop:/home/albert/rad_ws/install/agbot_py:/home/albert/ws_moveit2/install/moveit_configs_utils:/home/albert/ws_moveit2/install/launch_param_builder:/home/albert/umov_ws/install/arduino_py_examples:/home/albert/udem2_ws/install/actions_py:/home/albert/udem2_ws/install/lifecycle_py:/home/albert/udem2_ws/install/executors_py:/home/albert/udem2_ws/install/components_py:/home/albert/udem_ws/install/turtlesim_catcher:/home/albert/udem_ws/install/my_py_pkg:/home/albert/udem_ws/install/lifecycle_py:/home/albert/bcdc_ws/install/agbot_teleop:/home/albert/bcdc_ws/install/agbot_py:/home/albert/arduinobot_ws/install/arduinobot_py_examples:/opt/ros/humble /home/albert/.local/bin/cmake --build /home/albert/rad_ws/build/agbot_full_description -- -j8 -l8
[1.194s] Invoking command in '/home/albert/rad_ws/build/agbot_full_description': CMAKE_PREFIX_PATH=${CMAKE_PREFIX_PATH}:/home/albert/rad_ws/install/agbot_teleop:/home/albert/rad_ws/install/agbot_py:/home/albert/ws_moveit2/install/moveit_configs_utils:/home/albert/ws_moveit2/install/launch_param_builder:/home/albert/umov_ws/install/arduino_py_examples:/home/albert/udem2_ws/install/actions_py:/home/albert/udem2_ws/install/lifecycle_py:/home/albert/udem2_ws/install/executors_py:/home/albert/udem2_ws/install/components_py:/home/albert/udem_ws/install/turtlesim_catcher:/home/albert/udem_ws/install/my_py_pkg:/home/albert/udem_ws/install/lifecycle_py:/home/albert/bcdc_ws/install/agbot_teleop:/home/albert/bcdc_ws/install/agbot_py:/home/albert/arduinobot_ws/install/arduinobot_py_examples:/opt/ros/humble /home/albert/.local/bin/cmake --install /home/albert/rad_ws/build/agbot_full_description
[1.228s] -- Install configuration: ""
[1.236s] -- Up-to-date: /home/albert/rad_ws/install/agbot_full_description/share/agbot_full_description//launch
[1.236s] -- Up-to-date: /home/albert/rad_ws/install/agbot_full_description/share/agbot_full_description//launch/agbot_full_gazebo.launch.py
[1.237s] -- Up-to-date: /home/albert/rad_ws/install/agbot_full_description/share/agbot_full_description//launch/agbot_full_display.launch.py
[1.237s] -- Up-to-date: /home/albert/rad_ws/install/agbot_full_description/share/agbot_full_description//meshes
[1.237s] -- Up-to-date: /home/albert/rad_ws/install/agbot_full_description/share/agbot_full_description//meshes/right_finger.STL
[1.242s] -- Up-to-date: /home/albert/rad_ws/install/agbot_full_description/share/agbot_full_description//meshes/triangular_link.STL
[1.242s] -- Up-to-date: /home/albert/rad_ws/install/agbot_full_description/share/agbot_full_description//meshes/round_plate.STL
[1.243s] -- Up-to-date: /home/albert/rad_ws/install/agbot_full_description/share/agbot_full_description//meshes/left_finger.STL
[1.243s] -- Up-to-date: /home/albert/rad_ws/install/agbot_full_description/share/agbot_full_description//meshes/vertical_drive_arm.STL
[1.243s] -- Up-to-date: /home/albert/rad_ws/install/agbot_full_description/share/agbot_full_description//meshes/astra.jpg
[1.244s] -- Up-to-date: /home/albert/rad_ws/install/agbot_full_description/share/agbot_full_description//meshes/claw_support.STL
[1.244s] -- Up-to-date: /home/albert/rad_ws/install/agbot_full_description/share/agbot_full_description//meshes/link.STL
[1.244s] -- Up-to-date: /home/albert/rad_ws/install/agbot_full_description/share/agbot_full_description//meshes/r200.jpg
[1.249s] -- Up-to-date: /home/albert/rad_ws/install/agbot_full_description/share/agbot_full_description//meshes/horizontal_arm.STL
[1.249s] -- Up-to-date: /home/albert/rad_ws/install/agbot_full_description/share/agbot_full_description//meshes/r200.dae
[1.250s] -- Up-to-date: /home/albert/rad_ws/install/agbot_full_description/share/agbot_full_description//meshes/astra.dae
[1.252s] -- Up-to-date: /home/albert/rad_ws/install/agbot_full_description/share/agbot_full_description//meshes/basement.STL
[1.252s] -- Up-to-date: /home/albert/rad_ws/install/agbot_full_description/share/agbot_full_description//meshes/forward_drive_arm.STL
[1.256s] -- Up-to-date: /home/albert/rad_ws/install/agbot_full_description/share/agbot_full_description//meshes/right_tire.stl
[1.258s] -- Up-to-date: /home/albert/rad_ws/install/agbot_full_description/share/agbot_full_description//meshes/lidar.stl
[1.259s] -- Up-to-date: /home/albert/rad_ws/install/agbot_full_description/share/agbot_full_description//meshes/servo_plate.STL
[1.260s] -- Up-to-date: /home/albert/rad_ws/install/agbot_full_description/share/agbot_full_description//meshes/plate.STL
[1.272s] -- Up-to-date: /home/albert/rad_ws/install/agbot_full_description/share/agbot_full_description//meshes/base_plate.STL
[1.272s] -- Up-to-date: /home/albert/rad_ws/install/agbot_full_description/share/agbot_full_description//meshes/left_tire copy.stl
[1.273s] -- Up-to-date: /home/albert/rad_ws/install/agbot_full_description/share/agbot_full_description//meshes/left_tire.stl
[1.273s] -- Up-to-date: /home/albert/rad_ws/install/agbot_full_description/share/agbot_full_description//meshes/right_tire copy.stl
[1.273s] -- Up-to-date: /home/albert/rad_ws/install/agbot_full_description/share/agbot_full_description//meshes/pi_camera.STL
[1.274s] -- Up-to-date: /home/albert/rad_ws/install/agbot_full_description/share/agbot_full_description//models
[1.275s] -- Up-to-date: /home/albert/rad_ws/install/agbot_full_description/share/agbot_full_description//models/ground_plane
[1.275s] -- Up-to-date: /home/albert/rad_ws/install/agbot_full_description/share/agbot_full_description//models/ground_plane/model-1_2.sdf
[1.276s] -- Up-to-date: /home/albert/rad_ws/install/agbot_full_description/share/agbot_full_description//models/ground_plane/model-1_3.sdf
[1.276s] -- Up-to-date: /home/albert/rad_ws/install/agbot_full_description/share/agbot_full_description//models/ground_plane/model.config
[1.276s] -- Up-to-date: /home/albert/rad_ws/install/agbot_full_description/share/agbot_full_description//models/ground_plane/model.sdf
[1.283s] -- Up-to-date: /home/albert/rad_ws/install/agbot_full_description/share/agbot_full_description//models/ground_plane/model-1_4.sdf
[1.290s] -- Up-to-date: /home/albert/rad_ws/install/agbot_full_description/share/agbot_full_description//models/basic_agbot_description
[1.290s] -- Up-to-date: /home/albert/rad_ws/install/agbot_full_description/share/agbot_full_description//models/basic_agbot_description/agbot.sdf
[1.291s] -- Up-to-date: /home/albert/rad_ws/install/agbot_full_description/share/agbot_full_description//models/basic_agbot_description/agbot_model.config
[1.296s] -- Up-to-date: /home/albert/rad_ws/install/agbot_full_description/share/agbot_full_description//models/sun
[1.296s] -- Up-to-date: /home/albert/rad_ws/install/agbot_full_description/share/agbot_full_description//models/sun/model-1_2.sdf
[1.297s] -- Up-to-date: /home/albert/rad_ws/install/agbot_full_description/share/agbot_full_description//models/sun/model-1_3.sdf
[1.297s] -- Up-to-date: /home/albert/rad_ws/install/agbot_full_description/share/agbot_full_description//models/sun/model.config
[1.298s] -- Up-to-date: /home/albert/rad_ws/install/agbot_full_description/share/agbot_full_description//models/sun/model.sdf
[1.298s] -- Up-to-date: /home/albert/rad_ws/install/agbot_full_description/share/agbot_full_description//models/sun/model-1_4.sdf
[1.298s] -- Up-to-date: /home/albert/rad_ws/install/agbot_full_description/share/agbot_full_description//rviz
[1.299s] -- Up-to-date: /home/albert/rad_ws/install/agbot_full_description/share/agbot_full_description//rviz/agbot_full_config.rviz
[1.299s] -- Up-to-date: /home/albert/rad_ws/install/agbot_full_description/share/agbot_full_description//urdf
[1.299s] -- Up-to-date: /home/albert/rad_ws/install/agbot_full_description/share/agbot_full_description//urdf/agbot_full_common_properties.xacro
[1.299s] -- Up-to-date: /home/albert/rad_ws/install/agbot_full_description/share/agbot_full_description//urdf/agbot_full.xacro
[1.299s] -- Up-to-date: /home/albert/rad_ws/install/agbot_full_description/share/agbot_full_description//urdf/agbot_full_gazebo.xacro
[1.306s] -- Up-to-date: /home/albert/rad_ws/install/agbot_full_description/share/agbot_full_description//urdf/agbot_full_ros2_control.xacro
[1.307s] -- Up-to-date: /home/albert/rad_ws/install/agbot_full_description/share/agbot_full_description//worlds
[1.308s] -- Up-to-date: /home/albert/rad_ws/install/agbot_full_description/share/agbot_full_description//worlds/test_world.world
[1.308s] -- Up-to-date: /home/albert/rad_ws/install/agbot_full_description/share/agbot_full_description//worlds/smalltown.world
[1.311s] -- Up-to-date: /home/albert/rad_ws/install/agbot_full_description/share/agbot_full_description//worlds/turtlebot3_world.world
[1.314s] -- Up-to-date: /home/albert/rad_ws/install/agbot_full_description/share/agbot_full_description//worlds/new_world.world
[1.316s] -- Up-to-date: /home/albert/rad_ws/install/agbot_full_description/share/agbot_full_description//worlds/house.world
[1.316s] -- Up-to-date: /home/albert/rad_ws/install/agbot_full_description/share/agbot_full_description//worlds/new_world-old.world
[1.319s] -- Up-to-date: /home/albert/rad_ws/install/agbot_full_description/share/agbot_full_description//worlds/empty_world.world
[1.320s] -- Up-to-date: /home/albert/rad_ws/install/agbot_full_description/share/ament_index/resource_index/package_run_dependencies/agbot_full_description
[1.320s] -- Up-to-date: /home/albert/rad_ws/install/agbot_full_description/share/ament_index/resource_index/parent_prefix_path/agbot_full_description
[1.321s] -- Up-to-date: /home/albert/rad_ws/install/agbot_full_description/share/agbot_full_description/environment/ament_prefix_path.sh
[1.321s] -- Up-to-date: /home/albert/rad_ws/install/agbot_full_description/share/agbot_full_description/environment/ament_prefix_path.dsv
[1.321s] -- Up-to-date: /home/albert/rad_ws/install/agbot_full_description/share/agbot_full_description/environment/path.sh
[1.322s] -- Up-to-date: /home/albert/rad_ws/install/agbot_full_description/share/agbot_full_description/environment/path.dsv
[1.322s] -- Up-to-date: /home/albert/rad_ws/install/agbot_full_description/share/agbot_full_description/local_setup.bash
[1.322s] -- Up-to-date: /home/albert/rad_ws/install/agbot_full_description/share/agbot_full_description/local_setup.sh
[1.331s] -- Up-to-date: /home/albert/rad_ws/install/agbot_full_description/share/agbot_full_description/local_setup.zsh
[1.332s] -- Up-to-date: /home/albert/rad_ws/install/agbot_full_description/share/agbot_full_description/local_setup.dsv
[1.332s] -- Installing: /home/albert/rad_ws/install/agbot_full_description/share/agbot_full_description/package.dsv
[1.332s] -- Up-to-date: /home/albert/rad_ws/install/agbot_full_description/share/ament_index/resource_index/packages/agbot_full_description
[1.333s] -- Up-to-date: /home/albert/rad_ws/install/agbot_full_description/share/agbot_full_description/cmake/agbot_full_descriptionConfig.cmake
[1.339s] -- Up-to-date: /home/albert/rad_ws/install/agbot_full_description/share/agbot_full_description/cmake/agbot_full_descriptionConfig-version.cmake
[1.340s] -- Up-to-date: /home/albert/rad_ws/install/agbot_full_description/share/agbot_full_description/package.xml
[1.567s] Invoked command in '/home/albert/rad_ws/build/agbot_full_description' returned '0': CMAKE_PREFIX_PATH=${CMAKE_PREFIX_PATH}:/home/albert/rad_ws/install/agbot_teleop:/home/albert/rad_ws/install/agbot_py:/home/albert/ws_moveit2/install/moveit_configs_utils:/home/albert/ws_moveit2/install/launch_param_builder:/home/albert/umov_ws/install/arduino_py_examples:/home/albert/udem2_ws/install/actions_py:/home/albert/udem2_ws/install/lifecycle_py:/home/albert/udem2_ws/install/executors_py:/home/albert/udem2_ws/install/components_py:/home/albert/udem_ws/install/turtlesim_catcher:/home/albert/udem_ws/install/my_py_pkg:/home/albert/udem_ws/install/lifecycle_py:/home/albert/bcdc_ws/install/agbot_teleop:/home/albert/bcdc_ws/install/agbot_py:/home/albert/arduinobot_ws/install/arduinobot_py_examples:/opt/ros/humble /home/albert/.local/bin/cmake --install /home/albert/rad_ws/build/agbot_full_description
