[0.464s] Invoking command in '/home/albert/rad_ws/build/agbot_description': CMAKE_PREFIX_PATH=${CMAKE_PREFIX_PATH}:/home/albert/rad_ws/install/agbot_teleop:/home/albert/rad_ws/install/agbot_py:/home/albert/ws_moveit2/install/moveit_configs_utils:/home/albert/ws_moveit2/install/launch_param_builder:/home/albert/umov_ws/install/arduino_py_examples:/home/albert/udem2_ws/install/actions_py:/home/albert/udem2_ws/install/lifecycle_py:/home/albert/udem2_ws/install/executors_py:/home/albert/udem2_ws/install/components_py:/home/albert/udem_ws/install/turtlesim_catcher:/home/albert/udem_ws/install/my_py_pkg:/home/albert/udem_ws/install/lifecycle_py:/home/albert/bcdc_ws/install/agbot_teleop:/home/albert/bcdc_ws/install/agbot_py:/home/albert/arduinobot_ws/install/arduinobot_py_examples:/opt/ros/humble /home/albert/.local/bin/cmake --build /home/albert/rad_ws/build/agbot_description -- -j8 -l8
[0.635s] Invoked command in '/home/albert/rad_ws/build/agbot_description' returned '0': CMAKE_PREFIX_PATH=${CMAKE_PREFIX_PATH}:/home/albert/rad_ws/install/agbot_teleop:/home/albert/rad_ws/install/agbot_py:/home/albert/ws_moveit2/install/moveit_configs_utils:/home/albert/ws_moveit2/install/launch_param_builder:/home/albert/umov_ws/install/arduino_py_examples:/home/albert/udem2_ws/install/actions_py:/home/albert/udem2_ws/install/lifecycle_py:/home/albert/udem2_ws/install/executors_py:/home/albert/udem2_ws/install/components_py:/home/albert/udem_ws/install/turtlesim_catcher:/home/albert/udem_ws/install/my_py_pkg:/home/albert/udem_ws/install/lifecycle_py:/home/albert/bcdc_ws/install/agbot_teleop:/home/albert/bcdc_ws/install/agbot_py:/home/albert/arduinobot_ws/install/arduinobot_py_examples:/opt/ros/humble /home/albert/.local/bin/cmake --build /home/albert/rad_ws/build/agbot_description -- -j8 -l8
[2.372s] Invoking command in '/home/albert/rad_ws/build/agbot_description': CMAKE_PREFIX_PATH=${CMAKE_PREFIX_PATH}:/home/albert/rad_ws/install/agbot_teleop:/home/albert/rad_ws/install/agbot_py:/home/albert/ws_moveit2/install/moveit_configs_utils:/home/albert/ws_moveit2/install/launch_param_builder:/home/albert/umov_ws/install/arduino_py_examples:/home/albert/udem2_ws/install/actions_py:/home/albert/udem2_ws/install/lifecycle_py:/home/albert/udem2_ws/install/executors_py:/home/albert/udem2_ws/install/components_py:/home/albert/udem_ws/install/turtlesim_catcher:/home/albert/udem_ws/install/my_py_pkg:/home/albert/udem_ws/install/lifecycle_py:/home/albert/bcdc_ws/install/agbot_teleop:/home/albert/bcdc_ws/install/agbot_py:/home/albert/arduinobot_ws/install/arduinobot_py_examples:/opt/ros/humble /home/albert/.local/bin/cmake --install /home/albert/rad_ws/build/agbot_description
[2.399s] -- Install configuration: ""
[2.399s] -- Up-to-date: /home/albert/rad_ws/install/agbot_description/share/agbot_description//launch
[2.400s] -- Up-to-date: /home/albert/rad_ws/install/agbot_description/share/agbot_description//launch/agbot_slam.launch.py
[2.400s] -- Up-to-date: /home/albert/rad_ws/install/agbot_description/share/agbot_description//launch/agbot_display.launch.py
[2.400s] -- Up-to-date: /home/albert/rad_ws/install/agbot_description/share/agbot_description//launch/agbot_gazebo.launch.py
[2.401s] -- Up-to-date: /home/albert/rad_ws/install/agbot_description/share/agbot_description//launch/agbot_arm_display.launch.py
[2.401s] -- Up-to-date: /home/albert/rad_ws/install/agbot_description/share/agbot_description//launch/agbot_full_display.launch.py
[2.401s] -- Up-to-date: /home/albert/rad_ws/install/agbot_description/share/agbot_description//launch/robot_state_publisher.launch.py
[2.401s] -- Up-to-date: /home/albert/rad_ws/install/agbot_description/share/agbot_description//launch/agbot_arm_gazebo.launch.py
[2.402s] -- Up-to-date: /home/albert/rad_ws/install/agbot_description/share/agbot_description//launch/agbot_world.launch.py
[2.402s] -- Up-to-date: /home/albert/rad_ws/install/agbot_description/share/agbot_description//meshes
[2.402s] -- Up-to-date: /home/albert/rad_ws/install/agbot_description/share/agbot_description//meshes/right_finger.STL
[2.402s] -- Up-to-date: /home/albert/rad_ws/install/agbot_description/share/agbot_description//meshes/triangular_link.STL
[2.403s] -- Up-to-date: /home/albert/rad_ws/install/agbot_description/share/agbot_description//meshes/round_plate.STL
[2.413s] -- Up-to-date: /home/albert/rad_ws/install/agbot_description/share/agbot_description//meshes/left_finger.STL
[2.413s] -- Up-to-date: /home/albert/rad_ws/install/agbot_description/share/agbot_description//meshes/vertical_drive_arm.STL
[2.413s] -- Up-to-date: /home/albert/rad_ws/install/agbot_description/share/agbot_description//meshes/astra.jpg
[2.414s] -- Up-to-date: /home/albert/rad_ws/install/agbot_description/share/agbot_description//meshes/claw_support.STL
[2.414s] -- Up-to-date: /home/albert/rad_ws/install/agbot_description/share/agbot_description//meshes/link.STL
[2.414s] -- Up-to-date: /home/albert/rad_ws/install/agbot_description/share/agbot_description//meshes/r200.jpg
[2.414s] -- Up-to-date: /home/albert/rad_ws/install/agbot_description/share/agbot_description//meshes/horizontal_arm.STL
[2.415s] -- Up-to-date: /home/albert/rad_ws/install/agbot_description/share/agbot_description//meshes/r200.dae
[2.415s] -- Up-to-date: /home/albert/rad_ws/install/agbot_description/share/agbot_description//meshes/astra.dae
[2.415s] -- Up-to-date: /home/albert/rad_ws/install/agbot_description/share/agbot_description//meshes/basement.STL
[2.415s] -- Up-to-date: /home/albert/rad_ws/install/agbot_description/share/agbot_description//meshes/forward_drive_arm.STL
[2.416s] -- Up-to-date: /home/albert/rad_ws/install/agbot_description/share/agbot_description//meshes/right_tire.stl
[2.416s] -- Up-to-date: /home/albert/rad_ws/install/agbot_description/share/agbot_description//meshes/lidar.stl
[2.416s] -- Up-to-date: /home/albert/rad_ws/install/agbot_description/share/agbot_description//meshes/servo_plate.STL
[2.416s] -- Up-to-date: /home/albert/rad_ws/install/agbot_description/share/agbot_description//meshes/plate.STL
[2.420s] -- Up-to-date: /home/albert/rad_ws/install/agbot_description/share/agbot_description//meshes/base_plate.STL
[2.420s] -- Up-to-date: /home/albert/rad_ws/install/agbot_description/share/agbot_description//meshes/left_tire copy.stl
[2.420s] -- Up-to-date: /home/albert/rad_ws/install/agbot_description/share/agbot_description//meshes/left_tire.stl
[2.420s] -- Up-to-date: /home/albert/rad_ws/install/agbot_description/share/agbot_description//meshes/right_tire copy.stl
[2.421s] -- Up-to-date: /home/albert/rad_ws/install/agbot_description/share/agbot_description//meshes/pi_camera.STL
[2.425s] -- Up-to-date: /home/albert/rad_ws/install/agbot_description/share/agbot_description//models
[2.425s] -- Up-to-date: /home/albert/rad_ws/install/agbot_description/share/agbot_description//models/ground_plane
[2.426s] -- Up-to-date: /home/albert/rad_ws/install/agbot_description/share/agbot_description//models/ground_plane/model-1_2.sdf
[2.426s] -- Up-to-date: /home/albert/rad_ws/install/agbot_description/share/agbot_description//models/ground_plane/model-1_3.sdf
[2.426s] -- Up-to-date: /home/albert/rad_ws/install/agbot_description/share/agbot_description//models/ground_plane/model.config
[2.426s] -- Up-to-date: /home/albert/rad_ws/install/agbot_description/share/agbot_description//models/ground_plane/model.sdf
[2.427s] -- Up-to-date: /home/albert/rad_ws/install/agbot_description/share/agbot_description//models/ground_plane/model-1_4.sdf
[2.427s] -- Up-to-date: /home/albert/rad_ws/install/agbot_description/share/agbot_description//models/basic_agbot_description
[2.427s] -- Up-to-date: /home/albert/rad_ws/install/agbot_description/share/agbot_description//models/basic_agbot_description/agbot.sdf
[2.427s] -- Up-to-date: /home/albert/rad_ws/install/agbot_description/share/agbot_description//models/basic_agbot_description/agbot_model.config
[2.428s] -- Up-to-date: /home/albert/rad_ws/install/agbot_description/share/agbot_description//models/sun
[2.430s] -- Up-to-date: /home/albert/rad_ws/install/agbot_description/share/agbot_description//models/sun/model-1_2.sdf
[2.431s] -- Up-to-date: /home/albert/rad_ws/install/agbot_description/share/agbot_description//models/sun/model-1_3.sdf
[2.431s] -- Up-to-date: /home/albert/rad_ws/install/agbot_description/share/agbot_description//models/sun/model.config
[2.435s] -- Up-to-date: /home/albert/rad_ws/install/agbot_description/share/agbot_description//models/sun/model.sdf
[2.435s] -- Up-to-date: /home/albert/rad_ws/install/agbot_description/share/agbot_description//models/sun/model-1_4.sdf
[2.435s] -- Up-to-date: /home/albert/rad_ws/install/agbot_description/share/agbot_description//rviz
[2.435s] -- Up-to-date: /home/albert/rad_ws/install/agbot_description/share/agbot_description//rviz/agbot_urdf_config.rviz
[2.436s] -- Up-to-date: /home/albert/rad_ws/install/agbot_description/share/agbot_description//rviz/agbot_arm_config.rviz
[2.436s] -- Up-to-date: /home/albert/rad_ws/install/agbot_description/share/agbot_description//rviz/agbot_config.rviz
[2.436s] -- Up-to-date: /home/albert/rad_ws/install/agbot_description/share/agbot_description//urdf
[2.436s] -- Up-to-date: /home/albert/rad_ws/install/agbot_description/share/agbot_description//urdf/agbot_ros2_control.xacro
[2.436s] -- Up-to-date: /home/albert/rad_ws/install/agbot_description/share/agbot_description//urdf/common_properties.xacro
[2.436s] -- Installing: /home/albert/rad_ws/install/agbot_description/share/agbot_description//urdf/agbot_full.xacro
[2.437s] -- Up-to-date: /home/albert/rad_ws/install/agbot_description/share/agbot_description//urdf/agbot_arm_ros2_control.xacro
[2.437s] -- Up-to-date: /home/albert/rad_ws/install/agbot_description/share/agbot_description//urdf/agbot_gazebo.xacro
[2.437s] -- Up-to-date: /home/albert/rad_ws/install/agbot_description/share/agbot_description//urdf/agbot_arm_gazebo.xacro
[2.437s] -- Up-to-date: /home/albert/rad_ws/install/agbot_description/share/agbot_description//urdf/agbot_arm.urdf
[2.437s] -- Up-to-date: /home/albert/rad_ws/install/agbot_description/share/agbot_description//urdf/agbot_common_properties.xacro
[2.437s] -- Up-to-date: /home/albert/rad_ws/install/agbot_description/share/agbot_description//urdf/agbot_arm.xacro
[2.438s] -- Up-to-date: /home/albert/rad_ws/install/agbot_description/share/agbot_description//urdf/agbot.urdf.xacro
[2.438s] -- Up-to-date: /home/albert/rad_ws/install/agbot_description/share/agbot_description//worlds
[2.438s] -- Up-to-date: /home/albert/rad_ws/install/agbot_description/share/agbot_description//worlds/test_world.world
[2.438s] -- Up-to-date: /home/albert/rad_ws/install/agbot_description/share/agbot_description//worlds/smalltown.world
[2.438s] -- Up-to-date: /home/albert/rad_ws/install/agbot_description/share/agbot_description//worlds/turtlebot3_world.world
[2.439s] -- Up-to-date: /home/albert/rad_ws/install/agbot_description/share/agbot_description//worlds/new_world.world
[2.445s] -- Up-to-date: /home/albert/rad_ws/install/agbot_description/share/agbot_description//worlds/house.world
[2.445s] -- Up-to-date: /home/albert/rad_ws/install/agbot_description/share/agbot_description//worlds/new_world-old.world
[2.446s] -- Up-to-date: /home/albert/rad_ws/install/agbot_description/share/agbot_description//worlds/empty_world.world
[2.446s] -- Up-to-date: /home/albert/rad_ws/install/agbot_description/share/ament_index/resource_index/package_run_dependencies/agbot_description
[2.446s] -- Up-to-date: /home/albert/rad_ws/install/agbot_description/share/ament_index/resource_index/parent_prefix_path/agbot_description
[2.446s] -- Up-to-date: /home/albert/rad_ws/install/agbot_description/share/agbot_description/environment/ament_prefix_path.sh
[2.446s] -- Up-to-date: /home/albert/rad_ws/install/agbot_description/share/agbot_description/environment/ament_prefix_path.dsv
[2.446s] -- Up-to-date: /home/albert/rad_ws/install/agbot_description/share/agbot_description/environment/path.sh
[2.447s] -- Up-to-date: /home/albert/rad_ws/install/agbot_description/share/agbot_description/environment/path.dsv
[2.447s] -- Up-to-date: /home/albert/rad_ws/install/agbot_description/share/agbot_description/local_setup.bash
[2.447s] -- Up-to-date: /home/albert/rad_ws/install/agbot_description/share/agbot_description/local_setup.sh
[2.447s] -- Up-to-date: /home/albert/rad_ws/install/agbot_description/share/agbot_description/local_setup.zsh
[2.447s] -- Up-to-date: /home/albert/rad_ws/install/agbot_description/share/agbot_description/local_setup.dsv
[2.448s] -- Installing: /home/albert/rad_ws/install/agbot_description/share/agbot_description/package.dsv
[2.448s] -- Up-to-date: /home/albert/rad_ws/install/agbot_description/share/ament_index/resource_index/packages/agbot_description
[2.448s] -- Up-to-date: /home/albert/rad_ws/install/agbot_description/share/agbot_description/cmake/agbot_descriptionConfig.cmake
[2.448s] -- Up-to-date: /home/albert/rad_ws/install/agbot_description/share/agbot_description/cmake/agbot_descriptionConfig-version.cmake
[2.448s] -- Up-to-date: /home/albert/rad_ws/install/agbot_description/share/agbot_description/package.xml
[2.456s] Invoked command in '/home/albert/rad_ws/build/agbot_description' returned '0': CMAKE_PREFIX_PATH=${CMAKE_PREFIX_PATH}:/home/albert/rad_ws/install/agbot_teleop:/home/albert/rad_ws/install/agbot_py:/home/albert/ws_moveit2/install/moveit_configs_utils:/home/albert/ws_moveit2/install/launch_param_builder:/home/albert/umov_ws/install/arduino_py_examples:/home/albert/udem2_ws/install/actions_py:/home/albert/udem2_ws/install/lifecycle_py:/home/albert/udem2_ws/install/executors_py:/home/albert/udem2_ws/install/components_py:/home/albert/udem_ws/install/turtlesim_catcher:/home/albert/udem_ws/install/my_py_pkg:/home/albert/udem_ws/install/lifecycle_py:/home/albert/bcdc_ws/install/agbot_teleop:/home/albert/bcdc_ws/install/agbot_py:/home/albert/arduinobot_ws/install/arduinobot_py_examples:/opt/ros/humble /home/albert/.local/bin/cmake --install /home/albert/rad_ws/build/agbot_description
