[0.615s] Invoking command in '/home/albert/rad_ws/build/agbot_description': CMAKE_PREFIX_PATH=${CMAKE_PREFIX_PATH}:/home/albert/rad_ws/install/agbot_teleop:/home/albert/rad_ws/install/agbot_py:/home/albert/ws_moveit2/install/moveit_configs_utils:/home/albert/ws_moveit2/install/launch_param_builder:/home/albert/umov_ws/install/arduino_py_examples:/home/albert/udem2_ws/install/actions_py:/home/albert/udem2_ws/install/lifecycle_py:/home/albert/udem2_ws/install/executors_py:/home/albert/udem2_ws/install/components_py:/home/albert/udem_ws/install/turtlesim_catcher:/home/albert/udem_ws/install/my_py_pkg:/home/albert/udem_ws/install/lifecycle_py:/home/albert/bcdc_ws/install/agbot_teleop:/home/albert/bcdc_ws/install/agbot_py:/home/albert/arduinobot_ws/install/arduinobot_py_examples:/opt/ros/humble /home/albert/.local/bin/cmake --build /home/albert/rad_ws/build/agbot_description -- -j8 -l8
[0.816s] Invoked command in '/home/albert/rad_ws/build/agbot_description' returned '0': CMAKE_PREFIX_PATH=${CMAKE_PREFIX_PATH}:/home/albert/rad_ws/install/agbot_teleop:/home/albert/rad_ws/install/agbot_py:/home/albert/ws_moveit2/install/moveit_configs_utils:/home/albert/ws_moveit2/install/launch_param_builder:/home/albert/umov_ws/install/arduino_py_examples:/home/albert/udem2_ws/install/actions_py:/home/albert/udem2_ws/install/lifecycle_py:/home/albert/udem2_ws/install/executors_py:/home/albert/udem2_ws/install/components_py:/home/albert/udem_ws/install/turtlesim_catcher:/home/albert/udem_ws/install/my_py_pkg:/home/albert/udem_ws/install/lifecycle_py:/home/albert/bcdc_ws/install/agbot_teleop:/home/albert/bcdc_ws/install/agbot_py:/home/albert/arduinobot_ws/install/arduinobot_py_examples:/opt/ros/humble /home/albert/.local/bin/cmake --build /home/albert/rad_ws/build/agbot_description -- -j8 -l8
[1.153s] Invoking command in '/home/albert/rad_ws/build/agbot_description': CMAKE_PREFIX_PATH=${CMAKE_PREFIX_PATH}:/home/albert/rad_ws/install/agbot_teleop:/home/albert/rad_ws/install/agbot_py:/home/albert/ws_moveit2/install/moveit_configs_utils:/home/albert/ws_moveit2/install/launch_param_builder:/home/albert/umov_ws/install/arduino_py_examples:/home/albert/udem2_ws/install/actions_py:/home/albert/udem2_ws/install/lifecycle_py:/home/albert/udem2_ws/install/executors_py:/home/albert/udem2_ws/install/components_py:/home/albert/udem_ws/install/turtlesim_catcher:/home/albert/udem_ws/install/my_py_pkg:/home/albert/udem_ws/install/lifecycle_py:/home/albert/bcdc_ws/install/agbot_teleop:/home/albert/bcdc_ws/install/agbot_py:/home/albert/arduinobot_ws/install/arduinobot_py_examples:/opt/ros/humble /home/albert/.local/bin/cmake --install /home/albert/rad_ws/build/agbot_description
[1.193s] -- Install configuration: ""
[1.196s] -- Up-to-date: /home/albert/rad_ws/install/agbot_description/share/agbot_description//launch
[1.196s] -- Up-to-date: /home/albert/rad_ws/install/agbot_description/share/agbot_description//launch/agbot_slam.launch.py
[1.197s] -- Up-to-date: /home/albert/rad_ws/install/agbot_description/share/agbot_description//launch/agbot_display.launch.py
[1.197s] -- Up-to-date: /home/albert/rad_ws/install/agbot_description/share/agbot_description//launch/agbot_gazebo.launch.py
[1.197s] -- Up-to-date: /home/albert/rad_ws/install/agbot_description/share/agbot_description//launch/agbot_arm_extender_display.launch.py
[1.197s] -- Up-to-date: /home/albert/rad_ws/install/agbot_description/share/agbot_description//launch/agbot_arm_display.launch.py
[1.197s] -- Up-to-date: /home/albert/rad_ws/install/agbot_description/share/agbot_description//launch/robot_state_publisher.launch.py
[1.198s] -- Up-to-date: /home/albert/rad_ws/install/agbot_description/share/agbot_description//launch/agbot_arm_gazebo.launch.py
[1.198s] -- Up-to-date: /home/albert/rad_ws/install/agbot_description/share/agbot_description//launch/agbot_world.launch.py
[1.198s] -- Up-to-date: /home/albert/rad_ws/install/agbot_description/share/agbot_description//meshes
[1.199s] -- Up-to-date: /home/albert/rad_ws/install/agbot_description/share/agbot_description//meshes/right_finger.STL
[1.199s] -- Up-to-date: /home/albert/rad_ws/install/agbot_description/share/agbot_description//meshes/triangular_link.STL
[1.199s] -- Up-to-date: /home/albert/rad_ws/install/agbot_description/share/agbot_description//meshes/round_plate.STL
[1.200s] -- Up-to-date: /home/albert/rad_ws/install/agbot_description/share/agbot_description//meshes/left_finger.STL
[1.205s] -- Up-to-date: /home/albert/rad_ws/install/agbot_description/share/agbot_description//meshes/vertical_drive_arm.STL
[1.207s] -- Up-to-date: /home/albert/rad_ws/install/agbot_description/share/agbot_description//meshes/astra.jpg
[1.212s] -- Up-to-date: /home/albert/rad_ws/install/agbot_description/share/agbot_description//meshes/claw_support.STL
[1.212s] -- Up-to-date: /home/albert/rad_ws/install/agbot_description/share/agbot_description//meshes/link.STL
[1.226s] -- Up-to-date: /home/albert/rad_ws/install/agbot_description/share/agbot_description//meshes/r200.jpg
[1.227s] -- Up-to-date: /home/albert/rad_ws/install/agbot_description/share/agbot_description//meshes/horizontal_arm.STL
[1.227s] -- Up-to-date: /home/albert/rad_ws/install/agbot_description/share/agbot_description//meshes/r200.dae
[1.227s] -- Up-to-date: /home/albert/rad_ws/install/agbot_description/share/agbot_description//meshes/astra.dae
[1.227s] -- Up-to-date: /home/albert/rad_ws/install/agbot_description/share/agbot_description//meshes/basement.STL
[1.228s] -- Up-to-date: /home/albert/rad_ws/install/agbot_description/share/agbot_description//meshes/forward_drive_arm.STL
[1.228s] -- Up-to-date: /home/albert/rad_ws/install/agbot_description/share/agbot_description//meshes/right_tire.stl
[1.228s] -- Up-to-date: /home/albert/rad_ws/install/agbot_description/share/agbot_description//meshes/lidar.stl
[1.228s] -- Up-to-date: /home/albert/rad_ws/install/agbot_description/share/agbot_description//meshes/servo_plate.STL
[1.228s] -- Up-to-date: /home/albert/rad_ws/install/agbot_description/share/agbot_description//meshes/plate.STL
[1.229s] -- Up-to-date: /home/albert/rad_ws/install/agbot_description/share/agbot_description//meshes/base_plate.STL
[1.234s] -- Up-to-date: /home/albert/rad_ws/install/agbot_description/share/agbot_description//meshes/left_tire copy.stl
[1.242s] -- Up-to-date: /home/albert/rad_ws/install/agbot_description/share/agbot_description//meshes/left_tire.stl
[1.243s] -- Up-to-date: /home/albert/rad_ws/install/agbot_description/share/agbot_description//meshes/right_tire copy.stl
[1.243s] -- Up-to-date: /home/albert/rad_ws/install/agbot_description/share/agbot_description//meshes/pi_camera.STL
[1.244s] -- Up-to-date: /home/albert/rad_ws/install/agbot_description/share/agbot_description//models
[1.244s] -- Up-to-date: /home/albert/rad_ws/install/agbot_description/share/agbot_description//models/ground_plane
[1.244s] -- Up-to-date: /home/albert/rad_ws/install/agbot_description/share/agbot_description//models/ground_plane/model-1_2.sdf
[1.244s] -- Up-to-date: /home/albert/rad_ws/install/agbot_description/share/agbot_description//models/ground_plane/model-1_3.sdf
[1.245s] -- Up-to-date: /home/albert/rad_ws/install/agbot_description/share/agbot_description//models/ground_plane/model.config
[1.246s] -- Up-to-date: /home/albert/rad_ws/install/agbot_description/share/agbot_description//models/ground_plane/model.sdf
[1.246s] -- Up-to-date: /home/albert/rad_ws/install/agbot_description/share/agbot_description//models/ground_plane/model-1_4.sdf
[1.247s] -- Up-to-date: /home/albert/rad_ws/install/agbot_description/share/agbot_description//models/basic_agbot_description
[1.247s] -- Up-to-date: /home/albert/rad_ws/install/agbot_description/share/agbot_description//models/basic_agbot_description/agbot.sdf
[1.247s] -- Up-to-date: /home/albert/rad_ws/install/agbot_description/share/agbot_description//models/basic_agbot_description/agbot_model.config
[1.247s] -- Up-to-date: /home/albert/rad_ws/install/agbot_description/share/agbot_description//models/sun
[1.248s] -- Up-to-date: /home/albert/rad_ws/install/agbot_description/share/agbot_description//models/sun/model-1_2.sdf
[1.248s] -- Up-to-date: /home/albert/rad_ws/install/agbot_description/share/agbot_description//models/sun/model-1_3.sdf
[1.248s] -- Up-to-date: /home/albert/rad_ws/install/agbot_description/share/agbot_description//models/sun/model.config
[1.248s] -- Up-to-date: /home/albert/rad_ws/install/agbot_description/share/agbot_description//models/sun/model.sdf
[1.249s] -- Up-to-date: /home/albert/rad_ws/install/agbot_description/share/agbot_description//models/sun/model-1_4.sdf
[1.252s] -- Up-to-date: /home/albert/rad_ws/install/agbot_description/share/agbot_description//rviz
[1.252s] -- Up-to-date: /home/albert/rad_ws/install/agbot_description/share/agbot_description//rviz/agbot_urdf_config.rviz
[1.258s] -- Up-to-date: /home/albert/rad_ws/install/agbot_description/share/agbot_description//rviz/agbot_arm_config.rviz
[1.264s] -- Up-to-date: /home/albert/rad_ws/install/agbot_description/share/agbot_description//rviz/agbot_arm_extender_config.rviz
[1.265s] -- Up-to-date: /home/albert/rad_ws/install/agbot_description/share/agbot_description//rviz/agbot_config.rviz
[1.265s] -- Up-to-date: /home/albert/rad_ws/install/agbot_description/share/agbot_description//urdf
[1.265s] -- Up-to-date: /home/albert/rad_ws/install/agbot_description/share/agbot_description//urdf/agbot_ros2_control.xacro
[1.265s] -- Up-to-date: /home/albert/rad_ws/install/agbot_description/share/agbot_description//urdf/common_properties.xacro
[1.266s] -- Up-to-date: /home/albert/rad_ws/install/agbot_description/share/agbot_description//urdf/agbot_full_common_properties.xacro
[1.266s] -- Up-to-date: /home/albert/rad_ws/install/agbot_description/share/agbot_description//urdf/agbot_full.xacro
[1.266s] -- Up-to-date: /home/albert/rad_ws/install/agbot_description/share/agbot_description//urdf/agbot_arm_ros2_control.xacro
[1.266s] -- Up-to-date: /home/albert/rad_ws/install/agbot_description/share/agbot_description//urdf/agbot_gazebo.xacro
[1.267s] -- Up-to-date: /home/albert/rad_ws/install/agbot_description/share/agbot_description//urdf/agbot_arm_gazebo.xacro
[1.267s] -- Up-to-date: /home/albert/rad_ws/install/agbot_description/share/agbot_description//urdf/agbot_arm_extender_gazebo.xacro
[1.267s] -- Up-to-date: /home/albert/rad_ws/install/agbot_description/share/agbot_description//urdf/agbot_full_gazebo.xacro
[1.267s] -- Up-to-date: /home/albert/rad_ws/install/agbot_description/share/agbot_description//urdf/agbot_arm_extender.xacro
[1.267s] -- Up-to-date: /home/albert/rad_ws/install/agbot_description/share/agbot_description//urdf/agbot_arm_extender_ros2_control.xacro
[1.274s] -- Up-to-date: /home/albert/rad_ws/install/agbot_description/share/agbot_description//urdf/agbot_full_ros2_control.xacro
[1.274s] -- Up-to-date: /home/albert/rad_ws/install/agbot_description/share/agbot_description//urdf/agbot_arm.urdf
[1.275s] -- Up-to-date: /home/albert/rad_ws/install/agbot_description/share/agbot_description//urdf/agbot_common_properties.xacro
[1.275s] -- Up-to-date: /home/albert/rad_ws/install/agbot_description/share/agbot_description//urdf/agbot_arm.xacro
[1.275s] -- Up-to-date: /home/albert/rad_ws/install/agbot_description/share/agbot_description//urdf/agbot.urdf.xacro
[1.276s] -- Up-to-date: /home/albert/rad_ws/install/agbot_description/share/agbot_description//worlds
[1.291s] -- Up-to-date: /home/albert/rad_ws/install/agbot_description/share/agbot_description//worlds/test_world.world
[1.292s] -- Up-to-date: /home/albert/rad_ws/install/agbot_description/share/agbot_description//worlds/smalltown.world
[1.292s] -- Up-to-date: /home/albert/rad_ws/install/agbot_description/share/agbot_description//worlds/turtlebot3_world.world
[1.292s] -- Up-to-date: /home/albert/rad_ws/install/agbot_description/share/agbot_description//worlds/new_world.world
[1.293s] -- Up-to-date: /home/albert/rad_ws/install/agbot_description/share/agbot_description//worlds/house.world
[1.293s] -- Up-to-date: /home/albert/rad_ws/install/agbot_description/share/agbot_description//worlds/new_world-old.world
[1.293s] -- Up-to-date: /home/albert/rad_ws/install/agbot_description/share/agbot_description//worlds/empty_world.world
[1.295s] -- Up-to-date: /home/albert/rad_ws/install/agbot_description/share/ament_index/resource_index/package_run_dependencies/agbot_description
[1.301s] -- Up-to-date: /home/albert/rad_ws/install/agbot_description/share/ament_index/resource_index/parent_prefix_path/agbot_description
[1.305s] -- Up-to-date: /home/albert/rad_ws/install/agbot_description/share/agbot_description/environment/ament_prefix_path.sh
[1.305s] -- Up-to-date: /home/albert/rad_ws/install/agbot_description/share/agbot_description/environment/ament_prefix_path.dsv
[1.306s] -- Up-to-date: /home/albert/rad_ws/install/agbot_description/share/agbot_description/environment/path.sh
[1.306s] -- Up-to-date: /home/albert/rad_ws/install/agbot_description/share/agbot_description/environment/path.dsv
[1.306s] -- Up-to-date: /home/albert/rad_ws/install/agbot_description/share/agbot_description/local_setup.bash
[1.306s] -- Up-to-date: /home/albert/rad_ws/install/agbot_description/share/agbot_description/local_setup.sh
[1.307s] -- Up-to-date: /home/albert/rad_ws/install/agbot_description/share/agbot_description/local_setup.zsh
[1.307s] -- Up-to-date: /home/albert/rad_ws/install/agbot_description/share/agbot_description/local_setup.dsv
[1.307s] -- Installing: /home/albert/rad_ws/install/agbot_description/share/agbot_description/package.dsv
[1.308s] -- Up-to-date: /home/albert/rad_ws/install/agbot_description/share/ament_index/resource_index/packages/agbot_description
[1.308s] -- Up-to-date: /home/albert/rad_ws/install/agbot_description/share/agbot_description/cmake/agbot_descriptionConfig.cmake
[1.308s] -- Up-to-date: /home/albert/rad_ws/install/agbot_description/share/agbot_description/cmake/agbot_descriptionConfig-version.cmake
[1.308s] -- Up-to-date: /home/albert/rad_ws/install/agbot_description/share/agbot_description/package.xml
[1.378s] Invoked command in '/home/albert/rad_ws/build/agbot_description' returned '0': CMAKE_PREFIX_PATH=${CMAKE_PREFIX_PATH}:/home/albert/rad_ws/install/agbot_teleop:/home/albert/rad_ws/install/agbot_py:/home/albert/ws_moveit2/install/moveit_configs_utils:/home/albert/ws_moveit2/install/launch_param_builder:/home/albert/umov_ws/install/arduino_py_examples:/home/albert/udem2_ws/install/actions_py:/home/albert/udem2_ws/install/lifecycle_py:/home/albert/udem2_ws/install/executors_py:/home/albert/udem2_ws/install/components_py:/home/albert/udem_ws/install/turtlesim_catcher:/home/albert/udem_ws/install/my_py_pkg:/home/albert/udem_ws/install/lifecycle_py:/home/albert/bcdc_ws/install/agbot_teleop:/home/albert/bcdc_ws/install/agbot_py:/home/albert/arduinobot_ws/install/arduinobot_py_examples:/opt/ros/humble /home/albert/.local/bin/cmake --install /home/albert/rad_ws/build/agbot_description
