[0.161s] Invoking command in '/home/albert/rad_ws/build/agbot_arm_controller': CMAKE_PREFIX_PATH=${CMAKE_PREFIX_PATH}:/home/albert/rad_ws/install/agbot_teleop:/home/albert/rad_ws/install/agbot_py:/home/albert/ws_moveit2/install/moveit_configs_utils:/home/albert/ws_moveit2/install/launch_param_builder:/home/albert/umov_ws/install/arduino_py_examples:/home/albert/udem2_ws/install/actions_py:/home/albert/udem2_ws/install/lifecycle_py:/home/albert/udem2_ws/install/executors_py:/home/albert/udem2_ws/install/components_py:/home/albert/udem_ws/install/turtlesim_catcher:/home/albert/udem_ws/install/my_py_pkg:/home/albert/udem_ws/install/lifecycle_py:/home/albert/bcdc_ws/install/agbot_teleop:/home/albert/bcdc_ws/install/agbot_py:/home/albert/arduinobot_ws/install/arduinobot_py_examples:/opt/ros/humble /home/albert/.local/bin/cmake /home/albert/rad_ws/src/agbot_arm_controller -DCMAKE_INSTALL_PREFIX=/home/albert/rad_ws/install/agbot_arm_controller
[0.420s] -- The C compiler identification is GNU 11.4.0
[0.706s] -- The CXX compiler identification is GNU 11.4.0
[0.768s] -- Detecting C compiler ABI info
[1.143s] -- Detecting C compiler ABI info - done
[1.253s] -- Check for working C compiler: /usr/bin/cc - skipped
[1.256s] -- Detecting C compile features
[1.257s] -- Detecting C compile features - done
[1.271s] -- Detecting CXX compiler ABI info
[1.652s] -- Detecting CXX compiler ABI info - done
[1.720s] -- Check for working CXX compiler: /usr/bin/c++ - skipped
[1.721s] -- Detecting CXX compile features
[1.722s] -- Detecting CXX compile features - done
[1.759s] -- Found ament_cmake: 1.3.10 (/opt/ros/humble/share/ament_cmake/cmake)
[2.624s] -- Found Python3: /usr/bin/python3 (found version "3.10.12") found components: Interpreter
[3.443s] -- Found trajectory_msgs: 4.2.4 (/opt/ros/humble/share/trajectory_msgs/cmake)
[3.881s] -- Found rosidl_generator_c: 3.1.5 (/opt/ros/humble/share/rosidl_generator_c/cmake)
[3.957s] -- Found rosidl_adapter: 3.1.5 (/opt/ros/humble/share/rosidl_adapter/cmake)
[4.044s] -- Found rosidl_generator_cpp: 3.1.5 (/opt/ros/humble/share/rosidl_generator_cpp/cmake)
[4.212s] -- Using all available rosidl_typesupport_c: rosidl_typesupport_fastrtps_c;rosidl_typesupport_introspection_c
[4.475s] -- Using all available rosidl_typesupport_cpp: rosidl_typesupport_fastrtps_cpp;rosidl_typesupport_introspection_cpp
[5.000s] -- Found sensor_msgs: 4.2.4 (/opt/ros/humble/share/sensor_msgs/cmake)
[5.114s] -- Found rclcpp: 16.0.10 (/opt/ros/humble/share/rclcpp/cmake)
[5.552s] -- Found rmw_implementation_cmake: 6.1.2 (/opt/ros/humble/share/rmw_implementation_cmake/cmake)
[5.616s] -- Found rmw_cyclonedds_cpp: 1.3.4 (/opt/ros/humble/share/rmw_cyclonedds_cpp/cmake)
[5.902s] -- Using RMW implementation 'rmw_cyclonedds_cpp' as default
[6.012s] -- Performing Test CMAKE_HAVE_LIBC_PTHREAD
[6.281s] -- Performing Test CMAKE_HAVE_LIBC_PTHREAD - Success
[6.284s] -- Found Threads: TRUE
[6.706s] -- Found rclpy: 3.3.14 (/opt/ros/humble/share/rclpy/cmake)
[6.759s] -- Found ament_lint_auto: 0.12.11 (/opt/ros/humble/share/ament_lint_auto/cmake)
[7.236s] -- Added test 'flake8' to check Python code syntax and style conventions
[7.245s] -- Added test 'lint_cmake' to check CMake code style
[7.257s] -- Added test 'pep257' to check Python code against some of the docstring style conventions in PEP 257
[7.264s] -- Added test 'xmllint' to check XML markup files
[7.281s] -- Configuring done (7.1s)
[7.293s] -- Generating done (0.0s)
[7.298s] -- Build files have been written to: /home/albert/rad_ws/build/agbot_arm_controller
[7.319s] Invoked command in '/home/albert/rad_ws/build/agbot_arm_controller' returned '0': CMAKE_PREFIX_PATH=${CMAKE_PREFIX_PATH}:/home/albert/rad_ws/install/agbot_teleop:/home/albert/rad_ws/install/agbot_py:/home/albert/ws_moveit2/install/moveit_configs_utils:/home/albert/ws_moveit2/install/launch_param_builder:/home/albert/umov_ws/install/arduino_py_examples:/home/albert/udem2_ws/install/actions_py:/home/albert/udem2_ws/install/lifecycle_py:/home/albert/udem2_ws/install/executors_py:/home/albert/udem2_ws/install/components_py:/home/albert/udem_ws/install/turtlesim_catcher:/home/albert/udem_ws/install/my_py_pkg:/home/albert/udem_ws/install/lifecycle_py:/home/albert/bcdc_ws/install/agbot_teleop:/home/albert/bcdc_ws/install/agbot_py:/home/albert/arduinobot_ws/install/arduinobot_py_examples:/opt/ros/humble /home/albert/.local/bin/cmake /home/albert/rad_ws/src/agbot_arm_controller -DCMAKE_INSTALL_PREFIX=/home/albert/rad_ws/install/agbot_arm_controller
[7.321s] Invoking command in '/home/albert/rad_ws/build/agbot_arm_controller': CMAKE_PREFIX_PATH=${CMAKE_PREFIX_PATH}:/home/albert/rad_ws/install/agbot_teleop:/home/albert/rad_ws/install/agbot_py:/home/albert/ws_moveit2/install/moveit_configs_utils:/home/albert/ws_moveit2/install/launch_param_builder:/home/albert/umov_ws/install/arduino_py_examples:/home/albert/udem2_ws/install/actions_py:/home/albert/udem2_ws/install/lifecycle_py:/home/albert/udem2_ws/install/executors_py:/home/albert/udem2_ws/install/components_py:/home/albert/udem_ws/install/turtlesim_catcher:/home/albert/udem_ws/install/my_py_pkg:/home/albert/udem_ws/install/lifecycle_py:/home/albert/bcdc_ws/install/agbot_teleop:/home/albert/bcdc_ws/install/agbot_py:/home/albert/arduinobot_ws/install/arduinobot_py_examples:/opt/ros/humble /home/albert/.local/bin/cmake --build /home/albert/rad_ws/build/agbot_arm_controller -- -j8 -l8
[7.387s] Invoked command in '/home/albert/rad_ws/build/agbot_arm_controller' returned '0': CMAKE_PREFIX_PATH=${CMAKE_PREFIX_PATH}:/home/albert/rad_ws/install/agbot_teleop:/home/albert/rad_ws/install/agbot_py:/home/albert/ws_moveit2/install/moveit_configs_utils:/home/albert/ws_moveit2/install/launch_param_builder:/home/albert/umov_ws/install/arduino_py_examples:/home/albert/udem2_ws/install/actions_py:/home/albert/udem2_ws/install/lifecycle_py:/home/albert/udem2_ws/install/executors_py:/home/albert/udem2_ws/install/components_py:/home/albert/udem_ws/install/turtlesim_catcher:/home/albert/udem_ws/install/my_py_pkg:/home/albert/udem_ws/install/lifecycle_py:/home/albert/bcdc_ws/install/agbot_teleop:/home/albert/bcdc_ws/install/agbot_py:/home/albert/arduinobot_ws/install/arduinobot_py_examples:/opt/ros/humble /home/albert/.local/bin/cmake --build /home/albert/rad_ws/build/agbot_arm_controller -- -j8 -l8
[7.493s] Invoking command in '/home/albert/rad_ws/build/agbot_arm_controller': CMAKE_PREFIX_PATH=${CMAKE_PREFIX_PATH}:/home/albert/rad_ws/install/agbot_teleop:/home/albert/rad_ws/install/agbot_py:/home/albert/ws_moveit2/install/moveit_configs_utils:/home/albert/ws_moveit2/install/launch_param_builder:/home/albert/umov_ws/install/arduino_py_examples:/home/albert/udem2_ws/install/actions_py:/home/albert/udem2_ws/install/lifecycle_py:/home/albert/udem2_ws/install/executors_py:/home/albert/udem2_ws/install/components_py:/home/albert/udem_ws/install/turtlesim_catcher:/home/albert/udem_ws/install/my_py_pkg:/home/albert/udem_ws/install/lifecycle_py:/home/albert/bcdc_ws/install/agbot_teleop:/home/albert/bcdc_ws/install/agbot_py:/home/albert/arduinobot_ws/install/arduinobot_py_examples:/opt/ros/humble /home/albert/.local/bin/cmake --install /home/albert/rad_ws/build/agbot_arm_controller
[7.515s] -- Install configuration: ""
[7.515s] -- Installing: /home/albert/rad_ws/install/agbot_arm_controller/share/agbot_arm_controller/config
[7.515s] -- Installing: /home/albert/rad_ws/install/agbot_arm_controller/share/agbot_arm_controller/config/ros2_controllers.yaml
[7.515s] -- Installing: /home/albert/rad_ws/install/agbot_arm_controller/share/agbot_arm_controller/config/agbot_arm_controllers.yaml
[7.515s] -- Installing: /home/albert/rad_ws/install/agbot_arm_controller/share/agbot_arm_controller/launch
[7.516s] -- Installing: /home/albert/rad_ws/install/agbot_arm_controller/share/agbot_arm_controller/launch/controller.launch.py
[7.521s] -- Installing: /home/albert/rad_ws/install/agbot_arm_controller/share/ament_index/resource_index/package_run_dependencies/agbot_arm_controller
[7.522s] -- Installing: /home/albert/rad_ws/install/agbot_arm_controller/share/ament_index/resource_index/parent_prefix_path/agbot_arm_controller
[7.522s] -- Installing: /home/albert/rad_ws/install/agbot_arm_controller/share/agbot_arm_controller/environment/ament_prefix_path.sh
[7.522s] -- Installing: /home/albert/rad_ws/install/agbot_arm_controller/share/agbot_arm_controller/environment/ament_prefix_path.dsv
[7.522s] -- Installing: /home/albert/rad_ws/install/agbot_arm_controller/share/agbot_arm_controller/environment/path.sh
[7.523s] -- Installing: /home/albert/rad_ws/install/agbot_arm_controller/share/agbot_arm_controller/environment/path.dsv
[7.523s] -- Installing: /home/albert/rad_ws/install/agbot_arm_controller/share/agbot_arm_controller/local_setup.bash
[7.528s] -- Installing: /home/albert/rad_ws/install/agbot_arm_controller/share/agbot_arm_controller/local_setup.sh
[7.529s] -- Installing: /home/albert/rad_ws/install/agbot_arm_controller/share/agbot_arm_controller/local_setup.zsh
[7.530s] -- Installing: /home/albert/rad_ws/install/agbot_arm_controller/share/agbot_arm_controller/local_setup.dsv
[7.530s] -- Installing: /home/albert/rad_ws/install/agbot_arm_controller/share/agbot_arm_controller/package.dsv
[7.530s] -- Installing: /home/albert/rad_ws/install/agbot_arm_controller/share/ament_index/resource_index/packages/agbot_arm_controller
[7.530s] -- Installing: /home/albert/rad_ws/install/agbot_arm_controller/share/agbot_arm_controller/cmake/agbot_arm_controllerConfig.cmake
[7.530s] -- Installing: /home/albert/rad_ws/install/agbot_arm_controller/share/agbot_arm_controller/cmake/agbot_arm_controllerConfig-version.cmake
[7.531s] -- Installing: /home/albert/rad_ws/install/agbot_arm_controller/share/agbot_arm_controller/package.xml
[7.538s] Invoked command in '/home/albert/rad_ws/build/agbot_arm_controller' returned '0': CMAKE_PREFIX_PATH=${CMAKE_PREFIX_PATH}:/home/albert/rad_ws/install/agbot_teleop:/home/albert/rad_ws/install/agbot_py:/home/albert/ws_moveit2/install/moveit_configs_utils:/home/albert/ws_moveit2/install/launch_param_builder:/home/albert/umov_ws/install/arduino_py_examples:/home/albert/udem2_ws/install/actions_py:/home/albert/udem2_ws/install/lifecycle_py:/home/albert/udem2_ws/install/executors_py:/home/albert/udem2_ws/install/components_py:/home/albert/udem_ws/install/turtlesim_catcher:/home/albert/udem_ws/install/my_py_pkg:/home/albert/udem_ws/install/lifecycle_py:/home/albert/bcdc_ws/install/agbot_teleop:/home/albert/bcdc_ws/install/agbot_py:/home/albert/arduinobot_ws/install/arduinobot_py_examples:/opt/ros/humble /home/albert/.local/bin/cmake --install /home/albert/rad_ws/build/agbot_arm_controller
