[1.251s] Invoking command in '/home/albert/rad_ws/src/agbot_py': PYTHONPATH=/home/albert/rad_ws/build/agbot_py/prefix_override:/usr/lib/python3/dist-packages/colcon_core/task/python/colcon_distutils_commands:/home/albert/rad_ws/install/agbot_py/lib/python3.10/site-packages:${PYTHONPATH} /usr/bin/python3 -W ignore:setup.py install is deprecated setup.py egg_info --egg-base ../../build/agbot_py build --build-base /home/albert/rad_ws/build/agbot_py/build install --record /home/albert/rad_ws/build/agbot_py/install.log --single-version-externally-managed install_data
[1.681s] running egg_info
[1.682s] writing ../../build/agbot_py/agbot_py.egg-info/PKG-INFO
[1.682s] writing dependency_links to ../../build/agbot_py/agbot_py.egg-info/dependency_links.txt
[1.682s] writing entry points to ../../build/agbot_py/agbot_py.egg-info/entry_points.txt
[1.682s] writing requirements to ../../build/agbot_py/agbot_py.egg-info/requires.txt
[1.682s] writing top-level names to ../../build/agbot_py/agbot_py.egg-info/top_level.txt
[1.684s] reading manifest file '../../build/agbot_py/agbot_py.egg-info/SOURCES.txt'
[1.685s] writing manifest file '../../build/agbot_py/agbot_py.egg-info/SOURCES.txt'
[1.685s] running build
[1.686s] running build_py
[1.686s] running install
[1.686s] running install_lib
[1.687s] running install_data
[1.687s] running install_egg_info
[1.689s] removing '/home/albert/rad_ws/install/agbot_py/lib/python3.10/site-packages/agbot_py-0.0.0-py3.10.egg-info' (and everything under it)
[1.689s] Copying ../../build/agbot_py/agbot_py.egg-info to /home/albert/rad_ws/install/agbot_py/lib/python3.10/site-packages/agbot_py-0.0.0-py3.10.egg-info
[1.690s] running install_scripts
[1.712s] writing list of installed files to '/home/albert/rad_ws/build/agbot_py/install.log'
[1.745s] Invoked command in '/home/albert/rad_ws/src/agbot_py' returned '0': PYTHONPATH=/home/albert/rad_ws/build/agbot_py/prefix_override:/usr/lib/python3/dist-packages/colcon_core/task/python/colcon_distutils_commands:/home/albert/rad_ws/install/agbot_py/lib/python3.10/site-packages:${PYTHONPATH} /usr/bin/python3 -W ignore:setup.py install is deprecated setup.py egg_info --egg-base ../../build/agbot_py build --build-base /home/albert/rad_ws/build/agbot_py/build install --record /home/albert/rad_ws/build/agbot_py/install.log --single-version-externally-managed install_data
