[0.068s] Invoking command in '/home/albert/rad_ws/build/agbot_navigation': CMAKE_PREFIX_PATH=${CMAKE_PREFIX_PATH}:/home/albert/rad_ws/install/agbot_teleop:/home/albert/rad_ws/install/agbot_py:/home/albert/ws_moveit2/install/moveit_configs_utils:/home/albert/ws_moveit2/install/launch_param_builder:/home/albert/umov_ws/install/arduino_py_examples:/home/albert/udem2_ws/install/actions_py:/home/albert/udem2_ws/install/lifecycle_py:/home/albert/udem2_ws/install/executors_py:/home/albert/udem2_ws/install/components_py:/home/albert/udem_ws/install/turtlesim_catcher:/home/albert/udem_ws/install/my_py_pkg:/home/albert/udem_ws/install/lifecycle_py:/home/albert/bcdc_ws/install/agbot_teleop:/home/albert/bcdc_ws/install/agbot_py:/home/albert/arduinobot_ws/install/arduinobot_py_examples:/opt/ros/humble /home/albert/.local/bin/cmake --build /home/albert/rad_ws/build/agbot_navigation -- -j8 -l8
[0.538s] Invoked command in '/home/albert/rad_ws/build/agbot_navigation' returned '0': CMAKE_PREFIX_PATH=${CMAKE_PREFIX_PATH}:/home/albert/rad_ws/install/agbot_teleop:/home/albert/rad_ws/install/agbot_py:/home/albert/ws_moveit2/install/moveit_configs_utils:/home/albert/ws_moveit2/install/launch_param_builder:/home/albert/umov_ws/install/arduino_py_examples:/home/albert/udem2_ws/install/actions_py:/home/albert/udem2_ws/install/lifecycle_py:/home/albert/udem2_ws/install/executors_py:/home/albert/udem2_ws/install/components_py:/home/albert/udem_ws/install/turtlesim_catcher:/home/albert/udem_ws/install/my_py_pkg:/home/albert/udem_ws/install/lifecycle_py:/home/albert/bcdc_ws/install/agbot_teleop:/home/albert/bcdc_ws/install/agbot_py:/home/albert/arduinobot_ws/install/arduinobot_py_examples:/opt/ros/humble /home/albert/.local/bin/cmake --build /home/albert/rad_ws/build/agbot_navigation -- -j8 -l8
[0.648s] Invoking command in '/home/albert/rad_ws/build/agbot_navigation': CMAKE_PREFIX_PATH=${CMAKE_PREFIX_PATH}:/home/albert/rad_ws/install/agbot_teleop:/home/albert/rad_ws/install/agbot_py:/home/albert/ws_moveit2/install/moveit_configs_utils:/home/albert/ws_moveit2/install/launch_param_builder:/home/albert/umov_ws/install/arduino_py_examples:/home/albert/udem2_ws/install/actions_py:/home/albert/udem2_ws/install/lifecycle_py:/home/albert/udem2_ws/install/executors_py:/home/albert/udem2_ws/install/components_py:/home/albert/udem_ws/install/turtlesim_catcher:/home/albert/udem_ws/install/my_py_pkg:/home/albert/udem_ws/install/lifecycle_py:/home/albert/bcdc_ws/install/agbot_teleop:/home/albert/bcdc_ws/install/agbot_py:/home/albert/arduinobot_ws/install/arduinobot_py_examples:/opt/ros/humble /home/albert/.local/bin/cmake --install /home/albert/rad_ws/build/agbot_navigation
[0.673s] -- Install configuration: ""
[0.673s] -- Up-to-date: /home/albert/rad_ws/install/agbot_navigation/share/agbot_navigation/launch
[0.673s] -- Up-to-date: /home/albert/rad_ws/install/agbot_navigation/share/agbot_navigation/launch/agbot_nav2.launch.py
[0.673s] -- Up-to-date: /home/albert/rad_ws/install/agbot_navigation/share/agbot_navigation/map
[0.673s] -- Up-to-date: /home/albert/rad_ws/install/agbot_navigation/share/agbot_navigation/map/home.pgm
[0.673s] -- Up-to-date: /home/albert/rad_ws/install/agbot_navigation/share/agbot_navigation/map/home.yaml
[0.674s] -- Up-to-date: /home/albert/rad_ws/install/agbot_navigation/share/agbot_navigation/param
[0.674s] -- Up-to-date: /home/albert/rad_ws/install/agbot_navigation/share/agbot_navigation/param/agbot_nav.yaml
[0.674s] -- Up-to-date: /home/albert/rad_ws/install/agbot_navigation/share/agbot_navigation/rviz
[0.674s] -- Up-to-date: /home/albert/rad_ws/install/agbot_navigation/share/agbot_navigation/rviz/agbot_config.rviz
[0.674s] -- Up-to-date: /home/albert/rad_ws/install/agbot_navigation/share/ament_index/resource_index/package_run_dependencies/agbot_navigation
[0.674s] -- Up-to-date: /home/albert/rad_ws/install/agbot_navigation/share/ament_index/resource_index/parent_prefix_path/agbot_navigation
[0.674s] -- Up-to-date: /home/albert/rad_ws/install/agbot_navigation/share/agbot_navigation/environment/ament_prefix_path.sh
[0.675s] -- Up-to-date: /home/albert/rad_ws/install/agbot_navigation/share/agbot_navigation/environment/ament_prefix_path.dsv
[0.675s] -- Up-to-date: /home/albert/rad_ws/install/agbot_navigation/share/agbot_navigation/environment/path.sh
[0.675s] -- Up-to-date: /home/albert/rad_ws/install/agbot_navigation/share/agbot_navigation/environment/path.dsv
[0.675s] -- Up-to-date: /home/albert/rad_ws/install/agbot_navigation/share/agbot_navigation/local_setup.bash
[0.675s] -- Up-to-date: /home/albert/rad_ws/install/agbot_navigation/share/agbot_navigation/local_setup.sh
[0.675s] -- Up-to-date: /home/albert/rad_ws/install/agbot_navigation/share/agbot_navigation/local_setup.zsh
[0.675s] -- Up-to-date: /home/albert/rad_ws/install/agbot_navigation/share/agbot_navigation/local_setup.dsv
[0.676s] -- Installing: /home/albert/rad_ws/install/agbot_navigation/share/agbot_navigation/package.dsv
[0.676s] -- Up-to-date: /home/albert/rad_ws/install/agbot_navigation/share/ament_index/resource_index/packages/agbot_navigation
[0.676s] -- Up-to-date: /home/albert/rad_ws/install/agbot_navigation/share/agbot_navigation/cmake/agbot_navigationConfig.cmake
[0.676s] -- Up-to-date: /home/albert/rad_ws/install/agbot_navigation/share/agbot_navigation/cmake/agbot_navigationConfig-version.cmake
[0.676s] -- Up-to-date: /home/albert/rad_ws/install/agbot_navigation/share/agbot_navigation/package.xml
[0.710s] Invoked command in '/home/albert/rad_ws/build/agbot_navigation' returned '0': CMAKE_PREFIX_PATH=${CMAKE_PREFIX_PATH}:/home/albert/rad_ws/install/agbot_teleop:/home/albert/rad_ws/install/agbot_py:/home/albert/ws_moveit2/install/moveit_configs_utils:/home/albert/ws_moveit2/install/launch_param_builder:/home/albert/umov_ws/install/arduino_py_examples:/home/albert/udem2_ws/install/actions_py:/home/albert/udem2_ws/install/lifecycle_py:/home/albert/udem2_ws/install/executors_py:/home/albert/udem2_ws/install/components_py:/home/albert/udem_ws/install/turtlesim_catcher:/home/albert/udem_ws/install/my_py_pkg:/home/albert/udem_ws/install/lifecycle_py:/home/albert/bcdc_ws/install/agbot_teleop:/home/albert/bcdc_ws/install/agbot_py:/home/albert/arduinobot_ws/install/arduinobot_py_examples:/opt/ros/humble /home/albert/.local/bin/cmake --install /home/albert/rad_ws/build/agbot_navigation
