[1.894s] Invoking command in '/home/albert/rad_ws/src/agbot_py': PYTHONPATH=/home/albert/rad_ws/build/agbot_py/prefix_override:/usr/lib/python3/dist-packages/colcon_core/task/python/colcon_distutils_commands:/home/albert/rad_ws/install/agbot_py/lib/python3.10/site-packages:${PYTHONPATH} /usr/bin/python3 -W ignore:setup.py install is deprecated setup.py egg_info --egg-base ../../build/agbot_py build --build-base /home/albert/rad_ws/build/agbot_py/build install --record /home/albert/rad_ws/build/agbot_py/install.log --single-version-externally-managed install_data
[2.355s] running egg_info
[2.355s] writing ../../build/agbot_py/agbot_py.egg-info/PKG-INFO
[2.356s] writing dependency_links to ../../build/agbot_py/agbot_py.egg-info/dependency_links.txt
[2.356s] writing entry points to ../../build/agbot_py/agbot_py.egg-info/entry_points.txt
[2.356s] writing requirements to ../../build/agbot_py/agbot_py.egg-info/requires.txt
[2.356s] writing top-level names to ../../build/agbot_py/agbot_py.egg-info/top_level.txt
[2.359s] reading manifest file '../../build/agbot_py/agbot_py.egg-info/SOURCES.txt'
[2.360s] writing manifest file '../../build/agbot_py/agbot_py.egg-info/SOURCES.txt'
[2.360s] running build
[2.360s] running build_py
[2.360s] running install
[2.361s] running install_lib
[2.362s] running install_data
[2.362s] running install_egg_info
[2.364s] removing '/home/albert/rad_ws/install/agbot_py/lib/python3.10/site-packages/agbot_py-0.0.0-py3.10.egg-info' (and everything under it)
[2.365s] Copying ../../build/agbot_py/agbot_py.egg-info to /home/albert/rad_ws/install/agbot_py/lib/python3.10/site-packages/agbot_py-0.0.0-py3.10.egg-info
[2.366s] running install_scripts
[2.394s] writing list of installed files to '/home/albert/rad_ws/build/agbot_py/install.log'
[2.430s] Invoked command in '/home/albert/rad_ws/src/agbot_py' returned '0': PYTHONPATH=/home/albert/rad_ws/build/agbot_py/prefix_override:/usr/lib/python3/dist-packages/colcon_core/task/python/colcon_distutils_commands:/home/albert/rad_ws/install/agbot_py/lib/python3.10/site-packages:${PYTHONPATH} /usr/bin/python3 -W ignore:setup.py install is deprecated setup.py egg_info --egg-base ../../build/agbot_py build --build-base /home/albert/rad_ws/build/agbot_py/build install --record /home/albert/rad_ws/build/agbot_py/install.log --single-version-externally-managed install_data
