[0.268s] Invoking command in '/home/albert/rad_ws/build/agbot_full_controller': CMAKE_PREFIX_PATH=${CMAKE_PREFIX_PATH}:/home/albert/rad_ws/install/agbot_teleop:/home/albert/rad_ws/install/agbot_py:/home/albert/ws_moveit2/install/moveit_configs_utils:/home/albert/ws_moveit2/install/launch_param_builder:/home/albert/umov_ws/install/arduino_py_examples:/home/albert/udem2_ws/install/actions_py:/home/albert/udem2_ws/install/lifecycle_py:/home/albert/udem2_ws/install/executors_py:/home/albert/udem2_ws/install/components_py:/home/albert/udem_ws/install/turtlesim_catcher:/home/albert/udem_ws/install/my_py_pkg:/home/albert/udem_ws/install/lifecycle_py:/home/albert/bcdc_ws/install/agbot_teleop:/home/albert/bcdc_ws/install/agbot_py:/home/albert/arduinobot_ws/install/arduinobot_py_examples:/opt/ros/humble /home/albert/.local/bin/cmake /home/albert/rad_ws/src/agbot_full_controller -DCMAKE_INSTALL_PREFIX=/home/albert/rad_ws/install/agbot_full_controller
[7.330s] -- The C compiler identification is GNU 11.4.0
[7.330s] -- The CXX compiler identification is GNU 11.4.0
[7.331s] -- Detecting C compiler ABI info
[7.331s] -- Detecting C compiler ABI info - done
[7.332s] -- Check for working C compiler: /usr/bin/cc - skipped
[7.332s] -- Detecting C compile features
[7.336s] -- Detecting C compile features - done
[7.339s] -- Detecting CXX compiler ABI info
[7.342s] -- Detecting CXX compiler ABI info - done
[7.343s] -- Check for working CXX compiler: /usr/bin/c++ - skipped
[7.352s] -- Detecting CXX compile features
[7.353s] -- Detecting CXX compile features - done
[7.354s] -- Found ament_cmake: 1.3.10 (/opt/ros/humble/share/ament_cmake/cmake)
[7.355s] -- Found Python3: /usr/bin/python3 (found version "3.10.12") found components: Interpreter
[7.356s] -- Found trajectory_msgs: 4.2.4 (/opt/ros/humble/share/trajectory_msgs/cmake)
[7.356s] -- Found rosidl_generator_c: 3.1.5 (/opt/ros/humble/share/rosidl_generator_c/cmake)
[7.357s] -- Found rosidl_adapter: 3.1.5 (/opt/ros/humble/share/rosidl_adapter/cmake)
[7.359s] -- Found rosidl_generator_cpp: 3.1.5 (/opt/ros/humble/share/rosidl_generator_cpp/cmake)
[7.359s] -- Using all available rosidl_typesupport_c: rosidl_typesupport_fastrtps_c;rosidl_typesupport_introspection_c
[7.666s] -- Using all available rosidl_typesupport_cpp: rosidl_typesupport_fastrtps_cpp;rosidl_typesupport_introspection_cpp
[8.516s] -- Found sensor_msgs: 4.2.4 (/opt/ros/humble/share/sensor_msgs/cmake)
[8.735s] -- Found rclcpp: 16.0.10 (/opt/ros/humble/share/rclcpp/cmake)
[9.457s] -- Found rmw_implementation_cmake: 6.1.2 (/opt/ros/humble/share/rmw_implementation_cmake/cmake)
[9.573s] -- Found rmw_cyclonedds_cpp: 1.3.4 (/opt/ros/humble/share/rmw_cyclonedds_cpp/cmake)
[10.080s] -- Using RMW implementation 'rmw_cyclonedds_cpp' as default
[10.254s] -- Performing Test CMAKE_HAVE_LIBC_PTHREAD
[10.818s] -- Performing Test CMAKE_HAVE_LIBC_PTHREAD - Success
[10.828s] -- Found Threads: TRUE
[11.492s] -- Found rclpy: 3.3.14 (/opt/ros/humble/share/rclpy/cmake)
[11.551s] -- Found ament_lint_auto: 0.12.11 (/opt/ros/humble/share/ament_lint_auto/cmake)
[12.625s] -- Added test 'flake8' to check Python code syntax and style conventions
[12.642s] -- Added test 'lint_cmake' to check CMake code style
[12.658s] -- Added test 'pep257' to check Python code against some of the docstring style conventions in PEP 257
[12.683s] -- Added test 'xmllint' to check XML markup files
[12.748s] -- Configuring done (12.5s)
[12.777s] -- Generating done (0.0s)
[12.785s] -- Build files have been written to: /home/albert/rad_ws/build/agbot_full_controller
[14.206s] Invoked command in '/home/albert/rad_ws/build/agbot_full_controller' returned '0': CMAKE_PREFIX_PATH=${CMAKE_PREFIX_PATH}:/home/albert/rad_ws/install/agbot_teleop:/home/albert/rad_ws/install/agbot_py:/home/albert/ws_moveit2/install/moveit_configs_utils:/home/albert/ws_moveit2/install/launch_param_builder:/home/albert/umov_ws/install/arduino_py_examples:/home/albert/udem2_ws/install/actions_py:/home/albert/udem2_ws/install/lifecycle_py:/home/albert/udem2_ws/install/executors_py:/home/albert/udem2_ws/install/components_py:/home/albert/udem_ws/install/turtlesim_catcher:/home/albert/udem_ws/install/my_py_pkg:/home/albert/udem_ws/install/lifecycle_py:/home/albert/bcdc_ws/install/agbot_teleop:/home/albert/bcdc_ws/install/agbot_py:/home/albert/arduinobot_ws/install/arduinobot_py_examples:/opt/ros/humble /home/albert/.local/bin/cmake /home/albert/rad_ws/src/agbot_full_controller -DCMAKE_INSTALL_PREFIX=/home/albert/rad_ws/install/agbot_full_controller
[14.210s] Invoking command in '/home/albert/rad_ws/build/agbot_full_controller': CMAKE_PREFIX_PATH=${CMAKE_PREFIX_PATH}:/home/albert/rad_ws/install/agbot_teleop:/home/albert/rad_ws/install/agbot_py:/home/albert/ws_moveit2/install/moveit_configs_utils:/home/albert/ws_moveit2/install/launch_param_builder:/home/albert/umov_ws/install/arduino_py_examples:/home/albert/udem2_ws/install/actions_py:/home/albert/udem2_ws/install/lifecycle_py:/home/albert/udem2_ws/install/executors_py:/home/albert/udem2_ws/install/components_py:/home/albert/udem_ws/install/turtlesim_catcher:/home/albert/udem_ws/install/my_py_pkg:/home/albert/udem_ws/install/lifecycle_py:/home/albert/bcdc_ws/install/agbot_teleop:/home/albert/bcdc_ws/install/agbot_py:/home/albert/arduinobot_ws/install/arduinobot_py_examples:/opt/ros/humble /home/albert/.local/bin/cmake --build /home/albert/rad_ws/build/agbot_full_controller -- -j8 -l8
[14.297s] Invoked command in '/home/albert/rad_ws/build/agbot_full_controller' returned '0': CMAKE_PREFIX_PATH=${CMAKE_PREFIX_PATH}:/home/albert/rad_ws/install/agbot_teleop:/home/albert/rad_ws/install/agbot_py:/home/albert/ws_moveit2/install/moveit_configs_utils:/home/albert/ws_moveit2/install/launch_param_builder:/home/albert/umov_ws/install/arduino_py_examples:/home/albert/udem2_ws/install/actions_py:/home/albert/udem2_ws/install/lifecycle_py:/home/albert/udem2_ws/install/executors_py:/home/albert/udem2_ws/install/components_py:/home/albert/udem_ws/install/turtlesim_catcher:/home/albert/udem_ws/install/my_py_pkg:/home/albert/udem_ws/install/lifecycle_py:/home/albert/bcdc_ws/install/agbot_teleop:/home/albert/bcdc_ws/install/agbot_py:/home/albert/arduinobot_ws/install/arduinobot_py_examples:/opt/ros/humble /home/albert/.local/bin/cmake --build /home/albert/rad_ws/build/agbot_full_controller -- -j8 -l8
[14.461s] Invoking command in '/home/albert/rad_ws/build/agbot_full_controller': CMAKE_PREFIX_PATH=${CMAKE_PREFIX_PATH}:/home/albert/rad_ws/install/agbot_teleop:/home/albert/rad_ws/install/agbot_py:/home/albert/ws_moveit2/install/moveit_configs_utils:/home/albert/ws_moveit2/install/launch_param_builder:/home/albert/umov_ws/install/arduino_py_examples:/home/albert/udem2_ws/install/actions_py:/home/albert/udem2_ws/install/lifecycle_py:/home/albert/udem2_ws/install/executors_py:/home/albert/udem2_ws/install/components_py:/home/albert/udem_ws/install/turtlesim_catcher:/home/albert/udem_ws/install/my_py_pkg:/home/albert/udem_ws/install/lifecycle_py:/home/albert/bcdc_ws/install/agbot_teleop:/home/albert/bcdc_ws/install/agbot_py:/home/albert/arduinobot_ws/install/arduinobot_py_examples:/opt/ros/humble /home/albert/.local/bin/cmake --install /home/albert/rad_ws/build/agbot_full_controller
[14.500s] -- Install configuration: ""
[14.500s] -- Installing: /home/albert/rad_ws/install/agbot_full_controller/share/agbot_full_controller/config
[14.500s] -- Installing: /home/albert/rad_ws/install/agbot_full_controller/share/agbot_full_controller/config/agbot_full_controllers.yaml
[14.500s] -- Installing: /home/albert/rad_ws/install/agbot_full_controller/share/agbot_full_controller/launch
[14.501s] -- Installing: /home/albert/rad_ws/install/agbot_full_controller/share/agbot_full_controller/launch/controller.launch.py
[14.501s] -- Installing: /home/albert/rad_ws/install/agbot_full_controller/share/ament_index/resource_index/package_run_dependencies/agbot_full_controller
[14.501s] -- Installing: /home/albert/rad_ws/install/agbot_full_controller/share/ament_index/resource_index/parent_prefix_path/agbot_full_controller
[14.501s] -- Installing: /home/albert/rad_ws/install/agbot_full_controller/share/agbot_full_controller/environment/ament_prefix_path.sh
[14.505s] -- Installing: /home/albert/rad_ws/install/agbot_full_controller/share/agbot_full_controller/environment/ament_prefix_path.dsv
[14.505s] -- Installing: /home/albert/rad_ws/install/agbot_full_controller/share/agbot_full_controller/environment/path.sh
[14.505s] -- Installing: /home/albert/rad_ws/install/agbot_full_controller/share/agbot_full_controller/environment/path.dsv
[14.507s] -- Installing: /home/albert/rad_ws/install/agbot_full_controller/share/agbot_full_controller/local_setup.bash
[14.507s] -- Installing: /home/albert/rad_ws/install/agbot_full_controller/share/agbot_full_controller/local_setup.sh
[14.508s] -- Installing: /home/albert/rad_ws/install/agbot_full_controller/share/agbot_full_controller/local_setup.zsh
[14.508s] -- Installing: /home/albert/rad_ws/install/agbot_full_controller/share/agbot_full_controller/local_setup.dsv
[14.515s] -- Installing: /home/albert/rad_ws/install/agbot_full_controller/share/agbot_full_controller/package.dsv
[14.515s] -- Installing: /home/albert/rad_ws/install/agbot_full_controller/share/ament_index/resource_index/packages/agbot_full_controller
[14.521s] -- Installing: /home/albert/rad_ws/install/agbot_full_controller/share/agbot_full_controller/cmake/agbot_full_controllerConfig.cmake
[14.521s] -- Installing: /home/albert/rad_ws/install/agbot_full_controller/share/agbot_full_controller/cmake/agbot_full_controllerConfig-version.cmake
[14.521s] -- Installing: /home/albert/rad_ws/install/agbot_full_controller/share/agbot_full_controller/package.xml
[14.571s] Invoked command in '/home/albert/rad_ws/build/agbot_full_controller' returned '0': CMAKE_PREFIX_PATH=${CMAKE_PREFIX_PATH}:/home/albert/rad_ws/install/agbot_teleop:/home/albert/rad_ws/install/agbot_py:/home/albert/ws_moveit2/install/moveit_configs_utils:/home/albert/ws_moveit2/install/launch_param_builder:/home/albert/umov_ws/install/arduino_py_examples:/home/albert/udem2_ws/install/actions_py:/home/albert/udem2_ws/install/lifecycle_py:/home/albert/udem2_ws/install/executors_py:/home/albert/udem2_ws/install/components_py:/home/albert/udem_ws/install/turtlesim_catcher:/home/albert/udem_ws/install/my_py_pkg:/home/albert/udem_ws/install/lifecycle_py:/home/albert/bcdc_ws/install/agbot_teleop:/home/albert/bcdc_ws/install/agbot_py:/home/albert/arduinobot_ws/install/arduinobot_py_examples:/opt/ros/humble /home/albert/.local/bin/cmake --install /home/albert/rad_ws/build/agbot_full_controller
