[0.064s] Invoking command in '/home/albert/rad_ws/build/agbot_full_description': CMAKE_PREFIX_PATH=${CMAKE_PREFIX_PATH}:/home/albert/rad_ws/install/agbot_teleop:/home/albert/rad_ws/install/agbot_py:/home/albert/ws_moveit2/install/moveit_configs_utils:/home/albert/ws_moveit2/install/launch_param_builder:/home/albert/umov_ws/install/arduino_py_examples:/home/albert/udem2_ws/install/actions_py:/home/albert/udem2_ws/install/lifecycle_py:/home/albert/udem2_ws/install/executors_py:/home/albert/udem2_ws/install/components_py:/home/albert/udem_ws/install/turtlesim_catcher:/home/albert/udem_ws/install/my_py_pkg:/home/albert/udem_ws/install/lifecycle_py:/home/albert/bcdc_ws/install/agbot_teleop:/home/albert/bcdc_ws/install/agbot_py:/home/albert/arduinobot_ws/install/arduinobot_py_examples:/opt/ros/humble /home/albert/.local/bin/cmake --build /home/albert/rad_ws/build/agbot_full_description -- -j8 -l8
[0.126s] Invoked command in '/home/albert/rad_ws/build/agbot_full_description' returned '0': CMAKE_PREFIX_PATH=${CMAKE_PREFIX_PATH}:/home/albert/rad_ws/install/agbot_teleop:/home/albert/rad_ws/install/agbot_py:/home/albert/ws_moveit2/install/moveit_configs_utils:/home/albert/ws_moveit2/install/launch_param_builder:/home/albert/umov_ws/install/arduino_py_examples:/home/albert/udem2_ws/install/actions_py:/home/albert/udem2_ws/install/lifecycle_py:/home/albert/udem2_ws/install/executors_py:/home/albert/udem2_ws/install/components_py:/home/albert/udem_ws/install/turtlesim_catcher:/home/albert/udem_ws/install/my_py_pkg:/home/albert/udem_ws/install/lifecycle_py:/home/albert/bcdc_ws/install/agbot_teleop:/home/albert/bcdc_ws/install/agbot_py:/home/albert/arduinobot_ws/install/arduinobot_py_examples:/opt/ros/humble /home/albert/.local/bin/cmake --build /home/albert/rad_ws/build/agbot_full_description -- -j8 -l8
[0.291s] Invoking command in '/home/albert/rad_ws/build/agbot_full_description': CMAKE_PREFIX_PATH=${CMAKE_PREFIX_PATH}:/home/albert/rad_ws/install/agbot_teleop:/home/albert/rad_ws/install/agbot_py:/home/albert/ws_moveit2/install/moveit_configs_utils:/home/albert/ws_moveit2/install/launch_param_builder:/home/albert/umov_ws/install/arduino_py_examples:/home/albert/udem2_ws/install/actions_py:/home/albert/udem2_ws/install/lifecycle_py:/home/albert/udem2_ws/install/executors_py:/home/albert/udem2_ws/install/components_py:/home/albert/udem_ws/install/turtlesim_catcher:/home/albert/udem_ws/install/my_py_pkg:/home/albert/udem_ws/install/lifecycle_py:/home/albert/bcdc_ws/install/agbot_teleop:/home/albert/bcdc_ws/install/agbot_py:/home/albert/arduinobot_ws/install/arduinobot_py_examples:/opt/ros/humble /home/albert/.local/bin/cmake --install /home/albert/rad_ws/build/agbot_full_description
[0.328s] -- Install configuration: ""
[0.328s] -- Up-to-date: /home/albert/rad_ws/install/agbot_full_description/share/ament_index/resource_index/package_run_dependencies/agbot_full_description
[0.328s] -- Up-to-date: /home/albert/rad_ws/install/agbot_full_description/share/ament_index/resource_index/parent_prefix_path/agbot_full_description
[0.328s] -- Up-to-date: /home/albert/rad_ws/install/agbot_full_description/share/agbot_full_description/environment/ament_prefix_path.sh
[0.328s] -- Up-to-date: /home/albert/rad_ws/install/agbot_full_description/share/agbot_full_description/environment/ament_prefix_path.dsv
[0.329s] -- Up-to-date: /home/albert/rad_ws/install/agbot_full_description/share/agbot_full_description/environment/path.sh
[0.329s] -- Up-to-date: /home/albert/rad_ws/install/agbot_full_description/share/agbot_full_description/environment/path.dsv
[0.329s] -- Up-to-date: /home/albert/rad_ws/install/agbot_full_description/share/agbot_full_description/local_setup.bash
[0.329s] -- Up-to-date: /home/albert/rad_ws/install/agbot_full_description/share/agbot_full_description/local_setup.sh
[0.329s] -- Up-to-date: /home/albert/rad_ws/install/agbot_full_description/share/agbot_full_description/local_setup.zsh
[0.329s] -- Up-to-date: /home/albert/rad_ws/install/agbot_full_description/share/agbot_full_description/local_setup.dsv
[0.329s] -- Up-to-date: /home/albert/rad_ws/install/agbot_full_description/share/agbot_full_description/package.dsv
[0.330s] -- Up-to-date: /home/albert/rad_ws/install/agbot_full_description/share/ament_index/resource_index/packages/agbot_full_description
[0.330s] -- Up-to-date: /home/albert/rad_ws/install/agbot_full_description/share/agbot_full_description/cmake/agbot_full_descriptionConfig.cmake
[0.330s] -- Up-to-date: /home/albert/rad_ws/install/agbot_full_description/share/agbot_full_description/cmake/agbot_full_descriptionConfig-version.cmake
[0.330s] -- Up-to-date: /home/albert/rad_ws/install/agbot_full_description/share/agbot_full_description/package.xml
[0.384s] Invoked command in '/home/albert/rad_ws/build/agbot_full_description' returned '0': CMAKE_PREFIX_PATH=${CMAKE_PREFIX_PATH}:/home/albert/rad_ws/install/agbot_teleop:/home/albert/rad_ws/install/agbot_py:/home/albert/ws_moveit2/install/moveit_configs_utils:/home/albert/ws_moveit2/install/launch_param_builder:/home/albert/umov_ws/install/arduino_py_examples:/home/albert/udem2_ws/install/actions_py:/home/albert/udem2_ws/install/lifecycle_py:/home/albert/udem2_ws/install/executors_py:/home/albert/udem2_ws/install/components_py:/home/albert/udem_ws/install/turtlesim_catcher:/home/albert/udem_ws/install/my_py_pkg:/home/albert/udem_ws/install/lifecycle_py:/home/albert/bcdc_ws/install/agbot_teleop:/home/albert/bcdc_ws/install/agbot_py:/home/albert/arduinobot_ws/install/arduinobot_py_examples:/opt/ros/humble /home/albert/.local/bin/cmake --install /home/albert/rad_ws/build/agbot_full_description
