[0.268s] Invoking command in '/home/albert/rad_ws/build/agbot_full_controller': CMAKE_PREFIX_PATH=${CMAKE_PREFIX_PATH}:/home/albert/rad_ws/install/agbot_teleop:/home/albert/rad_ws/install/agbot_py:/home/albert/ws_moveit2/install/moveit_configs_utils:/home/albert/ws_moveit2/install/launch_param_builder:/home/albert/umov_ws/install/arduino_py_examples:/home/albert/udem2_ws/install/actions_py:/home/albert/udem2_ws/install/lifecycle_py:/home/albert/udem2_ws/install/executors_py:/home/albert/udem2_ws/install/components_py:/home/albert/udem_ws/install/turtlesim_catcher:/home/albert/udem_ws/install/my_py_pkg:/home/albert/udem_ws/install/lifecycle_py:/home/albert/bcdc_ws/install/agbot_teleop:/home/albert/bcdc_ws/install/agbot_py:/home/albert/arduinobot_ws/install/arduinobot_py_examples:/opt/ros/humble /home/albert/.local/bin/cmake --build /home/albert/rad_ws/build/agbot_full_controller -- -j8 -l8
[0.413s] -- Found ament_cmake: 1.3.10 (/opt/ros/humble/share/ament_cmake/cmake)
[2.313s] -- Found trajectory_msgs: 4.2.4 (/opt/ros/humble/share/trajectory_msgs/cmake)
[3.004s] -- Found rosidl_generator_c: 3.1.5 (/opt/ros/humble/share/rosidl_generator_c/cmake)
[3.128s] -- Found rosidl_adapter: 3.1.5 (/opt/ros/humble/share/rosidl_adapter/cmake)
[3.278s] -- Found rosidl_generator_cpp: 3.1.5 (/opt/ros/humble/share/rosidl_generator_cpp/cmake)
[3.490s] -- Using all available rosidl_typesupport_c: rosidl_typesupport_fastrtps_c;rosidl_typesupport_introspection_c
[3.778s] -- Using all available rosidl_typesupport_cpp: rosidl_typesupport_fastrtps_cpp;rosidl_typesupport_introspection_cpp
[4.569s] -- Found sensor_msgs: 4.2.4 (/opt/ros/humble/share/sensor_msgs/cmake)
[4.760s] -- Found rclcpp: 16.0.10 (/opt/ros/humble/share/rclcpp/cmake)
[5.461s] -- Found rmw_implementation_cmake: 6.1.2 (/opt/ros/humble/share/rmw_implementation_cmake/cmake)
[5.558s] -- Found rmw_cyclonedds_cpp: 1.3.4 (/opt/ros/humble/share/rmw_cyclonedds_cpp/cmake)
[6.051s] -- Using RMW implementation 'rmw_cyclonedds_cpp' as default
[6.261s] -- Performing Test CMAKE_HAVE_LIBC_PTHREAD
[6.932s] -- Performing Test CMAKE_HAVE_LIBC_PTHREAD - Success
[6.935s] -- Found Threads: TRUE
[7.565s] -- Found rclpy: 3.3.14 (/opt/ros/humble/share/rclpy/cmake)
[7.570s] -- Found ament_lint_auto: 0.12.11 (/opt/ros/humble/share/ament_lint_auto/cmake)
[8.162s] -- Added test 'flake8' to check Python code syntax and style conventions
[8.175s] -- Added test 'lint_cmake' to check CMake code style
[8.182s] -- Added test 'pep257' to check Python code against some of the docstring style conventions in PEP 257
[8.195s] -- Added test 'xmllint' to check XML markup files
[8.200s] -- Configuring done (7.9s)
[8.221s] -- Generating done (0.0s)
[8.226s] -- Build files have been written to: /home/albert/rad_ws/build/agbot_full_controller
[8.325s] Invoked command in '/home/albert/rad_ws/build/agbot_full_controller' returned '0': CMAKE_PREFIX_PATH=${CMAKE_PREFIX_PATH}:/home/albert/rad_ws/install/agbot_teleop:/home/albert/rad_ws/install/agbot_py:/home/albert/ws_moveit2/install/moveit_configs_utils:/home/albert/ws_moveit2/install/launch_param_builder:/home/albert/umov_ws/install/arduino_py_examples:/home/albert/udem2_ws/install/actions_py:/home/albert/udem2_ws/install/lifecycle_py:/home/albert/udem2_ws/install/executors_py:/home/albert/udem2_ws/install/components_py:/home/albert/udem_ws/install/turtlesim_catcher:/home/albert/udem_ws/install/my_py_pkg:/home/albert/udem_ws/install/lifecycle_py:/home/albert/bcdc_ws/install/agbot_teleop:/home/albert/bcdc_ws/install/agbot_py:/home/albert/arduinobot_ws/install/arduinobot_py_examples:/opt/ros/humble /home/albert/.local/bin/cmake --build /home/albert/rad_ws/build/agbot_full_controller -- -j8 -l8
[8.493s] Invoking command in '/home/albert/rad_ws/build/agbot_full_controller': CMAKE_PREFIX_PATH=${CMAKE_PREFIX_PATH}:/home/albert/rad_ws/install/agbot_teleop:/home/albert/rad_ws/install/agbot_py:/home/albert/ws_moveit2/install/moveit_configs_utils:/home/albert/ws_moveit2/install/launch_param_builder:/home/albert/umov_ws/install/arduino_py_examples:/home/albert/udem2_ws/install/actions_py:/home/albert/udem2_ws/install/lifecycle_py:/home/albert/udem2_ws/install/executors_py:/home/albert/udem2_ws/install/components_py:/home/albert/udem_ws/install/turtlesim_catcher:/home/albert/udem_ws/install/my_py_pkg:/home/albert/udem_ws/install/lifecycle_py:/home/albert/bcdc_ws/install/agbot_teleop:/home/albert/bcdc_ws/install/agbot_py:/home/albert/arduinobot_ws/install/arduinobot_py_examples:/opt/ros/humble /home/albert/.local/bin/cmake --install /home/albert/rad_ws/build/agbot_full_controller
[8.509s] -- Install configuration: ""
[8.511s] -- Installing: /home/albert/rad_ws/install/agbot_full_controller/share/agbot_full_controller/config
[8.512s] -- Installing: /home/albert/rad_ws/install/agbot_full_controller/share/agbot_full_controller/config/agbot_full_controllers.yaml
[8.513s] -- Installing: /home/albert/rad_ws/install/agbot_full_controller/share/agbot_full_controller/launch
[8.514s] -- Installing: /home/albert/rad_ws/install/agbot_full_controller/share/agbot_full_controller/launch/controller.launch.py
[8.515s] -- Installing: /home/albert/rad_ws/install/agbot_full_controller/share/ament_index/resource_index/package_run_dependencies/agbot_full_controller
[8.523s] -- Installing: /home/albert/rad_ws/install/agbot_full_controller/share/ament_index/resource_index/parent_prefix_path/agbot_full_controller
[8.524s] -- Up-to-date: /home/albert/rad_ws/install/agbot_full_controller/share/agbot_full_controller/environment/ament_prefix_path.sh
[8.524s] -- Installing: /home/albert/rad_ws/install/agbot_full_controller/share/agbot_full_controller/environment/ament_prefix_path.dsv
[8.524s] -- Up-to-date: /home/albert/rad_ws/install/agbot_full_controller/share/agbot_full_controller/environment/path.sh
[8.525s] -- Installing: /home/albert/rad_ws/install/agbot_full_controller/share/agbot_full_controller/environment/path.dsv
[8.525s] -- Up-to-date: /home/albert/rad_ws/install/agbot_full_controller/share/agbot_full_controller/local_setup.bash
[8.525s] -- Up-to-date: /home/albert/rad_ws/install/agbot_full_controller/share/agbot_full_controller/local_setup.sh
[8.526s] -- Up-to-date: /home/albert/rad_ws/install/agbot_full_controller/share/agbot_full_controller/local_setup.zsh
[8.532s] -- Installing: /home/albert/rad_ws/install/agbot_full_controller/share/agbot_full_controller/local_setup.dsv
[8.534s] -- Installing: /home/albert/rad_ws/install/agbot_full_controller/share/agbot_full_controller/package.dsv
[8.534s] -- Up-to-date: /home/albert/rad_ws/install/agbot_full_controller/share/ament_index/resource_index/packages/agbot_full_controller
[8.534s] -- Up-to-date: /home/albert/rad_ws/install/agbot_full_controller/share/agbot_full_controller/cmake/agbot_full_controllerConfig.cmake
[8.535s] -- Up-to-date: /home/albert/rad_ws/install/agbot_full_controller/share/agbot_full_controller/cmake/agbot_full_controllerConfig-version.cmake
[8.535s] -- Installing: /home/albert/rad_ws/install/agbot_full_controller/share/agbot_full_controller/package.xml
[8.537s] Invoked command in '/home/albert/rad_ws/build/agbot_full_controller' returned '0': CMAKE_PREFIX_PATH=${CMAKE_PREFIX_PATH}:/home/albert/rad_ws/install/agbot_teleop:/home/albert/rad_ws/install/agbot_py:/home/albert/ws_moveit2/install/moveit_configs_utils:/home/albert/ws_moveit2/install/launch_param_builder:/home/albert/umov_ws/install/arduino_py_examples:/home/albert/udem2_ws/install/actions_py:/home/albert/udem2_ws/install/lifecycle_py:/home/albert/udem2_ws/install/executors_py:/home/albert/udem2_ws/install/components_py:/home/albert/udem_ws/install/turtlesim_catcher:/home/albert/udem_ws/install/my_py_pkg:/home/albert/udem_ws/install/lifecycle_py:/home/albert/bcdc_ws/install/agbot_teleop:/home/albert/bcdc_ws/install/agbot_py:/home/albert/arduinobot_ws/install/arduinobot_py_examples:/opt/ros/humble /home/albert/.local/bin/cmake --install /home/albert/rad_ws/build/agbot_full_controller
