-- Install configuration: ""
-- Up-to-date: /home/albert/rad_ws/install/agbot_arm_controller/share/agbot_arm_controller/config
-- Up-to-date: /home/albert/rad_ws/install/agbot_arm_controller/share/agbot_arm_controller/config/ros2_controllers.yaml
-- Up-to-date: /home/albert/rad_ws/install/agbot_arm_controller/share/agbot_arm_controller/config/agbot_arm_controllers.yaml
-- Up-to-date: /home/albert/rad_ws/install/agbot_arm_controller/share/agbot_arm_controller/launch
-- Up-to-date: /home/albert/rad_ws/install/agbot_arm_controller/share/agbot_arm_controller/launch/controller.launch.py
-- Up-to-date: /home/albert/rad_ws/install/agbot_arm_controller/share/ament_index/resource_index/package_run_dependencies/agbot_arm_controller
-- Up-to-date: /home/albert/rad_ws/install/agbot_arm_controller/share/ament_index/resource_index/parent_prefix_path/agbot_arm_controller
-- Up-to-date: /home/albert/rad_ws/install/agbot_arm_controller/share/agbot_arm_controller/environment/ament_prefix_path.sh
-- Up-to-date: /home/albert/rad_ws/install/agbot_arm_controller/share/agbot_arm_controller/environment/ament_prefix_path.dsv
-- Up-to-date: /home/albert/rad_ws/install/agbot_arm_controller/share/agbot_arm_controller/environment/path.sh
-- Up-to-date: /home/albert/rad_ws/install/agbot_arm_controller/share/agbot_arm_controller/environment/path.dsv
-- Up-to-date: /home/albert/rad_ws/install/agbot_arm_controller/share/agbot_arm_controller/local_setup.bash
-- Up-to-date: /home/albert/rad_ws/install/agbot_arm_controller/share/agbot_arm_controller/local_setup.sh
-- Up-to-date: /home/albert/rad_ws/install/agbot_arm_controller/share/agbot_arm_controller/local_setup.zsh
-- Up-to-date: /home/albert/rad_ws/install/agbot_arm_controller/share/agbot_arm_controller/local_setup.dsv
-- Up-to-date: /home/albert/rad_ws/install/agbot_arm_controller/share/agbot_arm_controller/package.dsv
-- Up-to-date: /home/albert/rad_ws/install/agbot_arm_controller/share/ament_index/resource_index/packages/agbot_arm_controller
-- Up-to-date: /home/albert/rad_ws/install/agbot_arm_controller/share/agbot_arm_controller/cmake/agbot_arm_controllerConfig.cmake
-- Up-to-date: /home/albert/rad_ws/install/agbot_arm_controller/share/agbot_arm_controller/cmake/agbot_arm_controllerConfig-version.cmake
-- Up-to-date: /home/albert/rad_ws/install/agbot_arm_controller/share/agbot_arm_controller/package.xml
