[1.317s] Invoking command in '/home/albert/rad_ws/src/agbot_py': PYTHONPATH=/home/albert/rad_ws/build/agbot_py/prefix_override:/usr/lib/python3/dist-packages/colcon_core/task/python/colcon_distutils_commands:/home/albert/rad_ws/install/agbot_py/lib/python3.10/site-packages:${PYTHONPATH} /usr/bin/python3 -W ignore:setup.py install is deprecated setup.py egg_info --egg-base ../../build/agbot_py build --build-base /home/albert/rad_ws/build/agbot_py/build install --record /home/albert/rad_ws/build/agbot_py/install.log --single-version-externally-managed install_data
[1.901s] running egg_info
[1.902s] writing ../../build/agbot_py/agbot_py.egg-info/PKG-INFO
[1.903s] writing dependency_links to ../../build/agbot_py/agbot_py.egg-info/dependency_links.txt
[1.903s] writing entry points to ../../build/agbot_py/agbot_py.egg-info/entry_points.txt
[1.903s] writing requirements to ../../build/agbot_py/agbot_py.egg-info/requires.txt
[1.906s] writing top-level names to ../../build/agbot_py/agbot_py.egg-info/top_level.txt
[1.906s] reading manifest file '../../build/agbot_py/agbot_py.egg-info/SOURCES.txt'
[1.908s] writing manifest file '../../build/agbot_py/agbot_py.egg-info/SOURCES.txt'
[1.911s] running build
[1.911s] running build_py
[1.912s] running install
[1.913s] running install_lib
[1.914s] running install_data
[1.915s] running install_egg_info
[1.918s] removing '/home/albert/rad_ws/install/agbot_py/lib/python3.10/site-packages/agbot_py-0.0.0-py3.10.egg-info' (and everything under it)
[1.918s] Copying ../../build/agbot_py/agbot_py.egg-info to /home/albert/rad_ws/install/agbot_py/lib/python3.10/site-packages/agbot_py-0.0.0-py3.10.egg-info
[1.919s] running install_scripts
[1.958s] writing list of installed files to '/home/albert/rad_ws/build/agbot_py/install.log'
[2.008s] Invoked command in '/home/albert/rad_ws/src/agbot_py' returned '0': PYTHONPATH=/home/albert/rad_ws/build/agbot_py/prefix_override:/usr/lib/python3/dist-packages/colcon_core/task/python/colcon_distutils_commands:/home/albert/rad_ws/install/agbot_py/lib/python3.10/site-packages:${PYTHONPATH} /usr/bin/python3 -W ignore:setup.py install is deprecated setup.py egg_info --egg-base ../../build/agbot_py build --build-base /home/albert/rad_ws/build/agbot_py/build install --record /home/albert/rad_ws/build/agbot_py/install.log --single-version-externally-managed install_data
