-- Install configuration: ""
-- Up-to-date: /home/albert/rad_ws/install/agbot_full_moveit/share/agbot_full_moveit/config
-- Up-to-date: /home/albert/rad_ws/install/agbot_full_moveit/share/agbot_full_moveit/config/joint_limits.yaml
-- Up-to-date: /home/albert/rad_ws/install/agbot_full_moveit/share/agbot_full_moveit/config/agbot_full.ros2_control.xacro
-- Up-to-date: /home/albert/rad_ws/install/agbot_full_moveit/share/agbot_full_moveit/config/agbot_full.urdf
-- Up-to-date: /home/albert/rad_ws/install/agbot_full_moveit/share/agbot_full_moveit/config/agbot_full.srdf
-- Up-to-date: /home/albert/rad_ws/install/agbot_full_moveit/share/agbot_full_moveit/config/moveit_controllers.yaml
-- Up-to-date: /home/albert/rad_ws/install/agbot_full_moveit/share/agbot_full_moveit/config/initial_positions.yaml
-- Up-to-date: /home/albert/rad_ws/install/agbot_full_moveit/share/agbot_full_moveit/config/agbot_full_config.rviz
-- Up-to-date: /home/albert/rad_ws/install/agbot_full_moveit/share/agbot_full_moveit/config/pilz_cartesian_limits.yaml
-- Up-to-date: /home/albert/rad_ws/install/agbot_full_moveit/share/agbot_full_moveit/config/kinematics.yaml
-- Up-to-date: /home/albert/rad_ws/install/agbot_full_moveit/share/agbot_full_moveit/config/moveit.rviz
-- Up-to-date: /home/albert/rad_ws/install/agbot_full_moveit/share/agbot_full_moveit/launch
-- Up-to-date: /home/albert/rad_ws/install/agbot_full_moveit/share/agbot_full_moveit/launch/agbot_full_moveit.launch.py
-- Up-to-date: /home/albert/rad_ws/install/agbot_full_moveit/share/ament_index/resource_index/package_run_dependencies/agbot_full_moveit
-- Up-to-date: /home/albert/rad_ws/install/agbot_full_moveit/share/ament_index/resource_index/parent_prefix_path/agbot_full_moveit
-- Up-to-date: /home/albert/rad_ws/install/agbot_full_moveit/share/agbot_full_moveit/environment/ament_prefix_path.sh
-- Up-to-date: /home/albert/rad_ws/install/agbot_full_moveit/share/agbot_full_moveit/environment/ament_prefix_path.dsv
-- Up-to-date: /home/albert/rad_ws/install/agbot_full_moveit/share/agbot_full_moveit/environment/path.sh
-- Up-to-date: /home/albert/rad_ws/install/agbot_full_moveit/share/agbot_full_moveit/environment/path.dsv
-- Up-to-date: /home/albert/rad_ws/install/agbot_full_moveit/share/agbot_full_moveit/local_setup.bash
-- Up-to-date: /home/albert/rad_ws/install/agbot_full_moveit/share/agbot_full_moveit/local_setup.sh
-- Up-to-date: /home/albert/rad_ws/install/agbot_full_moveit/share/agbot_full_moveit/local_setup.zsh
-- Up-to-date: /home/albert/rad_ws/install/agbot_full_moveit/share/agbot_full_moveit/local_setup.dsv
-- Installing: /home/albert/rad_ws/install/agbot_full_moveit/share/agbot_full_moveit/package.dsv
-- Up-to-date: /home/albert/rad_ws/install/agbot_full_moveit/share/ament_index/resource_index/packages/agbot_full_moveit
-- Up-to-date: /home/albert/rad_ws/install/agbot_full_moveit/share/agbot_full_moveit/cmake/agbot_full_moveitConfig.cmake
-- Up-to-date: /home/albert/rad_ws/install/agbot_full_moveit/share/agbot_full_moveit/cmake/agbot_full_moveitConfig-version.cmake
-- Up-to-date: /home/albert/rad_ws/install/agbot_full_moveit/share/agbot_full_moveit/package.xml
