[7.122s] Invoking command in '/home/albert/rad_ws/src/agbot_py': PYTHONPATH=/home/albert/rad_ws/build/agbot_py/prefix_override:/usr/lib/python3/dist-packages/colcon_core/task/python/colcon_distutils_commands:/home/albert/rad_ws/install/agbot_py/lib/python3.10/site-packages:${PYTHONPATH} /usr/bin/python3 -W ignore:setup.py install is deprecated setup.py egg_info --egg-base ../../build/agbot_py build --build-base /home/albert/rad_ws/build/agbot_py/build install --record /home/albert/rad_ws/build/agbot_py/install.log --single-version-externally-managed install_data
[9.158s] running egg_info
[9.161s] writing ../../build/agbot_py/agbot_py.egg-info/PKG-INFO
[9.162s] writing dependency_links to ../../build/agbot_py/agbot_py.egg-info/dependency_links.txt
[9.163s] writing entry points to ../../build/agbot_py/agbot_py.egg-info/entry_points.txt
[9.164s] writing requirements to ../../build/agbot_py/agbot_py.egg-info/requires.txt
[9.165s] writing top-level names to ../../build/agbot_py/agbot_py.egg-info/top_level.txt
[9.177s] reading manifest file '../../build/agbot_py/agbot_py.egg-info/SOURCES.txt'
[9.180s] writing manifest file '../../build/agbot_py/agbot_py.egg-info/SOURCES.txt'
[9.180s] running build
[9.181s] running build_py
[9.181s] running install
[9.182s] running install_lib
[9.188s] running install_data
[9.189s] running install_egg_info
[9.198s] removing '/home/albert/rad_ws/install/agbot_py/lib/python3.10/site-packages/agbot_py-0.0.0-py3.10.egg-info' (and everything under it)
[9.199s] Copying ../../build/agbot_py/agbot_py.egg-info to /home/albert/rad_ws/install/agbot_py/lib/python3.10/site-packages/agbot_py-0.0.0-py3.10.egg-info
[9.203s] running install_scripts
[9.312s] writing list of installed files to '/home/albert/rad_ws/build/agbot_py/install.log'
[9.448s] Invoked command in '/home/albert/rad_ws/src/agbot_py' returned '0': PYTHONPATH=/home/albert/rad_ws/build/agbot_py/prefix_override:/usr/lib/python3/dist-packages/colcon_core/task/python/colcon_distutils_commands:/home/albert/rad_ws/install/agbot_py/lib/python3.10/site-packages:${PYTHONPATH} /usr/bin/python3 -W ignore:setup.py install is deprecated setup.py egg_info --egg-base ../../build/agbot_py build --build-base /home/albert/rad_ws/build/agbot_py/build install --record /home/albert/rad_ws/build/agbot_py/install.log --single-version-externally-managed install_data
