[0.431s] Invoking command in '/home/albert/rad_ws/build/agbot_bringup': CMAKE_PREFIX_PATH=${CMAKE_PREFIX_PATH}:/home/albert/rad_ws/install/agbot_teleop:/home/albert/rad_ws/install/agbot_py:/home/albert/ws_moveit2/install/moveit_configs_utils:/home/albert/ws_moveit2/install/launch_param_builder:/home/albert/umov_ws/install/arduino_py_examples:/home/albert/udem2_ws/install/actions_py:/home/albert/udem2_ws/install/lifecycle_py:/home/albert/udem2_ws/install/executors_py:/home/albert/udem2_ws/install/components_py:/home/albert/udem_ws/install/turtlesim_catcher:/home/albert/udem_ws/install/my_py_pkg:/home/albert/udem_ws/install/lifecycle_py:/home/albert/bcdc_ws/install/agbot_teleop:/home/albert/bcdc_ws/install/agbot_py:/home/albert/arduinobot_ws/install/arduinobot_py_examples:/opt/ros/humble /home/albert/.local/bin/cmake --build /home/albert/rad_ws/build/agbot_bringup -- -j8 -l8
[0.572s] Invoked command in '/home/albert/rad_ws/build/agbot_bringup' returned '0': CMAKE_PREFIX_PATH=${CMAKE_PREFIX_PATH}:/home/albert/rad_ws/install/agbot_teleop:/home/albert/rad_ws/install/agbot_py:/home/albert/ws_moveit2/install/moveit_configs_utils:/home/albert/ws_moveit2/install/launch_param_builder:/home/albert/umov_ws/install/arduino_py_examples:/home/albert/udem2_ws/install/actions_py:/home/albert/udem2_ws/install/lifecycle_py:/home/albert/udem2_ws/install/executors_py:/home/albert/udem2_ws/install/components_py:/home/albert/udem_ws/install/turtlesim_catcher:/home/albert/udem_ws/install/my_py_pkg:/home/albert/udem_ws/install/lifecycle_py:/home/albert/bcdc_ws/install/agbot_teleop:/home/albert/bcdc_ws/install/agbot_py:/home/albert/arduinobot_ws/install/arduinobot_py_examples:/opt/ros/humble /home/albert/.local/bin/cmake --build /home/albert/rad_ws/build/agbot_bringup -- -j8 -l8
[1.148s] Invoking command in '/home/albert/rad_ws/build/agbot_bringup': CMAKE_PREFIX_PATH=${CMAKE_PREFIX_PATH}:/home/albert/rad_ws/install/agbot_teleop:/home/albert/rad_ws/install/agbot_py:/home/albert/ws_moveit2/install/moveit_configs_utils:/home/albert/ws_moveit2/install/launch_param_builder:/home/albert/umov_ws/install/arduino_py_examples:/home/albert/udem2_ws/install/actions_py:/home/albert/udem2_ws/install/lifecycle_py:/home/albert/udem2_ws/install/executors_py:/home/albert/udem2_ws/install/components_py:/home/albert/udem_ws/install/turtlesim_catcher:/home/albert/udem_ws/install/my_py_pkg:/home/albert/udem_ws/install/lifecycle_py:/home/albert/bcdc_ws/install/agbot_teleop:/home/albert/bcdc_ws/install/agbot_py:/home/albert/arduinobot_ws/install/arduinobot_py_examples:/opt/ros/humble /home/albert/.local/bin/cmake --install /home/albert/rad_ws/build/agbot_bringup
[1.349s] -- Install configuration: ""
[1.350s] -- Up-to-date: /home/albert/rad_ws/install/agbot_bringup/share/agbot_bringup//launch
[1.351s] -- Up-to-date: /home/albert/rad_ws/install/agbot_bringup/share/agbot_bringup//launch/agbot_sim_launch.py
[1.356s] -- Up-to-date: /home/albert/rad_ws/install/agbot_bringup/share/agbot_bringup//launch/agbot_gazebo.launch.xml
[1.360s] -- Up-to-date: /home/albert/rad_ws/install/agbot_bringup/share/agbot_bringup//launch/agbot_arm_gazebo.launch.py
[1.360s] -- Up-to-date: /home/albert/rad_ws/install/agbot_bringup/share/agbot_bringup//launch/agbot_arm.launch.py
[1.361s] -- Up-to-date: /home/albert/rad_ws/install/agbot_bringup/share/agbot_bringup//param
[1.362s] -- Up-to-date: /home/albert/rad_ws/install/agbot_bringup/share/agbot_bringup//param/agbot_nav.yaml
[1.363s] -- Up-to-date: /home/albert/rad_ws/install/agbot_bringup/share/agbot_bringup//rviz
[1.366s] -- Up-to-date: /home/albert/rad_ws/install/agbot_bringup/share/agbot_bringup//rviz/agbot_config.rviz
[1.367s] -- Up-to-date: /home/albert/rad_ws/install/agbot_bringup/share/agbot_bringup//worlds
[1.370s] -- Up-to-date: /home/albert/rad_ws/install/agbot_bringup/share/agbot_bringup//worlds/test_world.world
[1.370s] -- Up-to-date: /home/albert/rad_ws/install/agbot_bringup/share/ament_index/resource_index/package_run_dependencies/agbot_bringup
[1.371s] -- Up-to-date: /home/albert/rad_ws/install/agbot_bringup/share/ament_index/resource_index/parent_prefix_path/agbot_bringup
[1.371s] -- Up-to-date: /home/albert/rad_ws/install/agbot_bringup/share/agbot_bringup/environment/ament_prefix_path.sh
[1.371s] -- Up-to-date: /home/albert/rad_ws/install/agbot_bringup/share/agbot_bringup/environment/ament_prefix_path.dsv
[1.371s] -- Up-to-date: /home/albert/rad_ws/install/agbot_bringup/share/agbot_bringup/environment/path.sh
[1.372s] -- Up-to-date: /home/albert/rad_ws/install/agbot_bringup/share/agbot_bringup/environment/path.dsv
[1.372s] -- Up-to-date: /home/albert/rad_ws/install/agbot_bringup/share/agbot_bringup/local_setup.bash
[1.375s] -- Up-to-date: /home/albert/rad_ws/install/agbot_bringup/share/agbot_bringup/local_setup.sh
[1.376s] -- Up-to-date: /home/albert/rad_ws/install/agbot_bringup/share/agbot_bringup/local_setup.zsh
[1.376s] -- Up-to-date: /home/albert/rad_ws/install/agbot_bringup/share/agbot_bringup/local_setup.dsv
[1.376s] -- Up-to-date: /home/albert/rad_ws/install/agbot_bringup/share/agbot_bringup/package.dsv
[1.376s] -- Up-to-date: /home/albert/rad_ws/install/agbot_bringup/share/ament_index/resource_index/packages/agbot_bringup
[1.376s] -- Up-to-date: /home/albert/rad_ws/install/agbot_bringup/share/agbot_bringup/cmake/agbot_bringupConfig.cmake
[1.377s] -- Up-to-date: /home/albert/rad_ws/install/agbot_bringup/share/agbot_bringup/cmake/agbot_bringupConfig-version.cmake
[1.377s] -- Up-to-date: /home/albert/rad_ws/install/agbot_bringup/share/agbot_bringup/package.xml
[1.409s] Invoked command in '/home/albert/rad_ws/build/agbot_bringup' returned '0': CMAKE_PREFIX_PATH=${CMAKE_PREFIX_PATH}:/home/albert/rad_ws/install/agbot_teleop:/home/albert/rad_ws/install/agbot_py:/home/albert/ws_moveit2/install/moveit_configs_utils:/home/albert/ws_moveit2/install/launch_param_builder:/home/albert/umov_ws/install/arduino_py_examples:/home/albert/udem2_ws/install/actions_py:/home/albert/udem2_ws/install/lifecycle_py:/home/albert/udem2_ws/install/executors_py:/home/albert/udem2_ws/install/components_py:/home/albert/udem_ws/install/turtlesim_catcher:/home/albert/udem_ws/install/my_py_pkg:/home/albert/udem_ws/install/lifecycle_py:/home/albert/bcdc_ws/install/agbot_teleop:/home/albert/bcdc_ws/install/agbot_py:/home/albert/arduinobot_ws/install/arduinobot_py_examples:/opt/ros/humble /home/albert/.local/bin/cmake --install /home/albert/rad_ws/build/agbot_bringup
