[0.642s] Invoking command in '/home/albert/rad_ws/build/agbot_full_description': CMAKE_PREFIX_PATH=${CMAKE_PREFIX_PATH}:/home/albert/rad_ws/install/agbot_teleop:/home/albert/rad_ws/install/agbot_py:/home/albert/ws_moveit2/install/moveit_configs_utils:/home/albert/ws_moveit2/install/launch_param_builder:/home/albert/umov_ws/install/arduino_py_examples:/home/albert/udem2_ws/install/actions_py:/home/albert/udem2_ws/install/lifecycle_py:/home/albert/udem2_ws/install/executors_py:/home/albert/udem2_ws/install/components_py:/home/albert/udem_ws/install/turtlesim_catcher:/home/albert/udem_ws/install/my_py_pkg:/home/albert/udem_ws/install/lifecycle_py:/home/albert/bcdc_ws/install/agbot_teleop:/home/albert/bcdc_ws/install/agbot_py:/home/albert/arduinobot_ws/install/arduinobot_py_examples:/opt/ros/humble /home/albert/.local/bin/cmake --build /home/albert/rad_ws/build/agbot_full_description -- -j8 -l8
[0.860s] Invoked command in '/home/albert/rad_ws/build/agbot_full_description' returned '0': CMAKE_PREFIX_PATH=${CMAKE_PREFIX_PATH}:/home/albert/rad_ws/install/agbot_teleop:/home/albert/rad_ws/install/agbot_py:/home/albert/ws_moveit2/install/moveit_configs_utils:/home/albert/ws_moveit2/install/launch_param_builder:/home/albert/umov_ws/install/arduino_py_examples:/home/albert/udem2_ws/install/actions_py:/home/albert/udem2_ws/install/lifecycle_py:/home/albert/udem2_ws/install/executors_py:/home/albert/udem2_ws/install/components_py:/home/albert/udem_ws/install/turtlesim_catcher:/home/albert/udem_ws/install/my_py_pkg:/home/albert/udem_ws/install/lifecycle_py:/home/albert/bcdc_ws/install/agbot_teleop:/home/albert/bcdc_ws/install/agbot_py:/home/albert/arduinobot_ws/install/arduinobot_py_examples:/opt/ros/humble /home/albert/.local/bin/cmake --build /home/albert/rad_ws/build/agbot_full_description -- -j8 -l8
[1.194s] Invoking command in '/home/albert/rad_ws/build/agbot_full_description': CMAKE_PREFIX_PATH=${CMAKE_PREFIX_PATH}:/home/albert/rad_ws/install/agbot_teleop:/home/albert/rad_ws/install/agbot_py:/home/albert/ws_moveit2/install/moveit_configs_utils:/home/albert/ws_moveit2/install/launch_param_builder:/home/albert/umov_ws/install/arduino_py_examples:/home/albert/udem2_ws/install/actions_py:/home/albert/udem2_ws/install/lifecycle_py:/home/albert/udem2_ws/install/executors_py:/home/albert/udem2_ws/install/components_py:/home/albert/udem_ws/install/turtlesim_catcher:/home/albert/udem_ws/install/my_py_pkg:/home/albert/udem_ws/install/lifecycle_py:/home/albert/bcdc_ws/install/agbot_teleop:/home/albert/bcdc_ws/install/agbot_py:/home/albert/arduinobot_ws/install/arduinobot_py_examples:/opt/ros/humble /home/albert/.local/bin/cmake --install /home/albert/rad_ws/build/agbot_full_description
[1.380s] -- Install configuration: ""
[1.385s] -- Up-to-date: /home/albert/rad_ws/install/agbot_full_description/share/agbot_full_description//launch
[1.387s] -- Up-to-date: /home/albert/rad_ws/install/agbot_full_description/share/agbot_full_description//launch/agbot_full_gazebo.launch.py
[1.388s] -- Up-to-date: /home/albert/rad_ws/install/agbot_full_description/share/agbot_full_description//launch/agbot_full_display.launch.py
[1.388s] -- Up-to-date: /home/albert/rad_ws/install/agbot_full_description/share/agbot_full_description//meshes
[1.392s] -- Up-to-date: /home/albert/rad_ws/install/agbot_full_description/share/agbot_full_description//meshes/right_finger.STL
[1.393s] -- Up-to-date: /home/albert/rad_ws/install/agbot_full_description/share/agbot_full_description//meshes/triangular_link.STL
[1.393s] -- Up-to-date: /home/albert/rad_ws/install/agbot_full_description/share/agbot_full_description//meshes/round_plate.STL
[1.393s] -- Up-to-date: /home/albert/rad_ws/install/agbot_full_description/share/agbot_full_description//meshes/left_finger.STL
[1.396s] -- Up-to-date: /home/albert/rad_ws/install/agbot_full_description/share/agbot_full_description//meshes/vertical_drive_arm.STL
[1.396s] -- Up-to-date: /home/albert/rad_ws/install/agbot_full_description/share/agbot_full_description//meshes/astra.jpg
[1.396s] -- Up-to-date: /home/albert/rad_ws/install/agbot_full_description/share/agbot_full_description//meshes/claw_support.STL
[1.396s] -- Up-to-date: /home/albert/rad_ws/install/agbot_full_description/share/agbot_full_description//meshes/link.STL
[1.398s] -- Up-to-date: /home/albert/rad_ws/install/agbot_full_description/share/agbot_full_description//meshes/r200.jpg
[1.398s] -- Up-to-date: /home/albert/rad_ws/install/agbot_full_description/share/agbot_full_description//meshes/horizontal_arm.STL
[1.401s] -- Up-to-date: /home/albert/rad_ws/install/agbot_full_description/share/agbot_full_description//meshes/r200.dae
[1.406s] -- Up-to-date: /home/albert/rad_ws/install/agbot_full_description/share/agbot_full_description//meshes/astra.dae
[1.411s] -- Up-to-date: /home/albert/rad_ws/install/agbot_full_description/share/agbot_full_description//meshes/basement.STL
[1.412s] -- Up-to-date: /home/albert/rad_ws/install/agbot_full_description/share/agbot_full_description//meshes/forward_drive_arm.STL
[1.412s] -- Up-to-date: /home/albert/rad_ws/install/agbot_full_description/share/agbot_full_description//meshes/right_tire.stl
[1.415s] -- Up-to-date: /home/albert/rad_ws/install/agbot_full_description/share/agbot_full_description//meshes/lidar.stl
[1.416s] -- Up-to-date: /home/albert/rad_ws/install/agbot_full_description/share/agbot_full_description//meshes/servo_plate.STL
[1.416s] -- Up-to-date: /home/albert/rad_ws/install/agbot_full_description/share/agbot_full_description//meshes/plate.STL
[1.416s] -- Up-to-date: /home/albert/rad_ws/install/agbot_full_description/share/agbot_full_description//meshes/base_plate.STL
[1.430s] -- Up-to-date: /home/albert/rad_ws/install/agbot_full_description/share/agbot_full_description//meshes/left_tire copy.stl
[1.432s] -- Up-to-date: /home/albert/rad_ws/install/agbot_full_description/share/agbot_full_description//meshes/left_tire.stl
[1.434s] -- Up-to-date: /home/albert/rad_ws/install/agbot_full_description/share/agbot_full_description//meshes/right_tire copy.stl
[1.437s] -- Up-to-date: /home/albert/rad_ws/install/agbot_full_description/share/agbot_full_description//meshes/pi_camera.STL
[1.442s] -- Up-to-date: /home/albert/rad_ws/install/agbot_full_description/share/agbot_full_description//models
[1.443s] -- Up-to-date: /home/albert/rad_ws/install/agbot_full_description/share/agbot_full_description//models/ground_plane
[1.443s] -- Up-to-date: /home/albert/rad_ws/install/agbot_full_description/share/agbot_full_description//models/ground_plane/model-1_2.sdf
[1.444s] -- Up-to-date: /home/albert/rad_ws/install/agbot_full_description/share/agbot_full_description//models/ground_plane/model-1_3.sdf
[1.445s] -- Up-to-date: /home/albert/rad_ws/install/agbot_full_description/share/agbot_full_description//models/ground_plane/model.config
[1.448s] -- Up-to-date: /home/albert/rad_ws/install/agbot_full_description/share/agbot_full_description//models/ground_plane/model.sdf
[1.449s] -- Up-to-date: /home/albert/rad_ws/install/agbot_full_description/share/agbot_full_description//models/ground_plane/model-1_4.sdf
[1.450s] -- Up-to-date: /home/albert/rad_ws/install/agbot_full_description/share/agbot_full_description//models/basic_agbot_description
[1.450s] -- Up-to-date: /home/albert/rad_ws/install/agbot_full_description/share/agbot_full_description//models/basic_agbot_description/agbot.sdf
[1.451s] -- Up-to-date: /home/albert/rad_ws/install/agbot_full_description/share/agbot_full_description//models/basic_agbot_description/agbot_model.config
[1.451s] -- Up-to-date: /home/albert/rad_ws/install/agbot_full_description/share/agbot_full_description//models/sun
[1.452s] -- Up-to-date: /home/albert/rad_ws/install/agbot_full_description/share/agbot_full_description//models/sun/model-1_2.sdf
[1.453s] -- Up-to-date: /home/albert/rad_ws/install/agbot_full_description/share/agbot_full_description//models/sun/model-1_3.sdf
[1.454s] -- Up-to-date: /home/albert/rad_ws/install/agbot_full_description/share/agbot_full_description//models/sun/model.config
[1.460s] -- Up-to-date: /home/albert/rad_ws/install/agbot_full_description/share/agbot_full_description//models/sun/model.sdf
[1.467s] -- Up-to-date: /home/albert/rad_ws/install/agbot_full_description/share/agbot_full_description//models/sun/model-1_4.sdf
[1.468s] -- Up-to-date: /home/albert/rad_ws/install/agbot_full_description/share/agbot_full_description//rviz
[1.472s] -- Up-to-date: /home/albert/rad_ws/install/agbot_full_description/share/agbot_full_description//rviz/agbot_full_config.rviz
[1.472s] -- Up-to-date: /home/albert/rad_ws/install/agbot_full_description/share/agbot_full_description//urdf
[1.473s] -- Up-to-date: /home/albert/rad_ws/install/agbot_full_description/share/agbot_full_description//urdf/agbot_full_common_properties.xacro
[1.474s] -- Up-to-date: /home/albert/rad_ws/install/agbot_full_description/share/agbot_full_description//urdf/agbot_full.xacro
[1.474s] -- Up-to-date: /home/albert/rad_ws/install/agbot_full_description/share/agbot_full_description//urdf/agbot_full.sdf
[1.475s] -- Up-to-date: /home/albert/rad_ws/install/agbot_full_description/share/agbot_full_description//urdf/agbot_full.urdf
[1.476s] -- Up-to-date: /home/albert/rad_ws/install/agbot_full_description/share/agbot_full_description//urdf/agbot_full_gazebo.xacro
[1.476s] -- Up-to-date: /home/albert/rad_ws/install/agbot_full_description/share/agbot_full_description//urdf/agbot_full_ros2_control.xacro
[1.476s] -- Up-to-date: /home/albert/rad_ws/install/agbot_full_description/share/agbot_full_description//worlds
[1.477s] -- Up-to-date: /home/albert/rad_ws/install/agbot_full_description/share/agbot_full_description//worlds/test_world.world
[1.479s] -- Up-to-date: /home/albert/rad_ws/install/agbot_full_description/share/agbot_full_description//worlds/smalltown.world
[1.480s] -- Up-to-date: /home/albert/rad_ws/install/agbot_full_description/share/agbot_full_description//worlds/turtlebot3_world.world
[1.484s] -- Up-to-date: /home/albert/rad_ws/install/agbot_full_description/share/agbot_full_description//worlds/new_world.world
[1.485s] -- Up-to-date: /home/albert/rad_ws/install/agbot_full_description/share/agbot_full_description//worlds/house.world
[1.491s] -- Up-to-date: /home/albert/rad_ws/install/agbot_full_description/share/agbot_full_description//worlds/new_world-old.world
[1.492s] -- Up-to-date: /home/albert/rad_ws/install/agbot_full_description/share/agbot_full_description//worlds/empty_world.world
[1.514s] -- Up-to-date: /home/albert/rad_ws/install/agbot_full_description/share/ament_index/resource_index/package_run_dependencies/agbot_full_description
[1.519s] -- Up-to-date: /home/albert/rad_ws/install/agbot_full_description/share/ament_index/resource_index/parent_prefix_path/agbot_full_description
[1.520s] -- Up-to-date: /home/albert/rad_ws/install/agbot_full_description/share/agbot_full_description/environment/ament_prefix_path.sh
[1.521s] -- Up-to-date: /home/albert/rad_ws/install/agbot_full_description/share/agbot_full_description/environment/ament_prefix_path.dsv
[1.529s] -- Up-to-date: /home/albert/rad_ws/install/agbot_full_description/share/agbot_full_description/environment/path.sh
[1.550s] -- Up-to-date: /home/albert/rad_ws/install/agbot_full_description/share/agbot_full_description/environment/path.dsv
[1.558s] -- Up-to-date: /home/albert/rad_ws/install/agbot_full_description/share/agbot_full_description/local_setup.bash
[1.558s] -- Up-to-date: /home/albert/rad_ws/install/agbot_full_description/share/agbot_full_description/local_setup.sh
[1.558s] -- Up-to-date: /home/albert/rad_ws/install/agbot_full_description/share/agbot_full_description/local_setup.zsh
[1.558s] -- Up-to-date: /home/albert/rad_ws/install/agbot_full_description/share/agbot_full_description/local_setup.dsv
[1.559s] -- Installing: /home/albert/rad_ws/install/agbot_full_description/share/agbot_full_description/package.dsv
[1.559s] -- Up-to-date: /home/albert/rad_ws/install/agbot_full_description/share/ament_index/resource_index/packages/agbot_full_description
[1.563s] -- Up-to-date: /home/albert/rad_ws/install/agbot_full_description/share/agbot_full_description/cmake/agbot_full_descriptionConfig.cmake
[1.569s] -- Up-to-date: /home/albert/rad_ws/install/agbot_full_description/share/agbot_full_description/cmake/agbot_full_descriptionConfig-version.cmake
[1.569s] -- Up-to-date: /home/albert/rad_ws/install/agbot_full_description/share/agbot_full_description/package.xml
[1.634s] Invoked command in '/home/albert/rad_ws/build/agbot_full_description' returned '0': CMAKE_PREFIX_PATH=${CMAKE_PREFIX_PATH}:/home/albert/rad_ws/install/agbot_teleop:/home/albert/rad_ws/install/agbot_py:/home/albert/ws_moveit2/install/moveit_configs_utils:/home/albert/ws_moveit2/install/launch_param_builder:/home/albert/umov_ws/install/arduino_py_examples:/home/albert/udem2_ws/install/actions_py:/home/albert/udem2_ws/install/lifecycle_py:/home/albert/udem2_ws/install/executors_py:/home/albert/udem2_ws/install/components_py:/home/albert/udem_ws/install/turtlesim_catcher:/home/albert/udem_ws/install/my_py_pkg:/home/albert/udem_ws/install/lifecycle_py:/home/albert/bcdc_ws/install/agbot_teleop:/home/albert/bcdc_ws/install/agbot_py:/home/albert/arduinobot_ws/install/arduinobot_py_examples:/opt/ros/humble /home/albert/.local/bin/cmake --install /home/albert/rad_ws/build/agbot_full_description
