running egg_info
creating ../../build/agbot_teleop/agbot_teleop.egg-info
writing ../../build/agbot_teleop/agbot_teleop.egg-info/PKG-INFO
writing dependency_links to ../../build/agbot_teleop/agbot_teleop.egg-info/dependency_links.txt
writing entry points to ../../build/agbot_teleop/agbot_teleop.egg-info/entry_points.txt
writing requirements to ../../build/agbot_teleop/agbot_teleop.egg-info/requires.txt
writing top-level names to ../../build/agbot_teleop/agbot_teleop.egg-info/top_level.txt
writing manifest file '../../build/agbot_teleop/agbot_teleop.egg-info/SOURCES.txt'
reading manifest file '../../build/agbot_teleop/agbot_teleop.egg-info/SOURCES.txt'
writing manifest file '../../build/agbot_teleop/agbot_teleop.egg-info/SOURCES.txt'
running build
running build_py
creating /home/albert/rad_ws/build/agbot_teleop/build
creating /home/albert/rad_ws/build/agbot_teleop/build/lib
creating /home/albert/rad_ws/build/agbot_teleop/build/lib/agbot_teleop
copying agbot_teleop/__init__.py -> /home/albert/rad_ws/build/agbot_teleop/build/lib/agbot_teleop
copying agbot_teleop/agbot_teleop_key.py -> /home/albert/rad_ws/build/agbot_teleop/build/lib/agbot_teleop
running install
running install_lib
creating /home/albert/rad_ws/install/agbot_teleop/lib/python3.10/site-packages/agbot_teleop
copying /home/albert/rad_ws/build/agbot_teleop/build/lib/agbot_teleop/__init__.py -> /home/albert/rad_ws/install/agbot_teleop/lib/python3.10/site-packages/agbot_teleop
copying /home/albert/rad_ws/build/agbot_teleop/build/lib/agbot_teleop/agbot_teleop_key.py -> /home/albert/rad_ws/install/agbot_teleop/lib/python3.10/site-packages/agbot_teleop
byte-compiling /home/albert/rad_ws/install/agbot_teleop/lib/python3.10/site-packages/agbot_teleop/__init__.py to __init__.cpython-310.pyc
byte-compiling /home/albert/rad_ws/install/agbot_teleop/lib/python3.10/site-packages/agbot_teleop/agbot_teleop_key.py to agbot_teleop_key.cpython-310.pyc
running install_data
creating /home/albert/rad_ws/install/agbot_teleop/share/ament_index
creating /home/albert/rad_ws/install/agbot_teleop/share/ament_index/resource_index
creating /home/albert/rad_ws/install/agbot_teleop/share/ament_index/resource_index/packages
copying resource/agbot_teleop -> /home/albert/rad_ws/install/agbot_teleop/share/ament_index/resource_index/packages
copying package.xml -> /home/albert/rad_ws/install/agbot_teleop/share/agbot_teleop
running install_egg_info
Copying ../../build/agbot_teleop/agbot_teleop.egg-info to /home/albert/rad_ws/install/agbot_teleop/lib/python3.10/site-packages/agbot_teleop-0.0.0-py3.10.egg-info
running install_scripts
Installing agbot_teleop_key script to /home/albert/rad_ws/install/agbot_teleop/lib/agbot_teleop
writing list of installed files to '/home/albert/rad_ws/build/agbot_teleop/install.log'
