[6.866s] Invoking command in '/home/albert/rad_ws/src/agbot_teleop': PYTHONPATH=/home/albert/rad_ws/build/agbot_teleop/prefix_override:/usr/lib/python3/dist-packages/colcon_core/task/python/colcon_distutils_commands:/home/albert/rad_ws/install/agbot_teleop/lib/python3.10/site-packages:${PYTHONPATH} /usr/bin/python3 -W ignore:setup.py install is deprecated setup.py egg_info --egg-base ../../build/agbot_teleop build --build-base /home/albert/rad_ws/build/agbot_teleop/build install --record /home/albert/rad_ws/build/agbot_teleop/install.log --single-version-externally-managed install_data
[8.052s] running egg_info
[8.054s] creating ../../build/agbot_teleop/agbot_teleop.egg-info
[8.054s] writing ../../build/agbot_teleop/agbot_teleop.egg-info/PKG-INFO
[8.054s] writing dependency_links to ../../build/agbot_teleop/agbot_teleop.egg-info/dependency_links.txt
[8.055s] writing entry points to ../../build/agbot_teleop/agbot_teleop.egg-info/entry_points.txt
[8.055s] writing requirements to ../../build/agbot_teleop/agbot_teleop.egg-info/requires.txt
[8.055s] writing top-level names to ../../build/agbot_teleop/agbot_teleop.egg-info/top_level.txt
[8.056s] writing manifest file '../../build/agbot_teleop/agbot_teleop.egg-info/SOURCES.txt'
[8.056s] reading manifest file '../../build/agbot_teleop/agbot_teleop.egg-info/SOURCES.txt'
[8.056s] writing manifest file '../../build/agbot_teleop/agbot_teleop.egg-info/SOURCES.txt'
[8.057s] running build
[8.057s] running build_py
[8.057s] creating /home/albert/rad_ws/build/agbot_teleop/build
[8.058s] creating /home/albert/rad_ws/build/agbot_teleop/build/lib
[8.058s] creating /home/albert/rad_ws/build/agbot_teleop/build/lib/agbot_teleop
[8.058s] copying agbot_teleop/__init__.py -> /home/albert/rad_ws/build/agbot_teleop/build/lib/agbot_teleop
[8.058s] copying agbot_teleop/agbot_teleop_key.py -> /home/albert/rad_ws/build/agbot_teleop/build/lib/agbot_teleop
[8.059s] running install
[8.059s] running install_lib
[8.059s] creating /home/albert/rad_ws/install/agbot_teleop/lib/python3.10/site-packages/agbot_teleop
[8.059s] copying /home/albert/rad_ws/build/agbot_teleop/build/lib/agbot_teleop/__init__.py -> /home/albert/rad_ws/install/agbot_teleop/lib/python3.10/site-packages/agbot_teleop
[8.060s] copying /home/albert/rad_ws/build/agbot_teleop/build/lib/agbot_teleop/agbot_teleop_key.py -> /home/albert/rad_ws/install/agbot_teleop/lib/python3.10/site-packages/agbot_teleop
[8.060s] byte-compiling /home/albert/rad_ws/install/agbot_teleop/lib/python3.10/site-packages/agbot_teleop/__init__.py to __init__.cpython-310.pyc
[8.060s] byte-compiling /home/albert/rad_ws/install/agbot_teleop/lib/python3.10/site-packages/agbot_teleop/agbot_teleop_key.py to agbot_teleop_key.cpython-310.pyc
[8.060s] running install_data
[8.061s] creating /home/albert/rad_ws/install/agbot_teleop/share/ament_index
[8.061s] creating /home/albert/rad_ws/install/agbot_teleop/share/ament_index/resource_index
[8.061s] creating /home/albert/rad_ws/install/agbot_teleop/share/ament_index/resource_index/packages
[8.061s] copying resource/agbot_teleop -> /home/albert/rad_ws/install/agbot_teleop/share/ament_index/resource_index/packages
[8.062s] copying package.xml -> /home/albert/rad_ws/install/agbot_teleop/share/agbot_teleop
[8.062s] running install_egg_info
[8.062s] Copying ../../build/agbot_teleop/agbot_teleop.egg-info to /home/albert/rad_ws/install/agbot_teleop/lib/python3.10/site-packages/agbot_teleop-0.0.0-py3.10.egg-info
[8.062s] running install_scripts
[8.063s] Installing agbot_teleop_key script to /home/albert/rad_ws/install/agbot_teleop/lib/agbot_teleop
[8.063s] writing list of installed files to '/home/albert/rad_ws/build/agbot_teleop/install.log'
[8.080s] Invoked command in '/home/albert/rad_ws/src/agbot_teleop' returned '0': PYTHONPATH=/home/albert/rad_ws/build/agbot_teleop/prefix_override:/usr/lib/python3/dist-packages/colcon_core/task/python/colcon_distutils_commands:/home/albert/rad_ws/install/agbot_teleop/lib/python3.10/site-packages:${PYTHONPATH} /usr/bin/python3 -W ignore:setup.py install is deprecated setup.py egg_info --egg-base ../../build/agbot_teleop build --build-base /home/albert/rad_ws/build/agbot_teleop/build install --record /home/albert/rad_ws/build/agbot_teleop/install.log --single-version-externally-managed install_data
