[2.368s] Invoking command in '/home/albert/rad_ws/src/agbot_teleop': PYTHONPATH=/home/albert/rad_ws/build/agbot_teleop/prefix_override:/usr/lib/python3/dist-packages/colcon_core/task/python/colcon_distutils_commands:/home/albert/rad_ws/install/agbot_teleop/lib/python3.10/site-packages:${PYTHONPATH} /usr/bin/python3 -W ignore:setup.py install is deprecated setup.py egg_info --egg-base ../../build/agbot_teleop build --build-base /home/albert/rad_ws/build/agbot_teleop/build install --record /home/albert/rad_ws/build/agbot_teleop/install.log --single-version-externally-managed install_data
[2.982s] running egg_info
[2.983s] writing ../../build/agbot_teleop/agbot_teleop.egg-info/PKG-INFO
[2.983s] writing dependency_links to ../../build/agbot_teleop/agbot_teleop.egg-info/dependency_links.txt
[2.983s] writing entry points to ../../build/agbot_teleop/agbot_teleop.egg-info/entry_points.txt
[2.984s] writing requirements to ../../build/agbot_teleop/agbot_teleop.egg-info/requires.txt
[2.984s] writing top-level names to ../../build/agbot_teleop/agbot_teleop.egg-info/top_level.txt
[2.988s] reading manifest file '../../build/agbot_teleop/agbot_teleop.egg-info/SOURCES.txt'
[2.990s] writing manifest file '../../build/agbot_teleop/agbot_teleop.egg-info/SOURCES.txt'
[2.990s] running build
[2.990s] running build_py
[2.991s] running install
[2.991s] running install_lib
[2.994s] running install_data
[2.995s] running install_egg_info
[2.998s] removing '/home/albert/rad_ws/install/agbot_teleop/lib/python3.10/site-packages/agbot_teleop-0.0.0-py3.10.egg-info' (and everything under it)
[2.999s] Copying ../../build/agbot_teleop/agbot_teleop.egg-info to /home/albert/rad_ws/install/agbot_teleop/lib/python3.10/site-packages/agbot_teleop-0.0.0-py3.10.egg-info
[3.001s] running install_scripts
[3.049s] Installing agbot_teleop_key script to /home/albert/rad_ws/install/agbot_teleop/lib/agbot_teleop
[3.049s] writing list of installed files to '/home/albert/rad_ws/build/agbot_teleop/install.log'
[3.097s] Invoked command in '/home/albert/rad_ws/src/agbot_teleop' returned '0': PYTHONPATH=/home/albert/rad_ws/build/agbot_teleop/prefix_override:/usr/lib/python3/dist-packages/colcon_core/task/python/colcon_distutils_commands:/home/albert/rad_ws/install/agbot_teleop/lib/python3.10/site-packages:${PYTHONPATH} /usr/bin/python3 -W ignore:setup.py install is deprecated setup.py egg_info --egg-base ../../build/agbot_teleop build --build-base /home/albert/rad_ws/build/agbot_teleop/build install --record /home/albert/rad_ws/build/agbot_teleop/install.log --single-version-externally-managed install_data
