[ 25%] Built target agbot_arm_moveit_interface
[ 50%] Built target simple_lifecycle_node
[ 75%] Built target test_moveit_interface
[100%] Built target simple_moveit_interface
-- Install configuration: ""
-- Up-to-date: /home/albert/rad_ws/install/agbot_cpp/lib/agbot_cpp/simple_moveit_interface
-- Up-to-date: /home/albert/rad_ws/install/agbot_cpp/lib/agbot_cpp/simple_lifecycle_node
-- Up-to-date: /home/albert/rad_ws/install/agbot_cpp/lib/agbot_cpp/agbot_arm_moveit_interface
-- Up-to-date: /home/albert/rad_ws/install/agbot_cpp/lib/agbot_cpp/test_moveit_interface
-- Up-to-date: /home/albert/rad_ws/install/agbot_cpp/share/ament_index/resource_index/package_run_dependencies/agbot_cpp
-- Up-to-date: /home/albert/rad_ws/install/agbot_cpp/share/ament_index/resource_index/parent_prefix_path/agbot_cpp
-- Up-to-date: /home/albert/rad_ws/install/agbot_cpp/share/agbot_cpp/environment/ament_prefix_path.sh
-- Up-to-date: /home/albert/rad_ws/install/agbot_cpp/share/agbot_cpp/environment/ament_prefix_path.dsv
-- Up-to-date: /home/albert/rad_ws/install/agbot_cpp/share/agbot_cpp/environment/path.sh
-- Up-to-date: /home/albert/rad_ws/install/agbot_cpp/share/agbot_cpp/environment/path.dsv
-- Up-to-date: /home/albert/rad_ws/install/agbot_cpp/share/agbot_cpp/local_setup.bash
-- Up-to-date: /home/albert/rad_ws/install/agbot_cpp/share/agbot_cpp/local_setup.sh
-- Up-to-date: /home/albert/rad_ws/install/agbot_cpp/share/agbot_cpp/local_setup.zsh
-- Up-to-date: /home/albert/rad_ws/install/agbot_cpp/share/agbot_cpp/local_setup.dsv
-- Installing: /home/albert/rad_ws/install/agbot_cpp/share/agbot_cpp/package.dsv
-- Up-to-date: /home/albert/rad_ws/install/agbot_cpp/share/ament_index/resource_index/packages/agbot_cpp
-- Up-to-date: /home/albert/rad_ws/install/agbot_cpp/share/agbot_cpp/cmake/agbot_cppConfig.cmake
-- Up-to-date: /home/albert/rad_ws/install/agbot_cpp/share/agbot_cpp/cmake/agbot_cppConfig-version.cmake
-- Up-to-date: /home/albert/rad_ws/install/agbot_cpp/share/agbot_cpp/package.xml
