[0.066s] Invoking command in '/home/albert/rad_ws/build/agbot_full_cpp': CMAKE_PREFIX_PATH=${CMAKE_PREFIX_PATH}:/home/albert/ws_moveit2/install/moveit_configs_utils:/home/albert/ws_moveit2/install/launch_param_builder:/home/albert/umov_ws/install/arduino_py_examples:/home/albert/udem2_ws/install/actions_py:/home/albert/udem2_ws/install/lifecycle_py:/home/albert/udem2_ws/install/executors_py:/home/albert/udem2_ws/install/components_py:/home/albert/udem_ws/install/turtlesim_catcher:/home/albert/udem_ws/install/my_py_pkg:/home/albert/udem_ws/install/lifecycle_py:/home/albert/bcdc_ws/install/agbot_teleop:/home/albert/bcdc_ws/install/agbot_py:/home/albert/arduinobot_ws/install/arduinobot_py_examples:/opt/ros/humble /home/albert/.local/bin/cmake /home/albert/rad_ws/src/agbot_full_cpp -DCMAKE_INSTALL_PREFIX=/home/albert/rad_ws/install/agbot_full_cpp
[0.170s] -- The C compiler identification is GNU 11.4.0
[0.347s] -- The CXX compiler identification is GNU 11.4.0
[0.385s] -- Detecting C compiler ABI info
[0.527s] -- Detecting C compiler ABI info - done
[0.566s] -- Check for working C compiler: /usr/bin/cc - skipped
[0.567s] -- Detecting C compile features
[0.568s] -- Detecting C compile features - done
[0.576s] -- Detecting CXX compiler ABI info
[0.716s] -- Detecting CXX compiler ABI info - done
[0.751s] -- Check for working CXX compiler: /usr/bin/c++ - skipped
[0.753s] -- Detecting CXX compile features
[0.753s] -- Detecting CXX compile features - done
[0.775s] -- Found ament_cmake: 1.3.10 (/opt/ros/humble/share/ament_cmake/cmake)
[1.053s] -- Found Python3: /usr/bin/python3 (found version "3.10.12") found components: Interpreter
[1.353s] -- Found ament_lint_auto: 0.12.11 (/opt/ros/humble/share/ament_lint_auto/cmake)
[1.524s] -- Added test 'lint_cmake' to check CMake code style
[1.528s] -- Added test 'xmllint' to check XML markup files
[1.534s] -- Configuring done (1.5s)
[1.537s] -- Generating done (0.0s)
[1.538s] -- Build files have been written to: /home/albert/rad_ws/build/agbot_full_cpp
[1.542s] Invoked command in '/home/albert/rad_ws/build/agbot_full_cpp' returned '0': CMAKE_PREFIX_PATH=${CMAKE_PREFIX_PATH}:/home/albert/ws_moveit2/install/moveit_configs_utils:/home/albert/ws_moveit2/install/launch_param_builder:/home/albert/umov_ws/install/arduino_py_examples:/home/albert/udem2_ws/install/actions_py:/home/albert/udem2_ws/install/lifecycle_py:/home/albert/udem2_ws/install/executors_py:/home/albert/udem2_ws/install/components_py:/home/albert/udem_ws/install/turtlesim_catcher:/home/albert/udem_ws/install/my_py_pkg:/home/albert/udem_ws/install/lifecycle_py:/home/albert/bcdc_ws/install/agbot_teleop:/home/albert/bcdc_ws/install/agbot_py:/home/albert/arduinobot_ws/install/arduinobot_py_examples:/opt/ros/humble /home/albert/.local/bin/cmake /home/albert/rad_ws/src/agbot_full_cpp -DCMAKE_INSTALL_PREFIX=/home/albert/rad_ws/install/agbot_full_cpp
[1.544s] Invoking command in '/home/albert/rad_ws/build/agbot_full_cpp': CMAKE_PREFIX_PATH=${CMAKE_PREFIX_PATH}:/home/albert/ws_moveit2/install/moveit_configs_utils:/home/albert/ws_moveit2/install/launch_param_builder:/home/albert/umov_ws/install/arduino_py_examples:/home/albert/udem2_ws/install/actions_py:/home/albert/udem2_ws/install/lifecycle_py:/home/albert/udem2_ws/install/executors_py:/home/albert/udem2_ws/install/components_py:/home/albert/udem_ws/install/turtlesim_catcher:/home/albert/udem_ws/install/my_py_pkg:/home/albert/udem_ws/install/lifecycle_py:/home/albert/bcdc_ws/install/agbot_teleop:/home/albert/bcdc_ws/install/agbot_py:/home/albert/arduinobot_ws/install/arduinobot_py_examples:/opt/ros/humble /home/albert/.local/bin/cmake --build /home/albert/rad_ws/build/agbot_full_cpp -- -j8 -l8
[1.569s] Invoked command in '/home/albert/rad_ws/build/agbot_full_cpp' returned '0': CMAKE_PREFIX_PATH=${CMAKE_PREFIX_PATH}:/home/albert/ws_moveit2/install/moveit_configs_utils:/home/albert/ws_moveit2/install/launch_param_builder:/home/albert/umov_ws/install/arduino_py_examples:/home/albert/udem2_ws/install/actions_py:/home/albert/udem2_ws/install/lifecycle_py:/home/albert/udem2_ws/install/executors_py:/home/albert/udem2_ws/install/components_py:/home/albert/udem_ws/install/turtlesim_catcher:/home/albert/udem_ws/install/my_py_pkg:/home/albert/udem_ws/install/lifecycle_py:/home/albert/bcdc_ws/install/agbot_teleop:/home/albert/bcdc_ws/install/agbot_py:/home/albert/arduinobot_ws/install/arduinobot_py_examples:/opt/ros/humble /home/albert/.local/bin/cmake --build /home/albert/rad_ws/build/agbot_full_cpp -- -j8 -l8
[1.615s] Invoking command in '/home/albert/rad_ws/build/agbot_full_cpp': CMAKE_PREFIX_PATH=${CMAKE_PREFIX_PATH}:/home/albert/ws_moveit2/install/moveit_configs_utils:/home/albert/ws_moveit2/install/launch_param_builder:/home/albert/umov_ws/install/arduino_py_examples:/home/albert/udem2_ws/install/actions_py:/home/albert/udem2_ws/install/lifecycle_py:/home/albert/udem2_ws/install/executors_py:/home/albert/udem2_ws/install/components_py:/home/albert/udem_ws/install/turtlesim_catcher:/home/albert/udem_ws/install/my_py_pkg:/home/albert/udem_ws/install/lifecycle_py:/home/albert/bcdc_ws/install/agbot_teleop:/home/albert/bcdc_ws/install/agbot_py:/home/albert/arduinobot_ws/install/arduinobot_py_examples:/opt/ros/humble /home/albert/.local/bin/cmake --install /home/albert/rad_ws/build/agbot_full_cpp
[1.620s] -- Install configuration: ""
[1.621s] -- Installing: /home/albert/rad_ws/install/agbot_full_cpp/share/ament_index/resource_index/package_run_dependencies/agbot_full_cpp
[1.621s] -- Installing: /home/albert/rad_ws/install/agbot_full_cpp/share/ament_index/resource_index/parent_prefix_path/agbot_full_cpp
[1.621s] -- Installing: /home/albert/rad_ws/install/agbot_full_cpp/share/agbot_full_cpp/environment/ament_prefix_path.sh
[1.621s] -- Installing: /home/albert/rad_ws/install/agbot_full_cpp/share/agbot_full_cpp/environment/ament_prefix_path.dsv
[1.622s] -- Installing: /home/albert/rad_ws/install/agbot_full_cpp/share/agbot_full_cpp/environment/path.sh
[1.622s] -- Installing: /home/albert/rad_ws/install/agbot_full_cpp/share/agbot_full_cpp/environment/path.dsv
[1.622s] -- Installing: /home/albert/rad_ws/install/agbot_full_cpp/share/agbot_full_cpp/local_setup.bash
[1.622s] -- Installing: /home/albert/rad_ws/install/agbot_full_cpp/share/agbot_full_cpp/local_setup.sh
[1.622s] -- Installing: /home/albert/rad_ws/install/agbot_full_cpp/share/agbot_full_cpp/local_setup.zsh
[1.623s] -- Installing: /home/albert/rad_ws/install/agbot_full_cpp/share/agbot_full_cpp/local_setup.dsv
[1.623s] -- Installing: /home/albert/rad_ws/install/agbot_full_cpp/share/agbot_full_cpp/package.dsv
[1.623s] -- Installing: /home/albert/rad_ws/install/agbot_full_cpp/share/ament_index/resource_index/packages/agbot_full_cpp
[1.623s] -- Installing: /home/albert/rad_ws/install/agbot_full_cpp/share/agbot_full_cpp/cmake/agbot_full_cppConfig.cmake
[1.623s] -- Installing: /home/albert/rad_ws/install/agbot_full_cpp/share/agbot_full_cpp/cmake/agbot_full_cppConfig-version.cmake
[1.624s] -- Installing: /home/albert/rad_ws/install/agbot_full_cpp/share/agbot_full_cpp/package.xml
[1.625s] Invoked command in '/home/albert/rad_ws/build/agbot_full_cpp' returned '0': CMAKE_PREFIX_PATH=${CMAKE_PREFIX_PATH}:/home/albert/ws_moveit2/install/moveit_configs_utils:/home/albert/ws_moveit2/install/launch_param_builder:/home/albert/umov_ws/install/arduino_py_examples:/home/albert/udem2_ws/install/actions_py:/home/albert/udem2_ws/install/lifecycle_py:/home/albert/udem2_ws/install/executors_py:/home/albert/udem2_ws/install/components_py:/home/albert/udem_ws/install/turtlesim_catcher:/home/albert/udem_ws/install/my_py_pkg:/home/albert/udem_ws/install/lifecycle_py:/home/albert/bcdc_ws/install/agbot_teleop:/home/albert/bcdc_ws/install/agbot_py:/home/albert/arduinobot_ws/install/arduinobot_py_examples:/opt/ros/humble /home/albert/.local/bin/cmake --install /home/albert/rad_ws/build/agbot_full_cpp
