[0.348s] Invoking command in '/home/albert/rad_ws/build/agbot_cartographer': CMAKE_PREFIX_PATH=${CMAKE_PREFIX_PATH}:/home/albert/rad_ws/install/agbot_teleop:/home/albert/rad_ws/install/agbot_py:/home/albert/ws_moveit2/install/moveit_configs_utils:/home/albert/ws_moveit2/install/launch_param_builder:/home/albert/umov_ws/install/arduino_py_examples:/home/albert/udem2_ws/install/actions_py:/home/albert/udem2_ws/install/lifecycle_py:/home/albert/udem2_ws/install/executors_py:/home/albert/udem2_ws/install/components_py:/home/albert/udem_ws/install/turtlesim_catcher:/home/albert/udem_ws/install/my_py_pkg:/home/albert/udem_ws/install/lifecycle_py:/home/albert/bcdc_ws/install/agbot_teleop:/home/albert/bcdc_ws/install/agbot_py:/home/albert/arduinobot_ws/install/arduinobot_py_examples:/opt/ros/humble /home/albert/.local/bin/cmake /home/albert/rad_ws/src/agbot_cartographer -DCMAKE_INSTALL_PREFIX=/home/albert/rad_ws/install/agbot_cartographer
[0.806s] -- The C compiler identification is GNU 11.4.0
[1.236s] -- The CXX compiler identification is GNU 11.4.0
[1.331s] -- Detecting C compiler ABI info
[1.886s] -- Detecting C compiler ABI info - done
[2.065s] -- Check for working C compiler: /usr/bin/cc - skipped
[2.065s] -- Detecting C compile features
[2.072s] -- Detecting C compile features - done
[2.105s] -- Detecting CXX compiler ABI info
[2.681s] -- Detecting CXX compiler ABI info - done
[2.905s] -- Check for working CXX compiler: /usr/bin/c++ - skipped
[2.907s] -- Detecting CXX compile features
[2.912s] -- Detecting CXX compile features - done
[2.962s] -- Found ament_cmake: 1.3.10 (/opt/ros/humble/share/ament_cmake/cmake)
[4.472s] -- Found Python3: /usr/bin/python3 (found version "3.10.12") found components: Interpreter
[5.796s] -- Found ament_lint_auto: 0.12.11 (/opt/ros/humble/share/ament_lint_auto/cmake)
[7.017s] -- Added test 'flake8' to check Python code syntax and style conventions
[7.025s] -- Added test 'lint_cmake' to check CMake code style
[7.044s] -- Added test 'pep257' to check Python code against some of the docstring style conventions in PEP 257
[7.072s] -- Added test 'xmllint' to check XML markup files
[7.131s] -- Configuring done (6.8s)
[7.161s] -- Generating done (0.0s)
[7.178s] -- Build files have been written to: /home/albert/rad_ws/build/agbot_cartographer
[7.214s] Invoked command in '/home/albert/rad_ws/build/agbot_cartographer' returned '0': CMAKE_PREFIX_PATH=${CMAKE_PREFIX_PATH}:/home/albert/rad_ws/install/agbot_teleop:/home/albert/rad_ws/install/agbot_py:/home/albert/ws_moveit2/install/moveit_configs_utils:/home/albert/ws_moveit2/install/launch_param_builder:/home/albert/umov_ws/install/arduino_py_examples:/home/albert/udem2_ws/install/actions_py:/home/albert/udem2_ws/install/lifecycle_py:/home/albert/udem2_ws/install/executors_py:/home/albert/udem2_ws/install/components_py:/home/albert/udem_ws/install/turtlesim_catcher:/home/albert/udem_ws/install/my_py_pkg:/home/albert/udem_ws/install/lifecycle_py:/home/albert/bcdc_ws/install/agbot_teleop:/home/albert/bcdc_ws/install/agbot_py:/home/albert/arduinobot_ws/install/arduinobot_py_examples:/opt/ros/humble /home/albert/.local/bin/cmake /home/albert/rad_ws/src/agbot_cartographer -DCMAKE_INSTALL_PREFIX=/home/albert/rad_ws/install/agbot_cartographer
[7.253s] Invoking command in '/home/albert/rad_ws/build/agbot_cartographer': CMAKE_PREFIX_PATH=${CMAKE_PREFIX_PATH}:/home/albert/rad_ws/install/agbot_teleop:/home/albert/rad_ws/install/agbot_py:/home/albert/ws_moveit2/install/moveit_configs_utils:/home/albert/ws_moveit2/install/launch_param_builder:/home/albert/umov_ws/install/arduino_py_examples:/home/albert/udem2_ws/install/actions_py:/home/albert/udem2_ws/install/lifecycle_py:/home/albert/udem2_ws/install/executors_py:/home/albert/udem2_ws/install/components_py:/home/albert/udem_ws/install/turtlesim_catcher:/home/albert/udem_ws/install/my_py_pkg:/home/albert/udem_ws/install/lifecycle_py:/home/albert/bcdc_ws/install/agbot_teleop:/home/albert/bcdc_ws/install/agbot_py:/home/albert/arduinobot_ws/install/arduinobot_py_examples:/opt/ros/humble /home/albert/.local/bin/cmake --build /home/albert/rad_ws/build/agbot_cartographer -- -j8 -l8
[7.549s] Invoked command in '/home/albert/rad_ws/build/agbot_cartographer' returned '0': CMAKE_PREFIX_PATH=${CMAKE_PREFIX_PATH}:/home/albert/rad_ws/install/agbot_teleop:/home/albert/rad_ws/install/agbot_py:/home/albert/ws_moveit2/install/moveit_configs_utils:/home/albert/ws_moveit2/install/launch_param_builder:/home/albert/umov_ws/install/arduino_py_examples:/home/albert/udem2_ws/install/actions_py:/home/albert/udem2_ws/install/lifecycle_py:/home/albert/udem2_ws/install/executors_py:/home/albert/udem2_ws/install/components_py:/home/albert/udem_ws/install/turtlesim_catcher:/home/albert/udem_ws/install/my_py_pkg:/home/albert/udem_ws/install/lifecycle_py:/home/albert/bcdc_ws/install/agbot_teleop:/home/albert/bcdc_ws/install/agbot_py:/home/albert/arduinobot_ws/install/arduinobot_py_examples:/opt/ros/humble /home/albert/.local/bin/cmake --build /home/albert/rad_ws/build/agbot_cartographer -- -j8 -l8
[7.798s] Invoking command in '/home/albert/rad_ws/build/agbot_cartographer': CMAKE_PREFIX_PATH=${CMAKE_PREFIX_PATH}:/home/albert/rad_ws/install/agbot_teleop:/home/albert/rad_ws/install/agbot_py:/home/albert/ws_moveit2/install/moveit_configs_utils:/home/albert/ws_moveit2/install/launch_param_builder:/home/albert/umov_ws/install/arduino_py_examples:/home/albert/udem2_ws/install/actions_py:/home/albert/udem2_ws/install/lifecycle_py:/home/albert/udem2_ws/install/executors_py:/home/albert/udem2_ws/install/components_py:/home/albert/udem_ws/install/turtlesim_catcher:/home/albert/udem_ws/install/my_py_pkg:/home/albert/udem_ws/install/lifecycle_py:/home/albert/bcdc_ws/install/agbot_teleop:/home/albert/bcdc_ws/install/agbot_py:/home/albert/arduinobot_ws/install/arduinobot_py_examples:/opt/ros/humble /home/albert/.local/bin/cmake --install /home/albert/rad_ws/build/agbot_cartographer
[7.860s] -- Install configuration: ""
[7.861s] -- Installing: /home/albert/rad_ws/install/agbot_cartographer/share/agbot_cartographer/config
[7.862s] -- Installing: /home/albert/rad_ws/install/agbot_cartographer/share/agbot_cartographer/config/agbot_lds_2d.lua
[7.863s] -- Installing: /home/albert/rad_ws/install/agbot_cartographer/share/agbot_cartographer/launch
[7.874s] -- Installing: /home/albert/rad_ws/install/agbot_cartographer/share/agbot_cartographer/launch/cartographer.launch.py
[7.874s] -- Installing: /home/albert/rad_ws/install/agbot_cartographer/share/agbot_cartographer/launch/occupancy_grid.launch.py
[7.874s] -- Installing: /home/albert/rad_ws/install/agbot_cartographer/share/agbot_cartographer/rviz
[7.875s] -- Installing: /home/albert/rad_ws/install/agbot_cartographer/share/agbot_cartographer/rviz/agbot_cart.rviz
[7.875s] -- Installing: /home/albert/rad_ws/install/agbot_cartographer/share/ament_index/resource_index/package_run_dependencies/agbot_cartographer
[7.875s] -- Installing: /home/albert/rad_ws/install/agbot_cartographer/share/ament_index/resource_index/parent_prefix_path/agbot_cartographer
[7.875s] -- Installing: /home/albert/rad_ws/install/agbot_cartographer/share/agbot_cartographer/environment/ament_prefix_path.sh
[7.875s] -- Installing: /home/albert/rad_ws/install/agbot_cartographer/share/agbot_cartographer/environment/ament_prefix_path.dsv
[7.876s] -- Installing: /home/albert/rad_ws/install/agbot_cartographer/share/agbot_cartographer/environment/path.sh
[7.876s] -- Installing: /home/albert/rad_ws/install/agbot_cartographer/share/agbot_cartographer/environment/path.dsv
[7.876s] -- Installing: /home/albert/rad_ws/install/agbot_cartographer/share/agbot_cartographer/local_setup.bash
[7.876s] -- Installing: /home/albert/rad_ws/install/agbot_cartographer/share/agbot_cartographer/local_setup.sh
[7.876s] -- Installing: /home/albert/rad_ws/install/agbot_cartographer/share/agbot_cartographer/local_setup.zsh
[7.877s] -- Installing: /home/albert/rad_ws/install/agbot_cartographer/share/agbot_cartographer/local_setup.dsv
[7.877s] -- Installing: /home/albert/rad_ws/install/agbot_cartographer/share/agbot_cartographer/package.dsv
[7.877s] -- Installing: /home/albert/rad_ws/install/agbot_cartographer/share/ament_index/resource_index/packages/agbot_cartographer
[7.877s] -- Installing: /home/albert/rad_ws/install/agbot_cartographer/share/agbot_cartographer/cmake/agbot_cartographerConfig.cmake
[7.877s] -- Installing: /home/albert/rad_ws/install/agbot_cartographer/share/agbot_cartographer/cmake/agbot_cartographerConfig-version.cmake
[7.889s] -- Installing: /home/albert/rad_ws/install/agbot_cartographer/share/agbot_cartographer/package.xml
[8.044s] Invoked command in '/home/albert/rad_ws/build/agbot_cartographer' returned '0': CMAKE_PREFIX_PATH=${CMAKE_PREFIX_PATH}:/home/albert/rad_ws/install/agbot_teleop:/home/albert/rad_ws/install/agbot_py:/home/albert/ws_moveit2/install/moveit_configs_utils:/home/albert/ws_moveit2/install/launch_param_builder:/home/albert/umov_ws/install/arduino_py_examples:/home/albert/udem2_ws/install/actions_py:/home/albert/udem2_ws/install/lifecycle_py:/home/albert/udem2_ws/install/executors_py:/home/albert/udem2_ws/install/components_py:/home/albert/udem_ws/install/turtlesim_catcher:/home/albert/udem_ws/install/my_py_pkg:/home/albert/udem_ws/install/lifecycle_py:/home/albert/bcdc_ws/install/agbot_teleop:/home/albert/bcdc_ws/install/agbot_py:/home/albert/arduinobot_ws/install/arduinobot_py_examples:/opt/ros/humble /home/albert/.local/bin/cmake --install /home/albert/rad_ws/build/agbot_cartographer
