[2.530s] Invoking command in '/home/albert/rad_ws/src/agbot_py': PYTHONPATH=/home/albert/rad_ws/build/agbot_py/prefix_override:/usr/lib/python3/dist-packages/colcon_core/task/python/colcon_distutils_commands:/home/albert/rad_ws/install/agbot_py/lib/python3.10/site-packages:${PYTHONPATH} /usr/bin/python3 -W ignore:setup.py install is deprecated setup.py egg_info --egg-base ../../build/agbot_py build --build-base /home/albert/rad_ws/build/agbot_py/build install --record /home/albert/rad_ws/build/agbot_py/install.log --single-version-externally-managed install_data
[3.088s] running egg_info
[3.089s] writing ../../build/agbot_py/agbot_py.egg-info/PKG-INFO
[3.089s] writing dependency_links to ../../build/agbot_py/agbot_py.egg-info/dependency_links.txt
[3.089s] writing entry points to ../../build/agbot_py/agbot_py.egg-info/entry_points.txt
[3.090s] writing requirements to ../../build/agbot_py/agbot_py.egg-info/requires.txt
[3.090s] writing top-level names to ../../build/agbot_py/agbot_py.egg-info/top_level.txt
[3.093s] reading manifest file '../../build/agbot_py/agbot_py.egg-info/SOURCES.txt'
[3.095s] writing manifest file '../../build/agbot_py/agbot_py.egg-info/SOURCES.txt'
[3.095s] running build
[3.095s] running build_py
[3.095s] running install
[3.096s] running install_lib
[3.098s] running install_data
[3.099s] running install_egg_info
[3.102s] removing '/home/albert/rad_ws/install/agbot_py/lib/python3.10/site-packages/agbot_py-0.0.0-py3.10.egg-info' (and everything under it)
[3.102s] Copying ../../build/agbot_py/agbot_py.egg-info to /home/albert/rad_ws/install/agbot_py/lib/python3.10/site-packages/agbot_py-0.0.0-py3.10.egg-info
[3.103s] running install_scripts
[3.139s] writing list of installed files to '/home/albert/rad_ws/build/agbot_py/install.log'
[3.189s] Invoked command in '/home/albert/rad_ws/src/agbot_py' returned '0': PYTHONPATH=/home/albert/rad_ws/build/agbot_py/prefix_override:/usr/lib/python3/dist-packages/colcon_core/task/python/colcon_distutils_commands:/home/albert/rad_ws/install/agbot_py/lib/python3.10/site-packages:${PYTHONPATH} /usr/bin/python3 -W ignore:setup.py install is deprecated setup.py egg_info --egg-base ../../build/agbot_py build --build-base /home/albert/rad_ws/build/agbot_py/build install --record /home/albert/rad_ws/build/agbot_py/install.log --single-version-externally-managed install_data
