[0.482s] Invoking command in '/home/albert/rad_ws/build/agbot_description': CMAKE_PREFIX_PATH=${CMAKE_PREFIX_PATH}:/home/albert/rad_ws/install/agbot_teleop:/home/albert/rad_ws/install/agbot_py:/home/albert/ws_moveit2/install/moveit_configs_utils:/home/albert/ws_moveit2/install/launch_param_builder:/home/albert/umov_ws/install/arduino_py_examples:/home/albert/udem2_ws/install/actions_py:/home/albert/udem2_ws/install/lifecycle_py:/home/albert/udem2_ws/install/executors_py:/home/albert/udem2_ws/install/components_py:/home/albert/udem_ws/install/turtlesim_catcher:/home/albert/udem_ws/install/my_py_pkg:/home/albert/udem_ws/install/lifecycle_py:/home/albert/bcdc_ws/install/agbot_teleop:/home/albert/bcdc_ws/install/agbot_py:/home/albert/arduinobot_ws/install/arduinobot_py_examples:/opt/ros/humble /home/albert/.local/bin/cmake --build /home/albert/rad_ws/build/agbot_description -- -j8 -l8
[0.683s] Invoked command in '/home/albert/rad_ws/build/agbot_description' returned '0': CMAKE_PREFIX_PATH=${CMAKE_PREFIX_PATH}:/home/albert/rad_ws/install/agbot_teleop:/home/albert/rad_ws/install/agbot_py:/home/albert/ws_moveit2/install/moveit_configs_utils:/home/albert/ws_moveit2/install/launch_param_builder:/home/albert/umov_ws/install/arduino_py_examples:/home/albert/udem2_ws/install/actions_py:/home/albert/udem2_ws/install/lifecycle_py:/home/albert/udem2_ws/install/executors_py:/home/albert/udem2_ws/install/components_py:/home/albert/udem_ws/install/turtlesim_catcher:/home/albert/udem_ws/install/my_py_pkg:/home/albert/udem_ws/install/lifecycle_py:/home/albert/bcdc_ws/install/agbot_teleop:/home/albert/bcdc_ws/install/agbot_py:/home/albert/arduinobot_ws/install/arduinobot_py_examples:/opt/ros/humble /home/albert/.local/bin/cmake --build /home/albert/rad_ws/build/agbot_description -- -j8 -l8
[1.074s] Invoking command in '/home/albert/rad_ws/build/agbot_description': CMAKE_PREFIX_PATH=${CMAKE_PREFIX_PATH}:/home/albert/rad_ws/install/agbot_teleop:/home/albert/rad_ws/install/agbot_py:/home/albert/ws_moveit2/install/moveit_configs_utils:/home/albert/ws_moveit2/install/launch_param_builder:/home/albert/umov_ws/install/arduino_py_examples:/home/albert/udem2_ws/install/actions_py:/home/albert/udem2_ws/install/lifecycle_py:/home/albert/udem2_ws/install/executors_py:/home/albert/udem2_ws/install/components_py:/home/albert/udem_ws/install/turtlesim_catcher:/home/albert/udem_ws/install/my_py_pkg:/home/albert/udem_ws/install/lifecycle_py:/home/albert/bcdc_ws/install/agbot_teleop:/home/albert/bcdc_ws/install/agbot_py:/home/albert/arduinobot_ws/install/arduinobot_py_examples:/opt/ros/humble /home/albert/.local/bin/cmake --install /home/albert/rad_ws/build/agbot_description
[1.078s] -- Install configuration: ""
[1.083s] -- Up-to-date: /home/albert/rad_ws/install/agbot_description/share/agbot_description//launch
[1.084s] -- Up-to-date: /home/albert/rad_ws/install/agbot_description/share/agbot_description//launch/agbot_slam.launch.py
[1.084s] -- Up-to-date: /home/albert/rad_ws/install/agbot_description/share/agbot_description//launch/agbot_display.launch.py
[1.084s] -- Up-to-date: /home/albert/rad_ws/install/agbot_description/share/agbot_description//launch/agbot_gazebo.launch.py
[1.084s] -- Up-to-date: /home/albert/rad_ws/install/agbot_description/share/agbot_description//launch/agbot_arm_display.launch.py
[1.085s] -- Up-to-date: /home/albert/rad_ws/install/agbot_description/share/agbot_description//launch/robot_state_publisher.launch.py
[1.085s] -- Up-to-date: /home/albert/rad_ws/install/agbot_description/share/agbot_description//launch/agbot_arm_gazebo.launch.py
[1.086s] -- Up-to-date: /home/albert/rad_ws/install/agbot_description/share/agbot_description//launch/agbot_world.launch.py
[1.086s] -- Up-to-date: /home/albert/rad_ws/install/agbot_description/share/agbot_description//meshes
[1.095s] -- Up-to-date: /home/albert/rad_ws/install/agbot_description/share/agbot_description//meshes/right_finger.STL
[1.097s] -- Up-to-date: /home/albert/rad_ws/install/agbot_description/share/agbot_description//meshes/triangular_link.STL
[1.101s] -- Up-to-date: /home/albert/rad_ws/install/agbot_description/share/agbot_description//meshes/round_plate.STL
[1.102s] -- Up-to-date: /home/albert/rad_ws/install/agbot_description/share/agbot_description//meshes/left_finger.STL
[1.102s] -- Up-to-date: /home/albert/rad_ws/install/agbot_description/share/agbot_description//meshes/vertical_drive_arm.STL
[1.103s] -- Up-to-date: /home/albert/rad_ws/install/agbot_description/share/agbot_description//meshes/astra.jpg
[1.103s] -- Up-to-date: /home/albert/rad_ws/install/agbot_description/share/agbot_description//meshes/claw_support.STL
[1.109s] -- Up-to-date: /home/albert/rad_ws/install/agbot_description/share/agbot_description//meshes/link.STL
[1.110s] -- Up-to-date: /home/albert/rad_ws/install/agbot_description/share/agbot_description//meshes/r200.jpg
[1.110s] -- Up-to-date: /home/albert/rad_ws/install/agbot_description/share/agbot_description//meshes/horizontal_arm.STL
[1.111s] -- Up-to-date: /home/albert/rad_ws/install/agbot_description/share/agbot_description//meshes/r200.dae
[1.111s] -- Up-to-date: /home/albert/rad_ws/install/agbot_description/share/agbot_description//meshes/astra.dae
[1.115s] -- Up-to-date: /home/albert/rad_ws/install/agbot_description/share/agbot_description//meshes/basement.STL
[1.117s] -- Up-to-date: /home/albert/rad_ws/install/agbot_description/share/agbot_description//meshes/forward_drive_arm.STL
[1.117s] -- Up-to-date: /home/albert/rad_ws/install/agbot_description/share/agbot_description//meshes/right_tire.stl
[1.117s] -- Up-to-date: /home/albert/rad_ws/install/agbot_description/share/agbot_description//meshes/lidar.stl
[1.117s] -- Up-to-date: /home/albert/rad_ws/install/agbot_description/share/agbot_description//meshes/servo_plate.STL
[1.118s] -- Up-to-date: /home/albert/rad_ws/install/agbot_description/share/agbot_description//meshes/plate.STL
[1.118s] -- Up-to-date: /home/albert/rad_ws/install/agbot_description/share/agbot_description//meshes/base_plate.STL
[1.119s] -- Up-to-date: /home/albert/rad_ws/install/agbot_description/share/agbot_description//meshes/left_tire copy.stl
[1.125s] -- Up-to-date: /home/albert/rad_ws/install/agbot_description/share/agbot_description//meshes/left_tire.stl
[1.125s] -- Up-to-date: /home/albert/rad_ws/install/agbot_description/share/agbot_description//meshes/right_tire copy.stl
[1.126s] -- Up-to-date: /home/albert/rad_ws/install/agbot_description/share/agbot_description//meshes/pi_camera.STL
[1.127s] -- Up-to-date: /home/albert/rad_ws/install/agbot_description/share/agbot_description//models
[1.127s] -- Up-to-date: /home/albert/rad_ws/install/agbot_description/share/agbot_description//models/ground_plane
[1.128s] -- Up-to-date: /home/albert/rad_ws/install/agbot_description/share/agbot_description//models/ground_plane/model-1_2.sdf
[1.128s] -- Up-to-date: /home/albert/rad_ws/install/agbot_description/share/agbot_description//models/ground_plane/model-1_3.sdf
[1.133s] -- Up-to-date: /home/albert/rad_ws/install/agbot_description/share/agbot_description//models/ground_plane/model.config
[1.133s] -- Up-to-date: /home/albert/rad_ws/install/agbot_description/share/agbot_description//models/ground_plane/model.sdf
[1.134s] -- Up-to-date: /home/albert/rad_ws/install/agbot_description/share/agbot_description//models/ground_plane/model-1_4.sdf
[1.134s] -- Up-to-date: /home/albert/rad_ws/install/agbot_description/share/agbot_description//models/basic_agbot_description
[1.134s] -- Up-to-date: /home/albert/rad_ws/install/agbot_description/share/agbot_description//models/basic_agbot_description/agbot.sdf
[1.134s] -- Up-to-date: /home/albert/rad_ws/install/agbot_description/share/agbot_description//models/basic_agbot_description/agbot_model.config
[1.135s] -- Up-to-date: /home/albert/rad_ws/install/agbot_description/share/agbot_description//models/sun
[1.135s] -- Up-to-date: /home/albert/rad_ws/install/agbot_description/share/agbot_description//models/sun/model-1_2.sdf
[1.136s] -- Up-to-date: /home/albert/rad_ws/install/agbot_description/share/agbot_description//models/sun/model-1_3.sdf
[1.143s] -- Up-to-date: /home/albert/rad_ws/install/agbot_description/share/agbot_description//models/sun/model.config
[1.143s] -- Up-to-date: /home/albert/rad_ws/install/agbot_description/share/agbot_description//models/sun/model.sdf
[1.143s] -- Up-to-date: /home/albert/rad_ws/install/agbot_description/share/agbot_description//models/sun/model-1_4.sdf
[1.143s] -- Up-to-date: /home/albert/rad_ws/install/agbot_description/share/agbot_description//rviz
[1.144s] -- Up-to-date: /home/albert/rad_ws/install/agbot_description/share/agbot_description//rviz/agbot_urdf_config.rviz
[1.144s] -- Up-to-date: /home/albert/rad_ws/install/agbot_description/share/agbot_description//rviz/agbot_arm_config.rviz
[1.144s] -- Up-to-date: /home/albert/rad_ws/install/agbot_description/share/agbot_description//rviz/agbot_config.rviz
[1.144s] -- Up-to-date: /home/albert/rad_ws/install/agbot_description/share/agbot_description//urdf
[1.145s] -- Up-to-date: /home/albert/rad_ws/install/agbot_description/share/agbot_description//urdf/agbot_ros2_control.xacro
[1.145s] -- Up-to-date: /home/albert/rad_ws/install/agbot_description/share/agbot_description//urdf/common_properties.xacro
[1.145s] -- Up-to-date: /home/albert/rad_ws/install/agbot_description/share/agbot_description//urdf/agbot_full_common_properties.xacro
[1.145s] -- Up-to-date: /home/albert/rad_ws/install/agbot_description/share/agbot_description//urdf/agbot_full.xacro
[1.145s] -- Up-to-date: /home/albert/rad_ws/install/agbot_description/share/agbot_description//urdf/agbot_arm_ros2_control.xacro
[1.153s] -- Up-to-date: /home/albert/rad_ws/install/agbot_description/share/agbot_description//urdf/agbot_gazebo.xacro
[1.154s] -- Up-to-date: /home/albert/rad_ws/install/agbot_description/share/agbot_description//urdf/agbot_arm_gazebo.xacro
[1.155s] -- Up-to-date: /home/albert/rad_ws/install/agbot_description/share/agbot_description//urdf/agbot_full_gazebo.xacro
[1.155s] -- Up-to-date: /home/albert/rad_ws/install/agbot_description/share/agbot_description//urdf/agbot_full_ros2_control.xacro
[1.156s] -- Up-to-date: /home/albert/rad_ws/install/agbot_description/share/agbot_description//urdf/agbot_arm.urdf
[1.156s] -- Up-to-date: /home/albert/rad_ws/install/agbot_description/share/agbot_description//urdf/agbot_common_properties.xacro
[1.156s] -- Up-to-date: /home/albert/rad_ws/install/agbot_description/share/agbot_description//urdf/agbot_arm.xacro
[1.157s] -- Up-to-date: /home/albert/rad_ws/install/agbot_description/share/agbot_description//urdf/agbot.urdf.xacro
[1.157s] -- Up-to-date: /home/albert/rad_ws/install/agbot_description/share/agbot_description//worlds
[1.158s] -- Up-to-date: /home/albert/rad_ws/install/agbot_description/share/agbot_description//worlds/test_world.world
[1.158s] -- Up-to-date: /home/albert/rad_ws/install/agbot_description/share/agbot_description//worlds/smalltown.world
[1.159s] -- Up-to-date: /home/albert/rad_ws/install/agbot_description/share/agbot_description//worlds/turtlebot3_world.world
[1.160s] -- Up-to-date: /home/albert/rad_ws/install/agbot_description/share/agbot_description//worlds/new_world.world
[1.167s] -- Up-to-date: /home/albert/rad_ws/install/agbot_description/share/agbot_description//worlds/house.world
[1.167s] -- Up-to-date: /home/albert/rad_ws/install/agbot_description/share/agbot_description//worlds/new_world-old.world
[1.168s] -- Up-to-date: /home/albert/rad_ws/install/agbot_description/share/agbot_description//worlds/empty_world.world
[1.168s] -- Up-to-date: /home/albert/rad_ws/install/agbot_description/share/ament_index/resource_index/package_run_dependencies/agbot_description
[1.172s] -- Up-to-date: /home/albert/rad_ws/install/agbot_description/share/ament_index/resource_index/parent_prefix_path/agbot_description
[1.173s] -- Up-to-date: /home/albert/rad_ws/install/agbot_description/share/agbot_description/environment/ament_prefix_path.sh
[1.173s] -- Up-to-date: /home/albert/rad_ws/install/agbot_description/share/agbot_description/environment/ament_prefix_path.dsv
[1.174s] -- Up-to-date: /home/albert/rad_ws/install/agbot_description/share/agbot_description/environment/path.sh
[1.174s] -- Up-to-date: /home/albert/rad_ws/install/agbot_description/share/agbot_description/environment/path.dsv
[1.175s] -- Up-to-date: /home/albert/rad_ws/install/agbot_description/share/agbot_description/local_setup.bash
[1.175s] -- Up-to-date: /home/albert/rad_ws/install/agbot_description/share/agbot_description/local_setup.sh
[1.180s] -- Up-to-date: /home/albert/rad_ws/install/agbot_description/share/agbot_description/local_setup.zsh
[1.180s] -- Up-to-date: /home/albert/rad_ws/install/agbot_description/share/agbot_description/local_setup.dsv
[1.184s] -- Installing: /home/albert/rad_ws/install/agbot_description/share/agbot_description/package.dsv
[1.184s] -- Up-to-date: /home/albert/rad_ws/install/agbot_description/share/ament_index/resource_index/packages/agbot_description
[1.185s] -- Up-to-date: /home/albert/rad_ws/install/agbot_description/share/agbot_description/cmake/agbot_descriptionConfig.cmake
[1.190s] -- Up-to-date: /home/albert/rad_ws/install/agbot_description/share/agbot_description/cmake/agbot_descriptionConfig-version.cmake
[1.191s] -- Up-to-date: /home/albert/rad_ws/install/agbot_description/share/agbot_description/package.xml
[1.271s] Invoked command in '/home/albert/rad_ws/build/agbot_description' returned '0': CMAKE_PREFIX_PATH=${CMAKE_PREFIX_PATH}:/home/albert/rad_ws/install/agbot_teleop:/home/albert/rad_ws/install/agbot_py:/home/albert/ws_moveit2/install/moveit_configs_utils:/home/albert/ws_moveit2/install/launch_param_builder:/home/albert/umov_ws/install/arduino_py_examples:/home/albert/udem2_ws/install/actions_py:/home/albert/udem2_ws/install/lifecycle_py:/home/albert/udem2_ws/install/executors_py:/home/albert/udem2_ws/install/components_py:/home/albert/udem_ws/install/turtlesim_catcher:/home/albert/udem_ws/install/my_py_pkg:/home/albert/udem_ws/install/lifecycle_py:/home/albert/bcdc_ws/install/agbot_teleop:/home/albert/bcdc_ws/install/agbot_py:/home/albert/arduinobot_ws/install/arduinobot_py_examples:/opt/ros/humble /home/albert/.local/bin/cmake --install /home/albert/rad_ws/build/agbot_description
