[0.203s] Invoking command in '/home/albert/rad_ws/build/agbot_msgs': CMAKE_PREFIX_PATH=${CMAKE_PREFIX_PATH}:/home/albert/rad_ws/install/agbot_teleop:/home/albert/rad_ws/install/agbot_py:/home/albert/ws_moveit2/install/moveit_configs_utils:/home/albert/ws_moveit2/install/launch_param_builder:/home/albert/umov_ws/install/arduino_py_examples:/home/albert/udem2_ws/install/actions_py:/home/albert/udem2_ws/install/lifecycle_py:/home/albert/udem2_ws/install/executors_py:/home/albert/udem2_ws/install/components_py:/home/albert/udem_ws/install/turtlesim_catcher:/home/albert/udem_ws/install/my_py_pkg:/home/albert/udem_ws/install/lifecycle_py:/home/albert/bcdc_ws/install/agbot_teleop:/home/albert/bcdc_ws/install/agbot_py:/home/albert/arduinobot_ws/install/arduinobot_py_examples:/opt/ros/humble /home/albert/.local/bin/cmake --build /home/albert/rad_ws/build/agbot_msgs -- -j8 -l8
[0.303s] [  9%] Built target agbot_msgs__rosidl_generator_c
[0.306s] [ 12%] Built target agbot_msgs__cpp
[0.330s] [ 12%] Built target ament_cmake_python_copy_agbot_msgs
[0.393s] [ 22%] Built target agbot_msgs__rosidl_typesupport_introspection_c
[0.400s] [ 32%] Built target agbot_msgs__rosidl_typesupport_fastrtps_c
[0.401s] [ 41%] Built target agbot_msgs__rosidl_typesupport_c
[0.429s] [ 51%] Built target agbot_msgs__rosidl_typesupport_cpp
[0.436s] [ 61%] Built target agbot_msgs__rosidl_typesupport_fastrtps_cpp
[0.438s] [ 70%] Built target agbot_msgs__rosidl_typesupport_introspection_cpp
[0.534s] [ 70%] Built target agbot_msgs
[0.541s] [ 74%] Built target agbot_msgs__py
[0.591s] [ 80%] Built target agbot_msgs__rosidl_generator_py
[0.679s] [ 87%] Built target agbot_msgs__rosidl_typesupport_introspection_c__pyext
[0.685s] [ 93%] Built target agbot_msgs__rosidl_typesupport_fastrtps_c__pyext
[0.692s] [100%] Built target agbot_msgs__rosidl_typesupport_c__pyext
[1.252s] running egg_info
[1.253s] writing agbot_msgs.egg-info/PKG-INFO
[1.253s] writing dependency_links to agbot_msgs.egg-info/dependency_links.txt
[1.253s] writing top-level names to agbot_msgs.egg-info/top_level.txt
[1.257s] reading manifest file 'agbot_msgs.egg-info/SOURCES.txt'
[1.258s] writing manifest file 'agbot_msgs.egg-info/SOURCES.txt'
[1.290s] [100%] Built target ament_cmake_python_build_agbot_msgs_egg
[2.318s] Invoked command in '/home/albert/rad_ws/build/agbot_msgs' returned '0': CMAKE_PREFIX_PATH=${CMAKE_PREFIX_PATH}:/home/albert/rad_ws/install/agbot_teleop:/home/albert/rad_ws/install/agbot_py:/home/albert/ws_moveit2/install/moveit_configs_utils:/home/albert/ws_moveit2/install/launch_param_builder:/home/albert/umov_ws/install/arduino_py_examples:/home/albert/udem2_ws/install/actions_py:/home/albert/udem2_ws/install/lifecycle_py:/home/albert/udem2_ws/install/executors_py:/home/albert/udem2_ws/install/components_py:/home/albert/udem_ws/install/turtlesim_catcher:/home/albert/udem_ws/install/my_py_pkg:/home/albert/udem_ws/install/lifecycle_py:/home/albert/bcdc_ws/install/agbot_teleop:/home/albert/bcdc_ws/install/agbot_py:/home/albert/arduinobot_ws/install/arduinobot_py_examples:/opt/ros/humble /home/albert/.local/bin/cmake --build /home/albert/rad_ws/build/agbot_msgs -- -j8 -l8
[2.765s] Invoking command in '/home/albert/rad_ws/build/agbot_msgs': CMAKE_PREFIX_PATH=${CMAKE_PREFIX_PATH}:/home/albert/rad_ws/install/agbot_teleop:/home/albert/rad_ws/install/agbot_py:/home/albert/ws_moveit2/install/moveit_configs_utils:/home/albert/ws_moveit2/install/launch_param_builder:/home/albert/umov_ws/install/arduino_py_examples:/home/albert/udem2_ws/install/actions_py:/home/albert/udem2_ws/install/lifecycle_py:/home/albert/udem2_ws/install/executors_py:/home/albert/udem2_ws/install/components_py:/home/albert/udem_ws/install/turtlesim_catcher:/home/albert/udem_ws/install/my_py_pkg:/home/albert/udem_ws/install/lifecycle_py:/home/albert/bcdc_ws/install/agbot_teleop:/home/albert/bcdc_ws/install/agbot_py:/home/albert/arduinobot_ws/install/arduinobot_py_examples:/opt/ros/humble /home/albert/.local/bin/cmake --install /home/albert/rad_ws/build/agbot_msgs
[2.776s] -- Install configuration: ""
[2.776s] -- Up-to-date: /home/albert/rad_ws/install/agbot_msgs/share/ament_index/resource_index/rosidl_interfaces/agbot_msgs
[2.777s] -- Up-to-date: /home/albert/rad_ws/install/agbot_msgs/include/agbot_msgs/agbot_msgs
[2.777s] -- Up-to-date: /home/albert/rad_ws/install/agbot_msgs/include/agbot_msgs/agbot_msgs/msg
[2.777s] -- Up-to-date: /home/albert/rad_ws/install/agbot_msgs/include/agbot_msgs/agbot_msgs/msg/rosidl_generator_c__visibility_control.h
[2.777s] -- Up-to-date: /home/albert/rad_ws/install/agbot_msgs/include/agbot_msgs/agbot_msgs/action
[2.777s] -- Up-to-date: /home/albert/rad_ws/install/agbot_msgs/include/agbot_msgs/agbot_msgs/action/detail
[2.778s] -- Up-to-date: /home/albert/rad_ws/install/agbot_msgs/include/agbot_msgs/agbot_msgs/action/detail/agbot_arm_task__struct.h
[2.778s] -- Up-to-date: /home/albert/rad_ws/install/agbot_msgs/include/agbot_msgs/agbot_msgs/action/detail/agbot_arm_task__type_support.h
[2.778s] -- Up-to-date: /home/albert/rad_ws/install/agbot_msgs/include/agbot_msgs/agbot_msgs/action/detail/agbot_arm_task__functions.c
[2.778s] -- Up-to-date: /home/albert/rad_ws/install/agbot_msgs/include/agbot_msgs/agbot_msgs/action/detail/agbot_arm_task__functions.h
[2.778s] -- Up-to-date: /home/albert/rad_ws/install/agbot_msgs/include/agbot_msgs/agbot_msgs/action/agbot_arm_task.h
[2.779s] -- Up-to-date: /home/albert/rad_ws/install/agbot_msgs/share/agbot_msgs/environment/library_path.sh
[2.779s] -- Up-to-date: /home/albert/rad_ws/install/agbot_msgs/share/agbot_msgs/environment/library_path.dsv
[2.779s] -- Up-to-date: /home/albert/rad_ws/install/agbot_msgs/lib/libagbot_msgs__rosidl_generator_c.so
[2.779s] -- Up-to-date: /home/albert/rad_ws/install/agbot_msgs/include/agbot_msgs/agbot_msgs
[2.779s] -- Up-to-date: /home/albert/rad_ws/install/agbot_msgs/include/agbot_msgs/agbot_msgs/msg
[2.780s] -- Up-to-date: /home/albert/rad_ws/install/agbot_msgs/include/agbot_msgs/agbot_msgs/msg/rosidl_typesupport_fastrtps_c__visibility_control.h
[2.780s] -- Up-to-date: /home/albert/rad_ws/install/agbot_msgs/include/agbot_msgs/agbot_msgs/action
[2.780s] -- Up-to-date: /home/albert/rad_ws/install/agbot_msgs/include/agbot_msgs/agbot_msgs/action/detail
[2.780s] -- Up-to-date: /home/albert/rad_ws/install/agbot_msgs/include/agbot_msgs/agbot_msgs/action/detail/agbot_arm_task__rosidl_typesupport_fastrtps_c.h
[2.780s] -- Up-to-date: /home/albert/rad_ws/install/agbot_msgs/lib/libagbot_msgs__rosidl_typesupport_fastrtps_c.so
[2.781s] -- Up-to-date: /home/albert/rad_ws/install/agbot_msgs/include/agbot_msgs/agbot_msgs
[2.781s] -- Up-to-date: /home/albert/rad_ws/install/agbot_msgs/include/agbot_msgs/agbot_msgs/action
[2.781s] -- Up-to-date: /home/albert/rad_ws/install/agbot_msgs/include/agbot_msgs/agbot_msgs/action/detail
[2.781s] -- Up-to-date: /home/albert/rad_ws/install/agbot_msgs/include/agbot_msgs/agbot_msgs/action/detail/agbot_arm_task__traits.hpp
[2.781s] -- Up-to-date: /home/albert/rad_ws/install/agbot_msgs/include/agbot_msgs/agbot_msgs/action/detail/agbot_arm_task__builder.hpp
[2.782s] -- Up-to-date: /home/albert/rad_ws/install/agbot_msgs/include/agbot_msgs/agbot_msgs/action/detail/agbot_arm_task__struct.hpp
[2.782s] -- Up-to-date: /home/albert/rad_ws/install/agbot_msgs/include/agbot_msgs/agbot_msgs/action/agbot_arm_task.hpp
[2.782s] -- Up-to-date: /home/albert/rad_ws/install/agbot_msgs/include/agbot_msgs/agbot_msgs
[2.782s] -- Up-to-date: /home/albert/rad_ws/install/agbot_msgs/include/agbot_msgs/agbot_msgs/msg
[2.782s] -- Up-to-date: /home/albert/rad_ws/install/agbot_msgs/include/agbot_msgs/agbot_msgs/msg/rosidl_typesupport_fastrtps_cpp__visibility_control.h
[2.783s] -- Up-to-date: /home/albert/rad_ws/install/agbot_msgs/include/agbot_msgs/agbot_msgs/action
[2.783s] -- Up-to-date: /home/albert/rad_ws/install/agbot_msgs/include/agbot_msgs/agbot_msgs/action/detail
[2.783s] -- Up-to-date: /home/albert/rad_ws/install/agbot_msgs/include/agbot_msgs/agbot_msgs/action/detail/agbot_arm_task__rosidl_typesupport_fastrtps_cpp.hpp
[2.783s] -- Up-to-date: /home/albert/rad_ws/install/agbot_msgs/include/agbot_msgs/agbot_msgs/action/detail/dds_fastrtps
[2.783s] -- Up-to-date: /home/albert/rad_ws/install/agbot_msgs/lib/libagbot_msgs__rosidl_typesupport_fastrtps_cpp.so
[2.784s] -- Up-to-date: /home/albert/rad_ws/install/agbot_msgs/include/agbot_msgs/agbot_msgs
[2.784s] -- Up-to-date: /home/albert/rad_ws/install/agbot_msgs/include/agbot_msgs/agbot_msgs/msg
[2.784s] -- Up-to-date: /home/albert/rad_ws/install/agbot_msgs/include/agbot_msgs/agbot_msgs/msg/rosidl_typesupport_introspection_c__visibility_control.h
[2.784s] -- Up-to-date: /home/albert/rad_ws/install/agbot_msgs/include/agbot_msgs/agbot_msgs/action
[2.785s] -- Up-to-date: /home/albert/rad_ws/install/agbot_msgs/include/agbot_msgs/agbot_msgs/action/detail
[2.785s] -- Up-to-date: /home/albert/rad_ws/install/agbot_msgs/include/agbot_msgs/agbot_msgs/action/detail/agbot_arm_task__rosidl_typesupport_introspection_c.h
[2.785s] -- Up-to-date: /home/albert/rad_ws/install/agbot_msgs/include/agbot_msgs/agbot_msgs/action/detail/agbot_arm_task__type_support.c
[2.785s] -- Up-to-date: /home/albert/rad_ws/install/agbot_msgs/lib/libagbot_msgs__rosidl_typesupport_introspection_c.so
[2.786s] -- Up-to-date: /home/albert/rad_ws/install/agbot_msgs/lib/libagbot_msgs__rosidl_typesupport_c.so
[2.786s] -- Up-to-date: /home/albert/rad_ws/install/agbot_msgs/include/agbot_msgs/agbot_msgs
[2.786s] -- Up-to-date: /home/albert/rad_ws/install/agbot_msgs/include/agbot_msgs/agbot_msgs/action
[2.786s] -- Up-to-date: /home/albert/rad_ws/install/agbot_msgs/include/agbot_msgs/agbot_msgs/action/detail
[2.786s] -- Up-to-date: /home/albert/rad_ws/install/agbot_msgs/include/agbot_msgs/agbot_msgs/action/detail/agbot_arm_task__rosidl_typesupport_introspection_cpp.hpp
[2.786s] -- Up-to-date: /home/albert/rad_ws/install/agbot_msgs/include/agbot_msgs/agbot_msgs/action/detail/agbot_arm_task__type_support.cpp
[2.787s] -- Up-to-date: /home/albert/rad_ws/install/agbot_msgs/lib/libagbot_msgs__rosidl_typesupport_introspection_cpp.so
[2.787s] -- Up-to-date: /home/albert/rad_ws/install/agbot_msgs/lib/libagbot_msgs__rosidl_typesupport_cpp.so
[2.787s] -- Up-to-date: /home/albert/rad_ws/install/agbot_msgs/share/agbot_msgs/environment/pythonpath.sh
[2.787s] -- Up-to-date: /home/albert/rad_ws/install/agbot_msgs/share/agbot_msgs/environment/pythonpath.dsv
[2.787s] -- Up-to-date: /home/albert/rad_ws/install/agbot_msgs/local/lib/python3.10/dist-packages/agbot_msgs-0.0.0-py3.10.egg-info
[2.787s] -- Installing: /home/albert/rad_ws/install/agbot_msgs/local/lib/python3.10/dist-packages/agbot_msgs-0.0.0-py3.10.egg-info/SOURCES.txt
[2.787s] -- Installing: /home/albert/rad_ws/install/agbot_msgs/local/lib/python3.10/dist-packages/agbot_msgs-0.0.0-py3.10.egg-info/top_level.txt
[2.788s] -- Installing: /home/albert/rad_ws/install/agbot_msgs/local/lib/python3.10/dist-packages/agbot_msgs-0.0.0-py3.10.egg-info/PKG-INFO
[2.788s] -- Installing: /home/albert/rad_ws/install/agbot_msgs/local/lib/python3.10/dist-packages/agbot_msgs-0.0.0-py3.10.egg-info/dependency_links.txt
[2.788s] -- Up-to-date: /home/albert/rad_ws/install/agbot_msgs/local/lib/python3.10/dist-packages/agbot_msgs
[2.788s] -- Up-to-date: /home/albert/rad_ws/install/agbot_msgs/local/lib/python3.10/dist-packages/agbot_msgs/__init__.py
[2.788s] -- Up-to-date: /home/albert/rad_ws/install/agbot_msgs/local/lib/python3.10/dist-packages/agbot_msgs/action
[2.788s] -- Up-to-date: /home/albert/rad_ws/install/agbot_msgs/local/lib/python3.10/dist-packages/agbot_msgs/action/__init__.py
[2.789s] -- Up-to-date: /home/albert/rad_ws/install/agbot_msgs/local/lib/python3.10/dist-packages/agbot_msgs/action/_agbot_arm_task.py
[2.789s] -- Up-to-date: /home/albert/rad_ws/install/agbot_msgs/local/lib/python3.10/dist-packages/agbot_msgs/action/_agbot_arm_task_s.c
[2.789s] -- Up-to-date: /home/albert/rad_ws/install/agbot_msgs/local/lib/python3.10/dist-packages/agbot_msgs/_agbot_msgs_s.ep.rosidl_typesupport_introspection_c.c
[2.789s] -- Up-to-date: /home/albert/rad_ws/install/agbot_msgs/local/lib/python3.10/dist-packages/agbot_msgs/agbot_msgs_s__rosidl_typesupport_introspection_c.cpython-310-x86_64-linux-gnu.so
[2.789s] -- Up-to-date: /home/albert/rad_ws/install/agbot_msgs/local/lib/python3.10/dist-packages/agbot_msgs/agbot_msgs_s__rosidl_typesupport_fastrtps_c.cpython-310-x86_64-linux-gnu.so
[2.790s] -- Up-to-date: /home/albert/rad_ws/install/agbot_msgs/local/lib/python3.10/dist-packages/agbot_msgs/agbot_msgs_s__rosidl_typesupport_c.cpython-310-x86_64-linux-gnu.so
[2.790s] -- Up-to-date: /home/albert/rad_ws/install/agbot_msgs/local/lib/python3.10/dist-packages/agbot_msgs/_agbot_msgs_s.ep.rosidl_typesupport_fastrtps_c.c
[2.790s] -- Up-to-date: /home/albert/rad_ws/install/agbot_msgs/local/lib/python3.10/dist-packages/agbot_msgs/_agbot_msgs_s.ep.rosidl_typesupport_c.c
[2.790s] -- Up-to-date: /home/albert/rad_ws/install/agbot_msgs/local/lib/python3.10/dist-packages/agbot_msgs/libagbot_msgs__rosidl_generator_py.so
[2.919s] Listing '/home/albert/rad_ws/install/agbot_msgs/local/lib/python3.10/dist-packages/agbot_msgs'...
[2.919s] Listing '/home/albert/rad_ws/install/agbot_msgs/local/lib/python3.10/dist-packages/agbot_msgs/action'...
[2.929s] -- Up-to-date: /home/albert/rad_ws/install/agbot_msgs/local/lib/python3.10/dist-packages/agbot_msgs/agbot_msgs_s__rosidl_typesupport_fastrtps_c.cpython-310-x86_64-linux-gnu.so
[2.937s] -- Up-to-date: /home/albert/rad_ws/install/agbot_msgs/local/lib/python3.10/dist-packages/agbot_msgs/agbot_msgs_s__rosidl_typesupport_introspection_c.cpython-310-x86_64-linux-gnu.so
[2.938s] -- Up-to-date: /home/albert/rad_ws/install/agbot_msgs/local/lib/python3.10/dist-packages/agbot_msgs/agbot_msgs_s__rosidl_typesupport_c.cpython-310-x86_64-linux-gnu.so
[2.939s] -- Up-to-date: /home/albert/rad_ws/install/agbot_msgs/lib/libagbot_msgs__rosidl_generator_py.so
[2.939s] -- Up-to-date: /home/albert/rad_ws/install/agbot_msgs/share/agbot_msgs/action/AgbotArmTask.idl
[2.939s] -- Up-to-date: /home/albert/rad_ws/install/agbot_msgs/share/agbot_msgs/action/AgbotArmTask.action
[2.940s] -- Up-to-date: /home/albert/rad_ws/install/agbot_msgs/share/ament_index/resource_index/package_run_dependencies/agbot_msgs
[2.940s] -- Up-to-date: /home/albert/rad_ws/install/agbot_msgs/share/ament_index/resource_index/parent_prefix_path/agbot_msgs
[2.940s] -- Up-to-date: /home/albert/rad_ws/install/agbot_msgs/share/agbot_msgs/environment/ament_prefix_path.sh
[2.940s] -- Up-to-date: /home/albert/rad_ws/install/agbot_msgs/share/agbot_msgs/environment/ament_prefix_path.dsv
[2.940s] -- Up-to-date: /home/albert/rad_ws/install/agbot_msgs/share/agbot_msgs/environment/path.sh
[2.940s] -- Up-to-date: /home/albert/rad_ws/install/agbot_msgs/share/agbot_msgs/environment/path.dsv
[2.941s] -- Up-to-date: /home/albert/rad_ws/install/agbot_msgs/share/agbot_msgs/local_setup.bash
[2.941s] -- Up-to-date: /home/albert/rad_ws/install/agbot_msgs/share/agbot_msgs/local_setup.sh
[2.941s] -- Up-to-date: /home/albert/rad_ws/install/agbot_msgs/share/agbot_msgs/local_setup.zsh
[2.941s] -- Up-to-date: /home/albert/rad_ws/install/agbot_msgs/share/agbot_msgs/local_setup.dsv
[2.941s] -- Installing: /home/albert/rad_ws/install/agbot_msgs/share/agbot_msgs/package.dsv
[2.941s] -- Up-to-date: /home/albert/rad_ws/install/agbot_msgs/share/ament_index/resource_index/packages/agbot_msgs
[2.942s] -- Up-to-date: /home/albert/rad_ws/install/agbot_msgs/share/agbot_msgs/cmake/export_agbot_msgs__rosidl_generator_cExport.cmake
[2.946s] -- Up-to-date: /home/albert/rad_ws/install/agbot_msgs/share/agbot_msgs/cmake/export_agbot_msgs__rosidl_generator_cExport-noconfig.cmake
[2.946s] -- Up-to-date: /home/albert/rad_ws/install/agbot_msgs/share/agbot_msgs/cmake/export_agbot_msgs__rosidl_typesupport_fastrtps_cExport.cmake
[2.946s] -- Up-to-date: /home/albert/rad_ws/install/agbot_msgs/share/agbot_msgs/cmake/export_agbot_msgs__rosidl_typesupport_fastrtps_cExport-noconfig.cmake
[2.946s] -- Up-to-date: /home/albert/rad_ws/install/agbot_msgs/share/agbot_msgs/cmake/export_agbot_msgs__rosidl_generator_cppExport.cmake
[2.947s] -- Up-to-date: /home/albert/rad_ws/install/agbot_msgs/share/agbot_msgs/cmake/export_agbot_msgs__rosidl_typesupport_fastrtps_cppExport.cmake
[2.947s] -- Up-to-date: /home/albert/rad_ws/install/agbot_msgs/share/agbot_msgs/cmake/export_agbot_msgs__rosidl_typesupport_fastrtps_cppExport-noconfig.cmake
[2.947s] -- Up-to-date: /home/albert/rad_ws/install/agbot_msgs/share/agbot_msgs/cmake/agbot_msgs__rosidl_typesupport_introspection_cExport.cmake
[2.947s] -- Up-to-date: /home/albert/rad_ws/install/agbot_msgs/share/agbot_msgs/cmake/agbot_msgs__rosidl_typesupport_introspection_cExport-noconfig.cmake
[2.947s] -- Up-to-date: /home/albert/rad_ws/install/agbot_msgs/share/agbot_msgs/cmake/agbot_msgs__rosidl_typesupport_cExport.cmake
[2.948s] -- Up-to-date: /home/albert/rad_ws/install/agbot_msgs/share/agbot_msgs/cmake/agbot_msgs__rosidl_typesupport_cExport-noconfig.cmake
[2.948s] -- Up-to-date: /home/albert/rad_ws/install/agbot_msgs/share/agbot_msgs/cmake/agbot_msgs__rosidl_typesupport_introspection_cppExport.cmake
[2.948s] -- Up-to-date: /home/albert/rad_ws/install/agbot_msgs/share/agbot_msgs/cmake/agbot_msgs__rosidl_typesupport_introspection_cppExport-noconfig.cmake
[2.948s] -- Up-to-date: /home/albert/rad_ws/install/agbot_msgs/share/agbot_msgs/cmake/agbot_msgs__rosidl_typesupport_cppExport.cmake
[2.948s] -- Up-to-date: /home/albert/rad_ws/install/agbot_msgs/share/agbot_msgs/cmake/agbot_msgs__rosidl_typesupport_cppExport-noconfig.cmake
[2.948s] -- Up-to-date: /home/albert/rad_ws/install/agbot_msgs/share/agbot_msgs/cmake/export_agbot_msgs__rosidl_generator_pyExport.cmake
[2.949s] -- Up-to-date: /home/albert/rad_ws/install/agbot_msgs/share/agbot_msgs/cmake/export_agbot_msgs__rosidl_generator_pyExport-noconfig.cmake
[2.949s] -- Up-to-date: /home/albert/rad_ws/install/agbot_msgs/share/agbot_msgs/cmake/rosidl_cmake-extras.cmake
[2.949s] -- Up-to-date: /home/albert/rad_ws/install/agbot_msgs/share/agbot_msgs/cmake/ament_cmake_export_dependencies-extras.cmake
[2.949s] -- Up-to-date: /home/albert/rad_ws/install/agbot_msgs/share/agbot_msgs/cmake/ament_cmake_export_include_directories-extras.cmake
[2.949s] -- Up-to-date: /home/albert/rad_ws/install/agbot_msgs/share/agbot_msgs/cmake/ament_cmake_export_libraries-extras.cmake
[2.950s] -- Up-to-date: /home/albert/rad_ws/install/agbot_msgs/share/agbot_msgs/cmake/ament_cmake_export_targets-extras.cmake
[2.950s] -- Up-to-date: /home/albert/rad_ws/install/agbot_msgs/share/agbot_msgs/cmake/rosidl_cmake_export_typesupport_targets-extras.cmake
[2.952s] -- Up-to-date: /home/albert/rad_ws/install/agbot_msgs/share/agbot_msgs/cmake/rosidl_cmake_export_typesupport_libraries-extras.cmake
[2.953s] -- Up-to-date: /home/albert/rad_ws/install/agbot_msgs/share/agbot_msgs/cmake/agbot_msgsConfig.cmake
[2.953s] -- Up-to-date: /home/albert/rad_ws/install/agbot_msgs/share/agbot_msgs/cmake/agbot_msgsConfig-version.cmake
[2.953s] -- Up-to-date: /home/albert/rad_ws/install/agbot_msgs/share/agbot_msgs/package.xml
[2.953s] Invoked command in '/home/albert/rad_ws/build/agbot_msgs' returned '0': CMAKE_PREFIX_PATH=${CMAKE_PREFIX_PATH}:/home/albert/rad_ws/install/agbot_teleop:/home/albert/rad_ws/install/agbot_py:/home/albert/ws_moveit2/install/moveit_configs_utils:/home/albert/ws_moveit2/install/launch_param_builder:/home/albert/umov_ws/install/arduino_py_examples:/home/albert/udem2_ws/install/actions_py:/home/albert/udem2_ws/install/lifecycle_py:/home/albert/udem2_ws/install/executors_py:/home/albert/udem2_ws/install/components_py:/home/albert/udem_ws/install/turtlesim_catcher:/home/albert/udem_ws/install/my_py_pkg:/home/albert/udem_ws/install/lifecycle_py:/home/albert/bcdc_ws/install/agbot_teleop:/home/albert/bcdc_ws/install/agbot_py:/home/albert/arduinobot_ws/install/arduinobot_py_examples:/opt/ros/humble /home/albert/.local/bin/cmake --install /home/albert/rad_ws/build/agbot_msgs
