-- Install configuration: ""
-- Up-to-date: /home/albert/rad_ws/install/agbot_full_cartogropher/share/agbot_full_cartogropher/config
-- Up-to-date: /home/albert/rad_ws/install/agbot_full_cartogropher/share/agbot_full_cartogropher/config/agbot_full_lds_2d.lua
-- Up-to-date: /home/albert/rad_ws/install/agbot_full_cartogropher/share/agbot_full_cartogropher/launch
-- Up-to-date: /home/albert/rad_ws/install/agbot_full_cartogropher/share/agbot_full_cartogropher/launch/cartographer.launch.py
-- Up-to-date: /home/albert/rad_ws/install/agbot_full_cartogropher/share/agbot_full_cartogropher/launch/occupancy_grid.launch.py
-- Up-to-date: /home/albert/rad_ws/install/agbot_full_cartogropher/share/agbot_full_cartogropher/rviz
-- Up-to-date: /home/albert/rad_ws/install/agbot_full_cartogropher/share/agbot_full_cartogropher/rviz/agbot_full_cart.rviz
-- Up-to-date: /home/albert/rad_ws/install/agbot_full_cartogropher/share/ament_index/resource_index/package_run_dependencies/agbot_full_cartogropher
-- Up-to-date: /home/albert/rad_ws/install/agbot_full_cartogropher/share/ament_index/resource_index/parent_prefix_path/agbot_full_cartogropher
-- Up-to-date: /home/albert/rad_ws/install/agbot_full_cartogropher/share/agbot_full_cartogropher/environment/ament_prefix_path.sh
-- Up-to-date: /home/albert/rad_ws/install/agbot_full_cartogropher/share/agbot_full_cartogropher/environment/ament_prefix_path.dsv
-- Up-to-date: /home/albert/rad_ws/install/agbot_full_cartogropher/share/agbot_full_cartogropher/environment/path.sh
-- Up-to-date: /home/albert/rad_ws/install/agbot_full_cartogropher/share/agbot_full_cartogropher/environment/path.dsv
-- Up-to-date: /home/albert/rad_ws/install/agbot_full_cartogropher/share/agbot_full_cartogropher/local_setup.bash
-- Up-to-date: /home/albert/rad_ws/install/agbot_full_cartogropher/share/agbot_full_cartogropher/local_setup.sh
-- Up-to-date: /home/albert/rad_ws/install/agbot_full_cartogropher/share/agbot_full_cartogropher/local_setup.zsh
-- Up-to-date: /home/albert/rad_ws/install/agbot_full_cartogropher/share/agbot_full_cartogropher/local_setup.dsv
-- Installing: /home/albert/rad_ws/install/agbot_full_cartogropher/share/agbot_full_cartogropher/package.dsv
-- Up-to-date: /home/albert/rad_ws/install/agbot_full_cartogropher/share/ament_index/resource_index/packages/agbot_full_cartogropher
-- Up-to-date: /home/albert/rad_ws/install/agbot_full_cartogropher/share/agbot_full_cartogropher/cmake/agbot_full_cartogropherConfig.cmake
-- Up-to-date: /home/albert/rad_ws/install/agbot_full_cartogropher/share/agbot_full_cartogropher/cmake/agbot_full_cartogropherConfig-version.cmake
-- Up-to-date: /home/albert/rad_ws/install/agbot_full_cartogropher/share/agbot_full_cartogropher/package.xml
