[0.337s] Invoking command in '/home/albert/rad_ws/build/agbot_full_description': CMAKE_PREFIX_PATH=${CMAKE_PREFIX_PATH}:/home/albert/rad_ws/install/agbot_teleop:/home/albert/rad_ws/install/agbot_py:/home/albert/ws_moveit2/install/moveit_configs_utils:/home/albert/ws_moveit2/install/launch_param_builder:/home/albert/umov_ws/install/arduino_py_examples:/home/albert/udem2_ws/install/actions_py:/home/albert/udem2_ws/install/lifecycle_py:/home/albert/udem2_ws/install/executors_py:/home/albert/udem2_ws/install/components_py:/home/albert/udem_ws/install/turtlesim_catcher:/home/albert/udem_ws/install/my_py_pkg:/home/albert/udem_ws/install/lifecycle_py:/home/albert/bcdc_ws/install/agbot_teleop:/home/albert/bcdc_ws/install/agbot_py:/home/albert/arduinobot_ws/install/arduinobot_py_examples:/opt/ros/humble /home/albert/.local/bin/cmake --build /home/albert/rad_ws/build/agbot_full_description -- -j8 -l8
[0.473s] Invoked command in '/home/albert/rad_ws/build/agbot_full_description' returned '0': CMAKE_PREFIX_PATH=${CMAKE_PREFIX_PATH}:/home/albert/rad_ws/install/agbot_teleop:/home/albert/rad_ws/install/agbot_py:/home/albert/ws_moveit2/install/moveit_configs_utils:/home/albert/ws_moveit2/install/launch_param_builder:/home/albert/umov_ws/install/arduino_py_examples:/home/albert/udem2_ws/install/actions_py:/home/albert/udem2_ws/install/lifecycle_py:/home/albert/udem2_ws/install/executors_py:/home/albert/udem2_ws/install/components_py:/home/albert/udem_ws/install/turtlesim_catcher:/home/albert/udem_ws/install/my_py_pkg:/home/albert/udem_ws/install/lifecycle_py:/home/albert/bcdc_ws/install/agbot_teleop:/home/albert/bcdc_ws/install/agbot_py:/home/albert/arduinobot_ws/install/arduinobot_py_examples:/opt/ros/humble /home/albert/.local/bin/cmake --build /home/albert/rad_ws/build/agbot_full_description -- -j8 -l8
[0.963s] Invoking command in '/home/albert/rad_ws/build/agbot_full_description': CMAKE_PREFIX_PATH=${CMAKE_PREFIX_PATH}:/home/albert/rad_ws/install/agbot_teleop:/home/albert/rad_ws/install/agbot_py:/home/albert/ws_moveit2/install/moveit_configs_utils:/home/albert/ws_moveit2/install/launch_param_builder:/home/albert/umov_ws/install/arduino_py_examples:/home/albert/udem2_ws/install/actions_py:/home/albert/udem2_ws/install/lifecycle_py:/home/albert/udem2_ws/install/executors_py:/home/albert/udem2_ws/install/components_py:/home/albert/udem_ws/install/turtlesim_catcher:/home/albert/udem_ws/install/my_py_pkg:/home/albert/udem_ws/install/lifecycle_py:/home/albert/bcdc_ws/install/agbot_teleop:/home/albert/bcdc_ws/install/agbot_py:/home/albert/arduinobot_ws/install/arduinobot_py_examples:/opt/ros/humble /home/albert/.local/bin/cmake --install /home/albert/rad_ws/build/agbot_full_description
[1.112s] -- Install configuration: ""
[1.112s] -- Up-to-date: /home/albert/rad_ws/install/agbot_full_description/share/agbot_full_description//launch
[1.115s] -- Up-to-date: /home/albert/rad_ws/install/agbot_full_description/share/agbot_full_description//launch/agbot_full_gazebo.launch.py
[1.125s] -- Up-to-date: /home/albert/rad_ws/install/agbot_full_description/share/agbot_full_description//launch/agbot_full_display.launch.py
[1.126s] -- Up-to-date: /home/albert/rad_ws/install/agbot_full_description/share/agbot_full_description//meshes
[1.127s] -- Up-to-date: /home/albert/rad_ws/install/agbot_full_description/share/agbot_full_description//meshes/right_finger.STL
[1.127s] -- Up-to-date: /home/albert/rad_ws/install/agbot_full_description/share/agbot_full_description//meshes/triangular_link.STL
[1.128s] -- Up-to-date: /home/albert/rad_ws/install/agbot_full_description/share/agbot_full_description//meshes/round_plate.STL
[1.133s] -- Up-to-date: /home/albert/rad_ws/install/agbot_full_description/share/agbot_full_description//meshes/left_finger.STL
[1.134s] -- Up-to-date: /home/albert/rad_ws/install/agbot_full_description/share/agbot_full_description//meshes/vertical_drive_arm.STL
[1.134s] -- Up-to-date: /home/albert/rad_ws/install/agbot_full_description/share/agbot_full_description//meshes/astra.jpg
[1.134s] -- Up-to-date: /home/albert/rad_ws/install/agbot_full_description/share/agbot_full_description//meshes/claw_support.STL
[1.135s] -- Up-to-date: /home/albert/rad_ws/install/agbot_full_description/share/agbot_full_description//meshes/link.STL
[1.135s] -- Up-to-date: /home/albert/rad_ws/install/agbot_full_description/share/agbot_full_description//meshes/r200.jpg
[1.135s] -- Up-to-date: /home/albert/rad_ws/install/agbot_full_description/share/agbot_full_description//meshes/horizontal_arm.STL
[1.135s] -- Up-to-date: /home/albert/rad_ws/install/agbot_full_description/share/agbot_full_description//meshes/r200.dae
[1.136s] -- Up-to-date: /home/albert/rad_ws/install/agbot_full_description/share/agbot_full_description//meshes/astra.dae
[1.136s] -- Up-to-date: /home/albert/rad_ws/install/agbot_full_description/share/agbot_full_description//meshes/basement.STL
[1.140s] -- Up-to-date: /home/albert/rad_ws/install/agbot_full_description/share/agbot_full_description//meshes/forward_drive_arm.STL
[1.140s] -- Up-to-date: /home/albert/rad_ws/install/agbot_full_description/share/agbot_full_description//meshes/right_tire.stl
[1.141s] -- Up-to-date: /home/albert/rad_ws/install/agbot_full_description/share/agbot_full_description//meshes/lidar.stl
[1.141s] -- Up-to-date: /home/albert/rad_ws/install/agbot_full_description/share/agbot_full_description//meshes/servo_plate.STL
[1.141s] -- Up-to-date: /home/albert/rad_ws/install/agbot_full_description/share/agbot_full_description//meshes/plate.STL
[1.141s] -- Up-to-date: /home/albert/rad_ws/install/agbot_full_description/share/agbot_full_description//meshes/base_plate.STL
[1.141s] -- Up-to-date: /home/albert/rad_ws/install/agbot_full_description/share/agbot_full_description//meshes/left_tire copy.stl
[1.142s] -- Up-to-date: /home/albert/rad_ws/install/agbot_full_description/share/agbot_full_description//meshes/left_tire.stl
[1.142s] -- Up-to-date: /home/albert/rad_ws/install/agbot_full_description/share/agbot_full_description//meshes/right_tire copy.stl
[1.142s] -- Up-to-date: /home/albert/rad_ws/install/agbot_full_description/share/agbot_full_description//meshes/pi_camera.STL
[1.142s] -- Up-to-date: /home/albert/rad_ws/install/agbot_full_description/share/agbot_full_description//models
[1.143s] -- Up-to-date: /home/albert/rad_ws/install/agbot_full_description/share/agbot_full_description//models/ground_plane
[1.143s] -- Up-to-date: /home/albert/rad_ws/install/agbot_full_description/share/agbot_full_description//models/ground_plane/model-1_2.sdf
[1.143s] -- Up-to-date: /home/albert/rad_ws/install/agbot_full_description/share/agbot_full_description//models/ground_plane/model-1_3.sdf
[1.143s] -- Up-to-date: /home/albert/rad_ws/install/agbot_full_description/share/agbot_full_description//models/ground_plane/model.config
[1.144s] -- Up-to-date: /home/albert/rad_ws/install/agbot_full_description/share/agbot_full_description//models/ground_plane/model.sdf
[1.159s] -- Up-to-date: /home/albert/rad_ws/install/agbot_full_description/share/agbot_full_description//models/ground_plane/model-1_4.sdf
[1.160s] -- Up-to-date: /home/albert/rad_ws/install/agbot_full_description/share/agbot_full_description//models/basic_agbot_description
[1.160s] -- Up-to-date: /home/albert/rad_ws/install/agbot_full_description/share/agbot_full_description//models/basic_agbot_description/agbot.sdf
[1.161s] -- Up-to-date: /home/albert/rad_ws/install/agbot_full_description/share/agbot_full_description//models/basic_agbot_description/agbot_model.config
[1.162s] -- Up-to-date: /home/albert/rad_ws/install/agbot_full_description/share/agbot_full_description//models/sun
[1.164s] -- Up-to-date: /home/albert/rad_ws/install/agbot_full_description/share/agbot_full_description//models/sun/model-1_2.sdf
[1.168s] -- Up-to-date: /home/albert/rad_ws/install/agbot_full_description/share/agbot_full_description//models/sun/model-1_3.sdf
[1.168s] -- Up-to-date: /home/albert/rad_ws/install/agbot_full_description/share/agbot_full_description//models/sun/model.config
[1.168s] -- Up-to-date: /home/albert/rad_ws/install/agbot_full_description/share/agbot_full_description//models/sun/model.sdf
[1.168s] -- Up-to-date: /home/albert/rad_ws/install/agbot_full_description/share/agbot_full_description//models/sun/model-1_4.sdf
[1.169s] -- Up-to-date: /home/albert/rad_ws/install/agbot_full_description/share/agbot_full_description//rviz
[1.169s] -- Up-to-date: /home/albert/rad_ws/install/agbot_full_description/share/agbot_full_description//rviz/agbot_full_config.rviz
[1.169s] -- Up-to-date: /home/albert/rad_ws/install/agbot_full_description/share/agbot_full_description//urdf
[1.170s] -- Up-to-date: /home/albert/rad_ws/install/agbot_full_description/share/agbot_full_description//urdf/agbot_full_common_properties.xacro
[1.174s] -- Up-to-date: /home/albert/rad_ws/install/agbot_full_description/share/agbot_full_description//urdf/agbot_full.xacro
[1.174s] -- Up-to-date: /home/albert/rad_ws/install/agbot_full_description/share/agbot_full_description//urdf/agbot_full_gazebo.xacro
[1.176s] -- Up-to-date: /home/albert/rad_ws/install/agbot_full_description/share/agbot_full_description//urdf/agbot_full_ros2_control.xacro
[1.176s] -- Up-to-date: /home/albert/rad_ws/install/agbot_full_description/share/agbot_full_description//worlds
[1.176s] -- Up-to-date: /home/albert/rad_ws/install/agbot_full_description/share/agbot_full_description//worlds/test_world.world
[1.177s] -- Up-to-date: /home/albert/rad_ws/install/agbot_full_description/share/agbot_full_description//worlds/smalltown.world
[1.177s] -- Up-to-date: /home/albert/rad_ws/install/agbot_full_description/share/agbot_full_description//worlds/turtlebot3_world.world
[1.177s] -- Up-to-date: /home/albert/rad_ws/install/agbot_full_description/share/agbot_full_description//worlds/new_world.world
[1.178s] -- Up-to-date: /home/albert/rad_ws/install/agbot_full_description/share/agbot_full_description//worlds/house.world
[1.179s] -- Up-to-date: /home/albert/rad_ws/install/agbot_full_description/share/agbot_full_description//worlds/new_world-old.world
[1.179s] -- Up-to-date: /home/albert/rad_ws/install/agbot_full_description/share/agbot_full_description//worlds/empty_world.world
[1.179s] -- Up-to-date: /home/albert/rad_ws/install/agbot_full_description/share/ament_index/resource_index/package_run_dependencies/agbot_full_description
[1.183s] -- Up-to-date: /home/albert/rad_ws/install/agbot_full_description/share/ament_index/resource_index/parent_prefix_path/agbot_full_description
[1.184s] -- Up-to-date: /home/albert/rad_ws/install/agbot_full_description/share/agbot_full_description/environment/ament_prefix_path.sh
[1.184s] -- Up-to-date: /home/albert/rad_ws/install/agbot_full_description/share/agbot_full_description/environment/ament_prefix_path.dsv
[1.184s] -- Up-to-date: /home/albert/rad_ws/install/agbot_full_description/share/agbot_full_description/environment/path.sh
[1.185s] -- Up-to-date: /home/albert/rad_ws/install/agbot_full_description/share/agbot_full_description/environment/path.dsv
[1.185s] -- Up-to-date: /home/albert/rad_ws/install/agbot_full_description/share/agbot_full_description/local_setup.bash
[1.185s] -- Up-to-date: /home/albert/rad_ws/install/agbot_full_description/share/agbot_full_description/local_setup.sh
[1.186s] -- Up-to-date: /home/albert/rad_ws/install/agbot_full_description/share/agbot_full_description/local_setup.zsh
[1.186s] -- Up-to-date: /home/albert/rad_ws/install/agbot_full_description/share/agbot_full_description/local_setup.dsv
[1.186s] -- Installing: /home/albert/rad_ws/install/agbot_full_description/share/agbot_full_description/package.dsv
[1.192s] -- Up-to-date: /home/albert/rad_ws/install/agbot_full_description/share/ament_index/resource_index/packages/agbot_full_description
[1.192s] -- Up-to-date: /home/albert/rad_ws/install/agbot_full_description/share/agbot_full_description/cmake/agbot_full_descriptionConfig.cmake
[1.192s] -- Up-to-date: /home/albert/rad_ws/install/agbot_full_description/share/agbot_full_description/cmake/agbot_full_descriptionConfig-version.cmake
[1.193s] -- Up-to-date: /home/albert/rad_ws/install/agbot_full_description/share/agbot_full_description/package.xml
[1.311s] Invoked command in '/home/albert/rad_ws/build/agbot_full_description' returned '0': CMAKE_PREFIX_PATH=${CMAKE_PREFIX_PATH}:/home/albert/rad_ws/install/agbot_teleop:/home/albert/rad_ws/install/agbot_py:/home/albert/ws_moveit2/install/moveit_configs_utils:/home/albert/ws_moveit2/install/launch_param_builder:/home/albert/umov_ws/install/arduino_py_examples:/home/albert/udem2_ws/install/actions_py:/home/albert/udem2_ws/install/lifecycle_py:/home/albert/udem2_ws/install/executors_py:/home/albert/udem2_ws/install/components_py:/home/albert/udem_ws/install/turtlesim_catcher:/home/albert/udem_ws/install/my_py_pkg:/home/albert/udem_ws/install/lifecycle_py:/home/albert/bcdc_ws/install/agbot_teleop:/home/albert/bcdc_ws/install/agbot_py:/home/albert/arduinobot_ws/install/arduinobot_py_examples:/opt/ros/humble /home/albert/.local/bin/cmake --install /home/albert/rad_ws/build/agbot_full_description
