-- The C compiler identification is GNU 11.4.0
-- The CXX compiler identification is GNU 11.4.0
-- Detecting C compiler ABI info
-- Detecting C compiler ABI info - done
-- Check for working C compiler: /usr/bin/cc - skipped
-- Detecting C compile features
-- Detecting C compile features - done
-- Detecting CXX compiler ABI info
-- Detecting CXX compiler ABI info - done
-- Check for working CXX compiler: /usr/bin/c++ - skipped
-- Detecting CXX compile features
-- Detecting CXX compile features - done
-- Found ament_cmake: 1.3.10 (/opt/ros/humble/share/ament_cmake/cmake)
-- Found Python3: /usr/bin/python3 (found version "3.10.12") found components: Interpreter
-- Found moveit_visual_tools: 4.1.0 (/home/albert/ws_moveit2/install/moveit_visual_tools/share/moveit_visual_tools/cmake)
-- Found rosidl_generator_c: 3.1.5 (/opt/ros/humble/share/rosidl_generator_c/cmake)
-- Found rosidl_adapter: 3.1.5 (/opt/ros/humble/share/rosidl_adapter/cmake)
-- Found rosidl_generator_cpp: 3.1.5 (/opt/ros/humble/share/rosidl_generator_cpp/cmake)
-- Using all available rosidl_typesupport_c: rosidl_typesupport_fastrtps_c;rosidl_typesupport_introspection_c
-- Using all available rosidl_typesupport_cpp: rosidl_typesupport_fastrtps_cpp;rosidl_typesupport_introspection_cpp
-- Found Boost: /usr/lib/x86_64-linux-gnu/cmake/Boost-1.74.0/BoostConfig.cmake (found version "1.74.0") found components: chrono date_time filesystem iostreams program_options regex serialization system thread
-- Found parameter_traits: 0.3.8 (/opt/ros/humble/share/parameter_traits/cmake)
-- Found rmw_implementation_cmake: 6.1.2 (/opt/ros/humble/share/rmw_implementation_cmake/cmake)
-- Found rmw_cyclonedds_cpp: 1.3.4 (/opt/ros/humble/share/rmw_cyclonedds_cpp/cmake)
-- Using RMW implementation 'rmw_cyclonedds_cpp' as default
-- Found Threads: TRUE
-- Found rclcpp_lifecycle: 16.0.10 (/opt/ros/humble/share/rclcpp_lifecycle/cmake)
-- Found Boost: /usr/lib/x86_64-linux-gnu/cmake/Boost-1.74.0/BoostConfig.cmake (found version "1.74.0") found components: filesystem
-- library: /usr/lib/x86_64-linux-gnu/libcurl.so
-- Found Eigen3: TRUE (found version "3.4.0")
-- Ensuring Eigen3 include directory is part of orocos-kdl CMake target
-- Found Boost: /usr/lib/x86_64-linux-gnu/cmake/Boost-1.74.0/BoostConfig.cmake (found version "1.74.0") found components: system filesystem date_time program_options thread chrono
-- Setting assimp_DIR to: '/opt/ros/humble/share/rviz_assimp_vendor/cmake/../../../opt/rviz_assimp_vendor/lib/cmake/assimp-4.1'
-- Setting OGRE_DIR to: '/opt/ros/humble/share/rviz_ogre_vendor/cmake/../../../opt/rviz_ogre_vendor/lib/OGRE/cmake'
-- Found OGRE
--   static     : OFF
--   components : HLMS;MeshLodGenerator;Overlay;Paging;Property;RTShaderSystem;Terrain;Volume
--   plugins    : Plugin_BSPSceneManager;Plugin_OctreeSceneManager;Plugin_PCZSceneManager;Plugin_ParticleFX;RenderSystem_GL;RenderSystem_GL3Plus;Codec_STBI
--   media      : /opt/ros/humble/opt/rviz_ogre_vendor/share/OGRE/Media
-- OGRE_LIBRARIES: OgreHLMS;OgreMeshLodGenerator;OgreOverlay;OgrePaging;OgreProperty;OgreRTShaderSystem;OgreTerrain;OgreVolume;OgreMain
-- OGRE_LIBRARY_DIRS: /opt/ros/humble/opt/rviz_ogre_vendor/lib
-- OGRE_PLUGINS: Plugin_BSPSceneManager;Plugin_OctreeSceneManager;Plugin_PCZSceneManager;Plugin_ParticleFX;RenderSystem_GL;RenderSystem_GL3Plus;Codec_STBI
-- OGRE_PLUGIN_DIR: /opt/ros/humble/opt/rviz_ogre_vendor/lib/OGRE
-- rviz_ogre_vendor::OgreOverlay for IMPORTED_LOCATION_RELEASE: /opt/ros/humble/opt/rviz_ogre_vendor/lib/libOgreOverlay.so
-- rviz_ogre_vendor::OgreOverlay for IMPORTED_LOCATION_DEBUG: /opt/ros/humble/opt/rviz_ogre_vendor/lib/libOgreOverlay.so
-- rviz_ogre_vendor::OgreMain for IMPORTED_LOCATION_RELEASE: /opt/ros/humble/opt/rviz_ogre_vendor/lib/libOgreMain.so
-- rviz_ogre_vendor::OgreMain for IMPORTED_LOCATION_DEBUG: /opt/ros/humble/opt/rviz_ogre_vendor/lib/libOgreMain.so
-- Found ZLIB: /usr/lib/x86_64-linux-gnu/libz.so (found version "1.2.11")
-- Found OpenGL: /usr/lib/x86_64-linux-gnu/libOpenGL.so
-- Found X11: /usr/include
-- Looking for XOpenDisplay in /usr/lib/x86_64-linux-gnu/libX11.so;/usr/lib/x86_64-linux-gnu/libXext.so
-- Looking for XOpenDisplay in /usr/lib/x86_64-linux-gnu/libX11.so;/usr/lib/x86_64-linux-gnu/libXext.so - found
-- Looking for gethostbyname
-- Looking for gethostbyname - found
-- Looking for connect
-- Looking for connect - found
-- Looking for remove
-- Looking for remove - found
-- Looking for shmat
-- Looking for shmat - found
-- Looking for IceConnectionNumber in ICE
-- Looking for IceConnectionNumber in ICE - found
-- Configuring done (11.5s)
-- Generating done (0.0s)
-- Build files have been written to: /home/albert/rad_ws/build/agbot_setup_moveit
-- Install configuration: ""
-- Installing: /home/albert/rad_ws/install/agbot_setup_moveit/share/ament_index/resource_index/package_run_dependencies/agbot_setup_moveit
-- Installing: /home/albert/rad_ws/install/agbot_setup_moveit/share/ament_index/resource_index/parent_prefix_path/agbot_setup_moveit
-- Installing: /home/albert/rad_ws/install/agbot_setup_moveit/share/agbot_setup_moveit/environment/ament_prefix_path.sh
-- Installing: /home/albert/rad_ws/install/agbot_setup_moveit/share/agbot_setup_moveit/environment/ament_prefix_path.dsv
-- Installing: /home/albert/rad_ws/install/agbot_setup_moveit/share/agbot_setup_moveit/environment/path.sh
-- Installing: /home/albert/rad_ws/install/agbot_setup_moveit/share/agbot_setup_moveit/environment/path.dsv
-- Installing: /home/albert/rad_ws/install/agbot_setup_moveit/share/agbot_setup_moveit/local_setup.bash
-- Installing: /home/albert/rad_ws/install/agbot_setup_moveit/share/agbot_setup_moveit/local_setup.sh
-- Installing: /home/albert/rad_ws/install/agbot_setup_moveit/share/agbot_setup_moveit/local_setup.zsh
-- Installing: /home/albert/rad_ws/install/agbot_setup_moveit/share/agbot_setup_moveit/local_setup.dsv
-- Installing: /home/albert/rad_ws/install/agbot_setup_moveit/share/agbot_setup_moveit/package.dsv
-- Installing: /home/albert/rad_ws/install/agbot_setup_moveit/share/ament_index/resource_index/packages/agbot_setup_moveit
-- Installing: /home/albert/rad_ws/install/agbot_setup_moveit/share/agbot_setup_moveit/cmake/agbot_setup_moveitConfig.cmake
-- Installing: /home/albert/rad_ws/install/agbot_setup_moveit/share/agbot_setup_moveit/cmake/agbot_setup_moveitConfig-version.cmake
-- Installing: /home/albert/rad_ws/install/agbot_setup_moveit/share/agbot_setup_moveit/package.xml
-- Installing: /home/albert/rad_ws/install/agbot_setup_moveit/share/agbot_setup_moveit/launch
-- Installing: /home/albert/rad_ws/install/agbot_setup_moveit/share/agbot_setup_moveit/launch/moveit_rviz.launch.py
-- Installing: /home/albert/rad_ws/install/agbot_setup_moveit/share/agbot_setup_moveit/launch/spawn_controllers.launch.py
-- Installing: /home/albert/rad_ws/install/agbot_setup_moveit/share/agbot_setup_moveit/launch/move_group.launch.py
-- Installing: /home/albert/rad_ws/install/agbot_setup_moveit/share/agbot_setup_moveit/launch/warehouse_db.launch.py
-- Installing: /home/albert/rad_ws/install/agbot_setup_moveit/share/agbot_setup_moveit/launch/static_virtual_joint_tfs.launch.py
-- Installing: /home/albert/rad_ws/install/agbot_setup_moveit/share/agbot_setup_moveit/launch/demo.launch.py
-- Installing: /home/albert/rad_ws/install/agbot_setup_moveit/share/agbot_setup_moveit/launch/setup_assistant.launch.py
-- Installing: /home/albert/rad_ws/install/agbot_setup_moveit/share/agbot_setup_moveit/launch/rsp.launch.py
-- Installing: /home/albert/rad_ws/install/agbot_setup_moveit/share/agbot_setup_moveit/config
-- Installing: /home/albert/rad_ws/install/agbot_setup_moveit/share/agbot_setup_moveit/config/joint_limits.yaml
-- Installing: /home/albert/rad_ws/install/agbot_setup_moveit/share/agbot_setup_moveit/config/ros2_controllers.yaml
-- Installing: /home/albert/rad_ws/install/agbot_setup_moveit/share/agbot_setup_moveit/config/moveit_controllers.yaml
-- Installing: /home/albert/rad_ws/install/agbot_setup_moveit/share/agbot_setup_moveit/config/initial_positions.yaml
-- Installing: /home/albert/rad_ws/install/agbot_setup_moveit/share/agbot_setup_moveit/config/pilz_cartesian_limits.yaml
-- Installing: /home/albert/rad_ws/install/agbot_setup_moveit/share/agbot_setup_moveit/config/kinematics.yaml
-- Installing: /home/albert/rad_ws/install/agbot_setup_moveit/share/agbot_setup_moveit/config/agbot_arm.srdf
-- Installing: /home/albert/rad_ws/install/agbot_setup_moveit/share/agbot_setup_moveit/config/agbot_arm.urdf.xacro
-- Installing: /home/albert/rad_ws/install/agbot_setup_moveit/share/agbot_setup_moveit/config/agbot_arm.ros2_control.xacro
-- Installing: /home/albert/rad_ws/install/agbot_setup_moveit/share/agbot_setup_moveit/config/moveit.rviz
-- Installing: /home/albert/rad_ws/install/agbot_setup_moveit/share/agbot_setup_moveit/.setup_assistant
