-- The C compiler identification is GNU 11.4.0
-- The CXX compiler identification is GNU 11.4.0
-- Detecting C compiler ABI info
-- Detecting C compiler ABI info - done
-- Check for working C compiler: /usr/bin/cc - skipped
-- Detecting C compile features
-- Detecting C compile features - done
-- Detecting CXX compiler ABI info
-- Detecting CXX compiler ABI info - done
-- Check for working CXX compiler: /usr/bin/c++ - skipped
-- Detecting CXX compile features
-- Detecting CXX compile features - done
-- Found ament_cmake: 1.3.10 (/opt/ros/humble/share/ament_cmake/cmake)
-- Found Python3: /usr/bin/python3 (found version "3.10.12") found components: Interpreter
-- Found ament_lint_auto: 0.12.11 (/opt/ros/humble/share/ament_lint_auto/cmake)
-- Added test 'lint_cmake' to check CMake code style
-- Added test 'xmllint' to check XML markup files
-- Configuring done (1.9s)
-- Generating done (0.0s)
-- Build files have been written to: /home/albert/rad_ws/build/agbot_full_description
-- Install configuration: ""
-- Installing: /home/albert/rad_ws/install/agbot_full_description/share/ament_index/resource_index/package_run_dependencies/agbot_full_description
-- Installing: /home/albert/rad_ws/install/agbot_full_description/share/ament_index/resource_index/parent_prefix_path/agbot_full_description
-- Installing: /home/albert/rad_ws/install/agbot_full_description/share/agbot_full_description/environment/ament_prefix_path.sh
-- Installing: /home/albert/rad_ws/install/agbot_full_description/share/agbot_full_description/environment/ament_prefix_path.dsv
-- Installing: /home/albert/rad_ws/install/agbot_full_description/share/agbot_full_description/environment/path.sh
-- Installing: /home/albert/rad_ws/install/agbot_full_description/share/agbot_full_description/environment/path.dsv
-- Installing: /home/albert/rad_ws/install/agbot_full_description/share/agbot_full_description/local_setup.bash
-- Installing: /home/albert/rad_ws/install/agbot_full_description/share/agbot_full_description/local_setup.sh
-- Installing: /home/albert/rad_ws/install/agbot_full_description/share/agbot_full_description/local_setup.zsh
-- Installing: /home/albert/rad_ws/install/agbot_full_description/share/agbot_full_description/local_setup.dsv
-- Installing: /home/albert/rad_ws/install/agbot_full_description/share/agbot_full_description/package.dsv
-- Installing: /home/albert/rad_ws/install/agbot_full_description/share/ament_index/resource_index/packages/agbot_full_description
-- Installing: /home/albert/rad_ws/install/agbot_full_description/share/agbot_full_description/cmake/agbot_full_descriptionConfig.cmake
-- Installing: /home/albert/rad_ws/install/agbot_full_description/share/agbot_full_description/cmake/agbot_full_descriptionConfig-version.cmake
-- Installing: /home/albert/rad_ws/install/agbot_full_description/share/agbot_full_description/package.xml
