[0.069s] Invoking command in '/home/albert/rad_ws/build/agbot_full_description': CMAKE_PREFIX_PATH=${CMAKE_PREFIX_PATH}:/home/albert/rad_ws/install/agbot_teleop:/home/albert/rad_ws/install/agbot_py:/home/albert/ws_moveit2/install/moveit_configs_utils:/home/albert/ws_moveit2/install/launch_param_builder:/home/albert/umov_ws/install/arduino_py_examples:/home/albert/udem2_ws/install/actions_py:/home/albert/udem2_ws/install/lifecycle_py:/home/albert/udem2_ws/install/executors_py:/home/albert/udem2_ws/install/components_py:/home/albert/udem_ws/install/turtlesim_catcher:/home/albert/udem_ws/install/my_py_pkg:/home/albert/udem_ws/install/lifecycle_py:/home/albert/bcdc_ws/install/agbot_teleop:/home/albert/bcdc_ws/install/agbot_py:/home/albert/arduinobot_ws/install/arduinobot_py_examples:/opt/ros/humble /home/albert/.local/bin/cmake /home/albert/rad_ws/src/agbot_full_description -DCMAKE_INSTALL_PREFIX=/home/albert/rad_ws/install/agbot_full_description
[0.388s] -- The C compiler identification is GNU 11.4.0
[0.499s] -- The CXX compiler identification is GNU 11.4.0
[0.533s] -- Detecting C compiler ABI info
[0.673s] -- Detecting C compiler ABI info - done
[0.705s] -- Check for working C compiler: /usr/bin/cc - skipped
[0.705s] -- Detecting C compile features
[0.706s] -- Detecting C compile features - done
[0.714s] -- Detecting CXX compiler ABI info
[0.853s] -- Detecting CXX compiler ABI info - done
[0.897s] -- Check for working CXX compiler: /usr/bin/c++ - skipped
[0.898s] -- Detecting CXX compile features
[0.899s] -- Detecting CXX compile features - done
[0.922s] -- Found ament_cmake: 1.3.10 (/opt/ros/humble/share/ament_cmake/cmake)
[1.240s] -- Found Python3: /usr/bin/python3 (found version "3.10.12") found components: Interpreter
[1.594s] -- Found ament_lint_auto: 0.12.11 (/opt/ros/humble/share/ament_lint_auto/cmake)
[1.932s] -- Added test 'lint_cmake' to check CMake code style
[1.939s] -- Added test 'xmllint' to check XML markup files
[1.968s] -- Configuring done (1.9s)
[1.974s] -- Generating done (0.0s)
[1.975s] -- Build files have been written to: /home/albert/rad_ws/build/agbot_full_description
[1.986s] Invoked command in '/home/albert/rad_ws/build/agbot_full_description' returned '0': CMAKE_PREFIX_PATH=${CMAKE_PREFIX_PATH}:/home/albert/rad_ws/install/agbot_teleop:/home/albert/rad_ws/install/agbot_py:/home/albert/ws_moveit2/install/moveit_configs_utils:/home/albert/ws_moveit2/install/launch_param_builder:/home/albert/umov_ws/install/arduino_py_examples:/home/albert/udem2_ws/install/actions_py:/home/albert/udem2_ws/install/lifecycle_py:/home/albert/udem2_ws/install/executors_py:/home/albert/udem2_ws/install/components_py:/home/albert/udem_ws/install/turtlesim_catcher:/home/albert/udem_ws/install/my_py_pkg:/home/albert/udem_ws/install/lifecycle_py:/home/albert/bcdc_ws/install/agbot_teleop:/home/albert/bcdc_ws/install/agbot_py:/home/albert/arduinobot_ws/install/arduinobot_py_examples:/opt/ros/humble /home/albert/.local/bin/cmake /home/albert/rad_ws/src/agbot_full_description -DCMAKE_INSTALL_PREFIX=/home/albert/rad_ws/install/agbot_full_description
[1.992s] Invoking command in '/home/albert/rad_ws/build/agbot_full_description': CMAKE_PREFIX_PATH=${CMAKE_PREFIX_PATH}:/home/albert/rad_ws/install/agbot_teleop:/home/albert/rad_ws/install/agbot_py:/home/albert/ws_moveit2/install/moveit_configs_utils:/home/albert/ws_moveit2/install/launch_param_builder:/home/albert/umov_ws/install/arduino_py_examples:/home/albert/udem2_ws/install/actions_py:/home/albert/udem2_ws/install/lifecycle_py:/home/albert/udem2_ws/install/executors_py:/home/albert/udem2_ws/install/components_py:/home/albert/udem_ws/install/turtlesim_catcher:/home/albert/udem_ws/install/my_py_pkg:/home/albert/udem_ws/install/lifecycle_py:/home/albert/bcdc_ws/install/agbot_teleop:/home/albert/bcdc_ws/install/agbot_py:/home/albert/arduinobot_ws/install/arduinobot_py_examples:/opt/ros/humble /home/albert/.local/bin/cmake --build /home/albert/rad_ws/build/agbot_full_description -- -j8 -l8
[2.028s] Invoked command in '/home/albert/rad_ws/build/agbot_full_description' returned '0': CMAKE_PREFIX_PATH=${CMAKE_PREFIX_PATH}:/home/albert/rad_ws/install/agbot_teleop:/home/albert/rad_ws/install/agbot_py:/home/albert/ws_moveit2/install/moveit_configs_utils:/home/albert/ws_moveit2/install/launch_param_builder:/home/albert/umov_ws/install/arduino_py_examples:/home/albert/udem2_ws/install/actions_py:/home/albert/udem2_ws/install/lifecycle_py:/home/albert/udem2_ws/install/executors_py:/home/albert/udem2_ws/install/components_py:/home/albert/udem_ws/install/turtlesim_catcher:/home/albert/udem_ws/install/my_py_pkg:/home/albert/udem_ws/install/lifecycle_py:/home/albert/bcdc_ws/install/agbot_teleop:/home/albert/bcdc_ws/install/agbot_py:/home/albert/arduinobot_ws/install/arduinobot_py_examples:/opt/ros/humble /home/albert/.local/bin/cmake --build /home/albert/rad_ws/build/agbot_full_description -- -j8 -l8
[2.097s] Invoking command in '/home/albert/rad_ws/build/agbot_full_description': CMAKE_PREFIX_PATH=${CMAKE_PREFIX_PATH}:/home/albert/rad_ws/install/agbot_teleop:/home/albert/rad_ws/install/agbot_py:/home/albert/ws_moveit2/install/moveit_configs_utils:/home/albert/ws_moveit2/install/launch_param_builder:/home/albert/umov_ws/install/arduino_py_examples:/home/albert/udem2_ws/install/actions_py:/home/albert/udem2_ws/install/lifecycle_py:/home/albert/udem2_ws/install/executors_py:/home/albert/udem2_ws/install/components_py:/home/albert/udem_ws/install/turtlesim_catcher:/home/albert/udem_ws/install/my_py_pkg:/home/albert/udem_ws/install/lifecycle_py:/home/albert/bcdc_ws/install/agbot_teleop:/home/albert/bcdc_ws/install/agbot_py:/home/albert/arduinobot_ws/install/arduinobot_py_examples:/opt/ros/humble /home/albert/.local/bin/cmake --install /home/albert/rad_ws/build/agbot_full_description
[2.106s] -- Install configuration: ""
[2.107s] -- Installing: /home/albert/rad_ws/install/agbot_full_description/share/ament_index/resource_index/package_run_dependencies/agbot_full_description
[2.107s] -- Installing: /home/albert/rad_ws/install/agbot_full_description/share/ament_index/resource_index/parent_prefix_path/agbot_full_description
[2.107s] -- Installing: /home/albert/rad_ws/install/agbot_full_description/share/agbot_full_description/environment/ament_prefix_path.sh
[2.108s] -- Installing: /home/albert/rad_ws/install/agbot_full_description/share/agbot_full_description/environment/ament_prefix_path.dsv
[2.108s] -- Installing: /home/albert/rad_ws/install/agbot_full_description/share/agbot_full_description/environment/path.sh
[2.108s] -- Installing: /home/albert/rad_ws/install/agbot_full_description/share/agbot_full_description/environment/path.dsv
[2.109s] -- Installing: /home/albert/rad_ws/install/agbot_full_description/share/agbot_full_description/local_setup.bash
[2.110s] -- Installing: /home/albert/rad_ws/install/agbot_full_description/share/agbot_full_description/local_setup.sh
[2.110s] -- Installing: /home/albert/rad_ws/install/agbot_full_description/share/agbot_full_description/local_setup.zsh
[2.110s] -- Installing: /home/albert/rad_ws/install/agbot_full_description/share/agbot_full_description/local_setup.dsv
[2.110s] -- Installing: /home/albert/rad_ws/install/agbot_full_description/share/agbot_full_description/package.dsv
[2.110s] -- Installing: /home/albert/rad_ws/install/agbot_full_description/share/ament_index/resource_index/packages/agbot_full_description
[2.110s] -- Installing: /home/albert/rad_ws/install/agbot_full_description/share/agbot_full_description/cmake/agbot_full_descriptionConfig.cmake
[2.111s] -- Installing: /home/albert/rad_ws/install/agbot_full_description/share/agbot_full_description/cmake/agbot_full_descriptionConfig-version.cmake
[2.111s] -- Installing: /home/albert/rad_ws/install/agbot_full_description/share/agbot_full_description/package.xml
[2.113s] Invoked command in '/home/albert/rad_ws/build/agbot_full_description' returned '0': CMAKE_PREFIX_PATH=${CMAKE_PREFIX_PATH}:/home/albert/rad_ws/install/agbot_teleop:/home/albert/rad_ws/install/agbot_py:/home/albert/ws_moveit2/install/moveit_configs_utils:/home/albert/ws_moveit2/install/launch_param_builder:/home/albert/umov_ws/install/arduino_py_examples:/home/albert/udem2_ws/install/actions_py:/home/albert/udem2_ws/install/lifecycle_py:/home/albert/udem2_ws/install/executors_py:/home/albert/udem2_ws/install/components_py:/home/albert/udem_ws/install/turtlesim_catcher:/home/albert/udem_ws/install/my_py_pkg:/home/albert/udem_ws/install/lifecycle_py:/home/albert/bcdc_ws/install/agbot_teleop:/home/albert/bcdc_ws/install/agbot_py:/home/albert/arduinobot_ws/install/arduinobot_py_examples:/opt/ros/humble /home/albert/.local/bin/cmake --install /home/albert/rad_ws/build/agbot_full_description
