[1.242s] Invoking command in '/home/albert/rad_ws/src/agbot_py': PYTHONPATH=/home/albert/rad_ws/build/agbot_py/prefix_override:/usr/lib/python3/dist-packages/colcon_core/task/python/colcon_distutils_commands:/home/albert/rad_ws/install/agbot_py/lib/python3.10/site-packages:${PYTHONPATH} /usr/bin/python3 -W ignore:setup.py install is deprecated setup.py egg_info --egg-base ../../build/agbot_py build --build-base /home/albert/rad_ws/build/agbot_py/build install --record /home/albert/rad_ws/build/agbot_py/install.log --single-version-externally-managed install_data
[1.702s] running egg_info
[1.703s] writing ../../build/agbot_py/agbot_py.egg-info/PKG-INFO
[1.703s] writing dependency_links to ../../build/agbot_py/agbot_py.egg-info/dependency_links.txt
[1.703s] writing entry points to ../../build/agbot_py/agbot_py.egg-info/entry_points.txt
[1.704s] writing requirements to ../../build/agbot_py/agbot_py.egg-info/requires.txt
[1.704s] writing top-level names to ../../build/agbot_py/agbot_py.egg-info/top_level.txt
[1.705s] reading manifest file '../../build/agbot_py/agbot_py.egg-info/SOURCES.txt'
[1.706s] writing manifest file '../../build/agbot_py/agbot_py.egg-info/SOURCES.txt'
[1.706s] running build
[1.706s] running build_py
[1.707s] running install
[1.707s] running install_lib
[1.709s] running install_data
[1.709s] running install_egg_info
[1.711s] removing '/home/albert/rad_ws/install/agbot_py/lib/python3.10/site-packages/agbot_py-0.0.0-py3.10.egg-info' (and everything under it)
[1.711s] Copying ../../build/agbot_py/agbot_py.egg-info to /home/albert/rad_ws/install/agbot_py/lib/python3.10/site-packages/agbot_py-0.0.0-py3.10.egg-info
[1.712s] running install_scripts
[1.739s] writing list of installed files to '/home/albert/rad_ws/build/agbot_py/install.log'
[1.766s] Invoked command in '/home/albert/rad_ws/src/agbot_py' returned '0': PYTHONPATH=/home/albert/rad_ws/build/agbot_py/prefix_override:/usr/lib/python3/dist-packages/colcon_core/task/python/colcon_distutils_commands:/home/albert/rad_ws/install/agbot_py/lib/python3.10/site-packages:${PYTHONPATH} /usr/bin/python3 -W ignore:setup.py install is deprecated setup.py egg_info --egg-base ../../build/agbot_py build --build-base /home/albert/rad_ws/build/agbot_py/build install --record /home/albert/rad_ws/build/agbot_py/install.log --single-version-externally-managed install_data
