[0.101s] Invoking command in '/home/albert/rad_ws/build/agbot_arm_controller': CMAKE_PREFIX_PATH=${CMAKE_PREFIX_PATH}:/home/albert/rad_ws/install/agbot_teleop:/home/albert/rad_ws/install/agbot_py:/home/albert/ws_moveit2/install/moveit_configs_utils:/home/albert/ws_moveit2/install/launch_param_builder:/home/albert/umov_ws/install/arduino_py_examples:/home/albert/udem2_ws/install/actions_py:/home/albert/udem2_ws/install/lifecycle_py:/home/albert/udem2_ws/install/executors_py:/home/albert/udem2_ws/install/components_py:/home/albert/udem_ws/install/turtlesim_catcher:/home/albert/udem_ws/install/my_py_pkg:/home/albert/udem_ws/install/lifecycle_py:/home/albert/bcdc_ws/install/agbot_teleop:/home/albert/bcdc_ws/install/agbot_py:/home/albert/arduinobot_ws/install/arduinobot_py_examples:/opt/ros/humble /home/albert/.local/bin/cmake --build /home/albert/rad_ws/build/agbot_arm_controller -- -j8 -l8
[0.145s] Invoked command in '/home/albert/rad_ws/build/agbot_arm_controller' returned '0': CMAKE_PREFIX_PATH=${CMAKE_PREFIX_PATH}:/home/albert/rad_ws/install/agbot_teleop:/home/albert/rad_ws/install/agbot_py:/home/albert/ws_moveit2/install/moveit_configs_utils:/home/albert/ws_moveit2/install/launch_param_builder:/home/albert/umov_ws/install/arduino_py_examples:/home/albert/udem2_ws/install/actions_py:/home/albert/udem2_ws/install/lifecycle_py:/home/albert/udem2_ws/install/executors_py:/home/albert/udem2_ws/install/components_py:/home/albert/udem_ws/install/turtlesim_catcher:/home/albert/udem_ws/install/my_py_pkg:/home/albert/udem_ws/install/lifecycle_py:/home/albert/bcdc_ws/install/agbot_teleop:/home/albert/bcdc_ws/install/agbot_py:/home/albert/arduinobot_ws/install/arduinobot_py_examples:/opt/ros/humble /home/albert/.local/bin/cmake --build /home/albert/rad_ws/build/agbot_arm_controller -- -j8 -l8
[0.264s] Invoking command in '/home/albert/rad_ws/build/agbot_arm_controller': CMAKE_PREFIX_PATH=${CMAKE_PREFIX_PATH}:/home/albert/rad_ws/install/agbot_teleop:/home/albert/rad_ws/install/agbot_py:/home/albert/ws_moveit2/install/moveit_configs_utils:/home/albert/ws_moveit2/install/launch_param_builder:/home/albert/umov_ws/install/arduino_py_examples:/home/albert/udem2_ws/install/actions_py:/home/albert/udem2_ws/install/lifecycle_py:/home/albert/udem2_ws/install/executors_py:/home/albert/udem2_ws/install/components_py:/home/albert/udem_ws/install/turtlesim_catcher:/home/albert/udem_ws/install/my_py_pkg:/home/albert/udem_ws/install/lifecycle_py:/home/albert/bcdc_ws/install/agbot_teleop:/home/albert/bcdc_ws/install/agbot_py:/home/albert/arduinobot_ws/install/arduinobot_py_examples:/opt/ros/humble /home/albert/.local/bin/cmake --install /home/albert/rad_ws/build/agbot_arm_controller
[0.288s] -- Install configuration: ""
[0.288s] -- Up-to-date: /home/albert/rad_ws/install/agbot_arm_controller/share/agbot_arm_controller/config
[0.288s] -- Up-to-date: /home/albert/rad_ws/install/agbot_arm_controller/share/agbot_arm_controller/config/ros2_controllers.yaml
[0.288s] -- Up-to-date: /home/albert/rad_ws/install/agbot_arm_controller/share/agbot_arm_controller/config/agbot_arm_extender_controllers.yaml
[0.288s] -- Up-to-date: /home/albert/rad_ws/install/agbot_arm_controller/share/agbot_arm_controller/config/agbot_arm_controllers.yaml
[0.288s] -- Up-to-date: /home/albert/rad_ws/install/agbot_arm_controller/share/agbot_arm_controller/launch
[0.289s] -- Up-to-date: /home/albert/rad_ws/install/agbot_arm_controller/share/agbot_arm_controller/launch/controller.launch.py
[0.289s] -- Up-to-date: /home/albert/rad_ws/install/agbot_arm_controller/share/ament_index/resource_index/package_run_dependencies/agbot_arm_controller
[0.289s] -- Up-to-date: /home/albert/rad_ws/install/agbot_arm_controller/share/ament_index/resource_index/parent_prefix_path/agbot_arm_controller
[0.289s] -- Up-to-date: /home/albert/rad_ws/install/agbot_arm_controller/share/agbot_arm_controller/environment/ament_prefix_path.sh
[0.289s] -- Up-to-date: /home/albert/rad_ws/install/agbot_arm_controller/share/agbot_arm_controller/environment/ament_prefix_path.dsv
[0.289s] -- Up-to-date: /home/albert/rad_ws/install/agbot_arm_controller/share/agbot_arm_controller/environment/path.sh
[0.290s] -- Up-to-date: /home/albert/rad_ws/install/agbot_arm_controller/share/agbot_arm_controller/environment/path.dsv
[0.290s] -- Up-to-date: /home/albert/rad_ws/install/agbot_arm_controller/share/agbot_arm_controller/local_setup.bash
[0.290s] -- Up-to-date: /home/albert/rad_ws/install/agbot_arm_controller/share/agbot_arm_controller/local_setup.sh
[0.290s] -- Up-to-date: /home/albert/rad_ws/install/agbot_arm_controller/share/agbot_arm_controller/local_setup.zsh
[0.290s] -- Up-to-date: /home/albert/rad_ws/install/agbot_arm_controller/share/agbot_arm_controller/local_setup.dsv
[0.290s] -- Installing: /home/albert/rad_ws/install/agbot_arm_controller/share/agbot_arm_controller/package.dsv
[0.290s] -- Up-to-date: /home/albert/rad_ws/install/agbot_arm_controller/share/ament_index/resource_index/packages/agbot_arm_controller
[0.290s] -- Up-to-date: /home/albert/rad_ws/install/agbot_arm_controller/share/agbot_arm_controller/cmake/agbot_arm_controllerConfig.cmake
[0.291s] -- Up-to-date: /home/albert/rad_ws/install/agbot_arm_controller/share/agbot_arm_controller/cmake/agbot_arm_controllerConfig-version.cmake
[0.291s] -- Up-to-date: /home/albert/rad_ws/install/agbot_arm_controller/share/agbot_arm_controller/package.xml
[0.297s] Invoked command in '/home/albert/rad_ws/build/agbot_arm_controller' returned '0': CMAKE_PREFIX_PATH=${CMAKE_PREFIX_PATH}:/home/albert/rad_ws/install/agbot_teleop:/home/albert/rad_ws/install/agbot_py:/home/albert/ws_moveit2/install/moveit_configs_utils:/home/albert/ws_moveit2/install/launch_param_builder:/home/albert/umov_ws/install/arduino_py_examples:/home/albert/udem2_ws/install/actions_py:/home/albert/udem2_ws/install/lifecycle_py:/home/albert/udem2_ws/install/executors_py:/home/albert/udem2_ws/install/components_py:/home/albert/udem_ws/install/turtlesim_catcher:/home/albert/udem_ws/install/my_py_pkg:/home/albert/udem_ws/install/lifecycle_py:/home/albert/bcdc_ws/install/agbot_teleop:/home/albert/bcdc_ws/install/agbot_py:/home/albert/arduinobot_ws/install/arduinobot_py_examples:/opt/ros/humble /home/albert/.local/bin/cmake --install /home/albert/rad_ws/build/agbot_arm_controller
