-- The C compiler identification is GNU 11.4.0
-- The CXX compiler identification is GNU 11.4.0
-- Detecting C compiler ABI info
-- Detecting C compiler ABI info - done
-- Check for working C compiler: /usr/bin/cc - skipped
-- Detecting C compile features
-- Detecting C compile features - done
-- Detecting CXX compiler ABI info
-- Detecting CXX compiler ABI info - done
-- Check for working CXX compiler: /usr/bin/c++ - skipped
-- Detecting CXX compile features
-- Detecting CXX compile features - done
-- Found ament_cmake: 1.3.10 (/opt/ros/humble/share/ament_cmake/cmake)
-- Found Python3: /usr/bin/python3 (found version "3.10.12") found components: Interpreter
-- Found std_msgs: 4.2.4 (/opt/ros/humble/share/std_msgs/cmake)
-- Found rosidl_generator_c: 3.1.5 (/opt/ros/humble/share/rosidl_generator_c/cmake)
-- Found rosidl_adapter: 3.1.5 (/opt/ros/humble/share/rosidl_adapter/cmake)
-- Found rosidl_generator_cpp: 3.1.5 (/opt/ros/humble/share/rosidl_generator_cpp/cmake)
-- Using all available rosidl_typesupport_c: rosidl_typesupport_fastrtps_c;rosidl_typesupport_introspection_c
-- Using all available rosidl_typesupport_cpp: rosidl_typesupport_fastrtps_cpp;rosidl_typesupport_introspection_cpp
-- Found rosidl_default_generators: 1.2.0 (/opt/ros/humble/share/rosidl_default_generators/cmake)
-- Found ament_cmake_ros: 0.10.0 (/opt/ros/humble/share/ament_cmake_ros/cmake)
-- Using all available rosidl_typesupport_c: rosidl_typesupport_fastrtps_c;rosidl_typesupport_introspection_c
-- Using all available rosidl_typesupport_cpp: rosidl_typesupport_fastrtps_cpp;rosidl_typesupport_introspection_cpp
-- Found PythonInterp: /usr/bin/python3 (found suitable version "3.10.12", minimum required is "3.6")
-- Found python_cmake_module: 0.10.0 (/opt/ros/humble/share/python_cmake_module/cmake)
-- Found PythonLibs: /usr/lib/x86_64-linux-gnu/libpython3.10.so (found suitable version "3.10.12", minimum required is "3.5")
-- Using PYTHON_EXECUTABLE: /usr/bin/python3
-- Using PYTHON_INCLUDE_DIRS: /usr/include/python3.10
-- Using PYTHON_LIBRARIES: /usr/lib/x86_64-linux-gnu/libpython3.10.so
-- Found PythonExtra: .so
-- Found ament_lint_auto: 0.12.11 (/opt/ros/humble/share/ament_lint_auto/cmake)
-- Added test 'lint_cmake' to check CMake code style
-- Added test 'xmllint' to check XML markup files
-- Configuring done (18.6s)
-- Generating done (0.1s)
-- Build files have been written to: /home/albert/rad_ws/build/agbot_msgs
[  3%] [34m[1mGenerating C code for ROS interfaces[0m
[  6%] [34m[1mGenerating C++ code for ROS interfaces[0m
[  6%] Built target ament_cmake_python_copy_agbot_msgs
running egg_info
creating agbot_msgs.egg-info
writing agbot_msgs.egg-info/PKG-INFO
writing dependency_links to agbot_msgs.egg-info/dependency_links.txt
writing top-level names to agbot_msgs.egg-info/top_level.txt
writing manifest file 'agbot_msgs.egg-info/SOURCES.txt'
reading manifest file 'agbot_msgs.egg-info/SOURCES.txt'
writing manifest file 'agbot_msgs.egg-info/SOURCES.txt'
[  6%] Built target ament_cmake_python_build_agbot_msgs_egg
[  9%] [32mBuilding C object CMakeFiles/agbot_msgs__rosidl_generator_c.dir/rosidl_generator_c/agbot_msgs/action/detail/agbot_arm_task__functions.c.o[0m
[ 12%] [32m[1mLinking C shared library libagbot_msgs__rosidl_generator_c.so[0m
[ 12%] Built target agbot_msgs__rosidl_generator_c
[ 16%] [34m[1mGenerating C type support for eProsima Fast-RTPS[0m
[ 19%] [34m[1mGenerating C introspection for ROS interfaces[0m
[ 19%] Built target agbot_msgs__cpp
[ 22%] [34m[1mGenerating C type support dispatch for ROS interfaces[0m
[ 25%] [32mBuilding CXX object CMakeFiles/agbot_msgs__rosidl_typesupport_c.dir/rosidl_typesupport_c/agbot_msgs/action/agbot_arm_task__type_support.cpp.o[0m
[ 29%] [32mBuilding C object CMakeFiles/agbot_msgs__rosidl_typesupport_introspection_c.dir/rosidl_typesupport_introspection_c/agbot_msgs/action/detail/agbot_arm_task__type_support.c.o[0m
[ 32%] [32mBuilding CXX object CMakeFiles/agbot_msgs__rosidl_typesupport_fastrtps_c.dir/rosidl_typesupport_fastrtps_c/agbot_msgs/action/detail/agbot_arm_task__type_support_c.cpp.o[0m
[ 35%] [32m[1mLinking CXX shared library libagbot_msgs__rosidl_typesupport_c.so[0m
[ 35%] Built target agbot_msgs__rosidl_typesupport_c
[ 38%] [34m[1mGenerating C++ introspection for ROS interfaces[0m
[ 41%] [34m[1mGenerating C++ type support for eProsima Fast-RTPS[0m
[ 45%] [32m[1mLinking C shared library libagbot_msgs__rosidl_typesupport_introspection_c.so[0m
[ 45%] Built target agbot_msgs__rosidl_typesupport_introspection_c
[ 48%] [34m[1mGenerating C++ type support dispatch for ROS interfaces[0m
[ 51%] [32m[1mLinking CXX shared library libagbot_msgs__rosidl_typesupport_fastrtps_c.so[0m
[ 54%] [32mBuilding CXX object CMakeFiles/agbot_msgs__rosidl_typesupport_introspection_cpp.dir/rosidl_typesupport_introspection_cpp/agbot_msgs/action/detail/agbot_arm_task__type_support.cpp.o[0m
[ 58%] [32mBuilding CXX object CMakeFiles/agbot_msgs__rosidl_typesupport_cpp.dir/rosidl_typesupport_cpp/agbot_msgs/action/agbot_arm_task__type_support.cpp.o[0m
[ 58%] Built target agbot_msgs__rosidl_typesupport_fastrtps_c
[ 61%] [32mBuilding CXX object CMakeFiles/agbot_msgs__rosidl_typesupport_fastrtps_cpp.dir/rosidl_typesupport_fastrtps_cpp/agbot_msgs/action/detail/dds_fastrtps/agbot_arm_task__type_support.cpp.o[0m
[ 64%] [32m[1mLinking CXX shared library libagbot_msgs__rosidl_typesupport_cpp.so[0m
[ 64%] Built target agbot_msgs__rosidl_typesupport_cpp
[ 67%] [32m[1mLinking CXX shared library libagbot_msgs__rosidl_typesupport_introspection_cpp.so[0m
[ 70%] [32m[1mLinking CXX shared library libagbot_msgs__rosidl_typesupport_fastrtps_cpp.so[0m
[ 70%] Built target agbot_msgs__rosidl_typesupport_introspection_cpp
[ 70%] Built target agbot_msgs__rosidl_typesupport_fastrtps_cpp
[ 70%] Built target agbot_msgs
[ 74%] [34m[1mGenerating Python code for ROS interfaces[0m
[ 74%] Built target agbot_msgs__py
[ 77%] [32mBuilding C object CMakeFiles/agbot_msgs__rosidl_generator_py.dir/rosidl_generator_py/agbot_msgs/action/_agbot_arm_task_s.c.o[0m
[ 80%] [32m[1mLinking C shared library rosidl_generator_py/agbot_msgs/libagbot_msgs__rosidl_generator_py.so[0m
[ 80%] Built target agbot_msgs__rosidl_generator_py
[ 83%] [32mBuilding C object CMakeFiles/agbot_msgs__rosidl_typesupport_fastrtps_c__pyext.dir/rosidl_generator_py/agbot_msgs/_agbot_msgs_s.ep.rosidl_typesupport_fastrtps_c.c.o[0m
[ 87%] [32mBuilding C object CMakeFiles/agbot_msgs__rosidl_typesupport_c__pyext.dir/rosidl_generator_py/agbot_msgs/_agbot_msgs_s.ep.rosidl_typesupport_c.c.o[0m
[ 90%] [32mBuilding C object CMakeFiles/agbot_msgs__rosidl_typesupport_introspection_c__pyext.dir/rosidl_generator_py/agbot_msgs/_agbot_msgs_s.ep.rosidl_typesupport_introspection_c.c.o[0m
[ 93%] [32m[1mLinking C shared library rosidl_generator_py/agbot_msgs/agbot_msgs_s__rosidl_typesupport_introspection_c.cpython-310-x86_64-linux-gnu.so[0m
[ 96%] [32m[1mLinking C shared library rosidl_generator_py/agbot_msgs/agbot_msgs_s__rosidl_typesupport_c.cpython-310-x86_64-linux-gnu.so[0m
[100%] [32m[1mLinking C shared library rosidl_generator_py/agbot_msgs/agbot_msgs_s__rosidl_typesupport_fastrtps_c.cpython-310-x86_64-linux-gnu.so[0m
[100%] Built target agbot_msgs__rosidl_typesupport_introspection_c__pyext
[100%] Built target agbot_msgs__rosidl_typesupport_fastrtps_c__pyext
[100%] Built target agbot_msgs__rosidl_typesupport_c__pyext
-- Install configuration: ""
-- Installing: /home/albert/rad_ws/install/agbot_msgs/share/ament_index/resource_index/rosidl_interfaces/agbot_msgs
-- Installing: /home/albert/rad_ws/install/agbot_msgs/include/agbot_msgs/agbot_msgs
-- Installing: /home/albert/rad_ws/install/agbot_msgs/include/agbot_msgs/agbot_msgs/msg
-- Installing: /home/albert/rad_ws/install/agbot_msgs/include/agbot_msgs/agbot_msgs/msg/rosidl_generator_c__visibility_control.h
-- Installing: /home/albert/rad_ws/install/agbot_msgs/include/agbot_msgs/agbot_msgs/action
-- Installing: /home/albert/rad_ws/install/agbot_msgs/include/agbot_msgs/agbot_msgs/action/detail
-- Installing: /home/albert/rad_ws/install/agbot_msgs/include/agbot_msgs/agbot_msgs/action/detail/agbot_arm_task__struct.h
-- Installing: /home/albert/rad_ws/install/agbot_msgs/include/agbot_msgs/agbot_msgs/action/detail/agbot_arm_task__type_support.h
-- Installing: /home/albert/rad_ws/install/agbot_msgs/include/agbot_msgs/agbot_msgs/action/detail/agbot_arm_task__functions.c
-- Installing: /home/albert/rad_ws/install/agbot_msgs/include/agbot_msgs/agbot_msgs/action/detail/agbot_arm_task__functions.h
-- Installing: /home/albert/rad_ws/install/agbot_msgs/include/agbot_msgs/agbot_msgs/action/agbot_arm_task.h
-- Installing: /home/albert/rad_ws/install/agbot_msgs/share/agbot_msgs/environment/library_path.sh
-- Installing: /home/albert/rad_ws/install/agbot_msgs/share/agbot_msgs/environment/library_path.dsv
-- Installing: /home/albert/rad_ws/install/agbot_msgs/lib/libagbot_msgs__rosidl_generator_c.so
-- Set non-toolchain portion of runtime path of "/home/albert/rad_ws/install/agbot_msgs/lib/libagbot_msgs__rosidl_generator_c.so" to ""
-- Up-to-date: /home/albert/rad_ws/install/agbot_msgs/include/agbot_msgs/agbot_msgs
-- Up-to-date: /home/albert/rad_ws/install/agbot_msgs/include/agbot_msgs/agbot_msgs/msg
-- Installing: /home/albert/rad_ws/install/agbot_msgs/include/agbot_msgs/agbot_msgs/msg/rosidl_typesupport_fastrtps_c__visibility_control.h
-- Up-to-date: /home/albert/rad_ws/install/agbot_msgs/include/agbot_msgs/agbot_msgs/action
-- Up-to-date: /home/albert/rad_ws/install/agbot_msgs/include/agbot_msgs/agbot_msgs/action/detail
-- Installing: /home/albert/rad_ws/install/agbot_msgs/include/agbot_msgs/agbot_msgs/action/detail/agbot_arm_task__rosidl_typesupport_fastrtps_c.h
-- Installing: /home/albert/rad_ws/install/agbot_msgs/lib/libagbot_msgs__rosidl_typesupport_fastrtps_c.so
-- Set non-toolchain portion of runtime path of "/home/albert/rad_ws/install/agbot_msgs/lib/libagbot_msgs__rosidl_typesupport_fastrtps_c.so" to ""
-- Up-to-date: /home/albert/rad_ws/install/agbot_msgs/include/agbot_msgs/agbot_msgs
-- Up-to-date: /home/albert/rad_ws/install/agbot_msgs/include/agbot_msgs/agbot_msgs/action
-- Up-to-date: /home/albert/rad_ws/install/agbot_msgs/include/agbot_msgs/agbot_msgs/action/detail
-- Installing: /home/albert/rad_ws/install/agbot_msgs/include/agbot_msgs/agbot_msgs/action/detail/agbot_arm_task__traits.hpp
-- Installing: /home/albert/rad_ws/install/agbot_msgs/include/agbot_msgs/agbot_msgs/action/detail/agbot_arm_task__builder.hpp
-- Installing: /home/albert/rad_ws/install/agbot_msgs/include/agbot_msgs/agbot_msgs/action/detail/agbot_arm_task__struct.hpp
-- Installing: /home/albert/rad_ws/install/agbot_msgs/include/agbot_msgs/agbot_msgs/action/agbot_arm_task.hpp
-- Up-to-date: /home/albert/rad_ws/install/agbot_msgs/include/agbot_msgs/agbot_msgs
-- Up-to-date: /home/albert/rad_ws/install/agbot_msgs/include/agbot_msgs/agbot_msgs/msg
-- Installing: /home/albert/rad_ws/install/agbot_msgs/include/agbot_msgs/agbot_msgs/msg/rosidl_typesupport_fastrtps_cpp__visibility_control.h
-- Up-to-date: /home/albert/rad_ws/install/agbot_msgs/include/agbot_msgs/agbot_msgs/action
-- Up-to-date: /home/albert/rad_ws/install/agbot_msgs/include/agbot_msgs/agbot_msgs/action/detail
-- Installing: /home/albert/rad_ws/install/agbot_msgs/include/agbot_msgs/agbot_msgs/action/detail/agbot_arm_task__rosidl_typesupport_fastrtps_cpp.hpp
-- Installing: /home/albert/rad_ws/install/agbot_msgs/include/agbot_msgs/agbot_msgs/action/detail/dds_fastrtps
-- Installing: /home/albert/rad_ws/install/agbot_msgs/lib/libagbot_msgs__rosidl_typesupport_fastrtps_cpp.so
-- Set non-toolchain portion of runtime path of "/home/albert/rad_ws/install/agbot_msgs/lib/libagbot_msgs__rosidl_typesupport_fastrtps_cpp.so" to ""
-- Up-to-date: /home/albert/rad_ws/install/agbot_msgs/include/agbot_msgs/agbot_msgs
-- Up-to-date: /home/albert/rad_ws/install/agbot_msgs/include/agbot_msgs/agbot_msgs/msg
-- Installing: /home/albert/rad_ws/install/agbot_msgs/include/agbot_msgs/agbot_msgs/msg/rosidl_typesupport_introspection_c__visibility_control.h
-- Up-to-date: /home/albert/rad_ws/install/agbot_msgs/include/agbot_msgs/agbot_msgs/action
-- Up-to-date: /home/albert/rad_ws/install/agbot_msgs/include/agbot_msgs/agbot_msgs/action/detail
-- Installing: /home/albert/rad_ws/install/agbot_msgs/include/agbot_msgs/agbot_msgs/action/detail/agbot_arm_task__rosidl_typesupport_introspection_c.h
-- Installing: /home/albert/rad_ws/install/agbot_msgs/include/agbot_msgs/agbot_msgs/action/detail/agbot_arm_task__type_support.c
-- Installing: /home/albert/rad_ws/install/agbot_msgs/lib/libagbot_msgs__rosidl_typesupport_introspection_c.so
-- Set non-toolchain portion of runtime path of "/home/albert/rad_ws/install/agbot_msgs/lib/libagbot_msgs__rosidl_typesupport_introspection_c.so" to ""
-- Installing: /home/albert/rad_ws/install/agbot_msgs/lib/libagbot_msgs__rosidl_typesupport_c.so
-- Set non-toolchain portion of runtime path of "/home/albert/rad_ws/install/agbot_msgs/lib/libagbot_msgs__rosidl_typesupport_c.so" to ""
-- Up-to-date: /home/albert/rad_ws/install/agbot_msgs/include/agbot_msgs/agbot_msgs
-- Up-to-date: /home/albert/rad_ws/install/agbot_msgs/include/agbot_msgs/agbot_msgs/action
-- Up-to-date: /home/albert/rad_ws/install/agbot_msgs/include/agbot_msgs/agbot_msgs/action/detail
-- Installing: /home/albert/rad_ws/install/agbot_msgs/include/agbot_msgs/agbot_msgs/action/detail/agbot_arm_task__rosidl_typesupport_introspection_cpp.hpp
-- Installing: /home/albert/rad_ws/install/agbot_msgs/include/agbot_msgs/agbot_msgs/action/detail/agbot_arm_task__type_support.cpp
-- Installing: /home/albert/rad_ws/install/agbot_msgs/lib/libagbot_msgs__rosidl_typesupport_introspection_cpp.so
-- Set non-toolchain portion of runtime path of "/home/albert/rad_ws/install/agbot_msgs/lib/libagbot_msgs__rosidl_typesupport_introspection_cpp.so" to ""
-- Installing: /home/albert/rad_ws/install/agbot_msgs/lib/libagbot_msgs__rosidl_typesupport_cpp.so
-- Set non-toolchain portion of runtime path of "/home/albert/rad_ws/install/agbot_msgs/lib/libagbot_msgs__rosidl_typesupport_cpp.so" to ""
-- Installing: /home/albert/rad_ws/install/agbot_msgs/share/agbot_msgs/environment/pythonpath.sh
-- Installing: /home/albert/rad_ws/install/agbot_msgs/share/agbot_msgs/environment/pythonpath.dsv
-- Installing: /home/albert/rad_ws/install/agbot_msgs/local/lib/python3.10/dist-packages/agbot_msgs-0.0.0-py3.10.egg-info
-- Installing: /home/albert/rad_ws/install/agbot_msgs/local/lib/python3.10/dist-packages/agbot_msgs-0.0.0-py3.10.egg-info/SOURCES.txt
-- Installing: /home/albert/rad_ws/install/agbot_msgs/local/lib/python3.10/dist-packages/agbot_msgs-0.0.0-py3.10.egg-info/top_level.txt
-- Installing: /home/albert/rad_ws/install/agbot_msgs/local/lib/python3.10/dist-packages/agbot_msgs-0.0.0-py3.10.egg-info/PKG-INFO
-- Installing: /home/albert/rad_ws/install/agbot_msgs/local/lib/python3.10/dist-packages/agbot_msgs-0.0.0-py3.10.egg-info/dependency_links.txt
-- Installing: /home/albert/rad_ws/install/agbot_msgs/local/lib/python3.10/dist-packages/agbot_msgs
-- Installing: /home/albert/rad_ws/install/agbot_msgs/local/lib/python3.10/dist-packages/agbot_msgs/__init__.py
-- Installing: /home/albert/rad_ws/install/agbot_msgs/local/lib/python3.10/dist-packages/agbot_msgs/action
-- Installing: /home/albert/rad_ws/install/agbot_msgs/local/lib/python3.10/dist-packages/agbot_msgs/action/__init__.py
-- Installing: /home/albert/rad_ws/install/agbot_msgs/local/lib/python3.10/dist-packages/agbot_msgs/action/_agbot_arm_task.py
-- Installing: /home/albert/rad_ws/install/agbot_msgs/local/lib/python3.10/dist-packages/agbot_msgs/action/_agbot_arm_task_s.c
-- Installing: /home/albert/rad_ws/install/agbot_msgs/local/lib/python3.10/dist-packages/agbot_msgs/_agbot_msgs_s.ep.rosidl_typesupport_introspection_c.c
-- Installing: /home/albert/rad_ws/install/agbot_msgs/local/lib/python3.10/dist-packages/agbot_msgs/agbot_msgs_s__rosidl_typesupport_introspection_c.cpython-310-x86_64-linux-gnu.so
-- Installing: /home/albert/rad_ws/install/agbot_msgs/local/lib/python3.10/dist-packages/agbot_msgs/agbot_msgs_s__rosidl_typesupport_fastrtps_c.cpython-310-x86_64-linux-gnu.so
-- Installing: /home/albert/rad_ws/install/agbot_msgs/local/lib/python3.10/dist-packages/agbot_msgs/agbot_msgs_s__rosidl_typesupport_c.cpython-310-x86_64-linux-gnu.so
-- Installing: /home/albert/rad_ws/install/agbot_msgs/local/lib/python3.10/dist-packages/agbot_msgs/_agbot_msgs_s.ep.rosidl_typesupport_fastrtps_c.c
-- Installing: /home/albert/rad_ws/install/agbot_msgs/local/lib/python3.10/dist-packages/agbot_msgs/_agbot_msgs_s.ep.rosidl_typesupport_c.c
-- Installing: /home/albert/rad_ws/install/agbot_msgs/local/lib/python3.10/dist-packages/agbot_msgs/libagbot_msgs__rosidl_generator_py.so
Listing '/home/albert/rad_ws/install/agbot_msgs/local/lib/python3.10/dist-packages/agbot_msgs'...
Compiling '/home/albert/rad_ws/install/agbot_msgs/local/lib/python3.10/dist-packages/agbot_msgs/__init__.py'...
Listing '/home/albert/rad_ws/install/agbot_msgs/local/lib/python3.10/dist-packages/agbot_msgs/action'...
Compiling '/home/albert/rad_ws/install/agbot_msgs/local/lib/python3.10/dist-packages/agbot_msgs/action/__init__.py'...
Compiling '/home/albert/rad_ws/install/agbot_msgs/local/lib/python3.10/dist-packages/agbot_msgs/action/_agbot_arm_task.py'...
-- Installing: /home/albert/rad_ws/install/agbot_msgs/local/lib/python3.10/dist-packages/agbot_msgs/agbot_msgs_s__rosidl_typesupport_fastrtps_c.cpython-310-x86_64-linux-gnu.so
-- Set non-toolchain portion of runtime path of "/home/albert/rad_ws/install/agbot_msgs/local/lib/python3.10/dist-packages/agbot_msgs/agbot_msgs_s__rosidl_typesupport_fastrtps_c.cpython-310-x86_64-linux-gnu.so" to ""
-- Installing: /home/albert/rad_ws/install/agbot_msgs/local/lib/python3.10/dist-packages/agbot_msgs/agbot_msgs_s__rosidl_typesupport_introspection_c.cpython-310-x86_64-linux-gnu.so
-- Set non-toolchain portion of runtime path of "/home/albert/rad_ws/install/agbot_msgs/local/lib/python3.10/dist-packages/agbot_msgs/agbot_msgs_s__rosidl_typesupport_introspection_c.cpython-310-x86_64-linux-gnu.so" to ""
-- Installing: /home/albert/rad_ws/install/agbot_msgs/local/lib/python3.10/dist-packages/agbot_msgs/agbot_msgs_s__rosidl_typesupport_c.cpython-310-x86_64-linux-gnu.so
-- Set non-toolchain portion of runtime path of "/home/albert/rad_ws/install/agbot_msgs/local/lib/python3.10/dist-packages/agbot_msgs/agbot_msgs_s__rosidl_typesupport_c.cpython-310-x86_64-linux-gnu.so" to ""
-- Installing: /home/albert/rad_ws/install/agbot_msgs/lib/libagbot_msgs__rosidl_generator_py.so
-- Set non-toolchain portion of runtime path of "/home/albert/rad_ws/install/agbot_msgs/lib/libagbot_msgs__rosidl_generator_py.so" to ""
-- Installing: /home/albert/rad_ws/install/agbot_msgs/share/agbot_msgs/action/AgbotArmTask.idl
-- Installing: /home/albert/rad_ws/install/agbot_msgs/share/agbot_msgs/action/AgbotArmTask.action
-- Installing: /home/albert/rad_ws/install/agbot_msgs/share/ament_index/resource_index/package_run_dependencies/agbot_msgs
-- Installing: /home/albert/rad_ws/install/agbot_msgs/share/ament_index/resource_index/parent_prefix_path/agbot_msgs
-- Installing: /home/albert/rad_ws/install/agbot_msgs/share/agbot_msgs/environment/ament_prefix_path.sh
-- Installing: /home/albert/rad_ws/install/agbot_msgs/share/agbot_msgs/environment/ament_prefix_path.dsv
-- Installing: /home/albert/rad_ws/install/agbot_msgs/share/agbot_msgs/environment/path.sh
-- Installing: /home/albert/rad_ws/install/agbot_msgs/share/agbot_msgs/environment/path.dsv
-- Installing: /home/albert/rad_ws/install/agbot_msgs/share/agbot_msgs/local_setup.bash
-- Installing: /home/albert/rad_ws/install/agbot_msgs/share/agbot_msgs/local_setup.sh
-- Installing: /home/albert/rad_ws/install/agbot_msgs/share/agbot_msgs/local_setup.zsh
-- Installing: /home/albert/rad_ws/install/agbot_msgs/share/agbot_msgs/local_setup.dsv
-- Installing: /home/albert/rad_ws/install/agbot_msgs/share/agbot_msgs/package.dsv
-- Installing: /home/albert/rad_ws/install/agbot_msgs/share/ament_index/resource_index/packages/agbot_msgs
-- Installing: /home/albert/rad_ws/install/agbot_msgs/share/agbot_msgs/cmake/export_agbot_msgs__rosidl_generator_cExport.cmake
-- Installing: /home/albert/rad_ws/install/agbot_msgs/share/agbot_msgs/cmake/export_agbot_msgs__rosidl_generator_cExport-noconfig.cmake
-- Installing: /home/albert/rad_ws/install/agbot_msgs/share/agbot_msgs/cmake/export_agbot_msgs__rosidl_typesupport_fastrtps_cExport.cmake
-- Installing: /home/albert/rad_ws/install/agbot_msgs/share/agbot_msgs/cmake/export_agbot_msgs__rosidl_typesupport_fastrtps_cExport-noconfig.cmake
-- Installing: /home/albert/rad_ws/install/agbot_msgs/share/agbot_msgs/cmake/export_agbot_msgs__rosidl_generator_cppExport.cmake
-- Installing: /home/albert/rad_ws/install/agbot_msgs/share/agbot_msgs/cmake/export_agbot_msgs__rosidl_typesupport_fastrtps_cppExport.cmake
-- Installing: /home/albert/rad_ws/install/agbot_msgs/share/agbot_msgs/cmake/export_agbot_msgs__rosidl_typesupport_fastrtps_cppExport-noconfig.cmake
-- Installing: /home/albert/rad_ws/install/agbot_msgs/share/agbot_msgs/cmake/agbot_msgs__rosidl_typesupport_introspection_cExport.cmake
-- Installing: /home/albert/rad_ws/install/agbot_msgs/share/agbot_msgs/cmake/agbot_msgs__rosidl_typesupport_introspection_cExport-noconfig.cmake
-- Installing: /home/albert/rad_ws/install/agbot_msgs/share/agbot_msgs/cmake/agbot_msgs__rosidl_typesupport_cExport.cmake
-- Installing: /home/albert/rad_ws/install/agbot_msgs/share/agbot_msgs/cmake/agbot_msgs__rosidl_typesupport_cExport-noconfig.cmake
-- Installing: /home/albert/rad_ws/install/agbot_msgs/share/agbot_msgs/cmake/agbot_msgs__rosidl_typesupport_introspection_cppExport.cmake
-- Installing: /home/albert/rad_ws/install/agbot_msgs/share/agbot_msgs/cmake/agbot_msgs__rosidl_typesupport_introspection_cppExport-noconfig.cmake
-- Installing: /home/albert/rad_ws/install/agbot_msgs/share/agbot_msgs/cmake/agbot_msgs__rosidl_typesupport_cppExport.cmake
-- Installing: /home/albert/rad_ws/install/agbot_msgs/share/agbot_msgs/cmake/agbot_msgs__rosidl_typesupport_cppExport-noconfig.cmake
-- Installing: /home/albert/rad_ws/install/agbot_msgs/share/agbot_msgs/cmake/export_agbot_msgs__rosidl_generator_pyExport.cmake
-- Installing: /home/albert/rad_ws/install/agbot_msgs/share/agbot_msgs/cmake/export_agbot_msgs__rosidl_generator_pyExport-noconfig.cmake
-- Installing: /home/albert/rad_ws/install/agbot_msgs/share/agbot_msgs/cmake/rosidl_cmake-extras.cmake
-- Installing: /home/albert/rad_ws/install/agbot_msgs/share/agbot_msgs/cmake/ament_cmake_export_dependencies-extras.cmake
-- Installing: /home/albert/rad_ws/install/agbot_msgs/share/agbot_msgs/cmake/ament_cmake_export_include_directories-extras.cmake
-- Installing: /home/albert/rad_ws/install/agbot_msgs/share/agbot_msgs/cmake/ament_cmake_export_libraries-extras.cmake
-- Installing: /home/albert/rad_ws/install/agbot_msgs/share/agbot_msgs/cmake/ament_cmake_export_targets-extras.cmake
-- Installing: /home/albert/rad_ws/install/agbot_msgs/share/agbot_msgs/cmake/rosidl_cmake_export_typesupport_targets-extras.cmake
-- Installing: /home/albert/rad_ws/install/agbot_msgs/share/agbot_msgs/cmake/rosidl_cmake_export_typesupport_libraries-extras.cmake
-- Installing: /home/albert/rad_ws/install/agbot_msgs/share/agbot_msgs/cmake/agbot_msgsConfig.cmake
-- Installing: /home/albert/rad_ws/install/agbot_msgs/share/agbot_msgs/cmake/agbot_msgsConfig-version.cmake
-- Installing: /home/albert/rad_ws/install/agbot_msgs/share/agbot_msgs/package.xml
