[0.344s] Invoking command in '/home/albert/rad_ws/build/agbot_controller': CMAKE_PREFIX_PATH=${CMAKE_PREFIX_PATH}:/home/albert/rad_ws/install/agbot_teleop:/home/albert/rad_ws/install/agbot_py:/home/albert/ws_moveit2/install/moveit_configs_utils:/home/albert/ws_moveit2/install/launch_param_builder:/home/albert/umov_ws/install/arduino_py_examples:/home/albert/udem2_ws/install/actions_py:/home/albert/udem2_ws/install/lifecycle_py:/home/albert/udem2_ws/install/executors_py:/home/albert/udem2_ws/install/components_py:/home/albert/udem_ws/install/turtlesim_catcher:/home/albert/udem_ws/install/my_py_pkg:/home/albert/udem_ws/install/lifecycle_py:/home/albert/bcdc_ws/install/agbot_teleop:/home/albert/bcdc_ws/install/agbot_py:/home/albert/arduinobot_ws/install/arduinobot_py_examples:/opt/ros/humble /home/albert/.local/bin/cmake --build /home/albert/rad_ws/build/agbot_controller -- -j8 -l8
[0.566s] Invoked command in '/home/albert/rad_ws/build/agbot_controller' returned '0': CMAKE_PREFIX_PATH=${CMAKE_PREFIX_PATH}:/home/albert/rad_ws/install/agbot_teleop:/home/albert/rad_ws/install/agbot_py:/home/albert/ws_moveit2/install/moveit_configs_utils:/home/albert/ws_moveit2/install/launch_param_builder:/home/albert/umov_ws/install/arduino_py_examples:/home/albert/udem2_ws/install/actions_py:/home/albert/udem2_ws/install/lifecycle_py:/home/albert/udem2_ws/install/executors_py:/home/albert/udem2_ws/install/components_py:/home/albert/udem_ws/install/turtlesim_catcher:/home/albert/udem_ws/install/my_py_pkg:/home/albert/udem_ws/install/lifecycle_py:/home/albert/bcdc_ws/install/agbot_teleop:/home/albert/bcdc_ws/install/agbot_py:/home/albert/arduinobot_ws/install/arduinobot_py_examples:/opt/ros/humble /home/albert/.local/bin/cmake --build /home/albert/rad_ws/build/agbot_controller -- -j8 -l8
[1.303s] Invoking command in '/home/albert/rad_ws/build/agbot_controller': CMAKE_PREFIX_PATH=${CMAKE_PREFIX_PATH}:/home/albert/rad_ws/install/agbot_teleop:/home/albert/rad_ws/install/agbot_py:/home/albert/ws_moveit2/install/moveit_configs_utils:/home/albert/ws_moveit2/install/launch_param_builder:/home/albert/umov_ws/install/arduino_py_examples:/home/albert/udem2_ws/install/actions_py:/home/albert/udem2_ws/install/lifecycle_py:/home/albert/udem2_ws/install/executors_py:/home/albert/udem2_ws/install/components_py:/home/albert/udem_ws/install/turtlesim_catcher:/home/albert/udem_ws/install/my_py_pkg:/home/albert/udem_ws/install/lifecycle_py:/home/albert/bcdc_ws/install/agbot_teleop:/home/albert/bcdc_ws/install/agbot_py:/home/albert/arduinobot_ws/install/arduinobot_py_examples:/opt/ros/humble /home/albert/.local/bin/cmake --install /home/albert/rad_ws/build/agbot_controller
[1.375s] -- Install configuration: ""
[1.375s] -- Up-to-date: /home/albert/rad_ws/install/agbot_controller/share/agbot_controller/launch
[1.375s] -- Up-to-date: /home/albert/rad_ws/install/agbot_controller/share/agbot_controller/launch/controller.launch.py
[1.375s] -- Up-to-date: /home/albert/rad_ws/install/agbot_controller/share/agbot_controller/config
[1.376s] -- Up-to-date: /home/albert/rad_ws/install/agbot_controller/share/agbot_controller/config/old_agbot_controllers.yaml
[1.376s] -- Up-to-date: /home/albert/rad_ws/install/agbot_controller/share/agbot_controller/config/debug_efk.txt
[1.376s] -- Up-to-date: /home/albert/rad_ws/install/agbot_controller/share/agbot_controller/config/efk.yaml
[1.383s] -- Up-to-date: /home/albert/rad_ws/install/agbot_controller/share/agbot_controller/config/agbot_controllers.yaml
[1.384s] -- Up-to-date: /home/albert/rad_ws/install/agbot_controller/share/ament_index/resource_index/package_run_dependencies/agbot_controller
[1.384s] -- Up-to-date: /home/albert/rad_ws/install/agbot_controller/share/ament_index/resource_index/parent_prefix_path/agbot_controller
[1.384s] -- Up-to-date: /home/albert/rad_ws/install/agbot_controller/share/agbot_controller/environment/ament_prefix_path.sh
[1.385s] -- Up-to-date: /home/albert/rad_ws/install/agbot_controller/share/agbot_controller/environment/ament_prefix_path.dsv
[1.385s] -- Up-to-date: /home/albert/rad_ws/install/agbot_controller/share/agbot_controller/environment/path.sh
[1.385s] -- Up-to-date: /home/albert/rad_ws/install/agbot_controller/share/agbot_controller/environment/path.dsv
[1.385s] -- Up-to-date: /home/albert/rad_ws/install/agbot_controller/share/agbot_controller/local_setup.bash
[1.386s] -- Up-to-date: /home/albert/rad_ws/install/agbot_controller/share/agbot_controller/local_setup.sh
[1.386s] -- Up-to-date: /home/albert/rad_ws/install/agbot_controller/share/agbot_controller/local_setup.zsh
[1.386s] -- Up-to-date: /home/albert/rad_ws/install/agbot_controller/share/agbot_controller/local_setup.dsv
[1.390s] -- Installing: /home/albert/rad_ws/install/agbot_controller/share/agbot_controller/package.dsv
[1.390s] -- Up-to-date: /home/albert/rad_ws/install/agbot_controller/share/ament_index/resource_index/packages/agbot_controller
[1.391s] -- Up-to-date: /home/albert/rad_ws/install/agbot_controller/share/agbot_controller/cmake/agbot_controllerConfig.cmake
[1.391s] -- Up-to-date: /home/albert/rad_ws/install/agbot_controller/share/agbot_controller/cmake/agbot_controllerConfig-version.cmake
[1.393s] -- Up-to-date: /home/albert/rad_ws/install/agbot_controller/share/agbot_controller/package.xml
[1.585s] Invoked command in '/home/albert/rad_ws/build/agbot_controller' returned '0': CMAKE_PREFIX_PATH=${CMAKE_PREFIX_PATH}:/home/albert/rad_ws/install/agbot_teleop:/home/albert/rad_ws/install/agbot_py:/home/albert/ws_moveit2/install/moveit_configs_utils:/home/albert/ws_moveit2/install/launch_param_builder:/home/albert/umov_ws/install/arduino_py_examples:/home/albert/udem2_ws/install/actions_py:/home/albert/udem2_ws/install/lifecycle_py:/home/albert/udem2_ws/install/executors_py:/home/albert/udem2_ws/install/components_py:/home/albert/udem_ws/install/turtlesim_catcher:/home/albert/udem_ws/install/my_py_pkg:/home/albert/udem_ws/install/lifecycle_py:/home/albert/bcdc_ws/install/agbot_teleop:/home/albert/bcdc_ws/install/agbot_py:/home/albert/arduinobot_ws/install/arduinobot_py_examples:/opt/ros/humble /home/albert/.local/bin/cmake --install /home/albert/rad_ws/build/agbot_controller
