[2.545s] Invoking command in '/home/albert/rad_ws/src/agbot_teleop': PYTHONPATH=/home/albert/rad_ws/build/agbot_teleop/prefix_override:/usr/lib/python3/dist-packages/colcon_core/task/python/colcon_distutils_commands:/home/albert/rad_ws/install/agbot_teleop/lib/python3.10/site-packages:${PYTHONPATH} /usr/bin/python3 -W ignore:setup.py install is deprecated setup.py egg_info --egg-base ../../build/agbot_teleop build --build-base /home/albert/rad_ws/build/agbot_teleop/build install --record /home/albert/rad_ws/build/agbot_teleop/install.log --single-version-externally-managed install_data
[3.402s] running egg_info
[3.404s] creating ../../build/agbot_teleop/agbot_teleop.egg-info
[3.404s] writing ../../build/agbot_teleop/agbot_teleop.egg-info/PKG-INFO
[3.405s] writing dependency_links to ../../build/agbot_teleop/agbot_teleop.egg-info/dependency_links.txt
[3.405s] writing entry points to ../../build/agbot_teleop/agbot_teleop.egg-info/entry_points.txt
[3.406s] writing requirements to ../../build/agbot_teleop/agbot_teleop.egg-info/requires.txt
[3.406s] writing top-level names to ../../build/agbot_teleop/agbot_teleop.egg-info/top_level.txt
[3.406s] writing manifest file '../../build/agbot_teleop/agbot_teleop.egg-info/SOURCES.txt'
[3.409s] reading manifest file '../../build/agbot_teleop/agbot_teleop.egg-info/SOURCES.txt'
[3.411s] writing manifest file '../../build/agbot_teleop/agbot_teleop.egg-info/SOURCES.txt'
[3.411s] running build
[3.413s] running build_py
[3.413s] creating /home/albert/rad_ws/build/agbot_teleop/build
[3.413s] creating /home/albert/rad_ws/build/agbot_teleop/build/lib
[3.413s] creating /home/albert/rad_ws/build/agbot_teleop/build/lib/agbot_teleop
[3.414s] copying agbot_teleop/__init__.py -> /home/albert/rad_ws/build/agbot_teleop/build/lib/agbot_teleop
[3.414s] copying agbot_teleop/agbot_teleop_key.py -> /home/albert/rad_ws/build/agbot_teleop/build/lib/agbot_teleop
[3.414s] running install
[3.414s] running install_lib
[3.415s] creating /home/albert/rad_ws/install/agbot_teleop/lib/python3.10/site-packages/agbot_teleop
[3.415s] copying /home/albert/rad_ws/build/agbot_teleop/build/lib/agbot_teleop/__init__.py -> /home/albert/rad_ws/install/agbot_teleop/lib/python3.10/site-packages/agbot_teleop
[3.415s] copying /home/albert/rad_ws/build/agbot_teleop/build/lib/agbot_teleop/agbot_teleop_key.py -> /home/albert/rad_ws/install/agbot_teleop/lib/python3.10/site-packages/agbot_teleop
[3.416s] byte-compiling /home/albert/rad_ws/install/agbot_teleop/lib/python3.10/site-packages/agbot_teleop/__init__.py to __init__.cpython-310.pyc
[3.416s] byte-compiling /home/albert/rad_ws/install/agbot_teleop/lib/python3.10/site-packages/agbot_teleop/agbot_teleop_key.py to agbot_teleop_key.cpython-310.pyc
[3.418s] running install_data
[3.418s] creating /home/albert/rad_ws/install/agbot_teleop/share/ament_index
[3.419s] creating /home/albert/rad_ws/install/agbot_teleop/share/ament_index/resource_index
[3.419s] creating /home/albert/rad_ws/install/agbot_teleop/share/ament_index/resource_index/packages
[3.419s] copying resource/agbot_teleop -> /home/albert/rad_ws/install/agbot_teleop/share/ament_index/resource_index/packages
[3.419s] copying package.xml -> /home/albert/rad_ws/install/agbot_teleop/share/agbot_teleop
[3.420s] running install_egg_info
[3.424s] Copying ../../build/agbot_teleop/agbot_teleop.egg-info to /home/albert/rad_ws/install/agbot_teleop/lib/python3.10/site-packages/agbot_teleop-0.0.0-py3.10.egg-info
[3.425s] running install_scripts
[3.474s] Installing agbot_teleop_key script to /home/albert/rad_ws/install/agbot_teleop/lib/agbot_teleop
[3.474s] writing list of installed files to '/home/albert/rad_ws/build/agbot_teleop/install.log'
[3.523s] Invoked command in '/home/albert/rad_ws/src/agbot_teleop' returned '0': PYTHONPATH=/home/albert/rad_ws/build/agbot_teleop/prefix_override:/usr/lib/python3/dist-packages/colcon_core/task/python/colcon_distutils_commands:/home/albert/rad_ws/install/agbot_teleop/lib/python3.10/site-packages:${PYTHONPATH} /usr/bin/python3 -W ignore:setup.py install is deprecated setup.py egg_info --egg-base ../../build/agbot_teleop build --build-base /home/albert/rad_ws/build/agbot_teleop/build install --record /home/albert/rad_ws/build/agbot_teleop/install.log --single-version-externally-managed install_data
