[7.961s] Invoking command in '/home/albert/rad_ws/src/agbot_teleop': PYTHONPATH=/home/albert/rad_ws/build/agbot_teleop/prefix_override:/usr/lib/python3/dist-packages/colcon_core/task/python/colcon_distutils_commands:/home/albert/rad_ws/install/agbot_teleop/lib/python3.10/site-packages:${PYTHONPATH} /usr/bin/python3 -W ignore:setup.py install is deprecated setup.py egg_info --egg-base ../../build/agbot_teleop build --build-base /home/albert/rad_ws/build/agbot_teleop/build install --record /home/albert/rad_ws/build/agbot_teleop/install.log --single-version-externally-managed install_data
[10.124s] running egg_info
[10.129s] writing ../../build/agbot_teleop/agbot_teleop.egg-info/PKG-INFO
[10.130s] writing dependency_links to ../../build/agbot_teleop/agbot_teleop.egg-info/dependency_links.txt
[10.133s] writing entry points to ../../build/agbot_teleop/agbot_teleop.egg-info/entry_points.txt
[10.136s] writing requirements to ../../build/agbot_teleop/agbot_teleop.egg-info/requires.txt
[10.136s] writing top-level names to ../../build/agbot_teleop/agbot_teleop.egg-info/top_level.txt
[10.148s] reading manifest file '../../build/agbot_teleop/agbot_teleop.egg-info/SOURCES.txt'
[10.152s] writing manifest file '../../build/agbot_teleop/agbot_teleop.egg-info/SOURCES.txt'
[10.153s] running build
[10.155s] running build_py
[10.156s] running install
[10.159s] running install_lib
[10.164s] running install_data
[10.165s] running install_egg_info
[10.173s] removing '/home/albert/rad_ws/install/agbot_teleop/lib/python3.10/site-packages/agbot_teleop-0.0.0-py3.10.egg-info' (and everything under it)
[10.178s] Copying ../../build/agbot_teleop/agbot_teleop.egg-info to /home/albert/rad_ws/install/agbot_teleop/lib/python3.10/site-packages/agbot_teleop-0.0.0-py3.10.egg-info
[10.183s] running install_scripts
[10.336s] Installing agbot_teleop_key script to /home/albert/rad_ws/install/agbot_teleop/lib/agbot_teleop
[10.342s] writing list of installed files to '/home/albert/rad_ws/build/agbot_teleop/install.log'
[10.523s] Invoked command in '/home/albert/rad_ws/src/agbot_teleop' returned '0': PYTHONPATH=/home/albert/rad_ws/build/agbot_teleop/prefix_override:/usr/lib/python3/dist-packages/colcon_core/task/python/colcon_distutils_commands:/home/albert/rad_ws/install/agbot_teleop/lib/python3.10/site-packages:${PYTHONPATH} /usr/bin/python3 -W ignore:setup.py install is deprecated setup.py egg_info --egg-base ../../build/agbot_teleop build --build-base /home/albert/rad_ws/build/agbot_teleop/build install --record /home/albert/rad_ws/build/agbot_teleop/install.log --single-version-externally-managed install_data
