[8.001s] Invoking command in '/home/albert/rad_ws/src/agbot_py': PYTHONPATH=/home/albert/rad_ws/build/agbot_py/prefix_override:/usr/lib/python3/dist-packages/colcon_core/task/python/colcon_distutils_commands:/home/albert/rad_ws/install/agbot_py/lib/python3.10/site-packages:${PYTHONPATH} /usr/bin/python3 -W ignore:setup.py install is deprecated setup.py egg_info --egg-base ../../build/agbot_py build --build-base /home/albert/rad_ws/build/agbot_py/build install --record /home/albert/rad_ws/build/agbot_py/install.log --single-version-externally-managed install_data
[10.174s] running egg_info
[10.175s] writing ../../build/agbot_py/agbot_py.egg-info/PKG-INFO
[10.181s] writing dependency_links to ../../build/agbot_py/agbot_py.egg-info/dependency_links.txt
[10.181s] writing entry points to ../../build/agbot_py/agbot_py.egg-info/entry_points.txt
[10.182s] writing requirements to ../../build/agbot_py/agbot_py.egg-info/requires.txt
[10.183s] writing top-level names to ../../build/agbot_py/agbot_py.egg-info/top_level.txt
[10.193s] reading manifest file '../../build/agbot_py/agbot_py.egg-info/SOURCES.txt'
[10.193s] writing manifest file '../../build/agbot_py/agbot_py.egg-info/SOURCES.txt'
[10.196s] running build
[10.196s] running build_py
[10.199s] running install
[10.202s] running install_lib
[10.211s] running install_data
[10.213s] running install_egg_info
[10.224s] removing '/home/albert/rad_ws/install/agbot_py/lib/python3.10/site-packages/agbot_py-0.0.0-py3.10.egg-info' (and everything under it)
[10.228s] Copying ../../build/agbot_py/agbot_py.egg-info to /home/albert/rad_ws/install/agbot_py/lib/python3.10/site-packages/agbot_py-0.0.0-py3.10.egg-info
[10.239s] running install_scripts
[10.353s] writing list of installed files to '/home/albert/rad_ws/build/agbot_py/install.log'
[10.506s] Invoked command in '/home/albert/rad_ws/src/agbot_py' returned '0': PYTHONPATH=/home/albert/rad_ws/build/agbot_py/prefix_override:/usr/lib/python3/dist-packages/colcon_core/task/python/colcon_distutils_commands:/home/albert/rad_ws/install/agbot_py/lib/python3.10/site-packages:${PYTHONPATH} /usr/bin/python3 -W ignore:setup.py install is deprecated setup.py egg_info --egg-base ../../build/agbot_py build --build-base /home/albert/rad_ws/build/agbot_py/build install --record /home/albert/rad_ws/build/agbot_py/install.log --single-version-externally-managed install_data
