[0.354s] Invoking command in '/home/albert/rad_ws/build/agbot_bringup': CMAKE_PREFIX_PATH=${CMAKE_PREFIX_PATH}:/home/albert/rad_ws/install/agbot_teleop:/home/albert/rad_ws/install/agbot_py:/home/albert/ws_moveit2/install/moveit_configs_utils:/home/albert/ws_moveit2/install/launch_param_builder:/home/albert/umov_ws/install/arduino_py_examples:/home/albert/udem2_ws/install/actions_py:/home/albert/udem2_ws/install/lifecycle_py:/home/albert/udem2_ws/install/executors_py:/home/albert/udem2_ws/install/components_py:/home/albert/udem_ws/install/turtlesim_catcher:/home/albert/udem_ws/install/my_py_pkg:/home/albert/udem_ws/install/lifecycle_py:/home/albert/bcdc_ws/install/agbot_teleop:/home/albert/bcdc_ws/install/agbot_py:/home/albert/arduinobot_ws/install/arduinobot_py_examples:/opt/ros/humble /home/albert/.local/bin/cmake --build /home/albert/rad_ws/build/agbot_bringup -- -j8 -l8
[2.163s] Invoked command in '/home/albert/rad_ws/build/agbot_bringup' returned '0': CMAKE_PREFIX_PATH=${CMAKE_PREFIX_PATH}:/home/albert/rad_ws/install/agbot_teleop:/home/albert/rad_ws/install/agbot_py:/home/albert/ws_moveit2/install/moveit_configs_utils:/home/albert/ws_moveit2/install/launch_param_builder:/home/albert/umov_ws/install/arduino_py_examples:/home/albert/udem2_ws/install/actions_py:/home/albert/udem2_ws/install/lifecycle_py:/home/albert/udem2_ws/install/executors_py:/home/albert/udem2_ws/install/components_py:/home/albert/udem_ws/install/turtlesim_catcher:/home/albert/udem_ws/install/my_py_pkg:/home/albert/udem_ws/install/lifecycle_py:/home/albert/bcdc_ws/install/agbot_teleop:/home/albert/bcdc_ws/install/agbot_py:/home/albert/arduinobot_ws/install/arduinobot_py_examples:/opt/ros/humble /home/albert/.local/bin/cmake --build /home/albert/rad_ws/build/agbot_bringup -- -j8 -l8
[2.387s] Invoking command in '/home/albert/rad_ws/build/agbot_bringup': CMAKE_PREFIX_PATH=${CMAKE_PREFIX_PATH}:/home/albert/rad_ws/install/agbot_teleop:/home/albert/rad_ws/install/agbot_py:/home/albert/ws_moveit2/install/moveit_configs_utils:/home/albert/ws_moveit2/install/launch_param_builder:/home/albert/umov_ws/install/arduino_py_examples:/home/albert/udem2_ws/install/actions_py:/home/albert/udem2_ws/install/lifecycle_py:/home/albert/udem2_ws/install/executors_py:/home/albert/udem2_ws/install/components_py:/home/albert/udem_ws/install/turtlesim_catcher:/home/albert/udem_ws/install/my_py_pkg:/home/albert/udem_ws/install/lifecycle_py:/home/albert/bcdc_ws/install/agbot_teleop:/home/albert/bcdc_ws/install/agbot_py:/home/albert/arduinobot_ws/install/arduinobot_py_examples:/opt/ros/humble /home/albert/.local/bin/cmake --install /home/albert/rad_ws/build/agbot_bringup
[2.418s] -- Install configuration: ""
[2.418s] -- Up-to-date: /home/albert/rad_ws/install/agbot_bringup/share/agbot_bringup//launch
[2.419s] -- Up-to-date: /home/albert/rad_ws/install/agbot_bringup/share/agbot_bringup//launch/agbot_sim_launch.py
[2.419s] -- Up-to-date: /home/albert/rad_ws/install/agbot_bringup/share/agbot_bringup//launch/agbot_gazebo.launch.xml
[2.420s] -- Up-to-date: /home/albert/rad_ws/install/agbot_bringup/share/agbot_bringup//launch/agbot_arm_gazebo.launch.py
[2.420s] -- Up-to-date: /home/albert/rad_ws/install/agbot_bringup/share/agbot_bringup//launch/agbot_arm.launch.py
[2.421s] -- Up-to-date: /home/albert/rad_ws/install/agbot_bringup/share/agbot_bringup//param
[2.421s] -- Up-to-date: /home/albert/rad_ws/install/agbot_bringup/share/agbot_bringup//param/agbot_nav.yaml
[2.421s] -- Up-to-date: /home/albert/rad_ws/install/agbot_bringup/share/agbot_bringup//rviz
[2.421s] -- Up-to-date: /home/albert/rad_ws/install/agbot_bringup/share/agbot_bringup//rviz/agbot_config.rviz
[2.421s] -- Up-to-date: /home/albert/rad_ws/install/agbot_bringup/share/agbot_bringup//worlds
[2.421s] -- Up-to-date: /home/albert/rad_ws/install/agbot_bringup/share/agbot_bringup//worlds/test_world.world
[2.422s] -- Up-to-date: /home/albert/rad_ws/install/agbot_bringup/share/ament_index/resource_index/package_run_dependencies/agbot_bringup
[2.422s] -- Up-to-date: /home/albert/rad_ws/install/agbot_bringup/share/ament_index/resource_index/parent_prefix_path/agbot_bringup
[2.422s] -- Up-to-date: /home/albert/rad_ws/install/agbot_bringup/share/agbot_bringup/environment/ament_prefix_path.sh
[2.422s] -- Up-to-date: /home/albert/rad_ws/install/agbot_bringup/share/agbot_bringup/environment/ament_prefix_path.dsv
[2.422s] -- Up-to-date: /home/albert/rad_ws/install/agbot_bringup/share/agbot_bringup/environment/path.sh
[2.422s] -- Up-to-date: /home/albert/rad_ws/install/agbot_bringup/share/agbot_bringup/environment/path.dsv
[2.423s] -- Up-to-date: /home/albert/rad_ws/install/agbot_bringup/share/agbot_bringup/local_setup.bash
[2.423s] -- Up-to-date: /home/albert/rad_ws/install/agbot_bringup/share/agbot_bringup/local_setup.sh
[2.424s] -- Up-to-date: /home/albert/rad_ws/install/agbot_bringup/share/agbot_bringup/local_setup.zsh
[2.425s] -- Up-to-date: /home/albert/rad_ws/install/agbot_bringup/share/agbot_bringup/local_setup.dsv
[2.425s] -- Installing: /home/albert/rad_ws/install/agbot_bringup/share/agbot_bringup/package.dsv
[2.425s] -- Up-to-date: /home/albert/rad_ws/install/agbot_bringup/share/ament_index/resource_index/packages/agbot_bringup
[2.425s] -- Up-to-date: /home/albert/rad_ws/install/agbot_bringup/share/agbot_bringup/cmake/agbot_bringupConfig.cmake
[2.425s] -- Up-to-date: /home/albert/rad_ws/install/agbot_bringup/share/agbot_bringup/cmake/agbot_bringupConfig-version.cmake
[2.426s] -- Up-to-date: /home/albert/rad_ws/install/agbot_bringup/share/agbot_bringup/package.xml
[2.426s] Invoked command in '/home/albert/rad_ws/build/agbot_bringup' returned '0': CMAKE_PREFIX_PATH=${CMAKE_PREFIX_PATH}:/home/albert/rad_ws/install/agbot_teleop:/home/albert/rad_ws/install/agbot_py:/home/albert/ws_moveit2/install/moveit_configs_utils:/home/albert/ws_moveit2/install/launch_param_builder:/home/albert/umov_ws/install/arduino_py_examples:/home/albert/udem2_ws/install/actions_py:/home/albert/udem2_ws/install/lifecycle_py:/home/albert/udem2_ws/install/executors_py:/home/albert/udem2_ws/install/components_py:/home/albert/udem_ws/install/turtlesim_catcher:/home/albert/udem_ws/install/my_py_pkg:/home/albert/udem_ws/install/lifecycle_py:/home/albert/bcdc_ws/install/agbot_teleop:/home/albert/bcdc_ws/install/agbot_py:/home/albert/arduinobot_ws/install/arduinobot_py_examples:/opt/ros/humble /home/albert/.local/bin/cmake --install /home/albert/rad_ws/build/agbot_bringup
