[0.175s] Invoking command in '/home/albert/rad_ws/build/agbot_full_cpp': CMAKE_PREFIX_PATH=${CMAKE_PREFIX_PATH}:/home/albert/ws_moveit2/install/moveit_configs_utils:/home/albert/ws_moveit2/install/launch_param_builder:/home/albert/umov_ws/install/arduino_py_examples:/home/albert/udem2_ws/install/actions_py:/home/albert/udem2_ws/install/lifecycle_py:/home/albert/udem2_ws/install/executors_py:/home/albert/udem2_ws/install/components_py:/home/albert/udem_ws/install/turtlesim_catcher:/home/albert/udem_ws/install/my_py_pkg:/home/albert/udem_ws/install/lifecycle_py:/home/albert/bcdc_ws/install/agbot_teleop:/home/albert/bcdc_ws/install/agbot_py:/home/albert/arduinobot_ws/install/arduinobot_py_examples:/opt/ros/humble /home/albert/.local/bin/cmake --build /home/albert/rad_ws/build/agbot_full_cpp -- -j8 -l8
[0.255s] -- Found ament_cmake: 1.3.10 (/opt/ros/humble/share/ament_cmake/cmake)
[1.537s] -- Found rclcpp: 16.0.10 (/opt/ros/humble/share/rclcpp/cmake)
[2.176s] -- Found rosidl_generator_c: 3.1.5 (/opt/ros/humble/share/rosidl_generator_c/cmake)
[2.274s] -- Found rosidl_adapter: 3.1.5 (/opt/ros/humble/share/rosidl_adapter/cmake)
[2.383s] -- Found rosidl_generator_cpp: 3.1.5 (/opt/ros/humble/share/rosidl_generator_cpp/cmake)
[2.533s] -- Using all available rosidl_typesupport_c: rosidl_typesupport_fastrtps_c;rosidl_typesupport_introspection_c
[2.736s] -- Using all available rosidl_typesupport_cpp: rosidl_typesupport_fastrtps_cpp;rosidl_typesupport_introspection_cpp
[3.232s] -- Found rmw_implementation_cmake: 6.1.2 (/opt/ros/humble/share/rmw_implementation_cmake/cmake)
[3.290s] -- Found rmw_cyclonedds_cpp: 1.3.4 (/opt/ros/humble/share/rmw_cyclonedds_cpp/cmake)
[3.520s] -- Using RMW implementation 'rmw_cyclonedds_cpp' as default
[3.614s] -- Performing Test CMAKE_HAVE_LIBC_PTHREAD
[3.798s] -- Performing Test CMAKE_HAVE_LIBC_PTHREAD - Success
[3.801s] -- Found Threads: TRUE
[4.167s] [31mCMake Error at CMakeLists.txt:12 (find_package):
[4.167s]   By not providing "Findagbot_full_msgs.cmake" in CMAKE_MODULE_PATH this
[4.168s]   project has asked CMake to find a package configuration file provided by
[4.168s]   "agbot_full_msgs", but CMake did not find one.
[4.168s] 
[4.168s]   Could not find a package configuration file provided by "agbot_full_msgs"
[4.169s]   with any of the following names:
[4.169s] 
[4.169s]     agbot_full_msgsConfig.cmake
[4.169s]     agbot_full_msgs-config.cmake
[4.169s] 
[4.169s]   Add the installation prefix of "agbot_full_msgs" to CMAKE_PREFIX_PATH or
[4.170s]   set "agbot_full_msgs_DIR" to a directory containing one of the above files.
[4.170s]   If "agbot_full_msgs" provides a separate development package or SDK, be
[4.170s]   sure it has been installed.
[4.170s] 
[4.171s] [0m
[4.171s] -- Configuring incomplete, errors occurred!
[4.180s] gmake: *** [Makefile:226: cmake_check_build_system] Error 1
