[0.471s] Invoking command in '/home/albert/rad_ws/build/agbot_arm_controller': CMAKE_PREFIX_PATH=${CMAKE_PREFIX_PATH}:/home/albert/rad_ws/install/agbot_teleop:/home/albert/rad_ws/install/agbot_py:/home/albert/ws_moveit2/install/moveit_configs_utils:/home/albert/ws_moveit2/install/launch_param_builder:/home/albert/umov_ws/install/arduino_py_examples:/home/albert/udem2_ws/install/actions_py:/home/albert/udem2_ws/install/lifecycle_py:/home/albert/udem2_ws/install/executors_py:/home/albert/udem2_ws/install/components_py:/home/albert/udem_ws/install/turtlesim_catcher:/home/albert/udem_ws/install/my_py_pkg:/home/albert/udem_ws/install/lifecycle_py:/home/albert/bcdc_ws/install/agbot_teleop:/home/albert/bcdc_ws/install/agbot_py:/home/albert/arduinobot_ws/install/arduinobot_py_examples:/opt/ros/humble /home/albert/.local/bin/cmake --build /home/albert/rad_ws/build/agbot_arm_controller -- -j8 -l8
[0.665s] Invoked command in '/home/albert/rad_ws/build/agbot_arm_controller' returned '0': CMAKE_PREFIX_PATH=${CMAKE_PREFIX_PATH}:/home/albert/rad_ws/install/agbot_teleop:/home/albert/rad_ws/install/agbot_py:/home/albert/ws_moveit2/install/moveit_configs_utils:/home/albert/ws_moveit2/install/launch_param_builder:/home/albert/umov_ws/install/arduino_py_examples:/home/albert/udem2_ws/install/actions_py:/home/albert/udem2_ws/install/lifecycle_py:/home/albert/udem2_ws/install/executors_py:/home/albert/udem2_ws/install/components_py:/home/albert/udem_ws/install/turtlesim_catcher:/home/albert/udem_ws/install/my_py_pkg:/home/albert/udem_ws/install/lifecycle_py:/home/albert/bcdc_ws/install/agbot_teleop:/home/albert/bcdc_ws/install/agbot_py:/home/albert/arduinobot_ws/install/arduinobot_py_examples:/opt/ros/humble /home/albert/.local/bin/cmake --build /home/albert/rad_ws/build/agbot_arm_controller -- -j8 -l8
[1.163s] Invoking command in '/home/albert/rad_ws/build/agbot_arm_controller': CMAKE_PREFIX_PATH=${CMAKE_PREFIX_PATH}:/home/albert/rad_ws/install/agbot_teleop:/home/albert/rad_ws/install/agbot_py:/home/albert/ws_moveit2/install/moveit_configs_utils:/home/albert/ws_moveit2/install/launch_param_builder:/home/albert/umov_ws/install/arduino_py_examples:/home/albert/udem2_ws/install/actions_py:/home/albert/udem2_ws/install/lifecycle_py:/home/albert/udem2_ws/install/executors_py:/home/albert/udem2_ws/install/components_py:/home/albert/udem_ws/install/turtlesim_catcher:/home/albert/udem_ws/install/my_py_pkg:/home/albert/udem_ws/install/lifecycle_py:/home/albert/bcdc_ws/install/agbot_teleop:/home/albert/bcdc_ws/install/agbot_py:/home/albert/arduinobot_ws/install/arduinobot_py_examples:/opt/ros/humble /home/albert/.local/bin/cmake --install /home/albert/rad_ws/build/agbot_arm_controller
[1.269s] -- Install configuration: ""
[1.270s] -- Up-to-date: /home/albert/rad_ws/install/agbot_arm_controller/share/agbot_arm_controller/config
[1.272s] -- Up-to-date: /home/albert/rad_ws/install/agbot_arm_controller/share/agbot_arm_controller/config/ros2_controllers.yaml
[1.273s] -- Up-to-date: /home/albert/rad_ws/install/agbot_arm_controller/share/agbot_arm_controller/config/agbot_arm_extender_controllers.yaml
[1.273s] -- Up-to-date: /home/albert/rad_ws/install/agbot_arm_controller/share/agbot_arm_controller/config/agbot_arm_controllers.yaml
[1.276s] -- Up-to-date: /home/albert/rad_ws/install/agbot_arm_controller/share/agbot_arm_controller/launch
[1.276s] -- Up-to-date: /home/albert/rad_ws/install/agbot_arm_controller/share/agbot_arm_controller/launch/controller.launch.py
[1.277s] -- Up-to-date: /home/albert/rad_ws/install/agbot_arm_controller/share/ament_index/resource_index/package_run_dependencies/agbot_arm_controller
[1.278s] -- Up-to-date: /home/albert/rad_ws/install/agbot_arm_controller/share/ament_index/resource_index/parent_prefix_path/agbot_arm_controller
[1.279s] -- Up-to-date: /home/albert/rad_ws/install/agbot_arm_controller/share/agbot_arm_controller/environment/ament_prefix_path.sh
[1.282s] -- Up-to-date: /home/albert/rad_ws/install/agbot_arm_controller/share/agbot_arm_controller/environment/ament_prefix_path.dsv
[1.289s] -- Up-to-date: /home/albert/rad_ws/install/agbot_arm_controller/share/agbot_arm_controller/environment/path.sh
[1.290s] -- Up-to-date: /home/albert/rad_ws/install/agbot_arm_controller/share/agbot_arm_controller/environment/path.dsv
[1.290s] -- Up-to-date: /home/albert/rad_ws/install/agbot_arm_controller/share/agbot_arm_controller/local_setup.bash
[1.291s] -- Up-to-date: /home/albert/rad_ws/install/agbot_arm_controller/share/agbot_arm_controller/local_setup.sh
[1.297s] -- Up-to-date: /home/albert/rad_ws/install/agbot_arm_controller/share/agbot_arm_controller/local_setup.zsh
[1.298s] -- Up-to-date: /home/albert/rad_ws/install/agbot_arm_controller/share/agbot_arm_controller/local_setup.dsv
[1.305s] -- Installing: /home/albert/rad_ws/install/agbot_arm_controller/share/agbot_arm_controller/package.dsv
[1.309s] -- Up-to-date: /home/albert/rad_ws/install/agbot_arm_controller/share/ament_index/resource_index/packages/agbot_arm_controller
[1.311s] -- Up-to-date: /home/albert/rad_ws/install/agbot_arm_controller/share/agbot_arm_controller/cmake/agbot_arm_controllerConfig.cmake
[1.313s] -- Up-to-date: /home/albert/rad_ws/install/agbot_arm_controller/share/agbot_arm_controller/cmake/agbot_arm_controllerConfig-version.cmake
[1.314s] -- Up-to-date: /home/albert/rad_ws/install/agbot_arm_controller/share/agbot_arm_controller/package.xml
[1.461s] Invoked command in '/home/albert/rad_ws/build/agbot_arm_controller' returned '0': CMAKE_PREFIX_PATH=${CMAKE_PREFIX_PATH}:/home/albert/rad_ws/install/agbot_teleop:/home/albert/rad_ws/install/agbot_py:/home/albert/ws_moveit2/install/moveit_configs_utils:/home/albert/ws_moveit2/install/launch_param_builder:/home/albert/umov_ws/install/arduino_py_examples:/home/albert/udem2_ws/install/actions_py:/home/albert/udem2_ws/install/lifecycle_py:/home/albert/udem2_ws/install/executors_py:/home/albert/udem2_ws/install/components_py:/home/albert/udem_ws/install/turtlesim_catcher:/home/albert/udem_ws/install/my_py_pkg:/home/albert/udem_ws/install/lifecycle_py:/home/albert/bcdc_ws/install/agbot_teleop:/home/albert/bcdc_ws/install/agbot_py:/home/albert/arduinobot_ws/install/arduinobot_py_examples:/opt/ros/humble /home/albert/.local/bin/cmake --install /home/albert/rad_ws/build/agbot_arm_controller
