[0.200s] Invoking command in '/home/albert/rad_ws/build/agbot_msgs': CMAKE_PREFIX_PATH=${CMAKE_PREFIX_PATH}:/home/albert/rad_ws/install/agbot_teleop:/home/albert/rad_ws/install/agbot_py:/home/albert/ws_moveit2/install/moveit_configs_utils:/home/albert/ws_moveit2/install/launch_param_builder:/home/albert/umov_ws/install/arduino_py_examples:/home/albert/udem2_ws/install/actions_py:/home/albert/udem2_ws/install/lifecycle_py:/home/albert/udem2_ws/install/executors_py:/home/albert/udem2_ws/install/components_py:/home/albert/udem_ws/install/turtlesim_catcher:/home/albert/udem_ws/install/my_py_pkg:/home/albert/udem_ws/install/lifecycle_py:/home/albert/bcdc_ws/install/agbot_teleop:/home/albert/bcdc_ws/install/agbot_py:/home/albert/arduinobot_ws/install/arduinobot_py_examples:/opt/ros/humble /home/albert/.local/bin/cmake --build /home/albert/rad_ws/build/agbot_msgs -- -j8 -l8
[0.299s] [  3%] Built target agbot_msgs__cpp
[0.302s] [ 12%] Built target agbot_msgs__rosidl_generator_c
[0.316s] [ 12%] Built target ament_cmake_python_copy_agbot_msgs
[0.390s] [ 22%] Built target agbot_msgs__rosidl_typesupport_introspection_cpp
[0.395s] [ 32%] Built target agbot_msgs__rosidl_typesupport_cpp
[0.398s] [ 41%] Built target agbot_msgs__rosidl_typesupport_fastrtps_cpp
[0.406s] [ 51%] Built target agbot_msgs__rosidl_typesupport_fastrtps_c
[0.414s] [ 61%] Built target agbot_msgs__rosidl_typesupport_c
[0.429s] [ 70%] Built target agbot_msgs__rosidl_typesupport_introspection_c
[0.493s] [ 70%] Built target agbot_msgs
[0.538s] [ 74%] Built target agbot_msgs__py
[0.616s] [ 80%] Built target agbot_msgs__rosidl_generator_py
[0.680s] [ 87%] Built target agbot_msgs__rosidl_typesupport_c__pyext
[0.684s] [100%] Built target agbot_msgs__rosidl_typesupport_fastrtps_c__pyext
[0.684s] [100%] Built target agbot_msgs__rosidl_typesupport_introspection_c__pyext
[1.340s] running egg_info
[1.341s] writing agbot_msgs.egg-info/PKG-INFO
[1.342s] writing dependency_links to agbot_msgs.egg-info/dependency_links.txt
[1.342s] writing top-level names to agbot_msgs.egg-info/top_level.txt
[1.347s] reading manifest file 'agbot_msgs.egg-info/SOURCES.txt'
[1.348s] writing manifest file 'agbot_msgs.egg-info/SOURCES.txt'
[1.381s] [100%] Built target ament_cmake_python_build_agbot_msgs_egg
[2.285s] Invoked command in '/home/albert/rad_ws/build/agbot_msgs' returned '0': CMAKE_PREFIX_PATH=${CMAKE_PREFIX_PATH}:/home/albert/rad_ws/install/agbot_teleop:/home/albert/rad_ws/install/agbot_py:/home/albert/ws_moveit2/install/moveit_configs_utils:/home/albert/ws_moveit2/install/launch_param_builder:/home/albert/umov_ws/install/arduino_py_examples:/home/albert/udem2_ws/install/actions_py:/home/albert/udem2_ws/install/lifecycle_py:/home/albert/udem2_ws/install/executors_py:/home/albert/udem2_ws/install/components_py:/home/albert/udem_ws/install/turtlesim_catcher:/home/albert/udem_ws/install/my_py_pkg:/home/albert/udem_ws/install/lifecycle_py:/home/albert/bcdc_ws/install/agbot_teleop:/home/albert/bcdc_ws/install/agbot_py:/home/albert/arduinobot_ws/install/arduinobot_py_examples:/opt/ros/humble /home/albert/.local/bin/cmake --build /home/albert/rad_ws/build/agbot_msgs -- -j8 -l8
[2.666s] Invoking command in '/home/albert/rad_ws/build/agbot_msgs': CMAKE_PREFIX_PATH=${CMAKE_PREFIX_PATH}:/home/albert/rad_ws/install/agbot_teleop:/home/albert/rad_ws/install/agbot_py:/home/albert/ws_moveit2/install/moveit_configs_utils:/home/albert/ws_moveit2/install/launch_param_builder:/home/albert/umov_ws/install/arduino_py_examples:/home/albert/udem2_ws/install/actions_py:/home/albert/udem2_ws/install/lifecycle_py:/home/albert/udem2_ws/install/executors_py:/home/albert/udem2_ws/install/components_py:/home/albert/udem_ws/install/turtlesim_catcher:/home/albert/udem_ws/install/my_py_pkg:/home/albert/udem_ws/install/lifecycle_py:/home/albert/bcdc_ws/install/agbot_teleop:/home/albert/bcdc_ws/install/agbot_py:/home/albert/arduinobot_ws/install/arduinobot_py_examples:/opt/ros/humble /home/albert/.local/bin/cmake --install /home/albert/rad_ws/build/agbot_msgs
[2.673s] -- Install configuration: ""
[2.673s] -- Up-to-date: /home/albert/rad_ws/install/agbot_msgs/share/ament_index/resource_index/rosidl_interfaces/agbot_msgs
[2.673s] -- Up-to-date: /home/albert/rad_ws/install/agbot_msgs/include/agbot_msgs/agbot_msgs
[2.674s] -- Up-to-date: /home/albert/rad_ws/install/agbot_msgs/include/agbot_msgs/agbot_msgs/msg
[2.674s] -- Up-to-date: /home/albert/rad_ws/install/agbot_msgs/include/agbot_msgs/agbot_msgs/msg/rosidl_generator_c__visibility_control.h
[2.674s] -- Up-to-date: /home/albert/rad_ws/install/agbot_msgs/include/agbot_msgs/agbot_msgs/action
[2.674s] -- Up-to-date: /home/albert/rad_ws/install/agbot_msgs/include/agbot_msgs/agbot_msgs/action/detail
[2.674s] -- Up-to-date: /home/albert/rad_ws/install/agbot_msgs/include/agbot_msgs/agbot_msgs/action/detail/agbot_arm_task__struct.h
[2.675s] -- Up-to-date: /home/albert/rad_ws/install/agbot_msgs/include/agbot_msgs/agbot_msgs/action/detail/agbot_arm_task__type_support.h
[2.675s] -- Up-to-date: /home/albert/rad_ws/install/agbot_msgs/include/agbot_msgs/agbot_msgs/action/detail/agbot_arm_task__functions.c
[2.675s] -- Up-to-date: /home/albert/rad_ws/install/agbot_msgs/include/agbot_msgs/agbot_msgs/action/detail/agbot_arm_task__functions.h
[2.675s] -- Up-to-date: /home/albert/rad_ws/install/agbot_msgs/include/agbot_msgs/agbot_msgs/action/agbot_arm_task.h
[2.675s] -- Up-to-date: /home/albert/rad_ws/install/agbot_msgs/share/agbot_msgs/environment/library_path.sh
[2.676s] -- Up-to-date: /home/albert/rad_ws/install/agbot_msgs/share/agbot_msgs/environment/library_path.dsv
[2.676s] -- Up-to-date: /home/albert/rad_ws/install/agbot_msgs/lib/libagbot_msgs__rosidl_generator_c.so
[2.676s] -- Up-to-date: /home/albert/rad_ws/install/agbot_msgs/include/agbot_msgs/agbot_msgs
[2.677s] -- Up-to-date: /home/albert/rad_ws/install/agbot_msgs/include/agbot_msgs/agbot_msgs/msg
[2.677s] -- Up-to-date: /home/albert/rad_ws/install/agbot_msgs/include/agbot_msgs/agbot_msgs/msg/rosidl_typesupport_fastrtps_c__visibility_control.h
[2.677s] -- Up-to-date: /home/albert/rad_ws/install/agbot_msgs/include/agbot_msgs/agbot_msgs/action
[2.677s] -- Up-to-date: /home/albert/rad_ws/install/agbot_msgs/include/agbot_msgs/agbot_msgs/action/detail
[2.678s] -- Up-to-date: /home/albert/rad_ws/install/agbot_msgs/include/agbot_msgs/agbot_msgs/action/detail/agbot_arm_task__rosidl_typesupport_fastrtps_c.h
[2.678s] -- Up-to-date: /home/albert/rad_ws/install/agbot_msgs/lib/libagbot_msgs__rosidl_typesupport_fastrtps_c.so
[2.678s] -- Up-to-date: /home/albert/rad_ws/install/agbot_msgs/include/agbot_msgs/agbot_msgs
[2.678s] -- Up-to-date: /home/albert/rad_ws/install/agbot_msgs/include/agbot_msgs/agbot_msgs/action
[2.678s] -- Up-to-date: /home/albert/rad_ws/install/agbot_msgs/include/agbot_msgs/agbot_msgs/action/detail
[2.679s] -- Up-to-date: /home/albert/rad_ws/install/agbot_msgs/include/agbot_msgs/agbot_msgs/action/detail/agbot_arm_task__traits.hpp
[2.679s] -- Up-to-date: /home/albert/rad_ws/install/agbot_msgs/include/agbot_msgs/agbot_msgs/action/detail/agbot_arm_task__builder.hpp
[2.679s] -- Up-to-date: /home/albert/rad_ws/install/agbot_msgs/include/agbot_msgs/agbot_msgs/action/detail/agbot_arm_task__struct.hpp
[2.679s] -- Up-to-date: /home/albert/rad_ws/install/agbot_msgs/include/agbot_msgs/agbot_msgs/action/agbot_arm_task.hpp
[2.679s] -- Up-to-date: /home/albert/rad_ws/install/agbot_msgs/include/agbot_msgs/agbot_msgs
[2.680s] -- Up-to-date: /home/albert/rad_ws/install/agbot_msgs/include/agbot_msgs/agbot_msgs/msg
[2.680s] -- Up-to-date: /home/albert/rad_ws/install/agbot_msgs/include/agbot_msgs/agbot_msgs/msg/rosidl_typesupport_fastrtps_cpp__visibility_control.h
[2.680s] -- Up-to-date: /home/albert/rad_ws/install/agbot_msgs/include/agbot_msgs/agbot_msgs/action
[2.680s] -- Up-to-date: /home/albert/rad_ws/install/agbot_msgs/include/agbot_msgs/agbot_msgs/action/detail
[2.680s] -- Up-to-date: /home/albert/rad_ws/install/agbot_msgs/include/agbot_msgs/agbot_msgs/action/detail/agbot_arm_task__rosidl_typesupport_fastrtps_cpp.hpp
[2.680s] -- Up-to-date: /home/albert/rad_ws/install/agbot_msgs/include/agbot_msgs/agbot_msgs/action/detail/dds_fastrtps
[2.681s] -- Up-to-date: /home/albert/rad_ws/install/agbot_msgs/lib/libagbot_msgs__rosidl_typesupport_fastrtps_cpp.so
[2.681s] -- Up-to-date: /home/albert/rad_ws/install/agbot_msgs/include/agbot_msgs/agbot_msgs
[2.681s] -- Up-to-date: /home/albert/rad_ws/install/agbot_msgs/include/agbot_msgs/agbot_msgs/msg
[2.681s] -- Up-to-date: /home/albert/rad_ws/install/agbot_msgs/include/agbot_msgs/agbot_msgs/msg/rosidl_typesupport_introspection_c__visibility_control.h
[2.681s] -- Up-to-date: /home/albert/rad_ws/install/agbot_msgs/include/agbot_msgs/agbot_msgs/action
[2.681s] -- Up-to-date: /home/albert/rad_ws/install/agbot_msgs/include/agbot_msgs/agbot_msgs/action/detail
[2.681s] -- Up-to-date: /home/albert/rad_ws/install/agbot_msgs/include/agbot_msgs/agbot_msgs/action/detail/agbot_arm_task__rosidl_typesupport_introspection_c.h
[2.682s] -- Up-to-date: /home/albert/rad_ws/install/agbot_msgs/include/agbot_msgs/agbot_msgs/action/detail/agbot_arm_task__type_support.c
[2.682s] -- Up-to-date: /home/albert/rad_ws/install/agbot_msgs/lib/libagbot_msgs__rosidl_typesupport_introspection_c.so
[2.682s] -- Up-to-date: /home/albert/rad_ws/install/agbot_msgs/lib/libagbot_msgs__rosidl_typesupport_c.so
[2.682s] -- Up-to-date: /home/albert/rad_ws/install/agbot_msgs/include/agbot_msgs/agbot_msgs
[2.683s] -- Up-to-date: /home/albert/rad_ws/install/agbot_msgs/include/agbot_msgs/agbot_msgs/action
[2.683s] -- Up-to-date: /home/albert/rad_ws/install/agbot_msgs/include/agbot_msgs/agbot_msgs/action/detail
[2.683s] -- Up-to-date: /home/albert/rad_ws/install/agbot_msgs/include/agbot_msgs/agbot_msgs/action/detail/agbot_arm_task__rosidl_typesupport_introspection_cpp.hpp
[2.683s] -- Up-to-date: /home/albert/rad_ws/install/agbot_msgs/include/agbot_msgs/agbot_msgs/action/detail/agbot_arm_task__type_support.cpp
[2.683s] -- Up-to-date: /home/albert/rad_ws/install/agbot_msgs/lib/libagbot_msgs__rosidl_typesupport_introspection_cpp.so
[2.683s] -- Up-to-date: /home/albert/rad_ws/install/agbot_msgs/lib/libagbot_msgs__rosidl_typesupport_cpp.so
[2.684s] -- Up-to-date: /home/albert/rad_ws/install/agbot_msgs/share/agbot_msgs/environment/pythonpath.sh
[2.684s] -- Up-to-date: /home/albert/rad_ws/install/agbot_msgs/share/agbot_msgs/environment/pythonpath.dsv
[2.684s] -- Up-to-date: /home/albert/rad_ws/install/agbot_msgs/local/lib/python3.10/dist-packages/agbot_msgs-0.0.0-py3.10.egg-info
[2.684s] -- Installing: /home/albert/rad_ws/install/agbot_msgs/local/lib/python3.10/dist-packages/agbot_msgs-0.0.0-py3.10.egg-info/SOURCES.txt
[2.684s] -- Installing: /home/albert/rad_ws/install/agbot_msgs/local/lib/python3.10/dist-packages/agbot_msgs-0.0.0-py3.10.egg-info/top_level.txt
[2.684s] -- Installing: /home/albert/rad_ws/install/agbot_msgs/local/lib/python3.10/dist-packages/agbot_msgs-0.0.0-py3.10.egg-info/PKG-INFO
[2.684s] -- Installing: /home/albert/rad_ws/install/agbot_msgs/local/lib/python3.10/dist-packages/agbot_msgs-0.0.0-py3.10.egg-info/dependency_links.txt
[2.685s] -- Up-to-date: /home/albert/rad_ws/install/agbot_msgs/local/lib/python3.10/dist-packages/agbot_msgs
[2.685s] -- Up-to-date: /home/albert/rad_ws/install/agbot_msgs/local/lib/python3.10/dist-packages/agbot_msgs/__init__.py
[2.685s] -- Up-to-date: /home/albert/rad_ws/install/agbot_msgs/local/lib/python3.10/dist-packages/agbot_msgs/action
[2.685s] -- Up-to-date: /home/albert/rad_ws/install/agbot_msgs/local/lib/python3.10/dist-packages/agbot_msgs/action/__init__.py
[2.685s] -- Up-to-date: /home/albert/rad_ws/install/agbot_msgs/local/lib/python3.10/dist-packages/agbot_msgs/action/_agbot_arm_task.py
[2.685s] -- Up-to-date: /home/albert/rad_ws/install/agbot_msgs/local/lib/python3.10/dist-packages/agbot_msgs/action/_agbot_arm_task_s.c
[2.686s] -- Up-to-date: /home/albert/rad_ws/install/agbot_msgs/local/lib/python3.10/dist-packages/agbot_msgs/_agbot_msgs_s.ep.rosidl_typesupport_introspection_c.c
[2.686s] -- Up-to-date: /home/albert/rad_ws/install/agbot_msgs/local/lib/python3.10/dist-packages/agbot_msgs/agbot_msgs_s__rosidl_typesupport_introspection_c.cpython-310-x86_64-linux-gnu.so
[2.686s] -- Up-to-date: /home/albert/rad_ws/install/agbot_msgs/local/lib/python3.10/dist-packages/agbot_msgs/agbot_msgs_s__rosidl_typesupport_fastrtps_c.cpython-310-x86_64-linux-gnu.so
[2.686s] -- Up-to-date: /home/albert/rad_ws/install/agbot_msgs/local/lib/python3.10/dist-packages/agbot_msgs/agbot_msgs_s__rosidl_typesupport_c.cpython-310-x86_64-linux-gnu.so
[2.686s] -- Up-to-date: /home/albert/rad_ws/install/agbot_msgs/local/lib/python3.10/dist-packages/agbot_msgs/_agbot_msgs_s.ep.rosidl_typesupport_fastrtps_c.c
[2.686s] -- Up-to-date: /home/albert/rad_ws/install/agbot_msgs/local/lib/python3.10/dist-packages/agbot_msgs/_agbot_msgs_s.ep.rosidl_typesupport_c.c
[2.687s] -- Up-to-date: /home/albert/rad_ws/install/agbot_msgs/local/lib/python3.10/dist-packages/agbot_msgs/libagbot_msgs__rosidl_generator_py.so
[2.782s] Listing '/home/albert/rad_ws/install/agbot_msgs/local/lib/python3.10/dist-packages/agbot_msgs'...
[2.782s] Listing '/home/albert/rad_ws/install/agbot_msgs/local/lib/python3.10/dist-packages/agbot_msgs/action'...
[2.792s] -- Up-to-date: /home/albert/rad_ws/install/agbot_msgs/local/lib/python3.10/dist-packages/agbot_msgs/agbot_msgs_s__rosidl_typesupport_fastrtps_c.cpython-310-x86_64-linux-gnu.so
[2.792s] -- Up-to-date: /home/albert/rad_ws/install/agbot_msgs/local/lib/python3.10/dist-packages/agbot_msgs/agbot_msgs_s__rosidl_typesupport_introspection_c.cpython-310-x86_64-linux-gnu.so
[2.793s] -- Up-to-date: /home/albert/rad_ws/install/agbot_msgs/local/lib/python3.10/dist-packages/agbot_msgs/agbot_msgs_s__rosidl_typesupport_c.cpython-310-x86_64-linux-gnu.so
[2.793s] -- Up-to-date: /home/albert/rad_ws/install/agbot_msgs/lib/libagbot_msgs__rosidl_generator_py.so
[2.794s] -- Up-to-date: /home/albert/rad_ws/install/agbot_msgs/share/agbot_msgs/action/AgbotArmTask.idl
[2.794s] -- Up-to-date: /home/albert/rad_ws/install/agbot_msgs/share/agbot_msgs/action/AgbotArmTask.action
[2.795s] -- Up-to-date: /home/albert/rad_ws/install/agbot_msgs/share/ament_index/resource_index/package_run_dependencies/agbot_msgs
[2.795s] -- Up-to-date: /home/albert/rad_ws/install/agbot_msgs/share/ament_index/resource_index/parent_prefix_path/agbot_msgs
[2.795s] -- Up-to-date: /home/albert/rad_ws/install/agbot_msgs/share/agbot_msgs/environment/ament_prefix_path.sh
[2.796s] -- Up-to-date: /home/albert/rad_ws/install/agbot_msgs/share/agbot_msgs/environment/ament_prefix_path.dsv
[2.796s] -- Up-to-date: /home/albert/rad_ws/install/agbot_msgs/share/agbot_msgs/environment/path.sh
[2.796s] -- Up-to-date: /home/albert/rad_ws/install/agbot_msgs/share/agbot_msgs/environment/path.dsv
[2.796s] -- Up-to-date: /home/albert/rad_ws/install/agbot_msgs/share/agbot_msgs/local_setup.bash
[2.797s] -- Up-to-date: /home/albert/rad_ws/install/agbot_msgs/share/agbot_msgs/local_setup.sh
[2.797s] -- Up-to-date: /home/albert/rad_ws/install/agbot_msgs/share/agbot_msgs/local_setup.zsh
[2.797s] -- Up-to-date: /home/albert/rad_ws/install/agbot_msgs/share/agbot_msgs/local_setup.dsv
[2.797s] -- Installing: /home/albert/rad_ws/install/agbot_msgs/share/agbot_msgs/package.dsv
[2.798s] -- Up-to-date: /home/albert/rad_ws/install/agbot_msgs/share/ament_index/resource_index/packages/agbot_msgs
[2.798s] -- Up-to-date: /home/albert/rad_ws/install/agbot_msgs/share/agbot_msgs/cmake/export_agbot_msgs__rosidl_generator_cExport.cmake
[2.798s] -- Up-to-date: /home/albert/rad_ws/install/agbot_msgs/share/agbot_msgs/cmake/export_agbot_msgs__rosidl_generator_cExport-noconfig.cmake
[2.799s] -- Up-to-date: /home/albert/rad_ws/install/agbot_msgs/share/agbot_msgs/cmake/export_agbot_msgs__rosidl_typesupport_fastrtps_cExport.cmake
[2.799s] -- Up-to-date: /home/albert/rad_ws/install/agbot_msgs/share/agbot_msgs/cmake/export_agbot_msgs__rosidl_typesupport_fastrtps_cExport-noconfig.cmake
[2.799s] -- Up-to-date: /home/albert/rad_ws/install/agbot_msgs/share/agbot_msgs/cmake/export_agbot_msgs__rosidl_generator_cppExport.cmake
[2.800s] -- Up-to-date: /home/albert/rad_ws/install/agbot_msgs/share/agbot_msgs/cmake/export_agbot_msgs__rosidl_typesupport_fastrtps_cppExport.cmake
[2.800s] -- Up-to-date: /home/albert/rad_ws/install/agbot_msgs/share/agbot_msgs/cmake/export_agbot_msgs__rosidl_typesupport_fastrtps_cppExport-noconfig.cmake
[2.800s] -- Up-to-date: /home/albert/rad_ws/install/agbot_msgs/share/agbot_msgs/cmake/agbot_msgs__rosidl_typesupport_introspection_cExport.cmake
[2.800s] -- Up-to-date: /home/albert/rad_ws/install/agbot_msgs/share/agbot_msgs/cmake/agbot_msgs__rosidl_typesupport_introspection_cExport-noconfig.cmake
[2.801s] -- Up-to-date: /home/albert/rad_ws/install/agbot_msgs/share/agbot_msgs/cmake/agbot_msgs__rosidl_typesupport_cExport.cmake
[2.801s] -- Up-to-date: /home/albert/rad_ws/install/agbot_msgs/share/agbot_msgs/cmake/agbot_msgs__rosidl_typesupport_cExport-noconfig.cmake
[2.801s] -- Up-to-date: /home/albert/rad_ws/install/agbot_msgs/share/agbot_msgs/cmake/agbot_msgs__rosidl_typesupport_introspection_cppExport.cmake
[2.801s] -- Up-to-date: /home/albert/rad_ws/install/agbot_msgs/share/agbot_msgs/cmake/agbot_msgs__rosidl_typesupport_introspection_cppExport-noconfig.cmake
[2.801s] -- Up-to-date: /home/albert/rad_ws/install/agbot_msgs/share/agbot_msgs/cmake/agbot_msgs__rosidl_typesupport_cppExport.cmake
[2.802s] -- Up-to-date: /home/albert/rad_ws/install/agbot_msgs/share/agbot_msgs/cmake/agbot_msgs__rosidl_typesupport_cppExport-noconfig.cmake
[2.802s] -- Up-to-date: /home/albert/rad_ws/install/agbot_msgs/share/agbot_msgs/cmake/export_agbot_msgs__rosidl_generator_pyExport.cmake
[2.802s] -- Up-to-date: /home/albert/rad_ws/install/agbot_msgs/share/agbot_msgs/cmake/export_agbot_msgs__rosidl_generator_pyExport-noconfig.cmake
[2.802s] -- Up-to-date: /home/albert/rad_ws/install/agbot_msgs/share/agbot_msgs/cmake/rosidl_cmake-extras.cmake
[2.802s] -- Up-to-date: /home/albert/rad_ws/install/agbot_msgs/share/agbot_msgs/cmake/ament_cmake_export_dependencies-extras.cmake
[2.803s] -- Up-to-date: /home/albert/rad_ws/install/agbot_msgs/share/agbot_msgs/cmake/ament_cmake_export_include_directories-extras.cmake
[2.803s] -- Up-to-date: /home/albert/rad_ws/install/agbot_msgs/share/agbot_msgs/cmake/ament_cmake_export_libraries-extras.cmake
[2.804s] -- Up-to-date: /home/albert/rad_ws/install/agbot_msgs/share/agbot_msgs/cmake/ament_cmake_export_targets-extras.cmake
[2.804s] -- Up-to-date: /home/albert/rad_ws/install/agbot_msgs/share/agbot_msgs/cmake/rosidl_cmake_export_typesupport_targets-extras.cmake
[2.804s] -- Up-to-date: /home/albert/rad_ws/install/agbot_msgs/share/agbot_msgs/cmake/rosidl_cmake_export_typesupport_libraries-extras.cmake
[2.804s] -- Up-to-date: /home/albert/rad_ws/install/agbot_msgs/share/agbot_msgs/cmake/agbot_msgsConfig.cmake
[2.804s] -- Up-to-date: /home/albert/rad_ws/install/agbot_msgs/share/agbot_msgs/cmake/agbot_msgsConfig-version.cmake
[2.804s] -- Up-to-date: /home/albert/rad_ws/install/agbot_msgs/share/agbot_msgs/package.xml
[2.807s] Invoked command in '/home/albert/rad_ws/build/agbot_msgs' returned '0': CMAKE_PREFIX_PATH=${CMAKE_PREFIX_PATH}:/home/albert/rad_ws/install/agbot_teleop:/home/albert/rad_ws/install/agbot_py:/home/albert/ws_moveit2/install/moveit_configs_utils:/home/albert/ws_moveit2/install/launch_param_builder:/home/albert/umov_ws/install/arduino_py_examples:/home/albert/udem2_ws/install/actions_py:/home/albert/udem2_ws/install/lifecycle_py:/home/albert/udem2_ws/install/executors_py:/home/albert/udem2_ws/install/components_py:/home/albert/udem_ws/install/turtlesim_catcher:/home/albert/udem_ws/install/my_py_pkg:/home/albert/udem_ws/install/lifecycle_py:/home/albert/bcdc_ws/install/agbot_teleop:/home/albert/bcdc_ws/install/agbot_py:/home/albert/arduinobot_ws/install/arduinobot_py_examples:/opt/ros/humble /home/albert/.local/bin/cmake --install /home/albert/rad_ws/build/agbot_msgs
