-- Install configuration: ""
-- Up-to-date: /home/albert/rad_ws/install/agbot_full_controller/share/agbot_full_controller/config
-- Installing: /home/albert/rad_ws/install/agbot_full_controller/share/agbot_full_controller/config/agbot_full_controllers.yaml
-- Up-to-date: /home/albert/rad_ws/install/agbot_full_controller/share/agbot_full_controller/launch
-- Installing: /home/albert/rad_ws/install/agbot_full_controller/share/agbot_full_controller/launch/controller.launch.py
-- Up-to-date: /home/albert/rad_ws/install/agbot_full_controller/share/ament_index/resource_index/package_run_dependencies/agbot_full_controller
-- Up-to-date: /home/albert/rad_ws/install/agbot_full_controller/share/ament_index/resource_index/parent_prefix_path/agbot_full_controller
-- Up-to-date: /home/albert/rad_ws/install/agbot_full_controller/share/agbot_full_controller/environment/ament_prefix_path.sh
-- Up-to-date: /home/albert/rad_ws/install/agbot_full_controller/share/agbot_full_controller/environment/ament_prefix_path.dsv
-- Up-to-date: /home/albert/rad_ws/install/agbot_full_controller/share/agbot_full_controller/environment/path.sh
-- Up-to-date: /home/albert/rad_ws/install/agbot_full_controller/share/agbot_full_controller/environment/path.dsv
-- Up-to-date: /home/albert/rad_ws/install/agbot_full_controller/share/agbot_full_controller/local_setup.bash
-- Up-to-date: /home/albert/rad_ws/install/agbot_full_controller/share/agbot_full_controller/local_setup.sh
-- Up-to-date: /home/albert/rad_ws/install/agbot_full_controller/share/agbot_full_controller/local_setup.zsh
-- Up-to-date: /home/albert/rad_ws/install/agbot_full_controller/share/agbot_full_controller/local_setup.dsv
-- Installing: /home/albert/rad_ws/install/agbot_full_controller/share/agbot_full_controller/package.dsv
-- Up-to-date: /home/albert/rad_ws/install/agbot_full_controller/share/ament_index/resource_index/packages/agbot_full_controller
-- Up-to-date: /home/albert/rad_ws/install/agbot_full_controller/share/agbot_full_controller/cmake/agbot_full_controllerConfig.cmake
-- Up-to-date: /home/albert/rad_ws/install/agbot_full_controller/share/agbot_full_controller/cmake/agbot_full_controllerConfig-version.cmake
-- Up-to-date: /home/albert/rad_ws/install/agbot_full_controller/share/agbot_full_controller/package.xml
