[8.146s] Invoking command in '/home/albert/rad_ws/src/agbot_py': PYTHONPATH=/home/albert/rad_ws/build/agbot_py/prefix_override:/usr/lib/python3/dist-packages/colcon_core/task/python/colcon_distutils_commands:/home/albert/rad_ws/install/agbot_py/lib/python3.10/site-packages:${PYTHONPATH} /usr/bin/python3 -W ignore:setup.py install is deprecated setup.py egg_info --egg-base ../../build/agbot_py build --build-base /home/albert/rad_ws/build/agbot_py/build install --record /home/albert/rad_ws/build/agbot_py/install.log --single-version-externally-managed install_data
[11.170s] running egg_info
[11.177s] writing ../../build/agbot_py/agbot_py.egg-info/PKG-INFO
[11.178s] writing dependency_links to ../../build/agbot_py/agbot_py.egg-info/dependency_links.txt
[11.182s] writing entry points to ../../build/agbot_py/agbot_py.egg-info/entry_points.txt
[11.182s] writing requirements to ../../build/agbot_py/agbot_py.egg-info/requires.txt
[11.184s] writing top-level names to ../../build/agbot_py/agbot_py.egg-info/top_level.txt
[11.192s] reading manifest file '../../build/agbot_py/agbot_py.egg-info/SOURCES.txt'
[11.196s] writing manifest file '../../build/agbot_py/agbot_py.egg-info/SOURCES.txt'
[11.197s] running build
[11.198s] running build_py
[11.199s] running install
[11.201s] running install_lib
[11.217s] running install_data
[11.218s] running install_egg_info
[11.228s] removing '/home/albert/rad_ws/install/agbot_py/lib/python3.10/site-packages/agbot_py-0.0.0-py3.10.egg-info' (and everything under it)
[11.235s] Copying ../../build/agbot_py/agbot_py.egg-info to /home/albert/rad_ws/install/agbot_py/lib/python3.10/site-packages/agbot_py-0.0.0-py3.10.egg-info
[11.242s] running install_scripts
[11.363s] writing list of installed files to '/home/albert/rad_ws/build/agbot_py/install.log'
[11.510s] Invoked command in '/home/albert/rad_ws/src/agbot_py' returned '0': PYTHONPATH=/home/albert/rad_ws/build/agbot_py/prefix_override:/usr/lib/python3/dist-packages/colcon_core/task/python/colcon_distutils_commands:/home/albert/rad_ws/install/agbot_py/lib/python3.10/site-packages:${PYTHONPATH} /usr/bin/python3 -W ignore:setup.py install is deprecated setup.py egg_info --egg-base ../../build/agbot_py build --build-base /home/albert/rad_ws/build/agbot_py/build install --record /home/albert/rad_ws/build/agbot_py/install.log --single-version-externally-managed install_data
