[5.545s] Invoking command in '/home/albert/rad_ws/src/agbot_py': PYTHONPATH=/home/albert/rad_ws/build/agbot_py/prefix_override:/usr/lib/python3/dist-packages/colcon_core/task/python/colcon_distutils_commands:/home/albert/rad_ws/install/agbot_py/lib/python3.10/site-packages:${PYTHONPATH} /usr/bin/python3 -W ignore:setup.py install is deprecated setup.py egg_info --egg-base ../../build/agbot_py build --build-base /home/albert/rad_ws/build/agbot_py/build install --record /home/albert/rad_ws/build/agbot_py/install.log --single-version-externally-managed install_data
[7.120s] running egg_info
[7.122s] writing ../../build/agbot_py/agbot_py.egg-info/PKG-INFO
[7.123s] writing dependency_links to ../../build/agbot_py/agbot_py.egg-info/dependency_links.txt
[7.123s] writing entry points to ../../build/agbot_py/agbot_py.egg-info/entry_points.txt
[7.124s] writing requirements to ../../build/agbot_py/agbot_py.egg-info/requires.txt
[7.127s] writing top-level names to ../../build/agbot_py/agbot_py.egg-info/top_level.txt
[7.130s] reading manifest file '../../build/agbot_py/agbot_py.egg-info/SOURCES.txt'
[7.135s] writing manifest file '../../build/agbot_py/agbot_py.egg-info/SOURCES.txt'
[7.137s] running build
[7.138s] running build_py
[7.138s] running install
[7.138s] running install_lib
[7.145s] running install_data
[7.145s] running install_egg_info
[7.148s] removing '/home/albert/rad_ws/install/agbot_py/lib/python3.10/site-packages/agbot_py-0.0.0-py3.10.egg-info' (and everything under it)
[7.150s] Copying ../../build/agbot_py/agbot_py.egg-info to /home/albert/rad_ws/install/agbot_py/lib/python3.10/site-packages/agbot_py-0.0.0-py3.10.egg-info
[7.153s] running install_scripts
[7.235s] writing list of installed files to '/home/albert/rad_ws/build/agbot_py/install.log'
[7.333s] Invoked command in '/home/albert/rad_ws/src/agbot_py' returned '0': PYTHONPATH=/home/albert/rad_ws/build/agbot_py/prefix_override:/usr/lib/python3/dist-packages/colcon_core/task/python/colcon_distutils_commands:/home/albert/rad_ws/install/agbot_py/lib/python3.10/site-packages:${PYTHONPATH} /usr/bin/python3 -W ignore:setup.py install is deprecated setup.py egg_info --egg-base ../../build/agbot_py build --build-base /home/albert/rad_ws/build/agbot_py/build install --record /home/albert/rad_ws/build/agbot_py/install.log --single-version-externally-managed install_data
