[0.652s] Invoking command in '/home/albert/rad_ws/build/agbot_description': CMAKE_PREFIX_PATH=${CMAKE_PREFIX_PATH}:/home/albert/rad_ws/install/agbot_teleop:/home/albert/rad_ws/install/agbot_py:/home/albert/ws_moveit2/install/moveit_configs_utils:/home/albert/ws_moveit2/install/launch_param_builder:/home/albert/umov_ws/install/arduino_py_examples:/home/albert/udem2_ws/install/actions_py:/home/albert/udem2_ws/install/lifecycle_py:/home/albert/udem2_ws/install/executors_py:/home/albert/udem2_ws/install/components_py:/home/albert/udem_ws/install/turtlesim_catcher:/home/albert/udem_ws/install/my_py_pkg:/home/albert/udem_ws/install/lifecycle_py:/home/albert/bcdc_ws/install/agbot_teleop:/home/albert/bcdc_ws/install/agbot_py:/home/albert/arduinobot_ws/install/arduinobot_py_examples:/opt/ros/humble /home/albert/.local/bin/cmake --build /home/albert/rad_ws/build/agbot_description -- -j8 -l8
[0.888s] Invoked command in '/home/albert/rad_ws/build/agbot_description' returned '0': CMAKE_PREFIX_PATH=${CMAKE_PREFIX_PATH}:/home/albert/rad_ws/install/agbot_teleop:/home/albert/rad_ws/install/agbot_py:/home/albert/ws_moveit2/install/moveit_configs_utils:/home/albert/ws_moveit2/install/launch_param_builder:/home/albert/umov_ws/install/arduino_py_examples:/home/albert/udem2_ws/install/actions_py:/home/albert/udem2_ws/install/lifecycle_py:/home/albert/udem2_ws/install/executors_py:/home/albert/udem2_ws/install/components_py:/home/albert/udem_ws/install/turtlesim_catcher:/home/albert/udem_ws/install/my_py_pkg:/home/albert/udem_ws/install/lifecycle_py:/home/albert/bcdc_ws/install/agbot_teleop:/home/albert/bcdc_ws/install/agbot_py:/home/albert/arduinobot_ws/install/arduinobot_py_examples:/opt/ros/humble /home/albert/.local/bin/cmake --build /home/albert/rad_ws/build/agbot_description -- -j8 -l8
[1.313s] Invoking command in '/home/albert/rad_ws/build/agbot_description': CMAKE_PREFIX_PATH=${CMAKE_PREFIX_PATH}:/home/albert/rad_ws/install/agbot_teleop:/home/albert/rad_ws/install/agbot_py:/home/albert/ws_moveit2/install/moveit_configs_utils:/home/albert/ws_moveit2/install/launch_param_builder:/home/albert/umov_ws/install/arduino_py_examples:/home/albert/udem2_ws/install/actions_py:/home/albert/udem2_ws/install/lifecycle_py:/home/albert/udem2_ws/install/executors_py:/home/albert/udem2_ws/install/components_py:/home/albert/udem_ws/install/turtlesim_catcher:/home/albert/udem_ws/install/my_py_pkg:/home/albert/udem_ws/install/lifecycle_py:/home/albert/bcdc_ws/install/agbot_teleop:/home/albert/bcdc_ws/install/agbot_py:/home/albert/arduinobot_ws/install/arduinobot_py_examples:/opt/ros/humble /home/albert/.local/bin/cmake --install /home/albert/rad_ws/build/agbot_description
[1.483s] -- Install configuration: ""
[1.484s] -- Up-to-date: /home/albert/rad_ws/install/agbot_description/share/agbot_description//launch
[1.484s] -- Up-to-date: /home/albert/rad_ws/install/agbot_description/share/agbot_description//launch/agbot_slam.launch.py
[1.484s] -- Up-to-date: /home/albert/rad_ws/install/agbot_description/share/agbot_description//launch/agbot_display.launch.py
[1.484s] -- Up-to-date: /home/albert/rad_ws/install/agbot_description/share/agbot_description//launch/agbot_gazebo.launch.py
[1.485s] -- Up-to-date: /home/albert/rad_ws/install/agbot_description/share/agbot_description//launch/agbot_arm_extender_display.launch.py
[1.485s] -- Up-to-date: /home/albert/rad_ws/install/agbot_description/share/agbot_description//launch/agbot_arm_display.launch.py
[1.485s] -- Up-to-date: /home/albert/rad_ws/install/agbot_description/share/agbot_description//launch/robot_state_publisher.launch.py
[1.491s] -- Up-to-date: /home/albert/rad_ws/install/agbot_description/share/agbot_description//launch/agbot_arm_gazebo.launch.py
[1.492s] -- Up-to-date: /home/albert/rad_ws/install/agbot_description/share/agbot_description//launch/agbot_world.launch.py
[1.495s] -- Up-to-date: /home/albert/rad_ws/install/agbot_description/share/agbot_description//meshes
[1.495s] -- Up-to-date: /home/albert/rad_ws/install/agbot_description/share/agbot_description//meshes/right_finger.STL
[1.495s] -- Up-to-date: /home/albert/rad_ws/install/agbot_description/share/agbot_description//meshes/triangular_link.STL
[1.496s] -- Up-to-date: /home/albert/rad_ws/install/agbot_description/share/agbot_description//meshes/round_plate.STL
[1.498s] -- Up-to-date: /home/albert/rad_ws/install/agbot_description/share/agbot_description//meshes/left_finger.STL
[1.498s] -- Up-to-date: /home/albert/rad_ws/install/agbot_description/share/agbot_description//meshes/vertical_drive_arm.STL
[1.505s] -- Up-to-date: /home/albert/rad_ws/install/agbot_description/share/agbot_description//meshes/astra.jpg
[1.506s] -- Up-to-date: /home/albert/rad_ws/install/agbot_description/share/agbot_description//meshes/claw_support.STL
[1.506s] -- Up-to-date: /home/albert/rad_ws/install/agbot_description/share/agbot_description//meshes/link.STL
[1.507s] -- Up-to-date: /home/albert/rad_ws/install/agbot_description/share/agbot_description//meshes/r200.jpg
[1.507s] -- Up-to-date: /home/albert/rad_ws/install/agbot_description/share/agbot_description//meshes/horizontal_arm.STL
[1.508s] -- Up-to-date: /home/albert/rad_ws/install/agbot_description/share/agbot_description//meshes/r200.dae
[1.511s] -- Up-to-date: /home/albert/rad_ws/install/agbot_description/share/agbot_description//meshes/astra.dae
[1.511s] -- Up-to-date: /home/albert/rad_ws/install/agbot_description/share/agbot_description//meshes/basement.STL
[1.511s] -- Up-to-date: /home/albert/rad_ws/install/agbot_description/share/agbot_description//meshes/forward_drive_arm.STL
[1.513s] -- Up-to-date: /home/albert/rad_ws/install/agbot_description/share/agbot_description//meshes/right_tire.stl
[1.514s] -- Up-to-date: /home/albert/rad_ws/install/agbot_description/share/agbot_description//meshes/lidar.stl
[1.514s] -- Up-to-date: /home/albert/rad_ws/install/agbot_description/share/agbot_description//meshes/servo_plate.STL
[1.514s] -- Up-to-date: /home/albert/rad_ws/install/agbot_description/share/agbot_description//meshes/plate.STL
[1.514s] -- Up-to-date: /home/albert/rad_ws/install/agbot_description/share/agbot_description//meshes/base_plate.STL
[1.515s] -- Up-to-date: /home/albert/rad_ws/install/agbot_description/share/agbot_description//meshes/left_tire copy.stl
[1.515s] -- Up-to-date: /home/albert/rad_ws/install/agbot_description/share/agbot_description//meshes/left_tire.stl
[1.515s] -- Up-to-date: /home/albert/rad_ws/install/agbot_description/share/agbot_description//meshes/right_tire copy.stl
[1.515s] -- Up-to-date: /home/albert/rad_ws/install/agbot_description/share/agbot_description//meshes/pi_camera.STL
[1.516s] -- Up-to-date: /home/albert/rad_ws/install/agbot_description/share/agbot_description//models
[1.516s] -- Up-to-date: /home/albert/rad_ws/install/agbot_description/share/agbot_description//models/ground_plane
[1.516s] -- Up-to-date: /home/albert/rad_ws/install/agbot_description/share/agbot_description//models/ground_plane/model-1_2.sdf
[1.566s] -- Up-to-date: /home/albert/rad_ws/install/agbot_description/share/agbot_description//models/ground_plane/model-1_3.sdf
[1.567s] -- Up-to-date: /home/albert/rad_ws/install/agbot_description/share/agbot_description//models/ground_plane/model.config
[1.569s] -- Up-to-date: /home/albert/rad_ws/install/agbot_description/share/agbot_description//models/ground_plane/model.sdf
[1.572s] -- Up-to-date: /home/albert/rad_ws/install/agbot_description/share/agbot_description//models/ground_plane/model-1_4.sdf
[1.572s] -- Up-to-date: /home/albert/rad_ws/install/agbot_description/share/agbot_description//models/basic_agbot_description
[1.572s] -- Up-to-date: /home/albert/rad_ws/install/agbot_description/share/agbot_description//models/basic_agbot_description/agbot.sdf
[1.573s] -- Up-to-date: /home/albert/rad_ws/install/agbot_description/share/agbot_description//models/basic_agbot_description/agbot_model.config
[1.583s] -- Up-to-date: /home/albert/rad_ws/install/agbot_description/share/agbot_description//models/sun
[1.584s] -- Up-to-date: /home/albert/rad_ws/install/agbot_description/share/agbot_description//models/sun/model-1_2.sdf
[1.584s] -- Up-to-date: /home/albert/rad_ws/install/agbot_description/share/agbot_description//models/sun/model-1_3.sdf
[1.584s] -- Up-to-date: /home/albert/rad_ws/install/agbot_description/share/agbot_description//models/sun/model.config
[1.594s] -- Up-to-date: /home/albert/rad_ws/install/agbot_description/share/agbot_description//models/sun/model.sdf
[1.595s] -- Up-to-date: /home/albert/rad_ws/install/agbot_description/share/agbot_description//models/sun/model-1_4.sdf
[1.599s] -- Up-to-date: /home/albert/rad_ws/install/agbot_description/share/agbot_description//rviz
[1.601s] -- Up-to-date: /home/albert/rad_ws/install/agbot_description/share/agbot_description//rviz/agbot_urdf_config.rviz
[1.602s] -- Up-to-date: /home/albert/rad_ws/install/agbot_description/share/agbot_description//rviz/agbot_arm_config.rviz
[1.602s] -- Up-to-date: /home/albert/rad_ws/install/agbot_description/share/agbot_description//rviz/agbot_arm_extender_config.rviz
[1.604s] -- Up-to-date: /home/albert/rad_ws/install/agbot_description/share/agbot_description//rviz/agbot_config.rviz
[1.604s] -- Up-to-date: /home/albert/rad_ws/install/agbot_description/share/agbot_description//urdf
[1.615s] -- Up-to-date: /home/albert/rad_ws/install/agbot_description/share/agbot_description//urdf/agbot_ros2_control.xacro
[1.617s] -- Up-to-date: /home/albert/rad_ws/install/agbot_description/share/agbot_description//urdf/common_properties.xacro
[1.619s] -- Up-to-date: /home/albert/rad_ws/install/agbot_description/share/agbot_description//urdf/agbot_full_common_properties.xacro
[1.620s] -- Up-to-date: /home/albert/rad_ws/install/agbot_description/share/agbot_description//urdf/agbot_full.xacro
[1.620s] -- Up-to-date: /home/albert/rad_ws/install/agbot_description/share/agbot_description//urdf/agbot_arm_ros2_control.xacro
[1.620s] -- Up-to-date: /home/albert/rad_ws/install/agbot_description/share/agbot_description//urdf/agbot_gazebo.xacro
[1.622s] -- Up-to-date: /home/albert/rad_ws/install/agbot_description/share/agbot_description//urdf/agbot_arm_gazebo.xacro
[1.623s] -- Up-to-date: /home/albert/rad_ws/install/agbot_description/share/agbot_description//urdf/agbot_arm_extender_gazebo.xacro
[1.624s] -- Up-to-date: /home/albert/rad_ws/install/agbot_description/share/agbot_description//urdf/agbot_full_gazebo.xacro
[1.625s] -- Up-to-date: /home/albert/rad_ws/install/agbot_description/share/agbot_description//urdf/agbot_arm_extender.xacro
[1.627s] -- Up-to-date: /home/albert/rad_ws/install/agbot_description/share/agbot_description//urdf/agbot_arm_extender_ros2_control.xacro
[1.628s] -- Up-to-date: /home/albert/rad_ws/install/agbot_description/share/agbot_description//urdf/agbot_full_ros2_control.xacro
[1.629s] -- Up-to-date: /home/albert/rad_ws/install/agbot_description/share/agbot_description//urdf/agbot_arm.urdf
[1.632s] -- Up-to-date: /home/albert/rad_ws/install/agbot_description/share/agbot_description//urdf/agbot_common_properties.xacro
[1.634s] -- Up-to-date: /home/albert/rad_ws/install/agbot_description/share/agbot_description//urdf/agbot_arm.xacro
[1.636s] -- Up-to-date: /home/albert/rad_ws/install/agbot_description/share/agbot_description//urdf/agbot.urdf.xacro
[1.638s] -- Up-to-date: /home/albert/rad_ws/install/agbot_description/share/agbot_description//worlds
[1.639s] -- Up-to-date: /home/albert/rad_ws/install/agbot_description/share/agbot_description//worlds/test_world.world
[1.640s] -- Up-to-date: /home/albert/rad_ws/install/agbot_description/share/agbot_description//worlds/smalltown.world
[1.642s] -- Up-to-date: /home/albert/rad_ws/install/agbot_description/share/agbot_description//worlds/turtlebot3_world.world
[1.645s] -- Up-to-date: /home/albert/rad_ws/install/agbot_description/share/agbot_description//worlds/new_world.world
[1.651s] -- Up-to-date: /home/albert/rad_ws/install/agbot_description/share/agbot_description//worlds/house.world
[1.652s] -- Up-to-date: /home/albert/rad_ws/install/agbot_description/share/agbot_description//worlds/new_world-old.world
[1.652s] -- Up-to-date: /home/albert/rad_ws/install/agbot_description/share/agbot_description//worlds/empty_world.world
[1.654s] -- Up-to-date: /home/albert/rad_ws/install/agbot_description/share/ament_index/resource_index/package_run_dependencies/agbot_description
[1.658s] -- Up-to-date: /home/albert/rad_ws/install/agbot_description/share/ament_index/resource_index/parent_prefix_path/agbot_description
[1.658s] -- Up-to-date: /home/albert/rad_ws/install/agbot_description/share/agbot_description/environment/ament_prefix_path.sh
[1.659s] -- Up-to-date: /home/albert/rad_ws/install/agbot_description/share/agbot_description/environment/ament_prefix_path.dsv
[1.660s] -- Up-to-date: /home/albert/rad_ws/install/agbot_description/share/agbot_description/environment/path.sh
[1.660s] -- Up-to-date: /home/albert/rad_ws/install/agbot_description/share/agbot_description/environment/path.dsv
[1.661s] -- Up-to-date: /home/albert/rad_ws/install/agbot_description/share/agbot_description/local_setup.bash
[1.661s] -- Up-to-date: /home/albert/rad_ws/install/agbot_description/share/agbot_description/local_setup.sh
[1.661s] -- Up-to-date: /home/albert/rad_ws/install/agbot_description/share/agbot_description/local_setup.zsh
[1.662s] -- Up-to-date: /home/albert/rad_ws/install/agbot_description/share/agbot_description/local_setup.dsv
[1.662s] -- Installing: /home/albert/rad_ws/install/agbot_description/share/agbot_description/package.dsv
[1.662s] -- Up-to-date: /home/albert/rad_ws/install/agbot_description/share/ament_index/resource_index/packages/agbot_description
[1.662s] -- Up-to-date: /home/albert/rad_ws/install/agbot_description/share/agbot_description/cmake/agbot_descriptionConfig.cmake
[1.670s] -- Up-to-date: /home/albert/rad_ws/install/agbot_description/share/agbot_description/cmake/agbot_descriptionConfig-version.cmake
[1.671s] -- Up-to-date: /home/albert/rad_ws/install/agbot_description/share/agbot_description/package.xml
[1.793s] Invoked command in '/home/albert/rad_ws/build/agbot_description' returned '0': CMAKE_PREFIX_PATH=${CMAKE_PREFIX_PATH}:/home/albert/rad_ws/install/agbot_teleop:/home/albert/rad_ws/install/agbot_py:/home/albert/ws_moveit2/install/moveit_configs_utils:/home/albert/ws_moveit2/install/launch_param_builder:/home/albert/umov_ws/install/arduino_py_examples:/home/albert/udem2_ws/install/actions_py:/home/albert/udem2_ws/install/lifecycle_py:/home/albert/udem2_ws/install/executors_py:/home/albert/udem2_ws/install/components_py:/home/albert/udem_ws/install/turtlesim_catcher:/home/albert/udem_ws/install/my_py_pkg:/home/albert/udem_ws/install/lifecycle_py:/home/albert/bcdc_ws/install/agbot_teleop:/home/albert/bcdc_ws/install/agbot_py:/home/albert/arduinobot_ws/install/arduinobot_py_examples:/opt/ros/humble /home/albert/.local/bin/cmake --install /home/albert/rad_ws/build/agbot_description
