[0.057s] Invoking command in '/home/albert/rad_ws/build/agbot_full_msgs': CMAKE_PREFIX_PATH=${CMAKE_PREFIX_PATH}:/home/albert/ws_moveit2/install/moveit_configs_utils:/home/albert/ws_moveit2/install/launch_param_builder:/home/albert/umov_ws/install/arduino_py_examples:/home/albert/udem2_ws/install/actions_py:/home/albert/udem2_ws/install/lifecycle_py:/home/albert/udem2_ws/install/executors_py:/home/albert/udem2_ws/install/components_py:/home/albert/udem_ws/install/turtlesim_catcher:/home/albert/udem_ws/install/my_py_pkg:/home/albert/udem_ws/install/lifecycle_py:/home/albert/bcdc_ws/install/agbot_teleop:/home/albert/bcdc_ws/install/agbot_py:/home/albert/arduinobot_ws/install/arduinobot_py_examples:/opt/ros/humble /home/albert/.local/bin/cmake /home/albert/rad_ws/src/agbot_full_msgs -DCMAKE_INSTALL_PREFIX=/home/albert/rad_ws/install/agbot_full_msgs
[0.157s] -- The C compiler identification is GNU 11.4.0
[0.279s] -- The CXX compiler identification is GNU 11.4.0
[0.322s] -- Detecting C compiler ABI info
[0.486s] -- Detecting C compiler ABI info - done
[0.534s] -- Check for working C compiler: /usr/bin/cc - skipped
[0.535s] -- Detecting C compile features
[0.535s] -- Detecting C compile features - done
[0.545s] -- Detecting CXX compiler ABI info
[0.687s] -- Detecting CXX compiler ABI info - done
[0.719s] -- Check for working CXX compiler: /usr/bin/c++ - skipped
[0.719s] -- Detecting CXX compile features
[0.722s] -- Detecting CXX compile features - done
[0.741s] -- Found ament_cmake: 1.3.10 (/opt/ros/humble/share/ament_cmake/cmake)
[1.020s] -- Found Python3: /usr/bin/python3 (found version "3.10.12") found components: Interpreter
[1.311s] -- Found ament_lint_auto: 0.12.11 (/opt/ros/humble/share/ament_lint_auto/cmake)
[1.513s] -- Added test 'lint_cmake' to check CMake code style
[1.518s] -- Added test 'xmllint' to check XML markup files
[1.527s] -- Configuring done (1.5s)
[1.531s] -- Generating done (0.0s)
[1.532s] -- Build files have been written to: /home/albert/rad_ws/build/agbot_full_msgs
[1.537s] Invoked command in '/home/albert/rad_ws/build/agbot_full_msgs' returned '0': CMAKE_PREFIX_PATH=${CMAKE_PREFIX_PATH}:/home/albert/ws_moveit2/install/moveit_configs_utils:/home/albert/ws_moveit2/install/launch_param_builder:/home/albert/umov_ws/install/arduino_py_examples:/home/albert/udem2_ws/install/actions_py:/home/albert/udem2_ws/install/lifecycle_py:/home/albert/udem2_ws/install/executors_py:/home/albert/udem2_ws/install/components_py:/home/albert/udem_ws/install/turtlesim_catcher:/home/albert/udem_ws/install/my_py_pkg:/home/albert/udem_ws/install/lifecycle_py:/home/albert/bcdc_ws/install/agbot_teleop:/home/albert/bcdc_ws/install/agbot_py:/home/albert/arduinobot_ws/install/arduinobot_py_examples:/opt/ros/humble /home/albert/.local/bin/cmake /home/albert/rad_ws/src/agbot_full_msgs -DCMAKE_INSTALL_PREFIX=/home/albert/rad_ws/install/agbot_full_msgs
[1.539s] Invoking command in '/home/albert/rad_ws/build/agbot_full_msgs': CMAKE_PREFIX_PATH=${CMAKE_PREFIX_PATH}:/home/albert/ws_moveit2/install/moveit_configs_utils:/home/albert/ws_moveit2/install/launch_param_builder:/home/albert/umov_ws/install/arduino_py_examples:/home/albert/udem2_ws/install/actions_py:/home/albert/udem2_ws/install/lifecycle_py:/home/albert/udem2_ws/install/executors_py:/home/albert/udem2_ws/install/components_py:/home/albert/udem_ws/install/turtlesim_catcher:/home/albert/udem_ws/install/my_py_pkg:/home/albert/udem_ws/install/lifecycle_py:/home/albert/bcdc_ws/install/agbot_teleop:/home/albert/bcdc_ws/install/agbot_py:/home/albert/arduinobot_ws/install/arduinobot_py_examples:/opt/ros/humble /home/albert/.local/bin/cmake --build /home/albert/rad_ws/build/agbot_full_msgs -- -j8 -l8
[1.561s] Invoked command in '/home/albert/rad_ws/build/agbot_full_msgs' returned '0': CMAKE_PREFIX_PATH=${CMAKE_PREFIX_PATH}:/home/albert/ws_moveit2/install/moveit_configs_utils:/home/albert/ws_moveit2/install/launch_param_builder:/home/albert/umov_ws/install/arduino_py_examples:/home/albert/udem2_ws/install/actions_py:/home/albert/udem2_ws/install/lifecycle_py:/home/albert/udem2_ws/install/executors_py:/home/albert/udem2_ws/install/components_py:/home/albert/udem_ws/install/turtlesim_catcher:/home/albert/udem_ws/install/my_py_pkg:/home/albert/udem_ws/install/lifecycle_py:/home/albert/bcdc_ws/install/agbot_teleop:/home/albert/bcdc_ws/install/agbot_py:/home/albert/arduinobot_ws/install/arduinobot_py_examples:/opt/ros/humble /home/albert/.local/bin/cmake --build /home/albert/rad_ws/build/agbot_full_msgs -- -j8 -l8
[1.619s] Invoking command in '/home/albert/rad_ws/build/agbot_full_msgs': CMAKE_PREFIX_PATH=${CMAKE_PREFIX_PATH}:/home/albert/ws_moveit2/install/moveit_configs_utils:/home/albert/ws_moveit2/install/launch_param_builder:/home/albert/umov_ws/install/arduino_py_examples:/home/albert/udem2_ws/install/actions_py:/home/albert/udem2_ws/install/lifecycle_py:/home/albert/udem2_ws/install/executors_py:/home/albert/udem2_ws/install/components_py:/home/albert/udem_ws/install/turtlesim_catcher:/home/albert/udem_ws/install/my_py_pkg:/home/albert/udem_ws/install/lifecycle_py:/home/albert/bcdc_ws/install/agbot_teleop:/home/albert/bcdc_ws/install/agbot_py:/home/albert/arduinobot_ws/install/arduinobot_py_examples:/opt/ros/humble /home/albert/.local/bin/cmake --install /home/albert/rad_ws/build/agbot_full_msgs
[1.623s] -- Install configuration: ""
[1.623s] -- Installing: /home/albert/rad_ws/install/agbot_full_msgs/share/ament_index/resource_index/package_run_dependencies/agbot_full_msgs
[1.623s] -- Installing: /home/albert/rad_ws/install/agbot_full_msgs/share/ament_index/resource_index/parent_prefix_path/agbot_full_msgs
[1.623s] -- Installing: /home/albert/rad_ws/install/agbot_full_msgs/share/agbot_full_msgs/environment/ament_prefix_path.sh
[1.624s] -- Installing: /home/albert/rad_ws/install/agbot_full_msgs/share/agbot_full_msgs/environment/ament_prefix_path.dsv
[1.624s] -- Installing: /home/albert/rad_ws/install/agbot_full_msgs/share/agbot_full_msgs/environment/path.sh
[1.624s] -- Installing: /home/albert/rad_ws/install/agbot_full_msgs/share/agbot_full_msgs/environment/path.dsv
[1.624s] -- Installing: /home/albert/rad_ws/install/agbot_full_msgs/share/agbot_full_msgs/local_setup.bash
[1.624s] -- Installing: /home/albert/rad_ws/install/agbot_full_msgs/share/agbot_full_msgs/local_setup.sh
[1.625s] -- Installing: /home/albert/rad_ws/install/agbot_full_msgs/share/agbot_full_msgs/local_setup.zsh
[1.625s] -- Installing: /home/albert/rad_ws/install/agbot_full_msgs/share/agbot_full_msgs/local_setup.dsv
[1.625s] -- Installing: /home/albert/rad_ws/install/agbot_full_msgs/share/agbot_full_msgs/package.dsv
[1.625s] -- Installing: /home/albert/rad_ws/install/agbot_full_msgs/share/ament_index/resource_index/packages/agbot_full_msgs
[1.625s] -- Installing: /home/albert/rad_ws/install/agbot_full_msgs/share/agbot_full_msgs/cmake/agbot_full_msgsConfig.cmake
[1.625s] -- Installing: /home/albert/rad_ws/install/agbot_full_msgs/share/agbot_full_msgs/cmake/agbot_full_msgsConfig-version.cmake
[1.625s] -- Installing: /home/albert/rad_ws/install/agbot_full_msgs/share/agbot_full_msgs/package.xml
[1.627s] Invoked command in '/home/albert/rad_ws/build/agbot_full_msgs' returned '0': CMAKE_PREFIX_PATH=${CMAKE_PREFIX_PATH}:/home/albert/ws_moveit2/install/moveit_configs_utils:/home/albert/ws_moveit2/install/launch_param_builder:/home/albert/umov_ws/install/arduino_py_examples:/home/albert/udem2_ws/install/actions_py:/home/albert/udem2_ws/install/lifecycle_py:/home/albert/udem2_ws/install/executors_py:/home/albert/udem2_ws/install/components_py:/home/albert/udem_ws/install/turtlesim_catcher:/home/albert/udem_ws/install/my_py_pkg:/home/albert/udem_ws/install/lifecycle_py:/home/albert/bcdc_ws/install/agbot_teleop:/home/albert/bcdc_ws/install/agbot_py:/home/albert/arduinobot_ws/install/arduinobot_py_examples:/opt/ros/humble /home/albert/.local/bin/cmake --install /home/albert/rad_ws/build/agbot_full_msgs
