[0.063s] Invoking command in '/home/albert/rad_ws/build/agbot_full_controller': CMAKE_PREFIX_PATH=${CMAKE_PREFIX_PATH}:/home/albert/rad_ws/install/agbot_teleop:/home/albert/rad_ws/install/agbot_py:/home/albert/ws_moveit2/install/moveit_configs_utils:/home/albert/ws_moveit2/install/launch_param_builder:/home/albert/umov_ws/install/arduino_py_examples:/home/albert/udem2_ws/install/actions_py:/home/albert/udem2_ws/install/lifecycle_py:/home/albert/udem2_ws/install/executors_py:/home/albert/udem2_ws/install/components_py:/home/albert/udem_ws/install/turtlesim_catcher:/home/albert/udem_ws/install/my_py_pkg:/home/albert/udem_ws/install/lifecycle_py:/home/albert/bcdc_ws/install/agbot_teleop:/home/albert/bcdc_ws/install/agbot_py:/home/albert/arduinobot_ws/install/arduinobot_py_examples:/opt/ros/humble /home/albert/.local/bin/cmake /home/albert/rad_ws/src/agbot_full_controller -DCMAKE_INSTALL_PREFIX=/home/albert/rad_ws/install/agbot_full_controller
[0.399s] -- The C compiler identification is GNU 11.4.0
[0.509s] -- The CXX compiler identification is GNU 11.4.0
[0.547s] -- Detecting C compiler ABI info
[0.688s] -- Detecting C compiler ABI info - done
[0.721s] -- Check for working C compiler: /usr/bin/cc - skipped
[0.722s] -- Detecting C compile features
[0.723s] -- Detecting C compile features - done
[0.730s] -- Detecting CXX compiler ABI info
[0.861s] -- Detecting CXX compiler ABI info - done
[0.895s] -- Check for working CXX compiler: /usr/bin/c++ - skipped
[0.895s] -- Detecting CXX compile features
[0.896s] -- Detecting CXX compile features - done
[0.926s] -- Found ament_cmake: 1.3.10 (/opt/ros/humble/share/ament_cmake/cmake)
[1.257s] -- Found Python3: /usr/bin/python3 (found version "3.10.12") found components: Interpreter
[1.607s] -- Found ament_lint_auto: 0.12.11 (/opt/ros/humble/share/ament_lint_auto/cmake)
[2.006s] -- Added test 'lint_cmake' to check CMake code style
[2.015s] -- Added test 'xmllint' to check XML markup files
[2.025s] -- Configuring done (2.0s)
[2.030s] -- Generating done (0.0s)
[2.033s] -- Build files have been written to: /home/albert/rad_ws/build/agbot_full_controller
[2.049s] Invoked command in '/home/albert/rad_ws/build/agbot_full_controller' returned '0': CMAKE_PREFIX_PATH=${CMAKE_PREFIX_PATH}:/home/albert/rad_ws/install/agbot_teleop:/home/albert/rad_ws/install/agbot_py:/home/albert/ws_moveit2/install/moveit_configs_utils:/home/albert/ws_moveit2/install/launch_param_builder:/home/albert/umov_ws/install/arduino_py_examples:/home/albert/udem2_ws/install/actions_py:/home/albert/udem2_ws/install/lifecycle_py:/home/albert/udem2_ws/install/executors_py:/home/albert/udem2_ws/install/components_py:/home/albert/udem_ws/install/turtlesim_catcher:/home/albert/udem_ws/install/my_py_pkg:/home/albert/udem_ws/install/lifecycle_py:/home/albert/bcdc_ws/install/agbot_teleop:/home/albert/bcdc_ws/install/agbot_py:/home/albert/arduinobot_ws/install/arduinobot_py_examples:/opt/ros/humble /home/albert/.local/bin/cmake /home/albert/rad_ws/src/agbot_full_controller -DCMAKE_INSTALL_PREFIX=/home/albert/rad_ws/install/agbot_full_controller
[2.050s] Invoking command in '/home/albert/rad_ws/build/agbot_full_controller': CMAKE_PREFIX_PATH=${CMAKE_PREFIX_PATH}:/home/albert/rad_ws/install/agbot_teleop:/home/albert/rad_ws/install/agbot_py:/home/albert/ws_moveit2/install/moveit_configs_utils:/home/albert/ws_moveit2/install/launch_param_builder:/home/albert/umov_ws/install/arduino_py_examples:/home/albert/udem2_ws/install/actions_py:/home/albert/udem2_ws/install/lifecycle_py:/home/albert/udem2_ws/install/executors_py:/home/albert/udem2_ws/install/components_py:/home/albert/udem_ws/install/turtlesim_catcher:/home/albert/udem_ws/install/my_py_pkg:/home/albert/udem_ws/install/lifecycle_py:/home/albert/bcdc_ws/install/agbot_teleop:/home/albert/bcdc_ws/install/agbot_py:/home/albert/arduinobot_ws/install/arduinobot_py_examples:/opt/ros/humble /home/albert/.local/bin/cmake --build /home/albert/rad_ws/build/agbot_full_controller -- -j8 -l8
[2.092s] Invoked command in '/home/albert/rad_ws/build/agbot_full_controller' returned '0': CMAKE_PREFIX_PATH=${CMAKE_PREFIX_PATH}:/home/albert/rad_ws/install/agbot_teleop:/home/albert/rad_ws/install/agbot_py:/home/albert/ws_moveit2/install/moveit_configs_utils:/home/albert/ws_moveit2/install/launch_param_builder:/home/albert/umov_ws/install/arduino_py_examples:/home/albert/udem2_ws/install/actions_py:/home/albert/udem2_ws/install/lifecycle_py:/home/albert/udem2_ws/install/executors_py:/home/albert/udem2_ws/install/components_py:/home/albert/udem_ws/install/turtlesim_catcher:/home/albert/udem_ws/install/my_py_pkg:/home/albert/udem_ws/install/lifecycle_py:/home/albert/bcdc_ws/install/agbot_teleop:/home/albert/bcdc_ws/install/agbot_py:/home/albert/arduinobot_ws/install/arduinobot_py_examples:/opt/ros/humble /home/albert/.local/bin/cmake --build /home/albert/rad_ws/build/agbot_full_controller -- -j8 -l8
[2.160s] Invoking command in '/home/albert/rad_ws/build/agbot_full_controller': CMAKE_PREFIX_PATH=${CMAKE_PREFIX_PATH}:/home/albert/rad_ws/install/agbot_teleop:/home/albert/rad_ws/install/agbot_py:/home/albert/ws_moveit2/install/moveit_configs_utils:/home/albert/ws_moveit2/install/launch_param_builder:/home/albert/umov_ws/install/arduino_py_examples:/home/albert/udem2_ws/install/actions_py:/home/albert/udem2_ws/install/lifecycle_py:/home/albert/udem2_ws/install/executors_py:/home/albert/udem2_ws/install/components_py:/home/albert/udem_ws/install/turtlesim_catcher:/home/albert/udem_ws/install/my_py_pkg:/home/albert/udem_ws/install/lifecycle_py:/home/albert/bcdc_ws/install/agbot_teleop:/home/albert/bcdc_ws/install/agbot_py:/home/albert/arduinobot_ws/install/arduinobot_py_examples:/opt/ros/humble /home/albert/.local/bin/cmake --install /home/albert/rad_ws/build/agbot_full_controller
[2.163s] -- Install configuration: ""
[2.164s] -- Installing: /home/albert/rad_ws/install/agbot_full_controller/share/ament_index/resource_index/package_run_dependencies/agbot_full_controller
[2.164s] -- Installing: /home/albert/rad_ws/install/agbot_full_controller/share/ament_index/resource_index/parent_prefix_path/agbot_full_controller
[2.164s] -- Installing: /home/albert/rad_ws/install/agbot_full_controller/share/agbot_full_controller/environment/ament_prefix_path.sh
[2.164s] -- Installing: /home/albert/rad_ws/install/agbot_full_controller/share/agbot_full_controller/environment/ament_prefix_path.dsv
[2.165s] -- Installing: /home/albert/rad_ws/install/agbot_full_controller/share/agbot_full_controller/environment/path.sh
[2.165s] -- Installing: /home/albert/rad_ws/install/agbot_full_controller/share/agbot_full_controller/environment/path.dsv
[2.165s] -- Installing: /home/albert/rad_ws/install/agbot_full_controller/share/agbot_full_controller/local_setup.bash
[2.165s] -- Installing: /home/albert/rad_ws/install/agbot_full_controller/share/agbot_full_controller/local_setup.sh
[2.165s] -- Installing: /home/albert/rad_ws/install/agbot_full_controller/share/agbot_full_controller/local_setup.zsh
[2.166s] -- Installing: /home/albert/rad_ws/install/agbot_full_controller/share/agbot_full_controller/local_setup.dsv
[2.166s] -- Installing: /home/albert/rad_ws/install/agbot_full_controller/share/agbot_full_controller/package.dsv
[2.166s] -- Installing: /home/albert/rad_ws/install/agbot_full_controller/share/ament_index/resource_index/packages/agbot_full_controller
[2.168s] -- Installing: /home/albert/rad_ws/install/agbot_full_controller/share/agbot_full_controller/cmake/agbot_full_controllerConfig.cmake
[2.168s] -- Installing: /home/albert/rad_ws/install/agbot_full_controller/share/agbot_full_controller/cmake/agbot_full_controllerConfig-version.cmake
[2.168s] -- Installing: /home/albert/rad_ws/install/agbot_full_controller/share/agbot_full_controller/package.xml
[2.173s] Invoked command in '/home/albert/rad_ws/build/agbot_full_controller' returned '0': CMAKE_PREFIX_PATH=${CMAKE_PREFIX_PATH}:/home/albert/rad_ws/install/agbot_teleop:/home/albert/rad_ws/install/agbot_py:/home/albert/ws_moveit2/install/moveit_configs_utils:/home/albert/ws_moveit2/install/launch_param_builder:/home/albert/umov_ws/install/arduino_py_examples:/home/albert/udem2_ws/install/actions_py:/home/albert/udem2_ws/install/lifecycle_py:/home/albert/udem2_ws/install/executors_py:/home/albert/udem2_ws/install/components_py:/home/albert/udem_ws/install/turtlesim_catcher:/home/albert/udem_ws/install/my_py_pkg:/home/albert/udem_ws/install/lifecycle_py:/home/albert/bcdc_ws/install/agbot_teleop:/home/albert/bcdc_ws/install/agbot_py:/home/albert/arduinobot_ws/install/arduinobot_py_examples:/opt/ros/humble /home/albert/.local/bin/cmake --install /home/albert/rad_ws/build/agbot_full_controller
