[2.753s] Invoking command in '/home/albert/rad_ws/src/agbot_py': PYTHONPATH=/home/albert/rad_ws/build/agbot_py/prefix_override:/usr/lib/python3/dist-packages/colcon_core/task/python/colcon_distutils_commands:/home/albert/rad_ws/install/agbot_py/lib/python3.10/site-packages:${PYTHONPATH} /usr/bin/python3 -W ignore:setup.py install is deprecated setup.py egg_info --egg-base ../../build/agbot_py build --build-base /home/albert/rad_ws/build/agbot_py/build install --record /home/albert/rad_ws/build/agbot_py/install.log --single-version-externally-managed install_data
[3.411s] running egg_info
[3.413s] writing ../../build/agbot_py/agbot_py.egg-info/PKG-INFO
[3.413s] writing dependency_links to ../../build/agbot_py/agbot_py.egg-info/dependency_links.txt
[3.413s] writing entry points to ../../build/agbot_py/agbot_py.egg-info/entry_points.txt
[3.414s] writing requirements to ../../build/agbot_py/agbot_py.egg-info/requires.txt
[3.414s] writing top-level names to ../../build/agbot_py/agbot_py.egg-info/top_level.txt
[3.418s] reading manifest file '../../build/agbot_py/agbot_py.egg-info/SOURCES.txt'
[3.420s] writing manifest file '../../build/agbot_py/agbot_py.egg-info/SOURCES.txt'
[3.421s] running build
[3.421s] running build_py
[3.421s] running install
[3.422s] running install_lib
[3.425s] running install_data
[3.426s] running install_egg_info
[3.430s] removing '/home/albert/rad_ws/install/agbot_py/lib/python3.10/site-packages/agbot_py-0.0.0-py3.10.egg-info' (and everything under it)
[3.434s] Copying ../../build/agbot_py/agbot_py.egg-info to /home/albert/rad_ws/install/agbot_py/lib/python3.10/site-packages/agbot_py-0.0.0-py3.10.egg-info
[3.434s] running install_scripts
[3.491s] writing list of installed files to '/home/albert/rad_ws/build/agbot_py/install.log'
[3.542s] Invoked command in '/home/albert/rad_ws/src/agbot_py' returned '0': PYTHONPATH=/home/albert/rad_ws/build/agbot_py/prefix_override:/usr/lib/python3/dist-packages/colcon_core/task/python/colcon_distutils_commands:/home/albert/rad_ws/install/agbot_py/lib/python3.10/site-packages:${PYTHONPATH} /usr/bin/python3 -W ignore:setup.py install is deprecated setup.py egg_info --egg-base ../../build/agbot_py build --build-base /home/albert/rad_ws/build/agbot_py/build install --record /home/albert/rad_ws/build/agbot_py/install.log --single-version-externally-managed install_data
