[4.863s] Invoking command in '/home/albert/rad_ws/src/agbot_py': PYTHONPATH=/home/albert/rad_ws/build/agbot_py/prefix_override:/usr/lib/python3/dist-packages/colcon_core/task/python/colcon_distutils_commands:/home/albert/rad_ws/install/agbot_py/lib/python3.10/site-packages:${PYTHONPATH} /usr/bin/python3 -W ignore:setup.py install is deprecated setup.py egg_info --egg-base ../../build/agbot_py build --build-base /home/albert/rad_ws/build/agbot_py/build install --record /home/albert/rad_ws/build/agbot_py/install.log --single-version-externally-managed install_data
[6.073s] running egg_info
[6.075s] writing ../../build/agbot_py/agbot_py.egg-info/PKG-INFO
[6.075s] writing dependency_links to ../../build/agbot_py/agbot_py.egg-info/dependency_links.txt
[6.076s] writing entry points to ../../build/agbot_py/agbot_py.egg-info/entry_points.txt
[6.077s] writing requirements to ../../build/agbot_py/agbot_py.egg-info/requires.txt
[6.077s] writing top-level names to ../../build/agbot_py/agbot_py.egg-info/top_level.txt
[6.083s] reading manifest file '../../build/agbot_py/agbot_py.egg-info/SOURCES.txt'
[6.087s] writing manifest file '../../build/agbot_py/agbot_py.egg-info/SOURCES.txt'
[6.087s] running build
[6.087s] running build_py
[6.087s] running install
[6.088s] running install_lib
[6.090s] running install_data
[6.091s] running install_egg_info
[6.095s] removing '/home/albert/rad_ws/install/agbot_py/lib/python3.10/site-packages/agbot_py-0.0.0-py3.10.egg-info' (and everything under it)
[6.096s] Copying ../../build/agbot_py/agbot_py.egg-info to /home/albert/rad_ws/install/agbot_py/lib/python3.10/site-packages/agbot_py-0.0.0-py3.10.egg-info
[6.098s] running install_scripts
[6.185s] writing list of installed files to '/home/albert/rad_ws/build/agbot_py/install.log'
[6.281s] Invoked command in '/home/albert/rad_ws/src/agbot_py' returned '0': PYTHONPATH=/home/albert/rad_ws/build/agbot_py/prefix_override:/usr/lib/python3/dist-packages/colcon_core/task/python/colcon_distutils_commands:/home/albert/rad_ws/install/agbot_py/lib/python3.10/site-packages:${PYTHONPATH} /usr/bin/python3 -W ignore:setup.py install is deprecated setup.py egg_info --egg-base ../../build/agbot_py build --build-base /home/albert/rad_ws/build/agbot_py/build install --record /home/albert/rad_ws/build/agbot_py/install.log --single-version-externally-managed install_data
