-- Install configuration: ""
-- Up-to-date: /home/albert/rad_ws/install/agbot_cartographer/share/agbot_cartographer/config
-- Up-to-date: /home/albert/rad_ws/install/agbot_cartographer/share/agbot_cartographer/config/agbot_lds_2d.lua
-- Up-to-date: /home/albert/rad_ws/install/agbot_cartographer/share/agbot_cartographer/launch
-- Up-to-date: /home/albert/rad_ws/install/agbot_cartographer/share/agbot_cartographer/launch/cartographer.launch.py
-- Up-to-date: /home/albert/rad_ws/install/agbot_cartographer/share/agbot_cartographer/launch/occupancy_grid.launch.py
-- Up-to-date: /home/albert/rad_ws/install/agbot_cartographer/share/agbot_cartographer/rviz
-- Up-to-date: /home/albert/rad_ws/install/agbot_cartographer/share/agbot_cartographer/rviz/agbot_cart.rviz
-- Up-to-date: /home/albert/rad_ws/install/agbot_cartographer/share/ament_index/resource_index/package_run_dependencies/agbot_cartographer
-- Up-to-date: /home/albert/rad_ws/install/agbot_cartographer/share/ament_index/resource_index/parent_prefix_path/agbot_cartographer
-- Up-to-date: /home/albert/rad_ws/install/agbot_cartographer/share/agbot_cartographer/environment/ament_prefix_path.sh
-- Up-to-date: /home/albert/rad_ws/install/agbot_cartographer/share/agbot_cartographer/environment/ament_prefix_path.dsv
-- Up-to-date: /home/albert/rad_ws/install/agbot_cartographer/share/agbot_cartographer/environment/path.sh
-- Up-to-date: /home/albert/rad_ws/install/agbot_cartographer/share/agbot_cartographer/environment/path.dsv
-- Up-to-date: /home/albert/rad_ws/install/agbot_cartographer/share/agbot_cartographer/local_setup.bash
-- Up-to-date: /home/albert/rad_ws/install/agbot_cartographer/share/agbot_cartographer/local_setup.sh
-- Up-to-date: /home/albert/rad_ws/install/agbot_cartographer/share/agbot_cartographer/local_setup.zsh
-- Up-to-date: /home/albert/rad_ws/install/agbot_cartographer/share/agbot_cartographer/local_setup.dsv
-- Installing: /home/albert/rad_ws/install/agbot_cartographer/share/agbot_cartographer/package.dsv
-- Up-to-date: /home/albert/rad_ws/install/agbot_cartographer/share/ament_index/resource_index/packages/agbot_cartographer
-- Up-to-date: /home/albert/rad_ws/install/agbot_cartographer/share/agbot_cartographer/cmake/agbot_cartographerConfig.cmake
-- Up-to-date: /home/albert/rad_ws/install/agbot_cartographer/share/agbot_cartographer/cmake/agbot_cartographerConfig-version.cmake
-- Up-to-date: /home/albert/rad_ws/install/agbot_cartographer/share/agbot_cartographer/package.xml
