[0.148s] Invoking command in '/home/albert/rad_ws/build/agbot_controller': CMAKE_PREFIX_PATH=${CMAKE_PREFIX_PATH}:/home/albert/rad_ws/install/agbot_teleop:/home/albert/rad_ws/install/agbot_py:/home/albert/ws_moveit2/install/moveit_configs_utils:/home/albert/ws_moveit2/install/launch_param_builder:/home/albert/umov_ws/install/arduino_py_examples:/home/albert/udem2_ws/install/actions_py:/home/albert/udem2_ws/install/lifecycle_py:/home/albert/udem2_ws/install/executors_py:/home/albert/udem2_ws/install/components_py:/home/albert/udem_ws/install/turtlesim_catcher:/home/albert/udem_ws/install/my_py_pkg:/home/albert/udem_ws/install/lifecycle_py:/home/albert/bcdc_ws/install/agbot_teleop:/home/albert/bcdc_ws/install/agbot_py:/home/albert/arduinobot_ws/install/arduinobot_py_examples:/opt/ros/humble /home/albert/.local/bin/cmake /home/albert/rad_ws/src/agbot_controller -DCMAKE_INSTALL_PREFIX=/home/albert/rad_ws/install/agbot_controller
[0.415s] -- The C compiler identification is GNU 11.4.0
[0.671s] -- The CXX compiler identification is GNU 11.4.0
[0.736s] -- Detecting C compiler ABI info
[1.121s] -- Detecting C compiler ABI info - done
[1.269s] -- Check for working C compiler: /usr/bin/cc - skipped
[1.269s] -- Detecting C compile features
[1.270s] -- Detecting C compile features - done
[1.309s] -- Detecting CXX compiler ABI info
[1.694s] -- Detecting CXX compiler ABI info - done
[1.810s] -- Check for working CXX compiler: /usr/bin/c++ - skipped
[1.811s] -- Detecting CXX compile features
[1.812s] -- Detecting CXX compile features - done
[1.849s] -- Found ament_cmake: 1.3.10 (/opt/ros/humble/share/ament_cmake/cmake)
[2.628s] -- Found Python3: /usr/bin/python3 (found version "3.10.12") found components: Interpreter
[3.600s] -- Found trajectory_msgs: 4.2.4 (/opt/ros/humble/share/trajectory_msgs/cmake)
[4.015s] -- Found rosidl_generator_c: 3.1.5 (/opt/ros/humble/share/rosidl_generator_c/cmake)
[4.094s] -- Found rosidl_adapter: 3.1.5 (/opt/ros/humble/share/rosidl_adapter/cmake)
[4.202s] -- Found rosidl_generator_cpp: 3.1.5 (/opt/ros/humble/share/rosidl_generator_cpp/cmake)
[4.375s] -- Using all available rosidl_typesupport_c: rosidl_typesupport_fastrtps_c;rosidl_typesupport_introspection_c
[4.571s] -- Using all available rosidl_typesupport_cpp: rosidl_typesupport_fastrtps_cpp;rosidl_typesupport_introspection_cpp
[5.013s] -- Found sensor_msgs: 4.2.4 (/opt/ros/humble/share/sensor_msgs/cmake)
[5.141s] -- Found rclcpp: 16.0.10 (/opt/ros/humble/share/rclcpp/cmake)
[5.581s] -- Found rmw_implementation_cmake: 6.1.2 (/opt/ros/humble/share/rmw_implementation_cmake/cmake)
[5.646s] -- Found rmw_cyclonedds_cpp: 1.3.4 (/opt/ros/humble/share/rmw_cyclonedds_cpp/cmake)
[5.935s] -- Using RMW implementation 'rmw_cyclonedds_cpp' as default
[6.055s] -- Performing Test CMAKE_HAVE_LIBC_PTHREAD
[6.278s] -- Performing Test CMAKE_HAVE_LIBC_PTHREAD - Success
[6.283s] -- Found Threads: TRUE
[6.683s] -- Found rclpy: 3.3.14 (/opt/ros/humble/share/rclpy/cmake)
[6.717s] -- Found ament_lint_auto: 0.12.11 (/opt/ros/humble/share/ament_lint_auto/cmake)
[7.276s] -- Added test 'cppcheck' to perform static code analysis on C / C++ code
[7.276s] -- Configured cppcheck include dirs: 
[7.276s] -- Configured cppcheck exclude dirs and/or files: 
[7.286s] -- Added test 'flake8' to check Python code syntax and style conventions
[7.295s] -- Added test 'lint_cmake' to check CMake code style
[7.305s] -- Added test 'pep257' to check Python code against some of the docstring style conventions in PEP 257
[7.315s] -- Added test 'uncrustify' to check C / C++ code style
[7.317s] -- Configured uncrustify additional arguments: 
[7.331s] -- Added test 'xmllint' to check XML markup files
[7.346s] -- Configuring done (7.2s)
[7.357s] -- Generating done (0.0s)
[7.360s] -- Build files have been written to: /home/albert/rad_ws/build/agbot_controller
[7.379s] Invoked command in '/home/albert/rad_ws/build/agbot_controller' returned '0': CMAKE_PREFIX_PATH=${CMAKE_PREFIX_PATH}:/home/albert/rad_ws/install/agbot_teleop:/home/albert/rad_ws/install/agbot_py:/home/albert/ws_moveit2/install/moveit_configs_utils:/home/albert/ws_moveit2/install/launch_param_builder:/home/albert/umov_ws/install/arduino_py_examples:/home/albert/udem2_ws/install/actions_py:/home/albert/udem2_ws/install/lifecycle_py:/home/albert/udem2_ws/install/executors_py:/home/albert/udem2_ws/install/components_py:/home/albert/udem_ws/install/turtlesim_catcher:/home/albert/udem_ws/install/my_py_pkg:/home/albert/udem_ws/install/lifecycle_py:/home/albert/bcdc_ws/install/agbot_teleop:/home/albert/bcdc_ws/install/agbot_py:/home/albert/arduinobot_ws/install/arduinobot_py_examples:/opt/ros/humble /home/albert/.local/bin/cmake /home/albert/rad_ws/src/agbot_controller -DCMAKE_INSTALL_PREFIX=/home/albert/rad_ws/install/agbot_controller
[7.385s] Invoking command in '/home/albert/rad_ws/build/agbot_controller': CMAKE_PREFIX_PATH=${CMAKE_PREFIX_PATH}:/home/albert/rad_ws/install/agbot_teleop:/home/albert/rad_ws/install/agbot_py:/home/albert/ws_moveit2/install/moveit_configs_utils:/home/albert/ws_moveit2/install/launch_param_builder:/home/albert/umov_ws/install/arduino_py_examples:/home/albert/udem2_ws/install/actions_py:/home/albert/udem2_ws/install/lifecycle_py:/home/albert/udem2_ws/install/executors_py:/home/albert/udem2_ws/install/components_py:/home/albert/udem_ws/install/turtlesim_catcher:/home/albert/udem_ws/install/my_py_pkg:/home/albert/udem_ws/install/lifecycle_py:/home/albert/bcdc_ws/install/agbot_teleop:/home/albert/bcdc_ws/install/agbot_py:/home/albert/arduinobot_ws/install/arduinobot_py_examples:/opt/ros/humble /home/albert/.local/bin/cmake --build /home/albert/rad_ws/build/agbot_controller -- -j8 -l8
[7.455s] Invoked command in '/home/albert/rad_ws/build/agbot_controller' returned '0': CMAKE_PREFIX_PATH=${CMAKE_PREFIX_PATH}:/home/albert/rad_ws/install/agbot_teleop:/home/albert/rad_ws/install/agbot_py:/home/albert/ws_moveit2/install/moveit_configs_utils:/home/albert/ws_moveit2/install/launch_param_builder:/home/albert/umov_ws/install/arduino_py_examples:/home/albert/udem2_ws/install/actions_py:/home/albert/udem2_ws/install/lifecycle_py:/home/albert/udem2_ws/install/executors_py:/home/albert/udem2_ws/install/components_py:/home/albert/udem_ws/install/turtlesim_catcher:/home/albert/udem_ws/install/my_py_pkg:/home/albert/udem_ws/install/lifecycle_py:/home/albert/bcdc_ws/install/agbot_teleop:/home/albert/bcdc_ws/install/agbot_py:/home/albert/arduinobot_ws/install/arduinobot_py_examples:/opt/ros/humble /home/albert/.local/bin/cmake --build /home/albert/rad_ws/build/agbot_controller -- -j8 -l8
[7.555s] Invoking command in '/home/albert/rad_ws/build/agbot_controller': CMAKE_PREFIX_PATH=${CMAKE_PREFIX_PATH}:/home/albert/rad_ws/install/agbot_teleop:/home/albert/rad_ws/install/agbot_py:/home/albert/ws_moveit2/install/moveit_configs_utils:/home/albert/ws_moveit2/install/launch_param_builder:/home/albert/umov_ws/install/arduino_py_examples:/home/albert/udem2_ws/install/actions_py:/home/albert/udem2_ws/install/lifecycle_py:/home/albert/udem2_ws/install/executors_py:/home/albert/udem2_ws/install/components_py:/home/albert/udem_ws/install/turtlesim_catcher:/home/albert/udem_ws/install/my_py_pkg:/home/albert/udem_ws/install/lifecycle_py:/home/albert/bcdc_ws/install/agbot_teleop:/home/albert/bcdc_ws/install/agbot_py:/home/albert/arduinobot_ws/install/arduinobot_py_examples:/opt/ros/humble /home/albert/.local/bin/cmake --install /home/albert/rad_ws/build/agbot_controller
[7.568s] -- Install configuration: ""
[7.569s] -- Installing: /home/albert/rad_ws/install/agbot_controller/share/agbot_controller/launch
[7.569s] -- Installing: /home/albert/rad_ws/install/agbot_controller/share/agbot_controller/launch/controller.launch.py
[7.570s] -- Installing: /home/albert/rad_ws/install/agbot_controller/share/agbot_controller/config
[7.571s] -- Installing: /home/albert/rad_ws/install/agbot_controller/share/agbot_controller/config/old_agbot_controllers.yaml
[7.571s] -- Installing: /home/albert/rad_ws/install/agbot_controller/share/agbot_controller/config/debug_efk.txt
[7.572s] -- Installing: /home/albert/rad_ws/install/agbot_controller/share/agbot_controller/config/efk.yaml
[7.573s] -- Installing: /home/albert/rad_ws/install/agbot_controller/share/agbot_controller/config/agbot_controllers.yaml
[7.574s] -- Installing: /home/albert/rad_ws/install/agbot_controller/share/ament_index/resource_index/package_run_dependencies/agbot_controller
[7.574s] -- Installing: /home/albert/rad_ws/install/agbot_controller/share/ament_index/resource_index/parent_prefix_path/agbot_controller
[7.575s] -- Installing: /home/albert/rad_ws/install/agbot_controller/share/agbot_controller/environment/ament_prefix_path.sh
[7.576s] -- Installing: /home/albert/rad_ws/install/agbot_controller/share/agbot_controller/environment/ament_prefix_path.dsv
[7.577s] -- Installing: /home/albert/rad_ws/install/agbot_controller/share/agbot_controller/environment/path.sh
[7.578s] -- Installing: /home/albert/rad_ws/install/agbot_controller/share/agbot_controller/environment/path.dsv
[7.578s] -- Installing: /home/albert/rad_ws/install/agbot_controller/share/agbot_controller/local_setup.bash
[7.579s] -- Installing: /home/albert/rad_ws/install/agbot_controller/share/agbot_controller/local_setup.sh
[7.581s] -- Installing: /home/albert/rad_ws/install/agbot_controller/share/agbot_controller/local_setup.zsh
[7.581s] -- Installing: /home/albert/rad_ws/install/agbot_controller/share/agbot_controller/local_setup.dsv
[7.582s] -- Installing: /home/albert/rad_ws/install/agbot_controller/share/agbot_controller/package.dsv
[7.582s] -- Installing: /home/albert/rad_ws/install/agbot_controller/share/ament_index/resource_index/packages/agbot_controller
[7.582s] -- Installing: /home/albert/rad_ws/install/agbot_controller/share/agbot_controller/cmake/agbot_controllerConfig.cmake
[7.585s] -- Installing: /home/albert/rad_ws/install/agbot_controller/share/agbot_controller/cmake/agbot_controllerConfig-version.cmake
[7.585s] -- Installing: /home/albert/rad_ws/install/agbot_controller/share/agbot_controller/package.xml
[7.589s] Invoked command in '/home/albert/rad_ws/build/agbot_controller' returned '0': CMAKE_PREFIX_PATH=${CMAKE_PREFIX_PATH}:/home/albert/rad_ws/install/agbot_teleop:/home/albert/rad_ws/install/agbot_py:/home/albert/ws_moveit2/install/moveit_configs_utils:/home/albert/ws_moveit2/install/launch_param_builder:/home/albert/umov_ws/install/arduino_py_examples:/home/albert/udem2_ws/install/actions_py:/home/albert/udem2_ws/install/lifecycle_py:/home/albert/udem2_ws/install/executors_py:/home/albert/udem2_ws/install/components_py:/home/albert/udem_ws/install/turtlesim_catcher:/home/albert/udem_ws/install/my_py_pkg:/home/albert/udem_ws/install/lifecycle_py:/home/albert/bcdc_ws/install/agbot_teleop:/home/albert/bcdc_ws/install/agbot_py:/home/albert/arduinobot_ws/install/arduinobot_py_examples:/opt/ros/humble /home/albert/.local/bin/cmake --install /home/albert/rad_ws/build/agbot_controller
