-- Install configuration: ""
-- Up-to-date: /home/albert/rad_ws/install/agbot_moveit/share/agbot_moveit/config
-- Up-to-date: /home/albert/rad_ws/install/agbot_moveit/share/agbot_moveit/config/joint_limits.yaml
-- Up-to-date: /home/albert/rad_ws/install/agbot_moveit/share/agbot_moveit/config/moveit_controllers.yaml
-- Up-to-date: /home/albert/rad_ws/install/agbot_moveit/share/agbot_moveit/config/initial_positions.yaml
-- Up-to-date: /home/albert/rad_ws/install/agbot_moveit/share/agbot_moveit/config/pilz_cartesian_limits.yaml
-- Up-to-date: /home/albert/rad_ws/install/agbot_moveit/share/agbot_moveit/config/agbot_arm_config.rviz
-- Up-to-date: /home/albert/rad_ws/install/agbot_moveit/share/agbot_moveit/config/kinematics.yaml
-- Up-to-date: /home/albert/rad_ws/install/agbot_moveit/share/agbot_moveit/config/agbot_arm.srdf
-- Up-to-date: /home/albert/rad_ws/install/agbot_moveit/share/agbot_moveit/config/agbot_arm.urdf.xacro
-- Up-to-date: /home/albert/rad_ws/install/agbot_moveit/share/agbot_moveit/config/agbot_arm.ros2_control.xacro
-- Up-to-date: /home/albert/rad_ws/install/agbot_moveit/share/agbot_moveit/config/moveit.rviz
-- Up-to-date: /home/albert/rad_ws/install/agbot_moveit/share/agbot_moveit/launch
-- Up-to-date: /home/albert/rad_ws/install/agbot_moveit/share/agbot_moveit/launch/agbot_arm_moveit.launch.py
-- Up-to-date: /home/albert/rad_ws/install/agbot_moveit/share/agbot_moveit/launch/tester.launch.py
-- Up-to-date: /home/albert/rad_ws/install/agbot_moveit/share/ament_index/resource_index/package_run_dependencies/agbot_moveit
-- Up-to-date: /home/albert/rad_ws/install/agbot_moveit/share/ament_index/resource_index/parent_prefix_path/agbot_moveit
-- Up-to-date: /home/albert/rad_ws/install/agbot_moveit/share/agbot_moveit/environment/ament_prefix_path.sh
-- Up-to-date: /home/albert/rad_ws/install/agbot_moveit/share/agbot_moveit/environment/ament_prefix_path.dsv
-- Up-to-date: /home/albert/rad_ws/install/agbot_moveit/share/agbot_moveit/environment/path.sh
-- Up-to-date: /home/albert/rad_ws/install/agbot_moveit/share/agbot_moveit/environment/path.dsv
-- Up-to-date: /home/albert/rad_ws/install/agbot_moveit/share/agbot_moveit/local_setup.bash
-- Up-to-date: /home/albert/rad_ws/install/agbot_moveit/share/agbot_moveit/local_setup.sh
-- Up-to-date: /home/albert/rad_ws/install/agbot_moveit/share/agbot_moveit/local_setup.zsh
-- Up-to-date: /home/albert/rad_ws/install/agbot_moveit/share/agbot_moveit/local_setup.dsv
-- Up-to-date: /home/albert/rad_ws/install/agbot_moveit/share/agbot_moveit/package.dsv
-- Up-to-date: /home/albert/rad_ws/install/agbot_moveit/share/ament_index/resource_index/packages/agbot_moveit
-- Up-to-date: /home/albert/rad_ws/install/agbot_moveit/share/agbot_moveit/cmake/agbot_moveitConfig.cmake
-- Up-to-date: /home/albert/rad_ws/install/agbot_moveit/share/agbot_moveit/cmake/agbot_moveitConfig-version.cmake
-- Up-to-date: /home/albert/rad_ws/install/agbot_moveit/share/agbot_moveit/package.xml
