[0.069s] Invoking command in '/home/albert/rad_ws/build/agbot_full_cartogropher': CMAKE_PREFIX_PATH=${CMAKE_PREFIX_PATH}:/home/albert/ws_moveit2/install/moveit_configs_utils:/home/albert/ws_moveit2/install/launch_param_builder:/home/albert/umov_ws/install/arduino_py_examples:/home/albert/udem2_ws/install/actions_py:/home/albert/udem2_ws/install/lifecycle_py:/home/albert/udem2_ws/install/executors_py:/home/albert/udem2_ws/install/components_py:/home/albert/udem_ws/install/turtlesim_catcher:/home/albert/udem_ws/install/my_py_pkg:/home/albert/udem_ws/install/lifecycle_py:/home/albert/bcdc_ws/install/agbot_teleop:/home/albert/bcdc_ws/install/agbot_py:/home/albert/arduinobot_ws/install/arduinobot_py_examples:/opt/ros/humble /home/albert/.local/bin/cmake --build /home/albert/rad_ws/build/agbot_full_cartogropher -- -j8 -l8
[0.097s] Invoked command in '/home/albert/rad_ws/build/agbot_full_cartogropher' returned '0': CMAKE_PREFIX_PATH=${CMAKE_PREFIX_PATH}:/home/albert/ws_moveit2/install/moveit_configs_utils:/home/albert/ws_moveit2/install/launch_param_builder:/home/albert/umov_ws/install/arduino_py_examples:/home/albert/udem2_ws/install/actions_py:/home/albert/udem2_ws/install/lifecycle_py:/home/albert/udem2_ws/install/executors_py:/home/albert/udem2_ws/install/components_py:/home/albert/udem_ws/install/turtlesim_catcher:/home/albert/udem_ws/install/my_py_pkg:/home/albert/udem_ws/install/lifecycle_py:/home/albert/bcdc_ws/install/agbot_teleop:/home/albert/bcdc_ws/install/agbot_py:/home/albert/arduinobot_ws/install/arduinobot_py_examples:/opt/ros/humble /home/albert/.local/bin/cmake --build /home/albert/rad_ws/build/agbot_full_cartogropher -- -j8 -l8
[0.197s] Invoking command in '/home/albert/rad_ws/build/agbot_full_cartogropher': CMAKE_PREFIX_PATH=${CMAKE_PREFIX_PATH}:/home/albert/ws_moveit2/install/moveit_configs_utils:/home/albert/ws_moveit2/install/launch_param_builder:/home/albert/umov_ws/install/arduino_py_examples:/home/albert/udem2_ws/install/actions_py:/home/albert/udem2_ws/install/lifecycle_py:/home/albert/udem2_ws/install/executors_py:/home/albert/udem2_ws/install/components_py:/home/albert/udem_ws/install/turtlesim_catcher:/home/albert/udem_ws/install/my_py_pkg:/home/albert/udem_ws/install/lifecycle_py:/home/albert/bcdc_ws/install/agbot_teleop:/home/albert/bcdc_ws/install/agbot_py:/home/albert/arduinobot_ws/install/arduinobot_py_examples:/opt/ros/humble /home/albert/.local/bin/cmake --install /home/albert/rad_ws/build/agbot_full_cartogropher
[0.201s] -- Install configuration: ""
[0.201s] -- Up-to-date: /home/albert/rad_ws/install/agbot_full_cartogropher/share/agbot_full_cartogropher/config
[0.201s] -- Up-to-date: /home/albert/rad_ws/install/agbot_full_cartogropher/share/agbot_full_cartogropher/config/agbot_full_lds_2d.lua
[0.201s] -- Up-to-date: /home/albert/rad_ws/install/agbot_full_cartogropher/share/agbot_full_cartogropher/launch
[0.201s] -- Up-to-date: /home/albert/rad_ws/install/agbot_full_cartogropher/share/agbot_full_cartogropher/launch/cartographer.launch.py
[0.201s] -- Up-to-date: /home/albert/rad_ws/install/agbot_full_cartogropher/share/agbot_full_cartogropher/launch/occupancy_grid.launch.py
[0.202s] -- Up-to-date: /home/albert/rad_ws/install/agbot_full_cartogropher/share/agbot_full_cartogropher/rviz
[0.202s] -- Up-to-date: /home/albert/rad_ws/install/agbot_full_cartogropher/share/agbot_full_cartogropher/rviz/agbot_full_cart.rviz
[0.202s] -- Up-to-date: /home/albert/rad_ws/install/agbot_full_cartogropher/share/ament_index/resource_index/package_run_dependencies/agbot_full_cartogropher
[0.202s] -- Up-to-date: /home/albert/rad_ws/install/agbot_full_cartogropher/share/ament_index/resource_index/parent_prefix_path/agbot_full_cartogropher
[0.202s] -- Up-to-date: /home/albert/rad_ws/install/agbot_full_cartogropher/share/agbot_full_cartogropher/environment/ament_prefix_path.sh
[0.202s] -- Up-to-date: /home/albert/rad_ws/install/agbot_full_cartogropher/share/agbot_full_cartogropher/environment/ament_prefix_path.dsv
[0.202s] -- Up-to-date: /home/albert/rad_ws/install/agbot_full_cartogropher/share/agbot_full_cartogropher/environment/path.sh
[0.202s] -- Up-to-date: /home/albert/rad_ws/install/agbot_full_cartogropher/share/agbot_full_cartogropher/environment/path.dsv
[0.203s] -- Up-to-date: /home/albert/rad_ws/install/agbot_full_cartogropher/share/agbot_full_cartogropher/local_setup.bash
[0.203s] -- Up-to-date: /home/albert/rad_ws/install/agbot_full_cartogropher/share/agbot_full_cartogropher/local_setup.sh
[0.203s] -- Up-to-date: /home/albert/rad_ws/install/agbot_full_cartogropher/share/agbot_full_cartogropher/local_setup.zsh
[0.203s] -- Up-to-date: /home/albert/rad_ws/install/agbot_full_cartogropher/share/agbot_full_cartogropher/local_setup.dsv
[0.204s] -- Installing: /home/albert/rad_ws/install/agbot_full_cartogropher/share/agbot_full_cartogropher/package.dsv
[0.204s] -- Up-to-date: /home/albert/rad_ws/install/agbot_full_cartogropher/share/ament_index/resource_index/packages/agbot_full_cartogropher
[0.204s] -- Up-to-date: /home/albert/rad_ws/install/agbot_full_cartogropher/share/agbot_full_cartogropher/cmake/agbot_full_cartogropherConfig.cmake
[0.204s] -- Up-to-date: /home/albert/rad_ws/install/agbot_full_cartogropher/share/agbot_full_cartogropher/cmake/agbot_full_cartogropherConfig-version.cmake
[0.204s] -- Up-to-date: /home/albert/rad_ws/install/agbot_full_cartogropher/share/agbot_full_cartogropher/package.xml
[0.260s] Invoked command in '/home/albert/rad_ws/build/agbot_full_cartogropher' returned '0': CMAKE_PREFIX_PATH=${CMAKE_PREFIX_PATH}:/home/albert/ws_moveit2/install/moveit_configs_utils:/home/albert/ws_moveit2/install/launch_param_builder:/home/albert/umov_ws/install/arduino_py_examples:/home/albert/udem2_ws/install/actions_py:/home/albert/udem2_ws/install/lifecycle_py:/home/albert/udem2_ws/install/executors_py:/home/albert/udem2_ws/install/components_py:/home/albert/udem_ws/install/turtlesim_catcher:/home/albert/udem_ws/install/my_py_pkg:/home/albert/udem_ws/install/lifecycle_py:/home/albert/bcdc_ws/install/agbot_teleop:/home/albert/bcdc_ws/install/agbot_py:/home/albert/arduinobot_ws/install/arduinobot_py_examples:/opt/ros/humble /home/albert/.local/bin/cmake --install /home/albert/rad_ws/build/agbot_full_cartogropher
