[0.333s] Invoking command in '/home/albert/rad_ws/build/agbot_cartographer': CMAKE_PREFIX_PATH=${CMAKE_PREFIX_PATH}:/home/albert/rad_ws/install/agbot_teleop:/home/albert/rad_ws/install/agbot_py:/home/albert/ws_moveit2/install/moveit_configs_utils:/home/albert/ws_moveit2/install/launch_param_builder:/home/albert/umov_ws/install/arduino_py_examples:/home/albert/udem2_ws/install/actions_py:/home/albert/udem2_ws/install/lifecycle_py:/home/albert/udem2_ws/install/executors_py:/home/albert/udem2_ws/install/components_py:/home/albert/udem_ws/install/turtlesim_catcher:/home/albert/udem_ws/install/my_py_pkg:/home/albert/udem_ws/install/lifecycle_py:/home/albert/bcdc_ws/install/agbot_teleop:/home/albert/bcdc_ws/install/agbot_py:/home/albert/arduinobot_ws/install/arduinobot_py_examples:/opt/ros/humble /home/albert/.local/bin/cmake --build /home/albert/rad_ws/build/agbot_cartographer -- -j8 -l8
[0.521s] Invoked command in '/home/albert/rad_ws/build/agbot_cartographer' returned '0': CMAKE_PREFIX_PATH=${CMAKE_PREFIX_PATH}:/home/albert/rad_ws/install/agbot_teleop:/home/albert/rad_ws/install/agbot_py:/home/albert/ws_moveit2/install/moveit_configs_utils:/home/albert/ws_moveit2/install/launch_param_builder:/home/albert/umov_ws/install/arduino_py_examples:/home/albert/udem2_ws/install/actions_py:/home/albert/udem2_ws/install/lifecycle_py:/home/albert/udem2_ws/install/executors_py:/home/albert/udem2_ws/install/components_py:/home/albert/udem_ws/install/turtlesim_catcher:/home/albert/udem_ws/install/my_py_pkg:/home/albert/udem_ws/install/lifecycle_py:/home/albert/bcdc_ws/install/agbot_teleop:/home/albert/bcdc_ws/install/agbot_py:/home/albert/arduinobot_ws/install/arduinobot_py_examples:/opt/ros/humble /home/albert/.local/bin/cmake --build /home/albert/rad_ws/build/agbot_cartographer -- -j8 -l8
[0.842s] Invoking command in '/home/albert/rad_ws/build/agbot_cartographer': CMAKE_PREFIX_PATH=${CMAKE_PREFIX_PATH}:/home/albert/rad_ws/install/agbot_teleop:/home/albert/rad_ws/install/agbot_py:/home/albert/ws_moveit2/install/moveit_configs_utils:/home/albert/ws_moveit2/install/launch_param_builder:/home/albert/umov_ws/install/arduino_py_examples:/home/albert/udem2_ws/install/actions_py:/home/albert/udem2_ws/install/lifecycle_py:/home/albert/udem2_ws/install/executors_py:/home/albert/udem2_ws/install/components_py:/home/albert/udem_ws/install/turtlesim_catcher:/home/albert/udem_ws/install/my_py_pkg:/home/albert/udem_ws/install/lifecycle_py:/home/albert/bcdc_ws/install/agbot_teleop:/home/albert/bcdc_ws/install/agbot_py:/home/albert/arduinobot_ws/install/arduinobot_py_examples:/opt/ros/humble /home/albert/.local/bin/cmake --install /home/albert/rad_ws/build/agbot_cartographer
[0.961s] -- Install configuration: ""
[0.962s] -- Up-to-date: /home/albert/rad_ws/install/agbot_cartographer/share/agbot_cartographer/config
[0.963s] -- Up-to-date: /home/albert/rad_ws/install/agbot_cartographer/share/agbot_cartographer/config/agbot_lds_2d.lua
[0.978s] -- Up-to-date: /home/albert/rad_ws/install/agbot_cartographer/share/agbot_cartographer/launch
[0.978s] -- Up-to-date: /home/albert/rad_ws/install/agbot_cartographer/share/agbot_cartographer/launch/cartographer.launch.py
[0.979s] -- Up-to-date: /home/albert/rad_ws/install/agbot_cartographer/share/agbot_cartographer/launch/occupancy_grid.launch.py
[0.979s] -- Up-to-date: /home/albert/rad_ws/install/agbot_cartographer/share/agbot_cartographer/rviz
[0.979s] -- Up-to-date: /home/albert/rad_ws/install/agbot_cartographer/share/agbot_cartographer/rviz/agbot_cart.rviz
[0.980s] -- Up-to-date: /home/albert/rad_ws/install/agbot_cartographer/share/ament_index/resource_index/package_run_dependencies/agbot_cartographer
[0.981s] -- Up-to-date: /home/albert/rad_ws/install/agbot_cartographer/share/ament_index/resource_index/parent_prefix_path/agbot_cartographer
[0.987s] -- Up-to-date: /home/albert/rad_ws/install/agbot_cartographer/share/agbot_cartographer/environment/ament_prefix_path.sh
[0.987s] -- Up-to-date: /home/albert/rad_ws/install/agbot_cartographer/share/agbot_cartographer/environment/ament_prefix_path.dsv
[0.988s] -- Up-to-date: /home/albert/rad_ws/install/agbot_cartographer/share/agbot_cartographer/environment/path.sh
[0.988s] -- Up-to-date: /home/albert/rad_ws/install/agbot_cartographer/share/agbot_cartographer/environment/path.dsv
[0.988s] -- Up-to-date: /home/albert/rad_ws/install/agbot_cartographer/share/agbot_cartographer/local_setup.bash
[0.989s] -- Up-to-date: /home/albert/rad_ws/install/agbot_cartographer/share/agbot_cartographer/local_setup.sh
[0.989s] -- Up-to-date: /home/albert/rad_ws/install/agbot_cartographer/share/agbot_cartographer/local_setup.zsh
[0.989s] -- Up-to-date: /home/albert/rad_ws/install/agbot_cartographer/share/agbot_cartographer/local_setup.dsv
[0.998s] -- Installing: /home/albert/rad_ws/install/agbot_cartographer/share/agbot_cartographer/package.dsv
[1.012s] -- Up-to-date: /home/albert/rad_ws/install/agbot_cartographer/share/ament_index/resource_index/packages/agbot_cartographer
[1.012s] -- Up-to-date: /home/albert/rad_ws/install/agbot_cartographer/share/agbot_cartographer/cmake/agbot_cartographerConfig.cmake
[1.012s] -- Up-to-date: /home/albert/rad_ws/install/agbot_cartographer/share/agbot_cartographer/cmake/agbot_cartographerConfig-version.cmake
[1.012s] -- Up-to-date: /home/albert/rad_ws/install/agbot_cartographer/share/agbot_cartographer/package.xml
[1.171s] Invoked command in '/home/albert/rad_ws/build/agbot_cartographer' returned '0': CMAKE_PREFIX_PATH=${CMAKE_PREFIX_PATH}:/home/albert/rad_ws/install/agbot_teleop:/home/albert/rad_ws/install/agbot_py:/home/albert/ws_moveit2/install/moveit_configs_utils:/home/albert/ws_moveit2/install/launch_param_builder:/home/albert/umov_ws/install/arduino_py_examples:/home/albert/udem2_ws/install/actions_py:/home/albert/udem2_ws/install/lifecycle_py:/home/albert/udem2_ws/install/executors_py:/home/albert/udem2_ws/install/components_py:/home/albert/udem_ws/install/turtlesim_catcher:/home/albert/udem_ws/install/my_py_pkg:/home/albert/udem_ws/install/lifecycle_py:/home/albert/bcdc_ws/install/agbot_teleop:/home/albert/bcdc_ws/install/agbot_py:/home/albert/arduinobot_ws/install/arduinobot_py_examples:/opt/ros/humble /home/albert/.local/bin/cmake --install /home/albert/rad_ws/build/agbot_cartographer
