[0.150s] Invoking command in '/home/albert/rad_ws/build/agbot_cartographer': CMAKE_PREFIX_PATH=${CMAKE_PREFIX_PATH}:/home/albert/rad_ws/install/agbot_teleop:/home/albert/rad_ws/install/agbot_py:/home/albert/ws_moveit2/install/moveit_configs_utils:/home/albert/ws_moveit2/install/launch_param_builder:/home/albert/umov_ws/install/arduino_py_examples:/home/albert/udem2_ws/install/actions_py:/home/albert/udem2_ws/install/lifecycle_py:/home/albert/udem2_ws/install/executors_py:/home/albert/udem2_ws/install/components_py:/home/albert/udem_ws/install/turtlesim_catcher:/home/albert/udem_ws/install/my_py_pkg:/home/albert/udem_ws/install/lifecycle_py:/home/albert/bcdc_ws/install/agbot_teleop:/home/albert/bcdc_ws/install/agbot_py:/home/albert/arduinobot_ws/install/arduinobot_py_examples:/opt/ros/humble /home/albert/.local/bin/cmake /home/albert/rad_ws/src/agbot_cartographer -DCMAKE_INSTALL_PREFIX=/home/albert/rad_ws/install/agbot_cartographer
[0.392s] -- The C compiler identification is GNU 11.4.0
[0.683s] -- The CXX compiler identification is GNU 11.4.0
[0.761s] -- Detecting C compiler ABI info
[1.123s] -- Detecting C compiler ABI info - done
[1.254s] -- Check for working C compiler: /usr/bin/cc - skipped
[1.254s] -- Detecting C compile features
[1.263s] -- Detecting C compile features - done
[1.288s] -- Detecting CXX compiler ABI info
[1.691s] -- Detecting CXX compiler ABI info - done
[1.759s] -- Check for working CXX compiler: /usr/bin/c++ - skipped
[1.760s] -- Detecting CXX compile features
[1.762s] -- Detecting CXX compile features - done
[1.797s] -- Found ament_cmake: 1.3.10 (/opt/ros/humble/share/ament_cmake/cmake)
[2.517s] -- Found Python3: /usr/bin/python3 (found version "3.10.12") found components: Interpreter
[3.830s] -- Found ament_lint_auto: 0.12.11 (/opt/ros/humble/share/ament_lint_auto/cmake)
[4.735s] -- Added test 'flake8' to check Python code syntax and style conventions
[4.744s] -- Added test 'lint_cmake' to check CMake code style
[4.755s] -- Added test 'pep257' to check Python code against some of the docstring style conventions in PEP 257
[4.766s] -- Added test 'xmllint' to check XML markup files
[4.790s] -- Configuring done (4.6s)
[4.795s] -- Generating done (0.0s)
[4.799s] -- Build files have been written to: /home/albert/rad_ws/build/agbot_cartographer
[4.818s] Invoked command in '/home/albert/rad_ws/build/agbot_cartographer' returned '0': CMAKE_PREFIX_PATH=${CMAKE_PREFIX_PATH}:/home/albert/rad_ws/install/agbot_teleop:/home/albert/rad_ws/install/agbot_py:/home/albert/ws_moveit2/install/moveit_configs_utils:/home/albert/ws_moveit2/install/launch_param_builder:/home/albert/umov_ws/install/arduino_py_examples:/home/albert/udem2_ws/install/actions_py:/home/albert/udem2_ws/install/lifecycle_py:/home/albert/udem2_ws/install/executors_py:/home/albert/udem2_ws/install/components_py:/home/albert/udem_ws/install/turtlesim_catcher:/home/albert/udem_ws/install/my_py_pkg:/home/albert/udem_ws/install/lifecycle_py:/home/albert/bcdc_ws/install/agbot_teleop:/home/albert/bcdc_ws/install/agbot_py:/home/albert/arduinobot_ws/install/arduinobot_py_examples:/opt/ros/humble /home/albert/.local/bin/cmake /home/albert/rad_ws/src/agbot_cartographer -DCMAKE_INSTALL_PREFIX=/home/albert/rad_ws/install/agbot_cartographer
[4.820s] Invoking command in '/home/albert/rad_ws/build/agbot_cartographer': CMAKE_PREFIX_PATH=${CMAKE_PREFIX_PATH}:/home/albert/rad_ws/install/agbot_teleop:/home/albert/rad_ws/install/agbot_py:/home/albert/ws_moveit2/install/moveit_configs_utils:/home/albert/ws_moveit2/install/launch_param_builder:/home/albert/umov_ws/install/arduino_py_examples:/home/albert/udem2_ws/install/actions_py:/home/albert/udem2_ws/install/lifecycle_py:/home/albert/udem2_ws/install/executors_py:/home/albert/udem2_ws/install/components_py:/home/albert/udem_ws/install/turtlesim_catcher:/home/albert/udem_ws/install/my_py_pkg:/home/albert/udem_ws/install/lifecycle_py:/home/albert/bcdc_ws/install/agbot_teleop:/home/albert/bcdc_ws/install/agbot_py:/home/albert/arduinobot_ws/install/arduinobot_py_examples:/opt/ros/humble /home/albert/.local/bin/cmake --build /home/albert/rad_ws/build/agbot_cartographer -- -j8 -l8
[4.956s] Invoked command in '/home/albert/rad_ws/build/agbot_cartographer' returned '0': CMAKE_PREFIX_PATH=${CMAKE_PREFIX_PATH}:/home/albert/rad_ws/install/agbot_teleop:/home/albert/rad_ws/install/agbot_py:/home/albert/ws_moveit2/install/moveit_configs_utils:/home/albert/ws_moveit2/install/launch_param_builder:/home/albert/umov_ws/install/arduino_py_examples:/home/albert/udem2_ws/install/actions_py:/home/albert/udem2_ws/install/lifecycle_py:/home/albert/udem2_ws/install/executors_py:/home/albert/udem2_ws/install/components_py:/home/albert/udem_ws/install/turtlesim_catcher:/home/albert/udem_ws/install/my_py_pkg:/home/albert/udem_ws/install/lifecycle_py:/home/albert/bcdc_ws/install/agbot_teleop:/home/albert/bcdc_ws/install/agbot_py:/home/albert/arduinobot_ws/install/arduinobot_py_examples:/opt/ros/humble /home/albert/.local/bin/cmake --build /home/albert/rad_ws/build/agbot_cartographer -- -j8 -l8
[5.863s] Invoking command in '/home/albert/rad_ws/build/agbot_cartographer': CMAKE_PREFIX_PATH=${CMAKE_PREFIX_PATH}:/home/albert/rad_ws/install/agbot_teleop:/home/albert/rad_ws/install/agbot_py:/home/albert/ws_moveit2/install/moveit_configs_utils:/home/albert/ws_moveit2/install/launch_param_builder:/home/albert/umov_ws/install/arduino_py_examples:/home/albert/udem2_ws/install/actions_py:/home/albert/udem2_ws/install/lifecycle_py:/home/albert/udem2_ws/install/executors_py:/home/albert/udem2_ws/install/components_py:/home/albert/udem_ws/install/turtlesim_catcher:/home/albert/udem_ws/install/my_py_pkg:/home/albert/udem_ws/install/lifecycle_py:/home/albert/bcdc_ws/install/agbot_teleop:/home/albert/bcdc_ws/install/agbot_py:/home/albert/arduinobot_ws/install/arduinobot_py_examples:/opt/ros/humble /home/albert/.local/bin/cmake --install /home/albert/rad_ws/build/agbot_cartographer
[5.874s] -- Install configuration: ""
[5.875s] -- Installing: /home/albert/rad_ws/install/agbot_cartographer/share/agbot_cartographer/config
[5.875s] -- Installing: /home/albert/rad_ws/install/agbot_cartographer/share/agbot_cartographer/config/agbot_lds_2d.lua
[5.875s] -- Installing: /home/albert/rad_ws/install/agbot_cartographer/share/agbot_cartographer/launch
[5.876s] -- Installing: /home/albert/rad_ws/install/agbot_cartographer/share/agbot_cartographer/launch/cartographer.launch.py
[5.876s] -- Installing: /home/albert/rad_ws/install/agbot_cartographer/share/agbot_cartographer/launch/occupancy_grid.launch.py
[5.876s] -- Installing: /home/albert/rad_ws/install/agbot_cartographer/share/agbot_cartographer/rviz
[5.876s] -- Installing: /home/albert/rad_ws/install/agbot_cartographer/share/agbot_cartographer/rviz/agbot_cart.rviz
[5.878s] -- Installing: /home/albert/rad_ws/install/agbot_cartographer/share/ament_index/resource_index/package_run_dependencies/agbot_cartographer
[5.878s] -- Installing: /home/albert/rad_ws/install/agbot_cartographer/share/ament_index/resource_index/parent_prefix_path/agbot_cartographer
[5.878s] -- Installing: /home/albert/rad_ws/install/agbot_cartographer/share/agbot_cartographer/environment/ament_prefix_path.sh
[5.879s] -- Installing: /home/albert/rad_ws/install/agbot_cartographer/share/agbot_cartographer/environment/ament_prefix_path.dsv
[5.879s] -- Installing: /home/albert/rad_ws/install/agbot_cartographer/share/agbot_cartographer/environment/path.sh
[5.879s] -- Installing: /home/albert/rad_ws/install/agbot_cartographer/share/agbot_cartographer/environment/path.dsv
[5.879s] -- Installing: /home/albert/rad_ws/install/agbot_cartographer/share/agbot_cartographer/local_setup.bash
[5.880s] -- Installing: /home/albert/rad_ws/install/agbot_cartographer/share/agbot_cartographer/local_setup.sh
[5.880s] -- Installing: /home/albert/rad_ws/install/agbot_cartographer/share/agbot_cartographer/local_setup.zsh
[5.880s] -- Installing: /home/albert/rad_ws/install/agbot_cartographer/share/agbot_cartographer/local_setup.dsv
[5.880s] -- Installing: /home/albert/rad_ws/install/agbot_cartographer/share/agbot_cartographer/package.dsv
[5.880s] -- Installing: /home/albert/rad_ws/install/agbot_cartographer/share/ament_index/resource_index/packages/agbot_cartographer
[5.881s] -- Installing: /home/albert/rad_ws/install/agbot_cartographer/share/agbot_cartographer/cmake/agbot_cartographerConfig.cmake
[5.881s] -- Installing: /home/albert/rad_ws/install/agbot_cartographer/share/agbot_cartographer/cmake/agbot_cartographerConfig-version.cmake
[5.881s] -- Installing: /home/albert/rad_ws/install/agbot_cartographer/share/agbot_cartographer/package.xml
[5.903s] Invoked command in '/home/albert/rad_ws/build/agbot_cartographer' returned '0': CMAKE_PREFIX_PATH=${CMAKE_PREFIX_PATH}:/home/albert/rad_ws/install/agbot_teleop:/home/albert/rad_ws/install/agbot_py:/home/albert/ws_moveit2/install/moveit_configs_utils:/home/albert/ws_moveit2/install/launch_param_builder:/home/albert/umov_ws/install/arduino_py_examples:/home/albert/udem2_ws/install/actions_py:/home/albert/udem2_ws/install/lifecycle_py:/home/albert/udem2_ws/install/executors_py:/home/albert/udem2_ws/install/components_py:/home/albert/udem_ws/install/turtlesim_catcher:/home/albert/udem_ws/install/my_py_pkg:/home/albert/udem_ws/install/lifecycle_py:/home/albert/bcdc_ws/install/agbot_teleop:/home/albert/bcdc_ws/install/agbot_py:/home/albert/arduinobot_ws/install/arduinobot_py_examples:/opt/ros/humble /home/albert/.local/bin/cmake --install /home/albert/rad_ws/build/agbot_cartographer
