[0.779s] Invoking command in '/home/albert/rad_ws/build/agbot_navigation': CMAKE_PREFIX_PATH=${CMAKE_PREFIX_PATH}:/home/albert/rad_ws/install/agbot_teleop:/home/albert/rad_ws/install/agbot_py:/home/albert/ws_moveit2/install/moveit_configs_utils:/home/albert/ws_moveit2/install/launch_param_builder:/home/albert/umov_ws/install/arduino_py_examples:/home/albert/udem2_ws/install/actions_py:/home/albert/udem2_ws/install/lifecycle_py:/home/albert/udem2_ws/install/executors_py:/home/albert/udem2_ws/install/components_py:/home/albert/udem_ws/install/turtlesim_catcher:/home/albert/udem_ws/install/my_py_pkg:/home/albert/udem_ws/install/lifecycle_py:/home/albert/bcdc_ws/install/agbot_teleop:/home/albert/bcdc_ws/install/agbot_py:/home/albert/arduinobot_ws/install/arduinobot_py_examples:/opt/ros/humble /home/albert/.local/bin/cmake --build /home/albert/rad_ws/build/agbot_navigation -- -j8 -l8
[5.442s] Invoked command in '/home/albert/rad_ws/build/agbot_navigation' returned '0': CMAKE_PREFIX_PATH=${CMAKE_PREFIX_PATH}:/home/albert/rad_ws/install/agbot_teleop:/home/albert/rad_ws/install/agbot_py:/home/albert/ws_moveit2/install/moveit_configs_utils:/home/albert/ws_moveit2/install/launch_param_builder:/home/albert/umov_ws/install/arduino_py_examples:/home/albert/udem2_ws/install/actions_py:/home/albert/udem2_ws/install/lifecycle_py:/home/albert/udem2_ws/install/executors_py:/home/albert/udem2_ws/install/components_py:/home/albert/udem_ws/install/turtlesim_catcher:/home/albert/udem_ws/install/my_py_pkg:/home/albert/udem_ws/install/lifecycle_py:/home/albert/bcdc_ws/install/agbot_teleop:/home/albert/bcdc_ws/install/agbot_py:/home/albert/arduinobot_ws/install/arduinobot_py_examples:/opt/ros/humble /home/albert/.local/bin/cmake --build /home/albert/rad_ws/build/agbot_navigation -- -j8 -l8
[5.683s] Invoking command in '/home/albert/rad_ws/build/agbot_navigation': CMAKE_PREFIX_PATH=${CMAKE_PREFIX_PATH}:/home/albert/rad_ws/install/agbot_teleop:/home/albert/rad_ws/install/agbot_py:/home/albert/ws_moveit2/install/moveit_configs_utils:/home/albert/ws_moveit2/install/launch_param_builder:/home/albert/umov_ws/install/arduino_py_examples:/home/albert/udem2_ws/install/actions_py:/home/albert/udem2_ws/install/lifecycle_py:/home/albert/udem2_ws/install/executors_py:/home/albert/udem2_ws/install/components_py:/home/albert/udem_ws/install/turtlesim_catcher:/home/albert/udem_ws/install/my_py_pkg:/home/albert/udem_ws/install/lifecycle_py:/home/albert/bcdc_ws/install/agbot_teleop:/home/albert/bcdc_ws/install/agbot_py:/home/albert/arduinobot_ws/install/arduinobot_py_examples:/opt/ros/humble /home/albert/.local/bin/cmake --install /home/albert/rad_ws/build/agbot_navigation
[5.703s] -- Install configuration: ""
[5.704s] -- Up-to-date: /home/albert/rad_ws/install/agbot_navigation/share/agbot_navigation/launch
[5.704s] -- Up-to-date: /home/albert/rad_ws/install/agbot_navigation/share/agbot_navigation/launch/agbot_nav2.launch.py
[5.704s] -- Up-to-date: /home/albert/rad_ws/install/agbot_navigation/share/agbot_navigation/map
[5.704s] -- Up-to-date: /home/albert/rad_ws/install/agbot_navigation/share/agbot_navigation/map/home.pgm
[5.704s] -- Up-to-date: /home/albert/rad_ws/install/agbot_navigation/share/agbot_navigation/map/home.yaml
[5.705s] -- Up-to-date: /home/albert/rad_ws/install/agbot_navigation/share/agbot_navigation/param
[5.705s] -- Up-to-date: /home/albert/rad_ws/install/agbot_navigation/share/agbot_navigation/param/agbot_nav.yaml
[5.708s] -- Up-to-date: /home/albert/rad_ws/install/agbot_navigation/share/agbot_navigation/rviz
[5.712s] -- Up-to-date: /home/albert/rad_ws/install/agbot_navigation/share/agbot_navigation/rviz/agbot_config.rviz
[5.713s] -- Up-to-date: /home/albert/rad_ws/install/agbot_navigation/share/ament_index/resource_index/package_run_dependencies/agbot_navigation
[5.714s] -- Up-to-date: /home/albert/rad_ws/install/agbot_navigation/share/ament_index/resource_index/parent_prefix_path/agbot_navigation
[5.715s] -- Up-to-date: /home/albert/rad_ws/install/agbot_navigation/share/agbot_navigation/environment/ament_prefix_path.sh
[5.720s] -- Up-to-date: /home/albert/rad_ws/install/agbot_navigation/share/agbot_navigation/environment/ament_prefix_path.dsv
[5.720s] -- Up-to-date: /home/albert/rad_ws/install/agbot_navigation/share/agbot_navigation/environment/path.sh
[5.721s] -- Up-to-date: /home/albert/rad_ws/install/agbot_navigation/share/agbot_navigation/environment/path.dsv
[5.721s] -- Up-to-date: /home/albert/rad_ws/install/agbot_navigation/share/agbot_navigation/local_setup.bash
[5.722s] -- Up-to-date: /home/albert/rad_ws/install/agbot_navigation/share/agbot_navigation/local_setup.sh
[5.731s] -- Up-to-date: /home/albert/rad_ws/install/agbot_navigation/share/agbot_navigation/local_setup.zsh
[5.732s] -- Up-to-date: /home/albert/rad_ws/install/agbot_navigation/share/agbot_navigation/local_setup.dsv
[5.732s] -- Up-to-date: /home/albert/rad_ws/install/agbot_navigation/share/agbot_navigation/package.dsv
[5.733s] -- Up-to-date: /home/albert/rad_ws/install/agbot_navigation/share/ament_index/resource_index/packages/agbot_navigation
[5.733s] -- Up-to-date: /home/albert/rad_ws/install/agbot_navigation/share/agbot_navigation/cmake/agbot_navigationConfig.cmake
[5.733s] -- Up-to-date: /home/albert/rad_ws/install/agbot_navigation/share/agbot_navigation/cmake/agbot_navigationConfig-version.cmake
[5.740s] -- Up-to-date: /home/albert/rad_ws/install/agbot_navigation/share/agbot_navigation/package.xml
[5.741s] Invoked command in '/home/albert/rad_ws/build/agbot_navigation' returned '0': CMAKE_PREFIX_PATH=${CMAKE_PREFIX_PATH}:/home/albert/rad_ws/install/agbot_teleop:/home/albert/rad_ws/install/agbot_py:/home/albert/ws_moveit2/install/moveit_configs_utils:/home/albert/ws_moveit2/install/launch_param_builder:/home/albert/umov_ws/install/arduino_py_examples:/home/albert/udem2_ws/install/actions_py:/home/albert/udem2_ws/install/lifecycle_py:/home/albert/udem2_ws/install/executors_py:/home/albert/udem2_ws/install/components_py:/home/albert/udem_ws/install/turtlesim_catcher:/home/albert/udem_ws/install/my_py_pkg:/home/albert/udem_ws/install/lifecycle_py:/home/albert/bcdc_ws/install/agbot_teleop:/home/albert/bcdc_ws/install/agbot_py:/home/albert/arduinobot_ws/install/arduinobot_py_examples:/opt/ros/humble /home/albert/.local/bin/cmake --install /home/albert/rad_ws/build/agbot_navigation
