[0.177s] Invoking command in '/home/albert/rad_ws/build/agbot_msgs': CMAKE_PREFIX_PATH=${CMAKE_PREFIX_PATH}:/home/albert/rad_ws/install/agbot_teleop:/home/albert/rad_ws/install/agbot_py:/home/albert/ws_moveit2/install/moveit_configs_utils:/home/albert/ws_moveit2/install/launch_param_builder:/home/albert/umov_ws/install/arduino_py_examples:/home/albert/udem2_ws/install/actions_py:/home/albert/udem2_ws/install/lifecycle_py:/home/albert/udem2_ws/install/executors_py:/home/albert/udem2_ws/install/components_py:/home/albert/udem_ws/install/turtlesim_catcher:/home/albert/udem_ws/install/my_py_pkg:/home/albert/udem_ws/install/lifecycle_py:/home/albert/bcdc_ws/install/agbot_teleop:/home/albert/bcdc_ws/install/agbot_py:/home/albert/arduinobot_ws/install/arduinobot_py_examples:/opt/ros/humble /home/albert/.local/bin/cmake --build /home/albert/rad_ws/build/agbot_msgs -- -j8 -l8
[0.280s] [  3%] Built target agbot_msgs__cpp
[0.297s] [  3%] Built target ament_cmake_python_copy_agbot_msgs
[0.298s] [ 12%] Built target agbot_msgs__rosidl_generator_c
[0.403s] [ 22%] Built target agbot_msgs__rosidl_typesupport_fastrtps_cpp
[0.403s] [ 32%] Built target agbot_msgs__rosidl_typesupport_introspection_cpp
[0.404s] [ 41%] Built target agbot_msgs__rosidl_typesupport_introspection_c
[0.408s] [ 51%] Built target agbot_msgs__rosidl_typesupport_cpp
[0.412s] [ 61%] Built target agbot_msgs__rosidl_typesupport_fastrtps_c
[0.417s] [ 70%] Built target agbot_msgs__rosidl_typesupport_c
[0.546s] [ 70%] Built target agbot_msgs
[0.565s] [ 74%] Built target agbot_msgs__py
[0.581s] [ 80%] Built target agbot_msgs__rosidl_generator_py
[0.674s] [ 87%] Built target agbot_msgs__rosidl_typesupport_c__pyext
[0.739s] [ 93%] Built target agbot_msgs__rosidl_typesupport_introspection_c__pyext
[0.751s] [100%] Built target agbot_msgs__rosidl_typesupport_fastrtps_c__pyext
[1.323s] running egg_info
[1.324s] writing agbot_msgs.egg-info/PKG-INFO
[1.324s] writing dependency_links to agbot_msgs.egg-info/dependency_links.txt
[1.325s] writing top-level names to agbot_msgs.egg-info/top_level.txt
[1.329s] reading manifest file 'agbot_msgs.egg-info/SOURCES.txt'
[1.330s] writing manifest file 'agbot_msgs.egg-info/SOURCES.txt'
[1.373s] [100%] Built target ament_cmake_python_build_agbot_msgs_egg
[2.532s] Invoked command in '/home/albert/rad_ws/build/agbot_msgs' returned '0': CMAKE_PREFIX_PATH=${CMAKE_PREFIX_PATH}:/home/albert/rad_ws/install/agbot_teleop:/home/albert/rad_ws/install/agbot_py:/home/albert/ws_moveit2/install/moveit_configs_utils:/home/albert/ws_moveit2/install/launch_param_builder:/home/albert/umov_ws/install/arduino_py_examples:/home/albert/udem2_ws/install/actions_py:/home/albert/udem2_ws/install/lifecycle_py:/home/albert/udem2_ws/install/executors_py:/home/albert/udem2_ws/install/components_py:/home/albert/udem_ws/install/turtlesim_catcher:/home/albert/udem_ws/install/my_py_pkg:/home/albert/udem_ws/install/lifecycle_py:/home/albert/bcdc_ws/install/agbot_teleop:/home/albert/bcdc_ws/install/agbot_py:/home/albert/arduinobot_ws/install/arduinobot_py_examples:/opt/ros/humble /home/albert/.local/bin/cmake --build /home/albert/rad_ws/build/agbot_msgs -- -j8 -l8
[2.981s] Invoking command in '/home/albert/rad_ws/build/agbot_msgs': CMAKE_PREFIX_PATH=${CMAKE_PREFIX_PATH}:/home/albert/rad_ws/install/agbot_teleop:/home/albert/rad_ws/install/agbot_py:/home/albert/ws_moveit2/install/moveit_configs_utils:/home/albert/ws_moveit2/install/launch_param_builder:/home/albert/umov_ws/install/arduino_py_examples:/home/albert/udem2_ws/install/actions_py:/home/albert/udem2_ws/install/lifecycle_py:/home/albert/udem2_ws/install/executors_py:/home/albert/udem2_ws/install/components_py:/home/albert/udem_ws/install/turtlesim_catcher:/home/albert/udem_ws/install/my_py_pkg:/home/albert/udem_ws/install/lifecycle_py:/home/albert/bcdc_ws/install/agbot_teleop:/home/albert/bcdc_ws/install/agbot_py:/home/albert/arduinobot_ws/install/arduinobot_py_examples:/opt/ros/humble /home/albert/.local/bin/cmake --install /home/albert/rad_ws/build/agbot_msgs
[2.989s] -- Install configuration: ""
[2.990s] -- Up-to-date: /home/albert/rad_ws/install/agbot_msgs/share/ament_index/resource_index/rosidl_interfaces/agbot_msgs
[2.991s] -- Up-to-date: /home/albert/rad_ws/install/agbot_msgs/include/agbot_msgs/agbot_msgs
[2.995s] -- Up-to-date: /home/albert/rad_ws/install/agbot_msgs/include/agbot_msgs/agbot_msgs/msg
[2.996s] -- Up-to-date: /home/albert/rad_ws/install/agbot_msgs/include/agbot_msgs/agbot_msgs/msg/rosidl_generator_c__visibility_control.h
[2.999s] -- Up-to-date: /home/albert/rad_ws/install/agbot_msgs/include/agbot_msgs/agbot_msgs/action
[3.001s] -- Up-to-date: /home/albert/rad_ws/install/agbot_msgs/include/agbot_msgs/agbot_msgs/action/detail
[3.013s] -- Up-to-date: /home/albert/rad_ws/install/agbot_msgs/include/agbot_msgs/agbot_msgs/action/detail/agbot_arm_task__struct.h
[3.015s] -- Up-to-date: /home/albert/rad_ws/install/agbot_msgs/include/agbot_msgs/agbot_msgs/action/detail/agbot_arm_task__type_support.h
[3.015s] -- Up-to-date: /home/albert/rad_ws/install/agbot_msgs/include/agbot_msgs/agbot_msgs/action/detail/agbot_arm_task__functions.c
[3.016s] -- Up-to-date: /home/albert/rad_ws/install/agbot_msgs/include/agbot_msgs/agbot_msgs/action/detail/agbot_arm_task__functions.h
[3.016s] -- Up-to-date: /home/albert/rad_ws/install/agbot_msgs/include/agbot_msgs/agbot_msgs/action/agbot_arm_task.h
[3.016s] -- Up-to-date: /home/albert/rad_ws/install/agbot_msgs/share/agbot_msgs/environment/library_path.sh
[3.016s] -- Up-to-date: /home/albert/rad_ws/install/agbot_msgs/share/agbot_msgs/environment/library_path.dsv
[3.016s] -- Up-to-date: /home/albert/rad_ws/install/agbot_msgs/lib/libagbot_msgs__rosidl_generator_c.so
[3.017s] -- Up-to-date: /home/albert/rad_ws/install/agbot_msgs/include/agbot_msgs/agbot_msgs
[3.017s] -- Up-to-date: /home/albert/rad_ws/install/agbot_msgs/include/agbot_msgs/agbot_msgs/msg
[3.017s] -- Up-to-date: /home/albert/rad_ws/install/agbot_msgs/include/agbot_msgs/agbot_msgs/msg/rosidl_typesupport_fastrtps_c__visibility_control.h
[3.017s] -- Up-to-date: /home/albert/rad_ws/install/agbot_msgs/include/agbot_msgs/agbot_msgs/action
[3.017s] -- Up-to-date: /home/albert/rad_ws/install/agbot_msgs/include/agbot_msgs/agbot_msgs/action/detail
[3.018s] -- Up-to-date: /home/albert/rad_ws/install/agbot_msgs/include/agbot_msgs/agbot_msgs/action/detail/agbot_arm_task__rosidl_typesupport_fastrtps_c.h
[3.018s] -- Up-to-date: /home/albert/rad_ws/install/agbot_msgs/lib/libagbot_msgs__rosidl_typesupport_fastrtps_c.so
[3.018s] -- Up-to-date: /home/albert/rad_ws/install/agbot_msgs/include/agbot_msgs/agbot_msgs
[3.018s] -- Up-to-date: /home/albert/rad_ws/install/agbot_msgs/include/agbot_msgs/agbot_msgs/action
[3.019s] -- Up-to-date: /home/albert/rad_ws/install/agbot_msgs/include/agbot_msgs/agbot_msgs/action/detail
[3.020s] -- Up-to-date: /home/albert/rad_ws/install/agbot_msgs/include/agbot_msgs/agbot_msgs/action/detail/agbot_arm_task__traits.hpp
[3.020s] -- Up-to-date: /home/albert/rad_ws/install/agbot_msgs/include/agbot_msgs/agbot_msgs/action/detail/agbot_arm_task__builder.hpp
[3.020s] -- Up-to-date: /home/albert/rad_ws/install/agbot_msgs/include/agbot_msgs/agbot_msgs/action/detail/agbot_arm_task__struct.hpp
[3.020s] -- Up-to-date: /home/albert/rad_ws/install/agbot_msgs/include/agbot_msgs/agbot_msgs/action/agbot_arm_task.hpp
[3.020s] -- Up-to-date: /home/albert/rad_ws/install/agbot_msgs/include/agbot_msgs/agbot_msgs
[3.021s] -- Up-to-date: /home/albert/rad_ws/install/agbot_msgs/include/agbot_msgs/agbot_msgs/msg
[3.025s] -- Up-to-date: /home/albert/rad_ws/install/agbot_msgs/include/agbot_msgs/agbot_msgs/msg/rosidl_typesupport_fastrtps_cpp__visibility_control.h
[3.025s] -- Up-to-date: /home/albert/rad_ws/install/agbot_msgs/include/agbot_msgs/agbot_msgs/action
[3.025s] -- Up-to-date: /home/albert/rad_ws/install/agbot_msgs/include/agbot_msgs/agbot_msgs/action/detail
[3.025s] -- Up-to-date: /home/albert/rad_ws/install/agbot_msgs/include/agbot_msgs/agbot_msgs/action/detail/agbot_arm_task__rosidl_typesupport_fastrtps_cpp.hpp
[3.025s] -- Up-to-date: /home/albert/rad_ws/install/agbot_msgs/include/agbot_msgs/agbot_msgs/action/detail/dds_fastrtps
[3.026s] -- Up-to-date: /home/albert/rad_ws/install/agbot_msgs/lib/libagbot_msgs__rosidl_typesupport_fastrtps_cpp.so
[3.026s] -- Up-to-date: /home/albert/rad_ws/install/agbot_msgs/include/agbot_msgs/agbot_msgs
[3.026s] -- Up-to-date: /home/albert/rad_ws/install/agbot_msgs/include/agbot_msgs/agbot_msgs/msg
[3.026s] -- Up-to-date: /home/albert/rad_ws/install/agbot_msgs/include/agbot_msgs/agbot_msgs/msg/rosidl_typesupport_introspection_c__visibility_control.h
[3.029s] -- Up-to-date: /home/albert/rad_ws/install/agbot_msgs/include/agbot_msgs/agbot_msgs/action
[3.029s] -- Up-to-date: /home/albert/rad_ws/install/agbot_msgs/include/agbot_msgs/agbot_msgs/action/detail
[3.029s] -- Up-to-date: /home/albert/rad_ws/install/agbot_msgs/include/agbot_msgs/agbot_msgs/action/detail/agbot_arm_task__rosidl_typesupport_introspection_c.h
[3.029s] -- Up-to-date: /home/albert/rad_ws/install/agbot_msgs/include/agbot_msgs/agbot_msgs/action/detail/agbot_arm_task__type_support.c
[3.029s] -- Up-to-date: /home/albert/rad_ws/install/agbot_msgs/lib/libagbot_msgs__rosidl_typesupport_introspection_c.so
[3.030s] -- Up-to-date: /home/albert/rad_ws/install/agbot_msgs/lib/libagbot_msgs__rosidl_typesupport_c.so
[3.030s] -- Up-to-date: /home/albert/rad_ws/install/agbot_msgs/include/agbot_msgs/agbot_msgs
[3.030s] -- Up-to-date: /home/albert/rad_ws/install/agbot_msgs/include/agbot_msgs/agbot_msgs/action
[3.030s] -- Up-to-date: /home/albert/rad_ws/install/agbot_msgs/include/agbot_msgs/agbot_msgs/action/detail
[3.030s] -- Up-to-date: /home/albert/rad_ws/install/agbot_msgs/include/agbot_msgs/agbot_msgs/action/detail/agbot_arm_task__rosidl_typesupport_introspection_cpp.hpp
[3.031s] -- Up-to-date: /home/albert/rad_ws/install/agbot_msgs/include/agbot_msgs/agbot_msgs/action/detail/agbot_arm_task__type_support.cpp
[3.031s] -- Up-to-date: /home/albert/rad_ws/install/agbot_msgs/lib/libagbot_msgs__rosidl_typesupport_introspection_cpp.so
[3.031s] -- Up-to-date: /home/albert/rad_ws/install/agbot_msgs/lib/libagbot_msgs__rosidl_typesupport_cpp.so
[3.031s] -- Up-to-date: /home/albert/rad_ws/install/agbot_msgs/share/agbot_msgs/environment/pythonpath.sh
[3.031s] -- Up-to-date: /home/albert/rad_ws/install/agbot_msgs/share/agbot_msgs/environment/pythonpath.dsv
[3.032s] -- Up-to-date: /home/albert/rad_ws/install/agbot_msgs/local/lib/python3.10/dist-packages/agbot_msgs-0.0.0-py3.10.egg-info
[3.032s] -- Installing: /home/albert/rad_ws/install/agbot_msgs/local/lib/python3.10/dist-packages/agbot_msgs-0.0.0-py3.10.egg-info/SOURCES.txt
[3.032s] -- Installing: /home/albert/rad_ws/install/agbot_msgs/local/lib/python3.10/dist-packages/agbot_msgs-0.0.0-py3.10.egg-info/top_level.txt
[3.032s] -- Installing: /home/albert/rad_ws/install/agbot_msgs/local/lib/python3.10/dist-packages/agbot_msgs-0.0.0-py3.10.egg-info/PKG-INFO
[3.032s] -- Installing: /home/albert/rad_ws/install/agbot_msgs/local/lib/python3.10/dist-packages/agbot_msgs-0.0.0-py3.10.egg-info/dependency_links.txt
[3.033s] -- Up-to-date: /home/albert/rad_ws/install/agbot_msgs/local/lib/python3.10/dist-packages/agbot_msgs
[3.033s] -- Up-to-date: /home/albert/rad_ws/install/agbot_msgs/local/lib/python3.10/dist-packages/agbot_msgs/__init__.py
[3.033s] -- Up-to-date: /home/albert/rad_ws/install/agbot_msgs/local/lib/python3.10/dist-packages/agbot_msgs/action
[3.033s] -- Up-to-date: /home/albert/rad_ws/install/agbot_msgs/local/lib/python3.10/dist-packages/agbot_msgs/action/__init__.py
[3.033s] -- Up-to-date: /home/albert/rad_ws/install/agbot_msgs/local/lib/python3.10/dist-packages/agbot_msgs/action/_agbot_arm_task.py
[3.034s] -- Up-to-date: /home/albert/rad_ws/install/agbot_msgs/local/lib/python3.10/dist-packages/agbot_msgs/action/_agbot_arm_task_s.c
[3.034s] -- Up-to-date: /home/albert/rad_ws/install/agbot_msgs/local/lib/python3.10/dist-packages/agbot_msgs/_agbot_msgs_s.ep.rosidl_typesupport_introspection_c.c
[3.034s] -- Up-to-date: /home/albert/rad_ws/install/agbot_msgs/local/lib/python3.10/dist-packages/agbot_msgs/agbot_msgs_s__rosidl_typesupport_introspection_c.cpython-310-x86_64-linux-gnu.so
[3.034s] -- Up-to-date: /home/albert/rad_ws/install/agbot_msgs/local/lib/python3.10/dist-packages/agbot_msgs/agbot_msgs_s__rosidl_typesupport_fastrtps_c.cpython-310-x86_64-linux-gnu.so
[3.034s] -- Up-to-date: /home/albert/rad_ws/install/agbot_msgs/local/lib/python3.10/dist-packages/agbot_msgs/agbot_msgs_s__rosidl_typesupport_c.cpython-310-x86_64-linux-gnu.so
[3.035s] -- Up-to-date: /home/albert/rad_ws/install/agbot_msgs/local/lib/python3.10/dist-packages/agbot_msgs/_agbot_msgs_s.ep.rosidl_typesupport_fastrtps_c.c
[3.035s] -- Up-to-date: /home/albert/rad_ws/install/agbot_msgs/local/lib/python3.10/dist-packages/agbot_msgs/_agbot_msgs_s.ep.rosidl_typesupport_c.c
[3.035s] -- Up-to-date: /home/albert/rad_ws/install/agbot_msgs/local/lib/python3.10/dist-packages/agbot_msgs/libagbot_msgs__rosidl_generator_py.so
[3.099s] Listing '/home/albert/rad_ws/install/agbot_msgs/local/lib/python3.10/dist-packages/agbot_msgs'...
[3.099s] Listing '/home/albert/rad_ws/install/agbot_msgs/local/lib/python3.10/dist-packages/agbot_msgs/action'...
[3.107s] -- Up-to-date: /home/albert/rad_ws/install/agbot_msgs/local/lib/python3.10/dist-packages/agbot_msgs/agbot_msgs_s__rosidl_typesupport_fastrtps_c.cpython-310-x86_64-linux-gnu.so
[3.109s] -- Up-to-date: /home/albert/rad_ws/install/agbot_msgs/local/lib/python3.10/dist-packages/agbot_msgs/agbot_msgs_s__rosidl_typesupport_introspection_c.cpython-310-x86_64-linux-gnu.so
[3.110s] -- Up-to-date: /home/albert/rad_ws/install/agbot_msgs/local/lib/python3.10/dist-packages/agbot_msgs/agbot_msgs_s__rosidl_typesupport_c.cpython-310-x86_64-linux-gnu.so
[3.111s] -- Up-to-date: /home/albert/rad_ws/install/agbot_msgs/lib/libagbot_msgs__rosidl_generator_py.so
[3.111s] -- Up-to-date: /home/albert/rad_ws/install/agbot_msgs/share/agbot_msgs/action/AgbotArmTask.idl
[3.112s] -- Up-to-date: /home/albert/rad_ws/install/agbot_msgs/share/agbot_msgs/action/AgbotArmTask.action
[3.112s] -- Up-to-date: /home/albert/rad_ws/install/agbot_msgs/share/ament_index/resource_index/package_run_dependencies/agbot_msgs
[3.113s] -- Up-to-date: /home/albert/rad_ws/install/agbot_msgs/share/ament_index/resource_index/parent_prefix_path/agbot_msgs
[3.113s] -- Up-to-date: /home/albert/rad_ws/install/agbot_msgs/share/agbot_msgs/environment/ament_prefix_path.sh
[3.113s] -- Up-to-date: /home/albert/rad_ws/install/agbot_msgs/share/agbot_msgs/environment/ament_prefix_path.dsv
[3.113s] -- Up-to-date: /home/albert/rad_ws/install/agbot_msgs/share/agbot_msgs/environment/path.sh
[3.114s] -- Up-to-date: /home/albert/rad_ws/install/agbot_msgs/share/agbot_msgs/environment/path.dsv
[3.114s] -- Up-to-date: /home/albert/rad_ws/install/agbot_msgs/share/agbot_msgs/local_setup.bash
[3.114s] -- Up-to-date: /home/albert/rad_ws/install/agbot_msgs/share/agbot_msgs/local_setup.sh
[3.115s] -- Up-to-date: /home/albert/rad_ws/install/agbot_msgs/share/agbot_msgs/local_setup.zsh
[3.115s] -- Up-to-date: /home/albert/rad_ws/install/agbot_msgs/share/agbot_msgs/local_setup.dsv
[3.115s] -- Installing: /home/albert/rad_ws/install/agbot_msgs/share/agbot_msgs/package.dsv
[3.116s] -- Up-to-date: /home/albert/rad_ws/install/agbot_msgs/share/ament_index/resource_index/packages/agbot_msgs
[3.116s] -- Up-to-date: /home/albert/rad_ws/install/agbot_msgs/share/agbot_msgs/cmake/export_agbot_msgs__rosidl_generator_cExport.cmake
[3.117s] -- Up-to-date: /home/albert/rad_ws/install/agbot_msgs/share/agbot_msgs/cmake/export_agbot_msgs__rosidl_generator_cExport-noconfig.cmake
[3.117s] -- Up-to-date: /home/albert/rad_ws/install/agbot_msgs/share/agbot_msgs/cmake/export_agbot_msgs__rosidl_typesupport_fastrtps_cExport.cmake
[3.117s] -- Up-to-date: /home/albert/rad_ws/install/agbot_msgs/share/agbot_msgs/cmake/export_agbot_msgs__rosidl_typesupport_fastrtps_cExport-noconfig.cmake
[3.118s] -- Up-to-date: /home/albert/rad_ws/install/agbot_msgs/share/agbot_msgs/cmake/export_agbot_msgs__rosidl_generator_cppExport.cmake
[3.118s] -- Up-to-date: /home/albert/rad_ws/install/agbot_msgs/share/agbot_msgs/cmake/export_agbot_msgs__rosidl_typesupport_fastrtps_cppExport.cmake
[3.118s] -- Up-to-date: /home/albert/rad_ws/install/agbot_msgs/share/agbot_msgs/cmake/export_agbot_msgs__rosidl_typesupport_fastrtps_cppExport-noconfig.cmake
[3.118s] -- Up-to-date: /home/albert/rad_ws/install/agbot_msgs/share/agbot_msgs/cmake/agbot_msgs__rosidl_typesupport_introspection_cExport.cmake
[3.119s] -- Up-to-date: /home/albert/rad_ws/install/agbot_msgs/share/agbot_msgs/cmake/agbot_msgs__rosidl_typesupport_introspection_cExport-noconfig.cmake
[3.119s] -- Up-to-date: /home/albert/rad_ws/install/agbot_msgs/share/agbot_msgs/cmake/agbot_msgs__rosidl_typesupport_cExport.cmake
[3.119s] -- Up-to-date: /home/albert/rad_ws/install/agbot_msgs/share/agbot_msgs/cmake/agbot_msgs__rosidl_typesupport_cExport-noconfig.cmake
[3.119s] -- Up-to-date: /home/albert/rad_ws/install/agbot_msgs/share/agbot_msgs/cmake/agbot_msgs__rosidl_typesupport_introspection_cppExport.cmake
[3.119s] -- Up-to-date: /home/albert/rad_ws/install/agbot_msgs/share/agbot_msgs/cmake/agbot_msgs__rosidl_typesupport_introspection_cppExport-noconfig.cmake
[3.120s] -- Up-to-date: /home/albert/rad_ws/install/agbot_msgs/share/agbot_msgs/cmake/agbot_msgs__rosidl_typesupport_cppExport.cmake
[3.120s] -- Up-to-date: /home/albert/rad_ws/install/agbot_msgs/share/agbot_msgs/cmake/agbot_msgs__rosidl_typesupport_cppExport-noconfig.cmake
[3.120s] -- Up-to-date: /home/albert/rad_ws/install/agbot_msgs/share/agbot_msgs/cmake/export_agbot_msgs__rosidl_generator_pyExport.cmake
[3.120s] -- Up-to-date: /home/albert/rad_ws/install/agbot_msgs/share/agbot_msgs/cmake/export_agbot_msgs__rosidl_generator_pyExport-noconfig.cmake
[3.121s] -- Up-to-date: /home/albert/rad_ws/install/agbot_msgs/share/agbot_msgs/cmake/rosidl_cmake-extras.cmake
[3.121s] -- Up-to-date: /home/albert/rad_ws/install/agbot_msgs/share/agbot_msgs/cmake/ament_cmake_export_dependencies-extras.cmake
[3.121s] -- Up-to-date: /home/albert/rad_ws/install/agbot_msgs/share/agbot_msgs/cmake/ament_cmake_export_include_directories-extras.cmake
[3.121s] -- Up-to-date: /home/albert/rad_ws/install/agbot_msgs/share/agbot_msgs/cmake/ament_cmake_export_libraries-extras.cmake
[3.121s] -- Up-to-date: /home/albert/rad_ws/install/agbot_msgs/share/agbot_msgs/cmake/ament_cmake_export_targets-extras.cmake
[3.122s] -- Up-to-date: /home/albert/rad_ws/install/agbot_msgs/share/agbot_msgs/cmake/rosidl_cmake_export_typesupport_targets-extras.cmake
[3.128s] -- Up-to-date: /home/albert/rad_ws/install/agbot_msgs/share/agbot_msgs/cmake/rosidl_cmake_export_typesupport_libraries-extras.cmake
[3.129s] -- Up-to-date: /home/albert/rad_ws/install/agbot_msgs/share/agbot_msgs/cmake/agbot_msgsConfig.cmake
[3.129s] -- Up-to-date: /home/albert/rad_ws/install/agbot_msgs/share/agbot_msgs/cmake/agbot_msgsConfig-version.cmake
[3.130s] -- Up-to-date: /home/albert/rad_ws/install/agbot_msgs/share/agbot_msgs/package.xml
[3.130s] Invoked command in '/home/albert/rad_ws/build/agbot_msgs' returned '0': CMAKE_PREFIX_PATH=${CMAKE_PREFIX_PATH}:/home/albert/rad_ws/install/agbot_teleop:/home/albert/rad_ws/install/agbot_py:/home/albert/ws_moveit2/install/moveit_configs_utils:/home/albert/ws_moveit2/install/launch_param_builder:/home/albert/umov_ws/install/arduino_py_examples:/home/albert/udem2_ws/install/actions_py:/home/albert/udem2_ws/install/lifecycle_py:/home/albert/udem2_ws/install/executors_py:/home/albert/udem2_ws/install/components_py:/home/albert/udem_ws/install/turtlesim_catcher:/home/albert/udem_ws/install/my_py_pkg:/home/albert/udem_ws/install/lifecycle_py:/home/albert/bcdc_ws/install/agbot_teleop:/home/albert/bcdc_ws/install/agbot_py:/home/albert/arduinobot_ws/install/arduinobot_py_examples:/opt/ros/humble /home/albert/.local/bin/cmake --install /home/albert/rad_ws/build/agbot_msgs
