[2.908s] Invoking command in '/home/albert/rad_ws/src/agbot_teleop': PYTHONPATH=/home/albert/rad_ws/build/agbot_teleop/prefix_override:/usr/lib/python3/dist-packages/colcon_core/task/python/colcon_distutils_commands:/home/albert/rad_ws/install/agbot_teleop/lib/python3.10/site-packages:${PYTHONPATH} /usr/bin/python3 -W ignore:setup.py install is deprecated setup.py egg_info --egg-base ../../build/agbot_teleop build --build-base /home/albert/rad_ws/build/agbot_teleop/build install --record /home/albert/rad_ws/build/agbot_teleop/install.log --single-version-externally-managed install_data
[3.793s] running egg_info
[3.794s] writing ../../build/agbot_teleop/agbot_teleop.egg-info/PKG-INFO
[3.794s] writing dependency_links to ../../build/agbot_teleop/agbot_teleop.egg-info/dependency_links.txt
[3.794s] writing entry points to ../../build/agbot_teleop/agbot_teleop.egg-info/entry_points.txt
[3.795s] writing requirements to ../../build/agbot_teleop/agbot_teleop.egg-info/requires.txt
[3.795s] writing top-level names to ../../build/agbot_teleop/agbot_teleop.egg-info/top_level.txt
[3.798s] reading manifest file '../../build/agbot_teleop/agbot_teleop.egg-info/SOURCES.txt'
[3.802s] writing manifest file '../../build/agbot_teleop/agbot_teleop.egg-info/SOURCES.txt'
[3.802s] running build
[3.803s] running build_py
[3.803s] running install
[3.803s] running install_lib
[3.805s] running install_data
[3.805s] running install_egg_info
[3.809s] removing '/home/albert/rad_ws/install/agbot_teleop/lib/python3.10/site-packages/agbot_teleop-0.0.0-py3.10.egg-info' (and everything under it)
[3.809s] Copying ../../build/agbot_teleop/agbot_teleop.egg-info to /home/albert/rad_ws/install/agbot_teleop/lib/python3.10/site-packages/agbot_teleop-0.0.0-py3.10.egg-info
[3.811s] running install_scripts
[3.860s] Installing agbot_teleop_key script to /home/albert/rad_ws/install/agbot_teleop/lib/agbot_teleop
[3.862s] writing list of installed files to '/home/albert/rad_ws/build/agbot_teleop/install.log'
[3.910s] Invoked command in '/home/albert/rad_ws/src/agbot_teleop' returned '0': PYTHONPATH=/home/albert/rad_ws/build/agbot_teleop/prefix_override:/usr/lib/python3/dist-packages/colcon_core/task/python/colcon_distutils_commands:/home/albert/rad_ws/install/agbot_teleop/lib/python3.10/site-packages:${PYTHONPATH} /usr/bin/python3 -W ignore:setup.py install is deprecated setup.py egg_info --egg-base ../../build/agbot_teleop build --build-base /home/albert/rad_ws/build/agbot_teleop/build install --record /home/albert/rad_ws/build/agbot_teleop/install.log --single-version-externally-managed install_data
