[5.183s] Invoking command in '/home/albert/rad_ws/src/agbot_py': PYTHONPATH=/home/albert/rad_ws/build/agbot_py/prefix_override:/usr/lib/python3/dist-packages/colcon_core/task/python/colcon_distutils_commands:/home/albert/rad_ws/install/agbot_py/lib/python3.10/site-packages:${PYTHONPATH} /usr/bin/python3 -W ignore:setup.py install is deprecated setup.py egg_info --egg-base ../../build/agbot_py build --build-base /home/albert/rad_ws/build/agbot_py/build install --record /home/albert/rad_ws/build/agbot_py/install.log --single-version-externally-managed install_data
[6.897s] running egg_info
[6.901s] writing ../../build/agbot_py/agbot_py.egg-info/PKG-INFO
[6.902s] writing dependency_links to ../../build/agbot_py/agbot_py.egg-info/dependency_links.txt
[6.904s] writing entry points to ../../build/agbot_py/agbot_py.egg-info/entry_points.txt
[6.904s] writing requirements to ../../build/agbot_py/agbot_py.egg-info/requires.txt
[6.904s] writing top-level names to ../../build/agbot_py/agbot_py.egg-info/top_level.txt
[6.909s] reading manifest file '../../build/agbot_py/agbot_py.egg-info/SOURCES.txt'
[6.913s] writing manifest file '../../build/agbot_py/agbot_py.egg-info/SOURCES.txt'
[6.915s] running build
[6.916s] running build_py
[6.917s] running install
[6.917s] running install_lib
[6.920s] running install_data
[6.920s] running install_egg_info
[6.927s] removing '/home/albert/rad_ws/install/agbot_py/lib/python3.10/site-packages/agbot_py-0.0.0-py3.10.egg-info' (and everything under it)
[6.928s] Copying ../../build/agbot_py/agbot_py.egg-info to /home/albert/rad_ws/install/agbot_py/lib/python3.10/site-packages/agbot_py-0.0.0-py3.10.egg-info
[6.931s] running install_scripts
[7.017s] writing list of installed files to '/home/albert/rad_ws/build/agbot_py/install.log'
[7.115s] Invoked command in '/home/albert/rad_ws/src/agbot_py' returned '0': PYTHONPATH=/home/albert/rad_ws/build/agbot_py/prefix_override:/usr/lib/python3/dist-packages/colcon_core/task/python/colcon_distutils_commands:/home/albert/rad_ws/install/agbot_py/lib/python3.10/site-packages:${PYTHONPATH} /usr/bin/python3 -W ignore:setup.py install is deprecated setup.py egg_info --egg-base ../../build/agbot_py build --build-base /home/albert/rad_ws/build/agbot_py/build install --record /home/albert/rad_ws/build/agbot_py/install.log --single-version-externally-managed install_data
