[0.248s] Invoking command in '/home/albert/rad_ws/build/agbot_navigation': CMAKE_PREFIX_PATH=${CMAKE_PREFIX_PATH}:/home/albert/rad_ws/install/agbot_teleop:/home/albert/rad_ws/install/agbot_py:/home/albert/ws_moveit2/install/moveit_configs_utils:/home/albert/ws_moveit2/install/launch_param_builder:/home/albert/umov_ws/install/arduino_py_examples:/home/albert/udem2_ws/install/actions_py:/home/albert/udem2_ws/install/lifecycle_py:/home/albert/udem2_ws/install/executors_py:/home/albert/udem2_ws/install/components_py:/home/albert/udem_ws/install/turtlesim_catcher:/home/albert/udem_ws/install/my_py_pkg:/home/albert/udem_ws/install/lifecycle_py:/home/albert/bcdc_ws/install/agbot_teleop:/home/albert/bcdc_ws/install/agbot_py:/home/albert/arduinobot_ws/install/arduinobot_py_examples:/opt/ros/humble /home/albert/.local/bin/cmake --build /home/albert/rad_ws/build/agbot_navigation -- -j8 -l8
[2.010s] Invoked command in '/home/albert/rad_ws/build/agbot_navigation' returned '0': CMAKE_PREFIX_PATH=${CMAKE_PREFIX_PATH}:/home/albert/rad_ws/install/agbot_teleop:/home/albert/rad_ws/install/agbot_py:/home/albert/ws_moveit2/install/moveit_configs_utils:/home/albert/ws_moveit2/install/launch_param_builder:/home/albert/umov_ws/install/arduino_py_examples:/home/albert/udem2_ws/install/actions_py:/home/albert/udem2_ws/install/lifecycle_py:/home/albert/udem2_ws/install/executors_py:/home/albert/udem2_ws/install/components_py:/home/albert/udem_ws/install/turtlesim_catcher:/home/albert/udem_ws/install/my_py_pkg:/home/albert/udem_ws/install/lifecycle_py:/home/albert/bcdc_ws/install/agbot_teleop:/home/albert/bcdc_ws/install/agbot_py:/home/albert/arduinobot_ws/install/arduinobot_py_examples:/opt/ros/humble /home/albert/.local/bin/cmake --build /home/albert/rad_ws/build/agbot_navigation -- -j8 -l8
[2.208s] Invoking command in '/home/albert/rad_ws/build/agbot_navigation': CMAKE_PREFIX_PATH=${CMAKE_PREFIX_PATH}:/home/albert/rad_ws/install/agbot_teleop:/home/albert/rad_ws/install/agbot_py:/home/albert/ws_moveit2/install/moveit_configs_utils:/home/albert/ws_moveit2/install/launch_param_builder:/home/albert/umov_ws/install/arduino_py_examples:/home/albert/udem2_ws/install/actions_py:/home/albert/udem2_ws/install/lifecycle_py:/home/albert/udem2_ws/install/executors_py:/home/albert/udem2_ws/install/components_py:/home/albert/udem_ws/install/turtlesim_catcher:/home/albert/udem_ws/install/my_py_pkg:/home/albert/udem_ws/install/lifecycle_py:/home/albert/bcdc_ws/install/agbot_teleop:/home/albert/bcdc_ws/install/agbot_py:/home/albert/arduinobot_ws/install/arduinobot_py_examples:/opt/ros/humble /home/albert/.local/bin/cmake --install /home/albert/rad_ws/build/agbot_navigation
[2.233s] -- Install configuration: ""
[2.234s] -- Up-to-date: /home/albert/rad_ws/install/agbot_navigation/share/agbot_navigation/launch
[2.234s] -- Up-to-date: /home/albert/rad_ws/install/agbot_navigation/share/agbot_navigation/launch/agbot_nav2.launch.py
[2.234s] -- Up-to-date: /home/albert/rad_ws/install/agbot_navigation/share/agbot_navigation/map
[2.234s] -- Up-to-date: /home/albert/rad_ws/install/agbot_navigation/share/agbot_navigation/map/home.pgm
[2.234s] -- Up-to-date: /home/albert/rad_ws/install/agbot_navigation/share/agbot_navigation/map/home.yaml
[2.234s] -- Up-to-date: /home/albert/rad_ws/install/agbot_navigation/share/agbot_navigation/param
[2.235s] -- Up-to-date: /home/albert/rad_ws/install/agbot_navigation/share/agbot_navigation/param/agbot_nav.yaml
[2.235s] -- Up-to-date: /home/albert/rad_ws/install/agbot_navigation/share/agbot_navigation/rviz
[2.239s] -- Up-to-date: /home/albert/rad_ws/install/agbot_navigation/share/agbot_navigation/rviz/agbot_config.rviz
[2.239s] -- Up-to-date: /home/albert/rad_ws/install/agbot_navigation/share/ament_index/resource_index/package_run_dependencies/agbot_navigation
[2.239s] -- Up-to-date: /home/albert/rad_ws/install/agbot_navigation/share/ament_index/resource_index/parent_prefix_path/agbot_navigation
[2.239s] -- Up-to-date: /home/albert/rad_ws/install/agbot_navigation/share/agbot_navigation/environment/ament_prefix_path.sh
[2.240s] -- Up-to-date: /home/albert/rad_ws/install/agbot_navigation/share/agbot_navigation/environment/ament_prefix_path.dsv
[2.240s] -- Up-to-date: /home/albert/rad_ws/install/agbot_navigation/share/agbot_navigation/environment/path.sh
[2.240s] -- Up-to-date: /home/albert/rad_ws/install/agbot_navigation/share/agbot_navigation/environment/path.dsv
[2.240s] -- Up-to-date: /home/albert/rad_ws/install/agbot_navigation/share/agbot_navigation/local_setup.bash
[2.240s] -- Up-to-date: /home/albert/rad_ws/install/agbot_navigation/share/agbot_navigation/local_setup.sh
[2.240s] -- Up-to-date: /home/albert/rad_ws/install/agbot_navigation/share/agbot_navigation/local_setup.zsh
[2.240s] -- Up-to-date: /home/albert/rad_ws/install/agbot_navigation/share/agbot_navigation/local_setup.dsv
[2.241s] -- Installing: /home/albert/rad_ws/install/agbot_navigation/share/agbot_navigation/package.dsv
[2.241s] -- Up-to-date: /home/albert/rad_ws/install/agbot_navigation/share/ament_index/resource_index/packages/agbot_navigation
[2.241s] -- Up-to-date: /home/albert/rad_ws/install/agbot_navigation/share/agbot_navigation/cmake/agbot_navigationConfig.cmake
[2.241s] -- Up-to-date: /home/albert/rad_ws/install/agbot_navigation/share/agbot_navigation/cmake/agbot_navigationConfig-version.cmake
[2.241s] -- Up-to-date: /home/albert/rad_ws/install/agbot_navigation/share/agbot_navigation/package.xml
[2.284s] Invoked command in '/home/albert/rad_ws/build/agbot_navigation' returned '0': CMAKE_PREFIX_PATH=${CMAKE_PREFIX_PATH}:/home/albert/rad_ws/install/agbot_teleop:/home/albert/rad_ws/install/agbot_py:/home/albert/ws_moveit2/install/moveit_configs_utils:/home/albert/ws_moveit2/install/launch_param_builder:/home/albert/umov_ws/install/arduino_py_examples:/home/albert/udem2_ws/install/actions_py:/home/albert/udem2_ws/install/lifecycle_py:/home/albert/udem2_ws/install/executors_py:/home/albert/udem2_ws/install/components_py:/home/albert/udem_ws/install/turtlesim_catcher:/home/albert/udem_ws/install/my_py_pkg:/home/albert/udem_ws/install/lifecycle_py:/home/albert/bcdc_ws/install/agbot_teleop:/home/albert/bcdc_ws/install/agbot_py:/home/albert/arduinobot_ws/install/arduinobot_py_examples:/opt/ros/humble /home/albert/.local/bin/cmake --install /home/albert/rad_ws/build/agbot_navigation
