[0.445s] Invoking command in '/home/albert/rad_ws/build/agbot_arm_controller': CMAKE_PREFIX_PATH=${CMAKE_PREFIX_PATH}:/home/albert/rad_ws/install/agbot_teleop:/home/albert/rad_ws/install/agbot_py:/home/albert/ws_moveit2/install/moveit_configs_utils:/home/albert/ws_moveit2/install/launch_param_builder:/home/albert/umov_ws/install/arduino_py_examples:/home/albert/udem2_ws/install/actions_py:/home/albert/udem2_ws/install/lifecycle_py:/home/albert/udem2_ws/install/executors_py:/home/albert/udem2_ws/install/components_py:/home/albert/udem_ws/install/turtlesim_catcher:/home/albert/udem_ws/install/my_py_pkg:/home/albert/udem_ws/install/lifecycle_py:/home/albert/bcdc_ws/install/agbot_teleop:/home/albert/bcdc_ws/install/agbot_py:/home/albert/arduinobot_ws/install/arduinobot_py_examples:/opt/ros/humble /home/albert/.local/bin/cmake /home/albert/rad_ws/src/agbot_arm_controller -DCMAKE_INSTALL_PREFIX=/home/albert/rad_ws/install/agbot_arm_controller
[0.866s] -- The C compiler identification is GNU 11.4.0
[1.457s] -- The CXX compiler identification is GNU 11.4.0
[1.597s] -- Detecting C compiler ABI info
[2.057s] -- Detecting C compiler ABI info - done
[2.225s] -- Check for working C compiler: /usr/bin/cc - skipped
[2.225s] -- Detecting C compile features
[2.225s] -- Detecting C compile features - done
[2.240s] -- Detecting CXX compiler ABI info
[2.965s] -- Detecting CXX compiler ABI info - done
[3.131s] -- Check for working CXX compiler: /usr/bin/c++ - skipped
[3.132s] -- Detecting CXX compile features
[3.141s] -- Detecting CXX compile features - done
[3.241s] -- Found ament_cmake: 1.3.10 (/opt/ros/humble/share/ament_cmake/cmake)
[4.718s] -- Found Python3: /usr/bin/python3 (found version "3.10.12") found components: Interpreter
[6.178s] -- Found trajectory_msgs: 4.2.4 (/opt/ros/humble/share/trajectory_msgs/cmake)
[6.897s] -- Found rosidl_generator_c: 3.1.5 (/opt/ros/humble/share/rosidl_generator_c/cmake)
[7.029s] -- Found rosidl_adapter: 3.1.5 (/opt/ros/humble/share/rosidl_adapter/cmake)
[7.215s] -- Found rosidl_generator_cpp: 3.1.5 (/opt/ros/humble/share/rosidl_generator_cpp/cmake)
[7.667s] -- Using all available rosidl_typesupport_c: rosidl_typesupport_fastrtps_c;rosidl_typesupport_introspection_c
[7.966s] -- Using all available rosidl_typesupport_cpp: rosidl_typesupport_fastrtps_cpp;rosidl_typesupport_introspection_cpp
[8.713s] -- Found sensor_msgs: 4.2.4 (/opt/ros/humble/share/sensor_msgs/cmake)
[8.949s] -- Found rclcpp: 16.0.10 (/opt/ros/humble/share/rclcpp/cmake)
[9.744s] -- Found rmw_implementation_cmake: 6.1.2 (/opt/ros/humble/share/rmw_implementation_cmake/cmake)
[9.850s] -- Found rmw_cyclonedds_cpp: 1.3.4 (/opt/ros/humble/share/rmw_cyclonedds_cpp/cmake)
[10.384s] -- Using RMW implementation 'rmw_cyclonedds_cpp' as default
[10.619s] -- Performing Test CMAKE_HAVE_LIBC_PTHREAD
[11.014s] -- Performing Test CMAKE_HAVE_LIBC_PTHREAD - Success
[11.024s] -- Found Threads: TRUE
[11.525s] -- Found rclpy: 3.3.14 (/opt/ros/humble/share/rclpy/cmake)
[11.575s] -- Found ament_lint_auto: 0.12.11 (/opt/ros/humble/share/ament_lint_auto/cmake)
[12.646s] -- Added test 'flake8' to check Python code syntax and style conventions
[12.659s] -- Added test 'lint_cmake' to check CMake code style
[12.672s] -- Added test 'pep257' to check Python code against some of the docstring style conventions in PEP 257
[12.690s] -- Added test 'xmllint' to check XML markup files
[12.722s] -- Configuring done (12.3s)
[12.745s] -- Generating done (0.0s)
[12.750s] -- Build files have been written to: /home/albert/rad_ws/build/agbot_arm_controller
[14.524s] Invoked command in '/home/albert/rad_ws/build/agbot_arm_controller' returned '0': CMAKE_PREFIX_PATH=${CMAKE_PREFIX_PATH}:/home/albert/rad_ws/install/agbot_teleop:/home/albert/rad_ws/install/agbot_py:/home/albert/ws_moveit2/install/moveit_configs_utils:/home/albert/ws_moveit2/install/launch_param_builder:/home/albert/umov_ws/install/arduino_py_examples:/home/albert/udem2_ws/install/actions_py:/home/albert/udem2_ws/install/lifecycle_py:/home/albert/udem2_ws/install/executors_py:/home/albert/udem2_ws/install/components_py:/home/albert/udem_ws/install/turtlesim_catcher:/home/albert/udem_ws/install/my_py_pkg:/home/albert/udem_ws/install/lifecycle_py:/home/albert/bcdc_ws/install/agbot_teleop:/home/albert/bcdc_ws/install/agbot_py:/home/albert/arduinobot_ws/install/arduinobot_py_examples:/opt/ros/humble /home/albert/.local/bin/cmake /home/albert/rad_ws/src/agbot_arm_controller -DCMAKE_INSTALL_PREFIX=/home/albert/rad_ws/install/agbot_arm_controller
[14.526s] Invoking command in '/home/albert/rad_ws/build/agbot_arm_controller': CMAKE_PREFIX_PATH=${CMAKE_PREFIX_PATH}:/home/albert/rad_ws/install/agbot_teleop:/home/albert/rad_ws/install/agbot_py:/home/albert/ws_moveit2/install/moveit_configs_utils:/home/albert/ws_moveit2/install/launch_param_builder:/home/albert/umov_ws/install/arduino_py_examples:/home/albert/udem2_ws/install/actions_py:/home/albert/udem2_ws/install/lifecycle_py:/home/albert/udem2_ws/install/executors_py:/home/albert/udem2_ws/install/components_py:/home/albert/udem_ws/install/turtlesim_catcher:/home/albert/udem_ws/install/my_py_pkg:/home/albert/udem_ws/install/lifecycle_py:/home/albert/bcdc_ws/install/agbot_teleop:/home/albert/bcdc_ws/install/agbot_py:/home/albert/arduinobot_ws/install/arduinobot_py_examples:/opt/ros/humble /home/albert/.local/bin/cmake --build /home/albert/rad_ws/build/agbot_arm_controller -- -j8 -l8
[14.607s] Invoked command in '/home/albert/rad_ws/build/agbot_arm_controller' returned '0': CMAKE_PREFIX_PATH=${CMAKE_PREFIX_PATH}:/home/albert/rad_ws/install/agbot_teleop:/home/albert/rad_ws/install/agbot_py:/home/albert/ws_moveit2/install/moveit_configs_utils:/home/albert/ws_moveit2/install/launch_param_builder:/home/albert/umov_ws/install/arduino_py_examples:/home/albert/udem2_ws/install/actions_py:/home/albert/udem2_ws/install/lifecycle_py:/home/albert/udem2_ws/install/executors_py:/home/albert/udem2_ws/install/components_py:/home/albert/udem_ws/install/turtlesim_catcher:/home/albert/udem_ws/install/my_py_pkg:/home/albert/udem_ws/install/lifecycle_py:/home/albert/bcdc_ws/install/agbot_teleop:/home/albert/bcdc_ws/install/agbot_py:/home/albert/arduinobot_ws/install/arduinobot_py_examples:/opt/ros/humble /home/albert/.local/bin/cmake --build /home/albert/rad_ws/build/agbot_arm_controller -- -j8 -l8
[14.754s] Invoking command in '/home/albert/rad_ws/build/agbot_arm_controller': CMAKE_PREFIX_PATH=${CMAKE_PREFIX_PATH}:/home/albert/rad_ws/install/agbot_teleop:/home/albert/rad_ws/install/agbot_py:/home/albert/ws_moveit2/install/moveit_configs_utils:/home/albert/ws_moveit2/install/launch_param_builder:/home/albert/umov_ws/install/arduino_py_examples:/home/albert/udem2_ws/install/actions_py:/home/albert/udem2_ws/install/lifecycle_py:/home/albert/udem2_ws/install/executors_py:/home/albert/udem2_ws/install/components_py:/home/albert/udem_ws/install/turtlesim_catcher:/home/albert/udem_ws/install/my_py_pkg:/home/albert/udem_ws/install/lifecycle_py:/home/albert/bcdc_ws/install/agbot_teleop:/home/albert/bcdc_ws/install/agbot_py:/home/albert/arduinobot_ws/install/arduinobot_py_examples:/opt/ros/humble /home/albert/.local/bin/cmake --install /home/albert/rad_ws/build/agbot_arm_controller
[14.777s] -- Install configuration: ""
[14.777s] -- Installing: /home/albert/rad_ws/install/agbot_arm_controller/share/agbot_arm_controller/config
[14.777s] -- Installing: /home/albert/rad_ws/install/agbot_arm_controller/share/agbot_arm_controller/config/ros2_controllers.yaml
[14.778s] -- Installing: /home/albert/rad_ws/install/agbot_arm_controller/share/agbot_arm_controller/config/agbot_arm_extender_controllers.yaml
[14.778s] -- Installing: /home/albert/rad_ws/install/agbot_arm_controller/share/agbot_arm_controller/config/agbot_arm_controllers.yaml
[14.778s] -- Installing: /home/albert/rad_ws/install/agbot_arm_controller/share/agbot_arm_controller/launch
[14.779s] -- Installing: /home/albert/rad_ws/install/agbot_arm_controller/share/agbot_arm_controller/launch/controller.launch.py
[14.779s] -- Installing: /home/albert/rad_ws/install/agbot_arm_controller/share/ament_index/resource_index/package_run_dependencies/agbot_arm_controller
[14.779s] -- Installing: /home/albert/rad_ws/install/agbot_arm_controller/share/ament_index/resource_index/parent_prefix_path/agbot_arm_controller
[14.779s] -- Installing: /home/albert/rad_ws/install/agbot_arm_controller/share/agbot_arm_controller/environment/ament_prefix_path.sh
[14.779s] -- Installing: /home/albert/rad_ws/install/agbot_arm_controller/share/agbot_arm_controller/environment/ament_prefix_path.dsv
[14.779s] -- Installing: /home/albert/rad_ws/install/agbot_arm_controller/share/agbot_arm_controller/environment/path.sh
[14.780s] -- Installing: /home/albert/rad_ws/install/agbot_arm_controller/share/agbot_arm_controller/environment/path.dsv
[14.781s] -- Installing: /home/albert/rad_ws/install/agbot_arm_controller/share/agbot_arm_controller/local_setup.bash
[14.786s] -- Installing: /home/albert/rad_ws/install/agbot_arm_controller/share/agbot_arm_controller/local_setup.sh
[14.789s] -- Installing: /home/albert/rad_ws/install/agbot_arm_controller/share/agbot_arm_controller/local_setup.zsh
[14.790s] -- Installing: /home/albert/rad_ws/install/agbot_arm_controller/share/agbot_arm_controller/local_setup.dsv
[14.793s] -- Installing: /home/albert/rad_ws/install/agbot_arm_controller/share/agbot_arm_controller/package.dsv
[14.793s] -- Installing: /home/albert/rad_ws/install/agbot_arm_controller/share/ament_index/resource_index/packages/agbot_arm_controller
[14.794s] -- Installing: /home/albert/rad_ws/install/agbot_arm_controller/share/agbot_arm_controller/cmake/agbot_arm_controllerConfig.cmake
[14.794s] -- Installing: /home/albert/rad_ws/install/agbot_arm_controller/share/agbot_arm_controller/cmake/agbot_arm_controllerConfig-version.cmake
[14.799s] -- Installing: /home/albert/rad_ws/install/agbot_arm_controller/share/agbot_arm_controller/package.xml
[14.815s] Invoked command in '/home/albert/rad_ws/build/agbot_arm_controller' returned '0': CMAKE_PREFIX_PATH=${CMAKE_PREFIX_PATH}:/home/albert/rad_ws/install/agbot_teleop:/home/albert/rad_ws/install/agbot_py:/home/albert/ws_moveit2/install/moveit_configs_utils:/home/albert/ws_moveit2/install/launch_param_builder:/home/albert/umov_ws/install/arduino_py_examples:/home/albert/udem2_ws/install/actions_py:/home/albert/udem2_ws/install/lifecycle_py:/home/albert/udem2_ws/install/executors_py:/home/albert/udem2_ws/install/components_py:/home/albert/udem_ws/install/turtlesim_catcher:/home/albert/udem_ws/install/my_py_pkg:/home/albert/udem_ws/install/lifecycle_py:/home/albert/bcdc_ws/install/agbot_teleop:/home/albert/bcdc_ws/install/agbot_py:/home/albert/arduinobot_ws/install/arduinobot_py_examples:/opt/ros/humble /home/albert/.local/bin/cmake --install /home/albert/rad_ws/build/agbot_arm_controller
