[0.572s] Invoking command in '/home/albert/rad_ws/build/agbot_full_description': CMAKE_PREFIX_PATH=${CMAKE_PREFIX_PATH}:/home/albert/rad_ws/install/agbot_teleop:/home/albert/rad_ws/install/agbot_py:/home/albert/ws_moveit2/install/moveit_configs_utils:/home/albert/ws_moveit2/install/launch_param_builder:/home/albert/umov_ws/install/arduino_py_examples:/home/albert/udem2_ws/install/actions_py:/home/albert/udem2_ws/install/lifecycle_py:/home/albert/udem2_ws/install/executors_py:/home/albert/udem2_ws/install/components_py:/home/albert/udem_ws/install/turtlesim_catcher:/home/albert/udem_ws/install/my_py_pkg:/home/albert/udem_ws/install/lifecycle_py:/home/albert/bcdc_ws/install/agbot_teleop:/home/albert/bcdc_ws/install/agbot_py:/home/albert/arduinobot_ws/install/arduinobot_py_examples:/opt/ros/humble /home/albert/.local/bin/cmake /home/albert/rad_ws/src/agbot_full_description -DCMAKE_INSTALL_PREFIX=/home/albert/rad_ws/install/agbot_full_description
[0.960s] -- The C compiler identification is GNU 11.4.0
[1.295s] -- The CXX compiler identification is GNU 11.4.0
[1.431s] -- Detecting C compiler ABI info
[2.028s] -- Detecting C compiler ABI info - done
[2.251s] -- Check for working C compiler: /usr/bin/cc - skipped
[2.257s] -- Detecting C compile features
[2.259s] -- Detecting C compile features - done
[2.274s] -- Detecting CXX compiler ABI info
[2.820s] -- Detecting CXX compiler ABI info - done
[3.030s] -- Check for working CXX compiler: /usr/bin/c++ - skipped
[3.031s] -- Detecting CXX compile features
[3.044s] -- Detecting CXX compile features - done
[3.148s] -- Found ament_cmake: 1.3.10 (/opt/ros/humble/share/ament_cmake/cmake)
[4.785s] -- Found Python3: /usr/bin/python3 (found version "3.10.12") found components: Interpreter
[6.356s] -- Found ament_lint_auto: 0.12.11 (/opt/ros/humble/share/ament_lint_auto/cmake)
[7.564s] -- Added test 'flake8' to check Python code syntax and style conventions
[7.570s] -- Added test 'lint_cmake' to check CMake code style
[7.605s] -- Added test 'pep257' to check Python code against some of the docstring style conventions in PEP 257
[7.674s] -- Added test 'xmllint' to check XML markup files
[7.739s] -- Configuring done (7.2s)
[7.749s] -- Generating done (0.0s)
[7.754s] -- Build files have been written to: /home/albert/rad_ws/build/agbot_full_description
[7.844s] Invoked command in '/home/albert/rad_ws/build/agbot_full_description' returned '0': CMAKE_PREFIX_PATH=${CMAKE_PREFIX_PATH}:/home/albert/rad_ws/install/agbot_teleop:/home/albert/rad_ws/install/agbot_py:/home/albert/ws_moveit2/install/moveit_configs_utils:/home/albert/ws_moveit2/install/launch_param_builder:/home/albert/umov_ws/install/arduino_py_examples:/home/albert/udem2_ws/install/actions_py:/home/albert/udem2_ws/install/lifecycle_py:/home/albert/udem2_ws/install/executors_py:/home/albert/udem2_ws/install/components_py:/home/albert/udem_ws/install/turtlesim_catcher:/home/albert/udem_ws/install/my_py_pkg:/home/albert/udem_ws/install/lifecycle_py:/home/albert/bcdc_ws/install/agbot_teleop:/home/albert/bcdc_ws/install/agbot_py:/home/albert/arduinobot_ws/install/arduinobot_py_examples:/opt/ros/humble /home/albert/.local/bin/cmake /home/albert/rad_ws/src/agbot_full_description -DCMAKE_INSTALL_PREFIX=/home/albert/rad_ws/install/agbot_full_description
[7.849s] Invoking command in '/home/albert/rad_ws/build/agbot_full_description': CMAKE_PREFIX_PATH=${CMAKE_PREFIX_PATH}:/home/albert/rad_ws/install/agbot_teleop:/home/albert/rad_ws/install/agbot_py:/home/albert/ws_moveit2/install/moveit_configs_utils:/home/albert/ws_moveit2/install/launch_param_builder:/home/albert/umov_ws/install/arduino_py_examples:/home/albert/udem2_ws/install/actions_py:/home/albert/udem2_ws/install/lifecycle_py:/home/albert/udem2_ws/install/executors_py:/home/albert/udem2_ws/install/components_py:/home/albert/udem_ws/install/turtlesim_catcher:/home/albert/udem_ws/install/my_py_pkg:/home/albert/udem_ws/install/lifecycle_py:/home/albert/bcdc_ws/install/agbot_teleop:/home/albert/bcdc_ws/install/agbot_py:/home/albert/arduinobot_ws/install/arduinobot_py_examples:/opt/ros/humble /home/albert/.local/bin/cmake --build /home/albert/rad_ws/build/agbot_full_description -- -j8 -l8
[7.963s] Invoked command in '/home/albert/rad_ws/build/agbot_full_description' returned '0': CMAKE_PREFIX_PATH=${CMAKE_PREFIX_PATH}:/home/albert/rad_ws/install/agbot_teleop:/home/albert/rad_ws/install/agbot_py:/home/albert/ws_moveit2/install/moveit_configs_utils:/home/albert/ws_moveit2/install/launch_param_builder:/home/albert/umov_ws/install/arduino_py_examples:/home/albert/udem2_ws/install/actions_py:/home/albert/udem2_ws/install/lifecycle_py:/home/albert/udem2_ws/install/executors_py:/home/albert/udem2_ws/install/components_py:/home/albert/udem_ws/install/turtlesim_catcher:/home/albert/udem_ws/install/my_py_pkg:/home/albert/udem_ws/install/lifecycle_py:/home/albert/bcdc_ws/install/agbot_teleop:/home/albert/bcdc_ws/install/agbot_py:/home/albert/arduinobot_ws/install/arduinobot_py_examples:/opt/ros/humble /home/albert/.local/bin/cmake --build /home/albert/rad_ws/build/agbot_full_description -- -j8 -l8
[8.402s] Invoking command in '/home/albert/rad_ws/build/agbot_full_description': CMAKE_PREFIX_PATH=${CMAKE_PREFIX_PATH}:/home/albert/rad_ws/install/agbot_teleop:/home/albert/rad_ws/install/agbot_py:/home/albert/ws_moveit2/install/moveit_configs_utils:/home/albert/ws_moveit2/install/launch_param_builder:/home/albert/umov_ws/install/arduino_py_examples:/home/albert/udem2_ws/install/actions_py:/home/albert/udem2_ws/install/lifecycle_py:/home/albert/udem2_ws/install/executors_py:/home/albert/udem2_ws/install/components_py:/home/albert/udem_ws/install/turtlesim_catcher:/home/albert/udem_ws/install/my_py_pkg:/home/albert/udem_ws/install/lifecycle_py:/home/albert/bcdc_ws/install/agbot_teleop:/home/albert/bcdc_ws/install/agbot_py:/home/albert/arduinobot_ws/install/arduinobot_py_examples:/opt/ros/humble /home/albert/.local/bin/cmake --install /home/albert/rad_ws/build/agbot_full_description
[8.436s] -- Install configuration: ""
[8.437s] -- Installing: /home/albert/rad_ws/install/agbot_full_description/share/agbot_full_description//launch
[8.438s] -- Installing: /home/albert/rad_ws/install/agbot_full_description/share/agbot_full_description//launch/agbot_full_gazebo.launch.py
[8.440s] -- Installing: /home/albert/rad_ws/install/agbot_full_description/share/agbot_full_description//launch/agbot_full_display.launch.py
[8.442s] -- Installing: /home/albert/rad_ws/install/agbot_full_description/share/agbot_full_description//meshes
[8.443s] -- Installing: /home/albert/rad_ws/install/agbot_full_description/share/agbot_full_description//meshes/right_finger.STL
[8.447s] -- Installing: /home/albert/rad_ws/install/agbot_full_description/share/agbot_full_description//meshes/triangular_link.STL
[8.453s] -- Installing: /home/albert/rad_ws/install/agbot_full_description/share/agbot_full_description//meshes/round_plate.STL
[8.456s] -- Installing: /home/albert/rad_ws/install/agbot_full_description/share/agbot_full_description//meshes/left_finger.STL
[8.458s] -- Installing: /home/albert/rad_ws/install/agbot_full_description/share/agbot_full_description//meshes/vertical_drive_arm.STL
[8.464s] -- Installing: /home/albert/rad_ws/install/agbot_full_description/share/agbot_full_description//meshes/astra.jpg
[8.465s] -- Installing: /home/albert/rad_ws/install/agbot_full_description/share/agbot_full_description//meshes/claw_support.STL
[8.468s] -- Installing: /home/albert/rad_ws/install/agbot_full_description/share/agbot_full_description//meshes/link.STL
[8.480s] -- Installing: /home/albert/rad_ws/install/agbot_full_description/share/agbot_full_description//meshes/r200.jpg
[8.482s] -- Installing: /home/albert/rad_ws/install/agbot_full_description/share/agbot_full_description//meshes/horizontal_arm.STL
[8.510s] -- Installing: /home/albert/rad_ws/install/agbot_full_description/share/agbot_full_description//meshes/r200.dae
[8.511s] -- Installing: /home/albert/rad_ws/install/agbot_full_description/share/agbot_full_description//meshes/astra.dae
[8.579s] -- Installing: /home/albert/rad_ws/install/agbot_full_description/share/agbot_full_description//meshes/basement.STL
[8.584s] -- Installing: /home/albert/rad_ws/install/agbot_full_description/share/agbot_full_description//meshes/forward_drive_arm.STL
[8.587s] -- Installing: /home/albert/rad_ws/install/agbot_full_description/share/agbot_full_description//meshes/right_tire.stl
[8.587s] -- Installing: /home/albert/rad_ws/install/agbot_full_description/share/agbot_full_description//meshes/lidar.stl
[8.593s] -- Installing: /home/albert/rad_ws/install/agbot_full_description/share/agbot_full_description//meshes/servo_plate.STL
[8.594s] -- Installing: /home/albert/rad_ws/install/agbot_full_description/share/agbot_full_description//meshes/plate.STL
[8.621s] -- Installing: /home/albert/rad_ws/install/agbot_full_description/share/agbot_full_description//meshes/base_plate.STL
[8.628s] -- Installing: /home/albert/rad_ws/install/agbot_full_description/share/agbot_full_description//meshes/left_tire copy.stl
[8.629s] -- Installing: /home/albert/rad_ws/install/agbot_full_description/share/agbot_full_description//meshes/left_tire.stl
[8.653s] -- Installing: /home/albert/rad_ws/install/agbot_full_description/share/agbot_full_description//meshes/right_tire copy.stl
[8.654s] -- Installing: /home/albert/rad_ws/install/agbot_full_description/share/agbot_full_description//meshes/pi_camera.STL
[8.655s] -- Installing: /home/albert/rad_ws/install/agbot_full_description/share/agbot_full_description//models
[8.655s] -- Installing: /home/albert/rad_ws/install/agbot_full_description/share/agbot_full_description//models/ground_plane
[8.656s] -- Installing: /home/albert/rad_ws/install/agbot_full_description/share/agbot_full_description//models/ground_plane/model-1_2.sdf
[8.656s] -- Installing: /home/albert/rad_ws/install/agbot_full_description/share/agbot_full_description//models/ground_plane/model-1_3.sdf
[8.656s] -- Installing: /home/albert/rad_ws/install/agbot_full_description/share/agbot_full_description//models/ground_plane/model.config
[8.657s] -- Installing: /home/albert/rad_ws/install/agbot_full_description/share/agbot_full_description//models/ground_plane/model.sdf
[8.658s] -- Installing: /home/albert/rad_ws/install/agbot_full_description/share/agbot_full_description//models/ground_plane/model-1_4.sdf
[8.659s] -- Installing: /home/albert/rad_ws/install/agbot_full_description/share/agbot_full_description//models/basic_agbot_description
[8.667s] -- Installing: /home/albert/rad_ws/install/agbot_full_description/share/agbot_full_description//models/basic_agbot_description/agbot.sdf
[8.671s] -- Installing: /home/albert/rad_ws/install/agbot_full_description/share/agbot_full_description//models/basic_agbot_description/agbot_model.config
[8.671s] -- Installing: /home/albert/rad_ws/install/agbot_full_description/share/agbot_full_description//models/sun
[8.681s] -- Installing: /home/albert/rad_ws/install/agbot_full_description/share/agbot_full_description//models/sun/model-1_2.sdf
[8.684s] -- Installing: /home/albert/rad_ws/install/agbot_full_description/share/agbot_full_description//models/sun/model-1_3.sdf
[8.684s] -- Installing: /home/albert/rad_ws/install/agbot_full_description/share/agbot_full_description//models/sun/model.config
[8.685s] -- Installing: /home/albert/rad_ws/install/agbot_full_description/share/agbot_full_description//models/sun/model.sdf
[8.688s] -- Installing: /home/albert/rad_ws/install/agbot_full_description/share/agbot_full_description//models/sun/model-1_4.sdf
[8.690s] -- Installing: /home/albert/rad_ws/install/agbot_full_description/share/agbot_full_description//rviz
[8.693s] -- Installing: /home/albert/rad_ws/install/agbot_full_description/share/agbot_full_description//rviz/agbot_full_config.rviz
[8.694s] -- Installing: /home/albert/rad_ws/install/agbot_full_description/share/agbot_full_description//urdf
[8.699s] -- Installing: /home/albert/rad_ws/install/agbot_full_description/share/agbot_full_description//urdf/agbot_full_common_properties.xacro
[8.700s] -- Installing: /home/albert/rad_ws/install/agbot_full_description/share/agbot_full_description//urdf/agbot_full.xacro
[8.701s] -- Installing: /home/albert/rad_ws/install/agbot_full_description/share/agbot_full_description//urdf/agbot_full.sdf
[8.702s] -- Installing: /home/albert/rad_ws/install/agbot_full_description/share/agbot_full_description//urdf/agbot_full.urdf
[8.705s] -- Installing: /home/albert/rad_ws/install/agbot_full_description/share/agbot_full_description//urdf/agbot_full_gazebo.xacro
[8.717s] -- Installing: /home/albert/rad_ws/install/agbot_full_description/share/agbot_full_description//urdf/agbot_full_ros2_control.xacro
[8.719s] -- Installing: /home/albert/rad_ws/install/agbot_full_description/share/agbot_full_description//worlds
[8.723s] -- Installing: /home/albert/rad_ws/install/agbot_full_description/share/agbot_full_description//worlds/test_world.world
[8.725s] -- Installing: /home/albert/rad_ws/install/agbot_full_description/share/agbot_full_description//worlds/smalltown.world
[8.725s] -- Installing: /home/albert/rad_ws/install/agbot_full_description/share/agbot_full_description//worlds/turtlebot3_world.world
[8.735s] -- Installing: /home/albert/rad_ws/install/agbot_full_description/share/agbot_full_description//worlds/new_world.world
[8.735s] -- Installing: /home/albert/rad_ws/install/agbot_full_description/share/agbot_full_description//worlds/house.world
[8.736s] -- Installing: /home/albert/rad_ws/install/agbot_full_description/share/agbot_full_description//worlds/new_world-old.world
[8.736s] -- Installing: /home/albert/rad_ws/install/agbot_full_description/share/agbot_full_description//worlds/empty_world.world
[8.736s] -- Installing: /home/albert/rad_ws/install/agbot_full_description/share/ament_index/resource_index/package_run_dependencies/agbot_full_description
[8.736s] -- Installing: /home/albert/rad_ws/install/agbot_full_description/share/ament_index/resource_index/parent_prefix_path/agbot_full_description
[8.737s] -- Installing: /home/albert/rad_ws/install/agbot_full_description/share/agbot_full_description/environment/ament_prefix_path.sh
[8.737s] -- Installing: /home/albert/rad_ws/install/agbot_full_description/share/agbot_full_description/environment/ament_prefix_path.dsv
[8.737s] -- Installing: /home/albert/rad_ws/install/agbot_full_description/share/agbot_full_description/environment/path.sh
[8.737s] -- Installing: /home/albert/rad_ws/install/agbot_full_description/share/agbot_full_description/environment/path.dsv
[8.750s] -- Installing: /home/albert/rad_ws/install/agbot_full_description/share/agbot_full_description/local_setup.bash
[8.751s] -- Installing: /home/albert/rad_ws/install/agbot_full_description/share/agbot_full_description/local_setup.sh
[8.751s] -- Installing: /home/albert/rad_ws/install/agbot_full_description/share/agbot_full_description/local_setup.zsh
[8.752s] -- Installing: /home/albert/rad_ws/install/agbot_full_description/share/agbot_full_description/local_setup.dsv
[8.753s] -- Installing: /home/albert/rad_ws/install/agbot_full_description/share/agbot_full_description/package.dsv
[8.755s] -- Installing: /home/albert/rad_ws/install/agbot_full_description/share/ament_index/resource_index/packages/agbot_full_description
[8.755s] -- Installing: /home/albert/rad_ws/install/agbot_full_description/share/agbot_full_description/cmake/agbot_full_descriptionConfig.cmake
[8.755s] -- Installing: /home/albert/rad_ws/install/agbot_full_description/share/agbot_full_description/cmake/agbot_full_descriptionConfig-version.cmake
[8.756s] -- Installing: /home/albert/rad_ws/install/agbot_full_description/share/agbot_full_description/package.xml
[8.848s] Invoked command in '/home/albert/rad_ws/build/agbot_full_description' returned '0': CMAKE_PREFIX_PATH=${CMAKE_PREFIX_PATH}:/home/albert/rad_ws/install/agbot_teleop:/home/albert/rad_ws/install/agbot_py:/home/albert/ws_moveit2/install/moveit_configs_utils:/home/albert/ws_moveit2/install/launch_param_builder:/home/albert/umov_ws/install/arduino_py_examples:/home/albert/udem2_ws/install/actions_py:/home/albert/udem2_ws/install/lifecycle_py:/home/albert/udem2_ws/install/executors_py:/home/albert/udem2_ws/install/components_py:/home/albert/udem_ws/install/turtlesim_catcher:/home/albert/udem_ws/install/my_py_pkg:/home/albert/udem_ws/install/lifecycle_py:/home/albert/bcdc_ws/install/agbot_teleop:/home/albert/bcdc_ws/install/agbot_py:/home/albert/arduinobot_ws/install/arduinobot_py_examples:/opt/ros/humble /home/albert/.local/bin/cmake --install /home/albert/rad_ws/build/agbot_full_description
